#-----------------------------------------------------------
# Vivado v2020.2 (64-bit)
# SW Build 3064766 on Wed Nov 18 09:12:47 MST 2020
# IP Build 3064653 on Wed Nov 18 14:17:31 MST 2020
# Start of session at: Sun Dec 11 15:19:55 2022
# Process ID: 48981
# Current directory: /space1/hxh/APB/sha_aes_tcpip/Vitis_with_100Gbps_TCP-IP
# Command line: vivado -mode batch -source scripts/gen_xo.tcl -tclargs ./_x.hw.xilinx_u250_gen3x16_xdma_3_1_202020_1/cmac_krnl.xo cmac_krnl hw /opt/xilinx/platforms/xilinx_u250_gen3x16_xdma_3_1_202020_1/xilinx_u250_gen3x16_xdma_3_1_202020_1.xpfm xilinx_u250_gen3x16_xdma_3_1_202020_1 kernel/cmac_krnl/cmac_krnl.xml kernel/cmac_krnl/package_cmac_krnl.tcl
# Log file: /space1/hxh/APB/sha_aes_tcpip/Vitis_with_100Gbps_TCP-IP/vivado.log
# Journal file: /space1/hxh/APB/sha_aes_tcpip/Vitis_with_100Gbps_TCP-IP/vivado.jou
#-----------------------------------------------------------
source scripts/gen_xo.tcl
# if { $::argc != 7 } {
#     puts "ERROR: Program \"$::argv0\" requires 6 arguments!\n"
#     puts "Usage: $::argv0 <xoname> <krnl_name> <target> <xpfm_path> <device> <xml_path> <package_tcl_path>\n"
#     exit
# }
# set xoname  [lindex $::argv 0]
# set krnl_name [lindex $::argv 1]
# set target    [lindex $::argv 2]
# set xpfm_path [lindex $::argv 3]
# set device    [lindex $::argv 4]
# set xml_path [lindex $::argv 5]
# set package_tcl_path [lindex $::argv 6]
# set suffix "${krnl_name}_${target}_${device}"
# puts "INFO: ${xoname} ${krnl_name} ${target} ${xpfm_path} ${device}" 
INFO: ./_x.hw.xilinx_u250_gen3x16_xdma_3_1_202020_1/cmac_krnl.xo cmac_krnl hw /opt/xilinx/platforms/xilinx_u250_gen3x16_xdma_3_1_202020_1/xilinx_u250_gen3x16_xdma_3_1_202020_1.xpfm xilinx_u250_gen3x16_xdma_3_1_202020_1
# source -notrace ${package_tcl_path}
INFO: [IP_Flow 19-234] Refreshing IP repositories
INFO: [IP_Flow 19-1700] Loaded user IP repository '/space1/hxh/APB/sha_aes_tcpip/Vitis_with_100Gbps_TCP-IP/build/fpga-network-stack/iprepo'.
INFO: [IP_Flow 19-2313] Loaded Vivado IP repository '/space1/Xilinx20202/Vivado/2020.2/data/ip'.
WARNING: [Vivado 12-3523] Attempt to change 'Component_Name' from 'axis_register_slice_512' to 'axis_register_slice_512' is not allowed and is ignored.
WARNING: [Vivado 12-3523] Attempt to change 'Component_Name' from 'axis_pkg_fifo_512' to 'axis_pkg_fifo_512' is not allowed and is ignored.
WARNING: [IP_Flow 19-4832] The IP name 'ethernet_frame_padding_512_ip' you have specified is long. The Windows operating system has path length limitations. It is recommended you use shorter names to reduce the likelihood of issues.
INFO: [Device 21-403] Loading part xcu250-figd2104-2L-e
create_ip: Time (s): cpu = 00:00:17 ; elapsed = 00:00:25 . Memory (MB): peak = 3016.426 ; gain = 548.930 ; free physical = 160730 ; free virtual = 552843
Generating IPI for u250 cmac_usplus_axis with GT clock running at 156250000 Hz
WARNING: [Vivado 12-3523] Attempt to change 'Component_Name' from 'cmac_usplus_axis' to 'cmac_usplus_axis' is not allowed and is ignored.
WARNING: [IP_Flow 19-4832] The IP name 'axis_data_fifo_cc_udp_data' you have specified is long. The Windows operating system has path length limitations. It is recommended you use shorter names to reduce the likelihood of issues.
WARNING: [Vivado 12-3523] Attempt to change 'Component_Name' from 'axis_data_fifo_cc_udp_data' to 'axis_data_fifo_cc_udp_data' is not allowed and is ignored.
WARNING: [IP_Flow 19-3833] Unreferenced file from the top module is not packaged: '/space1/hxh/APB/sha_aes_tcpip/Vitis_with_100Gbps_TCP-IP/kernel/cmac_krnl/src/hdl/cmac_krnl_control_s_axi.sv'.
WARNING: [IP_Flow 19-3833] Unreferenced file from the top module is not packaged: '/space1/hxh/APB/sha_aes_tcpip/Vitis_with_100Gbps_TCP-IP/tmp_kernel_pack_cmac_krnl_hw_xilinx_u250_gen3x16_xdma_3_1_202020_1/kernel_pack.srcs/sources_1/ip/ila_cmac/ila_cmac.xci'.
WARNING: [IP_Flow 19-5101] Packaging a component with a SystemVerilog top file is not fully supported. Please refer to UG1118 'Creating and Packaging Custom IP'.
INFO: [IP_Flow 19-1842] HDL Parser: Found include file "src/network_types.svh" from the top-level HDL file.
INFO: [IP_Flow 19-1842] HDL Parser: Found include file "src/network_intf.svh" from the top-level HDL file.
INFO: [IP_Flow 19-5107] Inferred bus interface 'axis_net_rx' of definition 'xilinx.com:interface:axis:1.0' (from Xilinx Repository).
INFO: [IP_Flow 19-5107] Inferred bus interface 'axis_net_tx' of definition 'xilinx.com:interface:axis:1.0' (from Xilinx Repository).
INFO: [IP_Flow 19-5107] Inferred bus interface 'ap_rst_n' of definition 'xilinx.com:signal:reset:1.0' (from Xilinx Repository).
INFO: [IP_Flow 19-5107] Inferred bus interface 'ap_clk' of definition 'xilinx.com:signal:clock:1.0' (from Xilinx Repository).
INFO: [IP_Flow 19-4728] Bus Interface 'ap_rst_n': Added interface parameter 'POLARITY' with value 'ACTIVE_LOW'.
INFO: [IP_Flow 19-4728] Bus Interface 'ap_clk': Added interface parameter 'ASSOCIATED_RESET' with value 'ap_rst_n'.
WARNING: [IP_Flow 19-3158] Bus Interface 'axis_net_rx': FREQ_HZ bus parameter missing from AXI interface when interface is not associated to a clock.
WARNING: [IP_Flow 19-3158] Bus Interface 'axis_net_tx': FREQ_HZ bus parameter missing from AXI interface when interface is not associated to a clock.
WARNING: [IP_Flow 19-3157] Bus Interface 'ap_rst_n': Bus parameter POLARITY is ACTIVE_LOW but port 'ap_rst_n' is not *resetn - please double check the POLARITY setting.
WARNING: [IP_Flow 19-5661] Bus Interface 'ap_clk' does not have any bus interfaces associated with it.
INFO: [IP_Flow 19-2181] Payment Required is not set for this core.
INFO: [IP_Flow 19-2187] The Product Guide file is missing.
INFO: [IP_Flow 19-234] Refreshing IP repositories
INFO: [IP_Flow 19-1700] Loaded user IP repository '/space1/hxh/APB/sha_aes_tcpip/Vitis_with_100Gbps_TCP-IP/build/fpga-network-stack/iprepo'.
INFO: [IP_Flow 19-2313] Loaded Vivado IP repository '/space1/Xilinx20202/Vivado/2020.2/data/ip'.
INFO: [IP_Flow 19-795] Syncing license key meta-data
ipx::edit_ip_in_project: Time (s): cpu = 00:00:25 ; elapsed = 00:00:27 . Memory (MB): peak = 3239.395 ; gain = 77.395 ; free physical = 160715 ; free virtual = 552972
INFO: [IP_Flow 19-4728] Bus Interface 'ap_clk': Added interface parameter 'ASSOCIATED_BUSIF' with value 'axis_net_rx'.
TEMPORARY: Not packaging reference clock as diff clock due to post-System Linker validate error
# if {[file exists "${xoname}"]} {
#     file delete -force "${xoname}"
# }
# package_xo -xo_path ${xoname} -kernel_name ${krnl_name} -ip_directory ./packaged_kernel_${suffix} -kernel_xml ${xml_path}
WARNING: [Vivado 12-4404] The CPU emulation flow in v++ is only supported when using a packaged XO file that contains C-model files, none were found.
WARNING: [Vivado 12-12407] VLNV in kernel.xml does not match VLNV in any of the IPs specified with the ip_directory option: ethz.ch:kernel:cmac_krnl:1.0
INFO: [Common 17-206] Exiting Vivado at Sun Dec 11 15:21:30 2022...
