#-----------------------------------------------------------
# Vivado v2020.2 (64-bit)
# SW Build 3064766 on Wed Nov 18 09:12:47 MST 2020
# IP Build 3064653 on Wed Nov 18 14:17:31 MST 2020
# Start of session at: Thu Apr 20 09:29:33 2023
# Process ID: 27004
# Current directory: /space1/hxh/APB/sha_aes_tcpip/Vitis_with_100Gbps_TCP-IP
# Command line: vivado
# Log file: /space1/hxh/APB/sha_aes_tcpip/Vitis_with_100Gbps_TCP-IP/vivado.log
# Journal file: /space1/hxh/APB/sha_aes_tcpip/Vitis_with_100Gbps_TCP-IP/vivado.jou
#-----------------------------------------------------------
start_gui
open_project /home/C1/project_1/project_1.xpr
Scanning sources...
Finished scanning sources
INFO: [IP_Flow 19-234] Refreshing IP repositories
INFO: [IP_Flow 19-1704] No user IP repositories specified
INFO: [IP_Flow 19-2313] Loaded Vivado IP repository '/space1/Xilinx20202/Vivado/2020.2/data/ip'.
INFO: [IP_Flow 19-3899] Cannot get the environment domain name variable for the component vendor name. Setting the vendor name to 'user.org'.
open_project: Time (s): cpu = 00:00:21 ; elapsed = 00:00:07 . Memory (MB): peak = 7511.512 ; gain = 52.133 ; free physical = 467667 ; free virtual = 574942
update_compile_order -fileset sources_1
exit
INFO: [Common 17-206] Exiting Vivado at Thu Apr 20 09:30:45 2023...
