#-----------------------------------------------------------
# Vivado v2020.2 (64-bit)
# SW Build 3064766 on Wed Nov 18 09:12:47 MST 2020
# IP Build 3064653 on Wed Nov 18 14:17:31 MST 2020
# Start of session at: Sun Dec 11 14:44:10 2022
# Process ID: 40550
# Current directory: /space1/hxh/APB/sha_aes_tcpip/Vitis_with_100Gbps_TCP-IP
# Command line: vivado -mode batch -source scripts/gen_xo.tcl -tclargs ./_x.hw.xilinx_u250_gen3x16_xdma_3_1_202020_1/network_krnl.xo network_krnl hw /opt/xilinx/platforms/xilinx_u250_gen3x16_xdma_3_1_202020_1/xilinx_u250_gen3x16_xdma_3_1_202020_1.xpfm xilinx_u250_gen3x16_xdma_3_1_202020_1 kernel/network_krnl/network_krnl.xml kernel/network_krnl/package_network_krnl.tcl
# Log file: /space1/hxh/APB/sha_aes_tcpip/Vitis_with_100Gbps_TCP-IP/vivado.log
# Journal file: /space1/hxh/APB/sha_aes_tcpip/Vitis_with_100Gbps_TCP-IP/vivado.jou
#-----------------------------------------------------------
source scripts/gen_xo.tcl
# if { $::argc != 7 } {
#     puts "ERROR: Program \"$::argv0\" requires 6 arguments!\n"
#     puts "Usage: $::argv0 <xoname> <krnl_name> <target> <xpfm_path> <device> <xml_path> <package_tcl_path>\n"
#     exit
# }
# set xoname  [lindex $::argv 0]
# set krnl_name [lindex $::argv 1]
# set target    [lindex $::argv 2]
# set xpfm_path [lindex $::argv 3]
# set device    [lindex $::argv 4]
# set xml_path [lindex $::argv 5]
# set package_tcl_path [lindex $::argv 6]
# set suffix "${krnl_name}_${target}_${device}"
# puts "INFO: ${xoname} ${krnl_name} ${target} ${xpfm_path} ${device}" 
INFO: ./_x.hw.xilinx_u250_gen3x16_xdma_3_1_202020_1/network_krnl.xo network_krnl hw /opt/xilinx/platforms/xilinx_u250_gen3x16_xdma_3_1_202020_1/xilinx_u250_gen3x16_xdma_3_1_202020_1.xpfm xilinx_u250_gen3x16_xdma_3_1_202020_1
# source -notrace ${package_tcl_path}
INFO: [IP_Flow 19-234] Refreshing IP repositories
INFO: [IP_Flow 19-1700] Loaded user IP repository '/space1/hxh/APB/sha_aes_tcpip/Vitis_with_100Gbps_TCP-IP/build/fpga-network-stack/iprepo'.
INFO: [IP_Flow 19-2313] Loaded Vivado IP repository '/space1/Xilinx20202/Vivado/2020.2/data/ip'.
WARNING: [IP_Flow 19-4832] The IP name 'net_axis_register_slice_64' you have specified is long. The Windows operating system has path length limitations. It is recommended you use shorter names to reduce the likelihood of issues.
WARNING: [Vivado 12-3523] Attempt to change 'Component_Name' from 'axis_data_fifo_32_d1024' to 'axis_data_fifo_32_d1024' is not allowed and is ignored.
WARNING: [Vivado 12-3523] Attempt to change 'Component_Name' from 'axis_data_fifo_64_d1024' to 'axis_data_fifo_64_d1024' is not allowed and is ignored.
WARNING: [Vivado 12-3523] Attempt to change 'Component_Name' from 'axis_data_fifo_32_d256' to 'axis_data_fifo_32_d256' is not allowed and is ignored.
WARNING: [Vivado 12-3523] Attempt to change 'Component_Name' from 'axis_data_fifo_64_d256' to 'axis_data_fifo_64_d256' is not allowed and is ignored.
WARNING: [Vivado 12-3523] Attempt to change 'Component_Name' from 'axis_data_fifo_72_d256' to 'axis_data_fifo_72_d256' is not allowed and is ignored.
WARNING: [Vivado 12-3523] Attempt to change 'Component_Name' from 'axis_data_fifo_128_d1024' to 'axis_data_fifo_128_d1024' is not allowed and is ignored.
WARNING: [Vivado 12-3523] Attempt to change 'Component_Name' from 'axis_data_fifo_256_d1024' to 'axis_data_fifo_256_d1024' is not allowed and is ignored.
WARNING: [Vivado 12-3523] Attempt to change 'Component_Name' from 'axis_data_fifo_512_d1024' to 'axis_data_fifo_512_d1024' is not allowed and is ignored.
WARNING: [IP_Flow 19-4832] The IP name 'axis_interconnect_merger_256' you have specified is long. The Windows operating system has path length limitations. It is recommended you use shorter names to reduce the likelihood of issues.
WARNING: [Vivado 12-3523] Attempt to change 'Component_Name' from 'axis_interconnect_merger_256' to 'axis_interconnect_merger_256' is not allowed and is ignored.
WARNING: [IP_Flow 19-4832] The IP name 'axis_interconnect_128_2to1' you have specified is long. The Windows operating system has path length limitations. It is recommended you use shorter names to reduce the likelihood of issues.
WARNING: [IP_Flow 19-4832] The IP name 'axis_interconnect_128_4to1' you have specified is long. The Windows operating system has path length limitations. It is recommended you use shorter names to reduce the likelihood of issues.
WARNING: [IP_Flow 19-4832] The IP name 'axis_interconnect_256_2to1' you have specified is long. The Windows operating system has path length limitations. It is recommended you use shorter names to reduce the likelihood of issues.
WARNING: [IP_Flow 19-4832] The IP name 'axis_interconnect_256_4to1' you have specified is long. The Windows operating system has path length limitations. It is recommended you use shorter names to reduce the likelihood of issues.
WARNING: [IP_Flow 19-4832] The IP name 'axis_interconnect_512_2to1' you have specified is long. The Windows operating system has path length limitations. It is recommended you use shorter names to reduce the likelihood of issues.
WARNING: [IP_Flow 19-4832] The IP name 'axis_interconnect_512_4to1' you have specified is long. The Windows operating system has path length limitations. It is recommended you use shorter names to reduce the likelihood of issues.
WARNING: [Vivado 12-3523] Attempt to change 'Component_Name' from 'axis_64_to_512_converter' to 'axis_64_to_512_converter' is not allowed and is ignored.
WARNING: [Vivado 12-3523] Attempt to change 'Component_Name' from 'axis_512_to_64_converter' to 'axis_512_to_64_converter' is not allowed and is ignored.
WARNING: [Vivado 12-3523] Attempt to change 'Component_Name' from 'axis_128_to_512_converter' to 'axis_128_to_512_converter' is not allowed and is ignored.
WARNING: [Vivado 12-3523] Attempt to change 'Component_Name' from 'axis_512_to_128_converter' to 'axis_512_to_128_converter' is not allowed and is ignored.
WARNING: [Vivado 12-3523] Attempt to change 'Component_Name' from 'axis_256_to_512_converter' to 'axis_256_to_512_converter' is not allowed and is ignored.
WARNING: [Vivado 12-3523] Attempt to change 'Component_Name' from 'axis_512_to_256_converter' to 'axis_512_to_256_converter' is not allowed and is ignored.
WARNING: [Vivado 12-3523] Attempt to change 'Component_Name' from 'axis_64_to_128_converter' to 'axis_64_to_128_converter' is not allowed and is ignored.
WARNING: [Vivado 12-3523] Attempt to change 'Component_Name' from 'axis_128_to_64_converter' to 'axis_128_to_64_converter' is not allowed and is ignored.
WARNING: [Vivado 12-3523] Attempt to change 'Component_Name' from 'axis_64_to_256_converter' to 'axis_64_to_256_converter' is not allowed and is ignored.
WARNING: [Vivado 12-3523] Attempt to change 'Component_Name' from 'axis_256_to_64_converter' to 'axis_256to_64_converter' is not allowed and is ignored.
WARNING: [IP_Flow 19-4832] The IP name 'axis_data_fifo_cc_udp_meta' you have specified is long. The Windows operating system has path length limitations. It is recommended you use shorter names to reduce the likelihood of issues.
WARNING: [Vivado 12-3523] Attempt to change 'Component_Name' from 'axis_data_fifo_cc_udp_meta' to 'axis_data_fifo_cc_udp_meta' is not allowed and is ignored.
WARNING: [IP_Flow 19-4832] The IP name 'axis_data_fifo_cc_udp_data' you have specified is long. The Windows operating system has path length limitations. It is recommended you use shorter names to reduce the likelihood of issues.
WARNING: [Vivado 12-3523] Attempt to change 'Component_Name' from 'axis_data_fifo_cc_udp_data' to 'axis_data_fifo_cc_udp_data' is not allowed and is ignored.
WARNING: [Vivado 12-3523] Attempt to change 'Component_Name' from 'axis_data_fifo_cc_512' to 'axis_data_fifo_cc_512' is not allowed and is ignored.
WARNING: [Vivado 12-3523] Attempt to change 'Component_Name' from 'axis_data_fifo_cc_256' to 'axis_data_fifo_cc_256' is not allowed and is ignored.
WARNING: [Vivado 12-3523] Attempt to change 'Component_Name' from 'axis_data_fifo_cc_128' to 'axis_data_fifo_cc_128' is not allowed and is ignored.
WARNING: [Vivado 12-3523] Attempt to change 'Component_Name' from 'axis_data_fifo_cc_64' to 'axis_data_fifo_cc_64' is not allowed and is ignored.
WARNING: [Vivado 12-3523] Attempt to change 'Component_Name' from 'axis_data_fifo_cc_32' to 'axis_data_fifo_cc_32' is not allowed and is ignored.
WARNING: [Vivado 12-3523] Attempt to change 'Component_Name' from 'axis_data_fifo_cc_16' to 'axis_data_fifo_cc_16' is not allowed and is ignored.
WARNING: [Vivado 12-3523] Attempt to change 'Component_Name' from 'axis_data_fifo_cc_8' to 'axis_data_fifo_cc_8' is not allowed and is ignored.
WARNING: [Vivado 12-3523] Attempt to change 'Component_Name' from 'ila_network_controller' to 'ila_network_controller' is not allowed and is ignored.
WARNING: [Vivado 12-3523] Attempt to change 'Component_Name' from 'ila_tasi' to 'ila_tasi' is not allowed and is ignored.
WARNING: [Vivado 12-3523] Attempt to change 'Component_Name' from 'ila_eventMerger' to 'ila_eventMerger' is not allowed and is ignored.
WARNING: [Vivado 12-3523] Attempt to change 'Component_Name' from 'ila_eventEngine' to 'ila_eventEngine' is not allowed and is ignored.
WARNING: [Vivado 12-3523] Attempt to change 'Component_Name' from 'ila_handler' to 'ila_handler' is not allowed and is ignored.
WARNING: [Vivado 12-3523] Attempt to change 'Component_Name' from 'ila_network_top_perf' to 'ila_network_top_perf' is not allowed and is ignored.
WARNING: [Vivado 12-3523] Attempt to change 'Component_Name' from 'ila_listen_port_table' to 'ila_listen_port_table' is not allowed and is ignored.
WARNING: [Vivado 12-3523] Attempt to change 'Component_Name' from 'ila_rx_app_if' to 'ila_rx_app_if' is not allowed and is ignored.
WARNING: [Vivado 12-3523] Attempt to change 'Component_Name' from 'ila_hash_table' to 'ila_hash_table' is not allowed and is ignored.
WARNING: [Vivado 12-3523] Attempt to change 'Component_Name' from 'vio_network' to 'vio_network' is not allowed and is ignored.
WARNING: [Vivado 12-3523] Attempt to change 'Component_Name' from 'axi_datamover_mem' to 'axi_datamover_mem' is not allowed and is ignored.
WARNING: [IP_Flow 19-4832] The IP name 'axi_datamover_mem_unaligned' you have specified is long. The Windows operating system has path length limitations. It is recommended you use shorter names to reduce the likelihood of issues.
WARNING: [Vivado 12-3523] Attempt to change 'Component_Name' from 'axi_datamover_mem_unaligned' to 'axi_datamover_mem_unaligned' is not allowed and is ignored.
WARNING: [Vivado 12-3523] Attempt to change 'Component_Name' from 'axis_clock_converter_32' to 'axis_clock_converter_32' is not allowed and is ignored.
WARNING: [Vivado 12-3523] Attempt to change 'Component_Name' from 'axis_clock_converter_64' to 'axis_clock_converter_64' is not allowed and is ignored.
WARNING: [Vivado 12-3523] Attempt to change 'Component_Name' from 'axis_clock_converter_96' to 'axis_clock_converter_96' is not allowed and is ignored.
WARNING: [Vivado 12-3523] Attempt to change 'Component_Name' from 'axis_clock_converter_136' to 'axis_clock_converter_136' is not allowed and is ignored.
WARNING: [Vivado 12-3523] Attempt to change 'Component_Name' from 'axis_clock_converter_144' to 'axis_clock_converter_144' is not allowed and is ignored.
WARNING: [Vivado 12-3523] Attempt to change 'Component_Name' from 'axis_clock_converter_200' to 'axis_clock_converter_200' is not allowed and is ignored.
WARNING: [Vivado 12-3523] Attempt to change 'Component_Name' from 'axil_clock_converter' to 'axil_clock_converter' is not allowed and is ignored.
WARNING: [IP_Flow 19-4832] The IP name 'axil_net_ctrl_clock_converter' you have specified is long. The Windows operating system has path length limitations. It is recommended you use shorter names to reduce the likelihood of issues.
WARNING: [Vivado 12-3523] Attempt to change 'Component_Name' from 'axil_net_ctrl_clock_converter' to 'axil_net_ctrl_clock_converter' is not allowed and is ignored.
WARNING: [Vivado 12-3523] Attempt to change 'Component_Name' from 'axil_controller_crossbar' to 'axil_controller_crossbar' is not allowed and is ignored.
WARNING: [Vivado 12-3523] Attempt to change 'Component_Name' from 'axis_register_slice_8' to 'axis_register_slice_8' is not allowed and is ignored.
WARNING: [Vivado 12-3523] Attempt to change 'Component_Name' from 'axis_register_slice_16' to 'axis_register_slice_16' is not allowed and is ignored.
WARNING: [Vivado 12-3523] Attempt to change 'Component_Name' from 'axis_register_slice_24' to 'axis_register_slice_24' is not allowed and is ignored.
WARNING: [Vivado 12-3523] Attempt to change 'Component_Name' from 'axis_register_slice_32' to 'axis_register_slice_32' is not allowed and is ignored.
WARNING: [Vivado 12-3523] Attempt to change 'Component_Name' from 'axis_register_slice_48' to 'axis_register_slice_48' is not allowed and is ignored.
WARNING: [Vivado 12-3523] Attempt to change 'Component_Name' from 'axis_register_slice_72' to 'axis_register_slice_72' is not allowed and is ignored.
WARNING: [Vivado 12-3523] Attempt to change 'Component_Name' from 'axis_register_slice_88' to 'axis_register_slice_88' is not allowed and is ignored.
WARNING: [Vivado 12-3523] Attempt to change 'Component_Name' from 'axis_register_slice_96' to 'axis_register_slice_96' is not allowed and is ignored.
WARNING: [Vivado 12-3523] Attempt to change 'Component_Name' from 'axis_register_slice_176' to 'axis_register_slice_176' is not allowed and is ignored.
WARNING: [Vivado 12-3523] Attempt to change 'Component_Name' from 'axis_register_slice_64' to 'axis_register_slice_64' is not allowed and is ignored.
WARNING: [Vivado 12-3523] Attempt to change 'Component_Name' from 'axis_register_slice_128' to 'axis_register_slice_128' is not allowed and is ignored.
WARNING: [Vivado 12-3523] Attempt to change 'Component_Name' from 'axis_register_slice_256' to 'axis_register_slice_256' is not allowed and is ignored.
WARNING: [Vivado 12-3523] Attempt to change 'Component_Name' from 'axis_register_slice_512' to 'axis_register_slice_512' is not allowed and is ignored.
WARNING: [Vivado 12-3523] Attempt to change 'Component_Name' from 'axis_data_fifo_96' to 'axis_data_fifo_96' is not allowed and is ignored.
WARNING: [Vivado 12-3523] Attempt to change 'Component_Name' from 'axis_data_fifo_160' to 'axis_data_fifo_160' is not allowed and is ignored.
WARNING: [Vivado 12-3523] Attempt to change 'Component_Name' from 'axis_data_fifo_160_cc' to 'axis_data_fifo_160_cc' is not allowed and is ignored.
WARNING: [Vivado 12-3523] Attempt to change 'Component_Name' from 'axis_data_fifo_512_cc' to 'axis_data_fifo_512_cc' is not allowed and is ignored.
WARNING: [Vivado 12-3523] Attempt to change 'Component_Name' from 'fifo_generator_rdma_cmd' to 'fifo_generator_rdma_cmd' is not allowed and is ignored.
WARNING: [Vivado 12-3523] Attempt to change 'Component_Name' from 'fifo_generator_rdma_data' to 'fifo_generator_rdma_data' is not allowed and is ignored.
WARNING: [Vivado 12-3523] Attempt to change 'Component_Name' from 'axi_register_slice' to 'axi_register_slice' is not allowed and is ignored.
WARNING: [Vivado 12-3523] Attempt to change 'Component_Name' from 'axis_interconnect_96_1to2' to 'axis_interconnect_96_1to2' is not allowed and is ignored.
WARNING: [IP_Flow 19-4832] The IP name 'axis_interconnect_160_2to1' you have specified is long. The Windows operating system has path length limitations. It is recommended you use shorter names to reduce the likelihood of issues.
WARNING: [Vivado 12-3523] Attempt to change 'Component_Name' from 'axis_interconnect_160_2to1' to 'axis_interconnect_160_2to1' is not allowed and is ignored.
WARNING: [Vivado 12-3523] Attempt to change 'Component_Name' from 'axis_interconnect_64_1to2' to 'axis_interconnect_64_1to2' is not allowed and is ignored.
WARNING: [IP_Flow 19-4832] The IP name 'axis_interconnect_512_1to2' you have specified is long. The Windows operating system has path length limitations. It is recommended you use shorter names to reduce the likelihood of issues.
WARNING: [Vivado 12-3523] Attempt to change 'Component_Name' from 'axis_interconnect_512_1to2' to 'axis_interconnect_512_1to2' is not allowed and is ignored.
WARNING: [IP_Flow 19-4832] The IP name 'axis_register_slice_meta_56_0' you have specified is long. The Windows operating system has path length limitations. It is recommended you use shorter names to reduce the likelihood of issues.
WARNING: [Vivado 12-3523] Attempt to change 'Component_Name' from 'axis_register_slice_meta_56_0' to 'axis_register_slice_meta_56_0' is not allowed and is ignored.
WARNING: [IP_Flow 19-4832] The IP name 'axis_register_slice_meta_32_0' you have specified is long. The Windows operating system has path length limitations. It is recommended you use shorter names to reduce the likelihood of issues.
WARNING: [Vivado 12-3523] Attempt to change 'Component_Name' from 'axis_register_slice_meta_32_0' to 'axis_register_slice_meta_32_0' is not allowed and is ignored.
WARNING: [IP_Flow 19-3374] An attempt to modify the value of disabled parameter 'Full_Flags_Reset_Value' from '0' to '1' has been ignored for IP 'axis_sync_fifo'
WARNING: [Vivado 12-3523] Attempt to change 'Component_Name' from 'axis_pkg_fifo_512' to 'axis_pkg_fifo_512' is not allowed and is ignored.
WARNING: [IP_Flow 19-3833] Unreferenced file from the top module is not packaged: '/space1/hxh/APB/sha_aes_tcpip/Vitis_with_100Gbps_TCP-IP/tmp_kernel_pack_network_krnl_hw_xilinx_u250_gen3x16_xdma_3_1_202020_1/kernel_pack.srcs/sources_1/ip/net_axis_register_slice_64/net_axis_register_slice_64.xci'.
WARNING: [IP_Flow 19-3833] Unreferenced file from the top module is not packaged: '/space1/hxh/APB/sha_aes_tcpip/Vitis_with_100Gbps_TCP-IP/tmp_kernel_pack_network_krnl_hw_xilinx_u250_gen3x16_xdma_3_1_202020_1/kernel_pack.srcs/sources_1/ip/axis_data_fifo_32_d1024/axis_data_fifo_32_d1024.xci'.
WARNING: [IP_Flow 19-3833] Unreferenced file from the top module is not packaged: '/space1/hxh/APB/sha_aes_tcpip/Vitis_with_100Gbps_TCP-IP/tmp_kernel_pack_network_krnl_hw_xilinx_u250_gen3x16_xdma_3_1_202020_1/kernel_pack.srcs/sources_1/ip/axis_interconnect_merger_256/axis_interconnect_merger_256.xci'.
WARNING: [IP_Flow 19-3833] Unreferenced file from the top module is not packaged: '/space1/hxh/APB/sha_aes_tcpip/Vitis_with_100Gbps_TCP-IP/tmp_kernel_pack_network_krnl_hw_xilinx_u250_gen3x16_xdma_3_1_202020_1/kernel_pack.srcs/sources_1/ip/axis_interconnect_2to1/axis_interconnect_2to1.xci'.
WARNING: [IP_Flow 19-3833] Unreferenced file from the top module is not packaged: '/space1/hxh/APB/sha_aes_tcpip/Vitis_with_100Gbps_TCP-IP/tmp_kernel_pack_network_krnl_hw_xilinx_u250_gen3x16_xdma_3_1_202020_1/kernel_pack.srcs/sources_1/ip/axis_interconnect_3to1/axis_interconnect_3to1.xci'.
WARNING: [IP_Flow 19-3833] Unreferenced file from the top module is not packaged: '/space1/hxh/APB/sha_aes_tcpip/Vitis_with_100Gbps_TCP-IP/tmp_kernel_pack_network_krnl_hw_xilinx_u250_gen3x16_xdma_3_1_202020_1/kernel_pack.srcs/sources_1/ip/axis_interconnect_4to1/axis_interconnect_4to1.xci'.
WARNING: [IP_Flow 19-3833] Unreferenced file from the top module is not packaged: '/space1/hxh/APB/sha_aes_tcpip/Vitis_with_100Gbps_TCP-IP/tmp_kernel_pack_network_krnl_hw_xilinx_u250_gen3x16_xdma_3_1_202020_1/kernel_pack.srcs/sources_1/ip/axis_interconnect_128_2to1/axis_interconnect_128_2to1.xci'.
WARNING: [IP_Flow 19-3833] Unreferenced file from the top module is not packaged: '/space1/hxh/APB/sha_aes_tcpip/Vitis_with_100Gbps_TCP-IP/tmp_kernel_pack_network_krnl_hw_xilinx_u250_gen3x16_xdma_3_1_202020_1/kernel_pack.srcs/sources_1/ip/axis_interconnect_128_4to1/axis_interconnect_128_4to1.xci'.
WARNING: [IP_Flow 19-3833] Unreferenced file from the top module is not packaged: '/space1/hxh/APB/sha_aes_tcpip/Vitis_with_100Gbps_TCP-IP/tmp_kernel_pack_network_krnl_hw_xilinx_u250_gen3x16_xdma_3_1_202020_1/kernel_pack.srcs/sources_1/ip/axis_interconnect_256_2to1/axis_interconnect_256_2to1.xci'.
WARNING: [IP_Flow 19-3833] Unreferenced file from the top module is not packaged: '/space1/hxh/APB/sha_aes_tcpip/Vitis_with_100Gbps_TCP-IP/tmp_kernel_pack_network_krnl_hw_xilinx_u250_gen3x16_xdma_3_1_202020_1/kernel_pack.srcs/sources_1/ip/axis_interconnect_256_4to1/axis_interconnect_256_4to1.xci'.
WARNING: [IP_Flow 19-3833] Unreferenced file from the top module is not packaged: '/space1/hxh/APB/sha_aes_tcpip/Vitis_with_100Gbps_TCP-IP/tmp_kernel_pack_network_krnl_hw_xilinx_u250_gen3x16_xdma_3_1_202020_1/kernel_pack.srcs/sources_1/ip/axis_64_to_128_converter/axis_64_to_128_converter.xci'.
WARNING: [IP_Flow 19-3833] Unreferenced file from the top module is not packaged: '/space1/hxh/APB/sha_aes_tcpip/Vitis_with_100Gbps_TCP-IP/tmp_kernel_pack_network_krnl_hw_xilinx_u250_gen3x16_xdma_3_1_202020_1/kernel_pack.srcs/sources_1/ip/axis_128_to_64_converter/axis_128_to_64_converter.xci'.
WARNING: [IP_Flow 19-3833] Unreferenced file from the top module is not packaged: '/space1/hxh/APB/sha_aes_tcpip/Vitis_with_100Gbps_TCP-IP/tmp_kernel_pack_network_krnl_hw_xilinx_u250_gen3x16_xdma_3_1_202020_1/kernel_pack.srcs/sources_1/ip/axis_64_to_256_converter/axis_64_to_256_converter.xci'.
WARNING: [IP_Flow 19-3833] Unreferenced file from the top module is not packaged: '/space1/hxh/APB/sha_aes_tcpip/Vitis_with_100Gbps_TCP-IP/tmp_kernel_pack_network_krnl_hw_xilinx_u250_gen3x16_xdma_3_1_202020_1/kernel_pack.srcs/sources_1/ip/axis_256_to_64_converter/axis_256_to_64_converter.xci'.
WARNING: [IP_Flow 19-3833] Unreferenced file from the top module is not packaged: '/space1/hxh/APB/sha_aes_tcpip/Vitis_with_100Gbps_TCP-IP/tmp_kernel_pack_network_krnl_hw_xilinx_u250_gen3x16_xdma_3_1_202020_1/kernel_pack.srcs/sources_1/ip/dhcp_client_ip/dhcp_client_ip.xci'.
WARNING: [IP_Flow 19-3833] Unreferenced file from the top module is not packaged: '/space1/hxh/APB/sha_aes_tcpip/Vitis_with_100Gbps_TCP-IP/tmp_kernel_pack_network_krnl_hw_xilinx_u250_gen3x16_xdma_3_1_202020_1/kernel_pack.srcs/sources_1/ip/axis_data_fifo_cc_udp_meta/axis_data_fifo_cc_udp_meta.xci'.
WARNING: [IP_Flow 19-3833] Unreferenced file from the top module is not packaged: '/space1/hxh/APB/sha_aes_tcpip/Vitis_with_100Gbps_TCP-IP/tmp_kernel_pack_network_krnl_hw_xilinx_u250_gen3x16_xdma_3_1_202020_1/kernel_pack.srcs/sources_1/ip/axis_data_fifo_cc_udp_data/axis_data_fifo_cc_udp_data.xci'.
WARNING: [IP_Flow 19-3833] Unreferenced file from the top module is not packaged: '/space1/hxh/APB/sha_aes_tcpip/Vitis_with_100Gbps_TCP-IP/tmp_kernel_pack_network_krnl_hw_xilinx_u250_gen3x16_xdma_3_1_202020_1/kernel_pack.srcs/sources_1/ip/axis_data_fifo_cc_512/axis_data_fifo_cc_512.xci'.
WARNING: [IP_Flow 19-3833] Unreferenced file from the top module is not packaged: '/space1/hxh/APB/sha_aes_tcpip/Vitis_with_100Gbps_TCP-IP/tmp_kernel_pack_network_krnl_hw_xilinx_u250_gen3x16_xdma_3_1_202020_1/kernel_pack.srcs/sources_1/ip/axis_data_fifo_cc_256/axis_data_fifo_cc_256.xci'.
WARNING: [IP_Flow 19-3833] Unreferenced file from the top module is not packaged: '/space1/hxh/APB/sha_aes_tcpip/Vitis_with_100Gbps_TCP-IP/tmp_kernel_pack_network_krnl_hw_xilinx_u250_gen3x16_xdma_3_1_202020_1/kernel_pack.srcs/sources_1/ip/axis_data_fifo_cc_128/axis_data_fifo_cc_128.xci'.
WARNING: [IP_Flow 19-3833] Unreferenced file from the top module is not packaged: '/space1/hxh/APB/sha_aes_tcpip/Vitis_with_100Gbps_TCP-IP/tmp_kernel_pack_network_krnl_hw_xilinx_u250_gen3x16_xdma_3_1_202020_1/kernel_pack.srcs/sources_1/ip/axis_data_fifo_cc_64/axis_data_fifo_cc_64.xci'.
WARNING: [IP_Flow 19-3833] Unreferenced file from the top module is not packaged: '/space1/hxh/APB/sha_aes_tcpip/Vitis_with_100Gbps_TCP-IP/tmp_kernel_pack_network_krnl_hw_xilinx_u250_gen3x16_xdma_3_1_202020_1/kernel_pack.srcs/sources_1/ip/axis_data_fifo_cc_32/axis_data_fifo_cc_32.xci'.
WARNING: [IP_Flow 19-3833] Unreferenced file from the top module is not packaged: '/space1/hxh/APB/sha_aes_tcpip/Vitis_with_100Gbps_TCP-IP/tmp_kernel_pack_network_krnl_hw_xilinx_u250_gen3x16_xdma_3_1_202020_1/kernel_pack.srcs/sources_1/ip/axis_data_fifo_cc_16/axis_data_fifo_cc_16.xci'.
WARNING: [IP_Flow 19-3833] Unreferenced file from the top module is not packaged: '/space1/hxh/APB/sha_aes_tcpip/Vitis_with_100Gbps_TCP-IP/tmp_kernel_pack_network_krnl_hw_xilinx_u250_gen3x16_xdma_3_1_202020_1/kernel_pack.srcs/sources_1/ip/axis_data_fifo_cc_8/axis_data_fifo_cc_8.xci'.
WARNING: [IP_Flow 19-3833] Unreferenced file from the top module is not packaged: '/space1/hxh/APB/sha_aes_tcpip/Vitis_with_100Gbps_TCP-IP/tmp_kernel_pack_network_krnl_hw_xilinx_u250_gen3x16_xdma_3_1_202020_1/kernel_pack.srcs/sources_1/ip/ila_network_top/ila_network_top.xci'.
WARNING: [IP_Flow 19-3833] Unreferenced file from the top module is not packaged: '/space1/hxh/APB/sha_aes_tcpip/Vitis_with_100Gbps_TCP-IP/tmp_kernel_pack_network_krnl_hw_xilinx_u250_gen3x16_xdma_3_1_202020_1/kernel_pack.srcs/sources_1/ip/ila_network_top2/ila_network_top2.xci'.
WARNING: [IP_Flow 19-3833] Unreferenced file from the top module is not packaged: '/space1/hxh/APB/sha_aes_tcpip/Vitis_with_100Gbps_TCP-IP/tmp_kernel_pack_network_krnl_hw_xilinx_u250_gen3x16_xdma_3_1_202020_1/kernel_pack.srcs/sources_1/ip/ila_network_controller/ila_network_controller.xci'.
WARNING: [IP_Flow 19-3833] Unreferenced file from the top module is not packaged: '/space1/hxh/APB/sha_aes_tcpip/Vitis_with_100Gbps_TCP-IP/tmp_kernel_pack_network_krnl_hw_xilinx_u250_gen3x16_xdma_3_1_202020_1/kernel_pack.srcs/sources_1/ip/ila_tasi/ila_tasi.xci'.
WARNING: [IP_Flow 19-3833] Unreferenced file from the top module is not packaged: '/space1/hxh/APB/sha_aes_tcpip/Vitis_with_100Gbps_TCP-IP/tmp_kernel_pack_network_krnl_hw_xilinx_u250_gen3x16_xdma_3_1_202020_1/kernel_pack.srcs/sources_1/ip/ila_eventMerger/ila_eventMerger.xci'.
WARNING: [IP_Flow 19-3833] Unreferenced file from the top module is not packaged: '/space1/hxh/APB/sha_aes_tcpip/Vitis_with_100Gbps_TCP-IP/tmp_kernel_pack_network_krnl_hw_xilinx_u250_gen3x16_xdma_3_1_202020_1/kernel_pack.srcs/sources_1/ip/ila_eventEngine/ila_eventEngine.xci'.
WARNING: [IP_Flow 19-3833] Unreferenced file from the top module is not packaged: '/space1/hxh/APB/sha_aes_tcpip/Vitis_with_100Gbps_TCP-IP/tmp_kernel_pack_network_krnl_hw_xilinx_u250_gen3x16_xdma_3_1_202020_1/kernel_pack.srcs/sources_1/ip/ila_handler/ila_handler.xci'.
WARNING: [IP_Flow 19-3833] Unreferenced file from the top module is not packaged: '/space1/hxh/APB/sha_aes_tcpip/Vitis_with_100Gbps_TCP-IP/tmp_kernel_pack_network_krnl_hw_xilinx_u250_gen3x16_xdma_3_1_202020_1/kernel_pack.srcs/sources_1/ip/ila_network_top_perf/ila_network_top_perf.xci'.
WARNING: [IP_Flow 19-3833] Unreferenced file from the top module is not packaged: '/space1/hxh/APB/sha_aes_tcpip/Vitis_with_100Gbps_TCP-IP/tmp_kernel_pack_network_krnl_hw_xilinx_u250_gen3x16_xdma_3_1_202020_1/kernel_pack.srcs/sources_1/ip/ila_listen_port_table/ila_listen_port_table.xci'.
WARNING: [IP_Flow 19-3833] Unreferenced file from the top module is not packaged: '/space1/hxh/APB/sha_aes_tcpip/Vitis_with_100Gbps_TCP-IP/tmp_kernel_pack_network_krnl_hw_xilinx_u250_gen3x16_xdma_3_1_202020_1/kernel_pack.srcs/sources_1/ip/ila_rx_app_if/ila_rx_app_if.xci'.
WARNING: [IP_Flow 19-3833] Unreferenced file from the top module is not packaged: '/space1/hxh/APB/sha_aes_tcpip/Vitis_with_100Gbps_TCP-IP/tmp_kernel_pack_network_krnl_hw_xilinx_u250_gen3x16_xdma_3_1_202020_1/kernel_pack.srcs/sources_1/ip/ila_hash_table/ila_hash_table.xci'.
WARNING: [IP_Flow 19-3833] Unreferenced file from the top module is not packaged: '/space1/hxh/APB/sha_aes_tcpip/Vitis_with_100Gbps_TCP-IP/tmp_kernel_pack_network_krnl_hw_xilinx_u250_gen3x16_xdma_3_1_202020_1/kernel_pack.srcs/sources_1/ip/axis_clock_converter_32/axis_clock_converter_32.xci'.
WARNING: [IP_Flow 19-3833] Unreferenced file from the top module is not packaged: '/space1/hxh/APB/sha_aes_tcpip/Vitis_with_100Gbps_TCP-IP/tmp_kernel_pack_network_krnl_hw_xilinx_u250_gen3x16_xdma_3_1_202020_1/kernel_pack.srcs/sources_1/ip/axis_clock_converter_64/axis_clock_converter_64.xci'.
WARNING: [IP_Flow 19-3833] Unreferenced file from the top module is not packaged: '/space1/hxh/APB/sha_aes_tcpip/Vitis_with_100Gbps_TCP-IP/tmp_kernel_pack_network_krnl_hw_xilinx_u250_gen3x16_xdma_3_1_202020_1/kernel_pack.srcs/sources_1/ip/axis_clock_converter_96/axis_clock_converter_96.xci'.
WARNING: [IP_Flow 19-3833] Unreferenced file from the top module is not packaged: '/space1/hxh/APB/sha_aes_tcpip/Vitis_with_100Gbps_TCP-IP/tmp_kernel_pack_network_krnl_hw_xilinx_u250_gen3x16_xdma_3_1_202020_1/kernel_pack.srcs/sources_1/ip/axis_clock_converter_136/axis_clock_converter_136.xci'.
WARNING: [IP_Flow 19-3833] Unreferenced file from the top module is not packaged: '/space1/hxh/APB/sha_aes_tcpip/Vitis_with_100Gbps_TCP-IP/tmp_kernel_pack_network_krnl_hw_xilinx_u250_gen3x16_xdma_3_1_202020_1/kernel_pack.srcs/sources_1/ip/axis_clock_converter_144/axis_clock_converter_144.xci'.
WARNING: [IP_Flow 19-3833] Unreferenced file from the top module is not packaged: '/space1/hxh/APB/sha_aes_tcpip/Vitis_with_100Gbps_TCP-IP/tmp_kernel_pack_network_krnl_hw_xilinx_u250_gen3x16_xdma_3_1_202020_1/kernel_pack.srcs/sources_1/ip/axis_clock_converter_200/axis_clock_converter_200.xci'.
WARNING: [IP_Flow 19-3833] Unreferenced file from the top module is not packaged: '/space1/hxh/APB/sha_aes_tcpip/Vitis_with_100Gbps_TCP-IP/tmp_kernel_pack_network_krnl_hw_xilinx_u250_gen3x16_xdma_3_1_202020_1/kernel_pack.srcs/sources_1/ip/axil_clock_converter/axil_clock_converter.xci'.
WARNING: [IP_Flow 19-3833] Unreferenced file from the top module is not packaged: '/space1/hxh/APB/sha_aes_tcpip/Vitis_with_100Gbps_TCP-IP/tmp_kernel_pack_network_krnl_hw_xilinx_u250_gen3x16_xdma_3_1_202020_1/kernel_pack.srcs/sources_1/ip/axil_net_ctrl_clock_converter/axil_net_ctrl_clock_converter.xci'.
WARNING: [IP_Flow 19-3833] Unreferenced file from the top module is not packaged: '/space1/hxh/APB/sha_aes_tcpip/Vitis_with_100Gbps_TCP-IP/tmp_kernel_pack_network_krnl_hw_xilinx_u250_gen3x16_xdma_3_1_202020_1/kernel_pack.srcs/sources_1/ip/axil_controller_crossbar/axil_controller_crossbar.xci'.
WARNING: [IP_Flow 19-3833] Unreferenced file from the top module is not packaged: '/space1/hxh/APB/sha_aes_tcpip/Vitis_with_100Gbps_TCP-IP/tmp_kernel_pack_network_krnl_hw_xilinx_u250_gen3x16_xdma_3_1_202020_1/kernel_pack.srcs/sources_1/ip/axis_register_slice_24/axis_register_slice_24.xci'.
WARNING: [IP_Flow 19-3833] Unreferenced file from the top module is not packaged: '/space1/hxh/APB/sha_aes_tcpip/Vitis_with_100Gbps_TCP-IP/tmp_kernel_pack_network_krnl_hw_xilinx_u250_gen3x16_xdma_3_1_202020_1/kernel_pack.srcs/sources_1/ip/axis_register_slice_96/axis_register_slice_96.xci'.
WARNING: [IP_Flow 19-3833] Unreferenced file from the top module is not packaged: '/space1/hxh/APB/sha_aes_tcpip/Vitis_with_100Gbps_TCP-IP/tmp_kernel_pack_network_krnl_hw_xilinx_u250_gen3x16_xdma_3_1_202020_1/kernel_pack.srcs/sources_1/ip/axis_register_slice_64/axis_register_slice_64.xci'.
WARNING: [IP_Flow 19-3833] Unreferenced file from the top module is not packaged: '/space1/hxh/APB/sha_aes_tcpip/Vitis_with_100Gbps_TCP-IP/tmp_kernel_pack_network_krnl_hw_xilinx_u250_gen3x16_xdma_3_1_202020_1/kernel_pack.srcs/sources_1/ip/axis_register_slice_256/axis_register_slice_256.xci'.
WARNING: [IP_Flow 19-3833] Unreferenced file from the top module is not packaged: '/space1/hxh/APB/sha_aes_tcpip/Vitis_with_100Gbps_TCP-IP/tmp_kernel_pack_network_krnl_hw_xilinx_u250_gen3x16_xdma_3_1_202020_1/kernel_pack.srcs/sources_1/ip/axis_data_fifo_96/axis_data_fifo_96.xci'.
WARNING: [IP_Flow 19-3833] Unreferenced file from the top module is not packaged: '/space1/hxh/APB/sha_aes_tcpip/Vitis_with_100Gbps_TCP-IP/tmp_kernel_pack_network_krnl_hw_xilinx_u250_gen3x16_xdma_3_1_202020_1/kernel_pack.srcs/sources_1/ip/axis_data_fifo_160/axis_data_fifo_160.xci'.
WARNING: [IP_Flow 19-3833] Unreferenced file from the top module is not packaged: '/space1/hxh/APB/sha_aes_tcpip/Vitis_with_100Gbps_TCP-IP/tmp_kernel_pack_network_krnl_hw_xilinx_u250_gen3x16_xdma_3_1_202020_1/kernel_pack.srcs/sources_1/ip/axis_data_fifo_160_cc/axis_data_fifo_160_cc.xci'.
WARNING: [IP_Flow 19-3833] Unreferenced file from the top module is not packaged: '/space1/hxh/APB/sha_aes_tcpip/Vitis_with_100Gbps_TCP-IP/tmp_kernel_pack_network_krnl_hw_xilinx_u250_gen3x16_xdma_3_1_202020_1/kernel_pack.srcs/sources_1/ip/fifo_generator_rdma_cmd/fifo_generator_rdma_cmd.xci'.
WARNING: [IP_Flow 19-3833] Unreferenced file from the top module is not packaged: '/space1/hxh/APB/sha_aes_tcpip/Vitis_with_100Gbps_TCP-IP/tmp_kernel_pack_network_krnl_hw_xilinx_u250_gen3x16_xdma_3_1_202020_1/kernel_pack.srcs/sources_1/ip/fifo_generator_rdma_data/fifo_generator_rdma_data.xci'.
WARNING: [IP_Flow 19-3833] Unreferenced file from the top module is not packaged: '/space1/hxh/APB/sha_aes_tcpip/Vitis_with_100Gbps_TCP-IP/tmp_kernel_pack_network_krnl_hw_xilinx_u250_gen3x16_xdma_3_1_202020_1/kernel_pack.srcs/sources_1/ip/axi_register_slice/axi_register_slice.xci'.
WARNING: [IP_Flow 19-3833] Unreferenced file from the top module is not packaged: '/space1/hxh/APB/sha_aes_tcpip/Vitis_with_100Gbps_TCP-IP/tmp_kernel_pack_network_krnl_hw_xilinx_u250_gen3x16_xdma_3_1_202020_1/kernel_pack.srcs/sources_1/ip/axis_interconnect_96_1to2/axis_interconnect_96_1to2.xci'.
WARNING: [IP_Flow 19-3833] Unreferenced file from the top module is not packaged: '/space1/hxh/APB/sha_aes_tcpip/Vitis_with_100Gbps_TCP-IP/tmp_kernel_pack_network_krnl_hw_xilinx_u250_gen3x16_xdma_3_1_202020_1/kernel_pack.srcs/sources_1/ip/axis_interconnect_160_2to1/axis_interconnect_160_2to1.xci'.
WARNING: [IP_Flow 19-3833] Unreferenced file from the top module is not packaged: '/space1/hxh/APB/sha_aes_tcpip/Vitis_with_100Gbps_TCP-IP/tmp_kernel_pack_network_krnl_hw_xilinx_u250_gen3x16_xdma_3_1_202020_1/kernel_pack.srcs/sources_1/ip/axis_interconnect_64_1to2/axis_interconnect_64_1to2.xci'.
WARNING: [IP_Flow 19-3833] Unreferenced file from the top module is not packaged: '/space1/hxh/APB/sha_aes_tcpip/Vitis_with_100Gbps_TCP-IP/tmp_kernel_pack_network_krnl_hw_xilinx_u250_gen3x16_xdma_3_1_202020_1/kernel_pack.srcs/sources_1/ip/axis_interconnect_512_1to2/axis_interconnect_512_1to2.xci'.
WARNING: [IP_Flow 19-3833] Unreferenced file from the top module is not packaged: '/space1/hxh/APB/sha_aes_tcpip/Vitis_with_100Gbps_TCP-IP/tmp_kernel_pack_network_krnl_hw_xilinx_u250_gen3x16_xdma_3_1_202020_1/kernel_pack.srcs/sources_1/ip/blk_mem_gen_0/blk_mem_gen_0.xci'.
WARNING: [IP_Flow 19-3833] Unreferenced file from the top module is not packaged: '/space1/hxh/APB/sha_aes_tcpip/Vitis_with_100Gbps_TCP-IP/tmp_kernel_pack_network_krnl_hw_xilinx_u250_gen3x16_xdma_3_1_202020_1/kernel_pack.srcs/sources_1/ip/axis_sync_fifo/axis_sync_fifo.xci'.
WARNING: [IP_Flow 19-3833] Unreferenced file from the top module is not packaged: '/space1/hxh/APB/sha_aes_tcpip/Vitis_with_100Gbps_TCP-IP/tmp_kernel_pack_network_krnl_hw_xilinx_u250_gen3x16_xdma_3_1_202020_1/kernel_pack.srcs/sources_1/ip/cmd_fifo_xgemac_rxif/cmd_fifo_xgemac_rxif.xci'.
WARNING: [IP_Flow 19-3833] Unreferenced file from the top module is not packaged: '/space1/hxh/APB/sha_aes_tcpip/Vitis_with_100Gbps_TCP-IP/tmp_kernel_pack_network_krnl_hw_xilinx_u250_gen3x16_xdma_3_1_202020_1/kernel_pack.srcs/sources_1/ip/cmd_fifo_xgemac_txif/cmd_fifo_xgemac_txif.xci'.
WARNING: [IP_Flow 19-3833] Unreferenced file from the top module is not packaged: '/space1/hxh/APB/sha_aes_tcpip/Vitis_with_100Gbps_TCP-IP/tmp_kernel_pack_network_krnl_hw_xilinx_u250_gen3x16_xdma_3_1_202020_1/kernel_pack.srcs/sources_1/ip/axis_pkg_fifo_512/axis_pkg_fifo_512.xci'.
WARNING: [IP_Flow 19-5101] Packaging a component with a SystemVerilog top file is not fully supported. Please refer to UG1118 'Creating and Packaging Custom IP'.
INFO: [IP_Flow 19-1842] HDL Parser: Found include file "src/network_types.svh" from the top-level HDL file.
INFO: [IP_Flow 19-1842] HDL Parser: Found include file "src/network_intf.svh" from the top-level HDL file.
INFO: [IP_Flow 19-5107] Inferred bus interface 'axis_net_rx' of definition 'xilinx.com:interface:axis:1.0' (from Xilinx Repository).
INFO: [IP_Flow 19-5107] Inferred bus interface 'axis_net_tx' of definition 'xilinx.com:interface:axis:1.0' (from Xilinx Repository).
INFO: [IP_Flow 19-5107] Inferred bus interface 'm_axis_tcp_notification' of definition 'xilinx.com:interface:axis:1.0' (from Xilinx Repository).
INFO: [IP_Flow 19-5107] Inferred bus interface 'm_axis_tcp_open_status' of definition 'xilinx.com:interface:axis:1.0' (from Xilinx Repository).
INFO: [IP_Flow 19-5107] Inferred bus interface 'm_axis_tcp_port_status' of definition 'xilinx.com:interface:axis:1.0' (from Xilinx Repository).
INFO: [IP_Flow 19-5107] Inferred bus interface 'm_axis_tcp_rx_data' of definition 'xilinx.com:interface:axis:1.0' (from Xilinx Repository).
INFO: [IP_Flow 19-5107] Inferred bus interface 'm_axis_tcp_rx_meta' of definition 'xilinx.com:interface:axis:1.0' (from Xilinx Repository).
INFO: [IP_Flow 19-5107] Inferred bus interface 'm_axis_tcp_tx_status' of definition 'xilinx.com:interface:axis:1.0' (from Xilinx Repository).
INFO: [IP_Flow 19-5107] Inferred bus interface 'm_axis_udp_rx' of definition 'xilinx.com:interface:axis:1.0' (from Xilinx Repository).
INFO: [IP_Flow 19-5107] Inferred bus interface 'm_axis_udp_rx_meta' of definition 'xilinx.com:interface:axis:1.0' (from Xilinx Repository).
INFO: [IP_Flow 19-5107] Inferred bus interface 's_axis_tcp_close_connection' of definition 'xilinx.com:interface:axis:1.0' (from Xilinx Repository).
INFO: [IP_Flow 19-5107] Inferred bus interface 's_axis_tcp_listen_port' of definition 'xilinx.com:interface:axis:1.0' (from Xilinx Repository).
INFO: [IP_Flow 19-5107] Inferred bus interface 's_axis_tcp_open_connection' of definition 'xilinx.com:interface:axis:1.0' (from Xilinx Repository).
INFO: [IP_Flow 19-5107] Inferred bus interface 's_axis_tcp_read_pkg' of definition 'xilinx.com:interface:axis:1.0' (from Xilinx Repository).
INFO: [IP_Flow 19-5107] Inferred bus interface 's_axis_tcp_tx_data' of definition 'xilinx.com:interface:axis:1.0' (from Xilinx Repository).
INFO: [IP_Flow 19-5107] Inferred bus interface 's_axis_tcp_tx_meta' of definition 'xilinx.com:interface:axis:1.0' (from Xilinx Repository).
INFO: [IP_Flow 19-5107] Inferred bus interface 's_axis_udp_tx' of definition 'xilinx.com:interface:axis:1.0' (from Xilinx Repository).
INFO: [IP_Flow 19-5107] Inferred bus interface 's_axis_udp_tx_meta' of definition 'xilinx.com:interface:axis:1.0' (from Xilinx Repository).
INFO: [IP_Flow 19-5107] Inferred bus interface 'm00_axi' of definition 'xilinx.com:interface:aximm:1.0' (from Xilinx Repository).
INFO: [IP_Flow 19-5107] Inferred bus interface 'm01_axi' of definition 'xilinx.com:interface:aximm:1.0' (from Xilinx Repository).
INFO: [IP_Flow 19-5107] Inferred bus interface 's_axi_control' of definition 'xilinx.com:interface:aximm:1.0' (from Xilinx Repository).
INFO: [IP_Flow 19-5107] Inferred bus interface 'ap_rst_n' of definition 'xilinx.com:signal:reset:1.0' (from Xilinx Repository).
INFO: [IP_Flow 19-5107] Inferred bus interface 'ap_clk' of definition 'xilinx.com:signal:clock:1.0' (from Xilinx Repository).
INFO: [IP_Flow 19-5107] Inferred bus interface 'interrupt' of definition 'xilinx.com:signal:interrupt:1.0' (from Xilinx Repository).
INFO: [IP_Flow 19-4728] Bus Interface 'ap_rst_n': Added interface parameter 'POLARITY' with value 'ACTIVE_LOW'.
INFO: [IP_Flow 19-4728] Bus Interface 'interrupt': Added interface parameter 'SENSITIVITY' with value 'LEVEL_HIGH'.
INFO: [IP_Flow 19-4728] Bus Interface 'ap_clk': Added interface parameter 'ASSOCIATED_RESET' with value 'ap_rst_n'.
WARNING: [IP_Flow 19-3507] File Group 'xilinx_anylanguagesynthesis (Synthesis)': The referenced subcore 'xilinx.com:ip:axis_interconnect:1.1' is not the latest version in the IP catalog. The latest version is 'xilinx.com:ip:axis_interconnect:2.1'.
WARNING: [IP_Flow 19-3507] File Group 'xilinx_anylanguagebehavioralsimulation (Simulation)': The referenced subcore 'xilinx.com:ip:axis_interconnect:1.1' is not the latest version in the IP catalog. The latest version is 'xilinx.com:ip:axis_interconnect:2.1'.
WARNING: [IP_Flow 19-3507] File Group 'xilinx_implementation (Implementation)': The referenced subcore 'xilinx.com:ip:axis_interconnect:1.1' is not the latest version in the IP catalog. The latest version is 'xilinx.com:ip:axis_interconnect:2.1'.
WARNING: [IP_Flow 19-3158] Bus Interface 'axis_net_rx': FREQ_HZ bus parameter missing from AXI interface when interface is not associated to a clock.
WARNING: [IP_Flow 19-3158] Bus Interface 'axis_net_tx': FREQ_HZ bus parameter missing from AXI interface when interface is not associated to a clock.
WARNING: [IP_Flow 19-3158] Bus Interface 'm_axis_tcp_notification': FREQ_HZ bus parameter missing from AXI interface when interface is not associated to a clock.
WARNING: [IP_Flow 19-3158] Bus Interface 'm_axis_tcp_open_status': FREQ_HZ bus parameter missing from AXI interface when interface is not associated to a clock.
WARNING: [IP_Flow 19-3158] Bus Interface 'm_axis_tcp_port_status': FREQ_HZ bus parameter missing from AXI interface when interface is not associated to a clock.
WARNING: [IP_Flow 19-3158] Bus Interface 'm_axis_tcp_rx_data': FREQ_HZ bus parameter missing from AXI interface when interface is not associated to a clock.
WARNING: [IP_Flow 19-3158] Bus Interface 'm_axis_tcp_rx_meta': FREQ_HZ bus parameter missing from AXI interface when interface is not associated to a clock.
WARNING: [IP_Flow 19-3158] Bus Interface 'm_axis_tcp_tx_status': FREQ_HZ bus parameter missing from AXI interface when interface is not associated to a clock.
WARNING: [IP_Flow 19-3158] Bus Interface 'm_axis_udp_rx': FREQ_HZ bus parameter missing from AXI interface when interface is not associated to a clock.
WARNING: [IP_Flow 19-3158] Bus Interface 'm_axis_udp_rx_meta': FREQ_HZ bus parameter missing from AXI interface when interface is not associated to a clock.
WARNING: [IP_Flow 19-3158] Bus Interface 's_axis_tcp_close_connection': FREQ_HZ bus parameter missing from AXI interface when interface is not associated to a clock.
WARNING: [IP_Flow 19-3158] Bus Interface 's_axis_tcp_listen_port': FREQ_HZ bus parameter missing from AXI interface when interface is not associated to a clock.
WARNING: [IP_Flow 19-3158] Bus Interface 's_axis_tcp_open_connection': FREQ_HZ bus parameter missing from AXI interface when interface is not associated to a clock.
WARNING: [IP_Flow 19-3158] Bus Interface 's_axis_tcp_read_pkg': FREQ_HZ bus parameter missing from AXI interface when interface is not associated to a clock.
WARNING: [IP_Flow 19-3158] Bus Interface 's_axis_tcp_tx_data': FREQ_HZ bus parameter missing from AXI interface when interface is not associated to a clock.
WARNING: [IP_Flow 19-3158] Bus Interface 's_axis_tcp_tx_meta': FREQ_HZ bus parameter missing from AXI interface when interface is not associated to a clock.
WARNING: [IP_Flow 19-3158] Bus Interface 's_axis_udp_tx': FREQ_HZ bus parameter missing from AXI interface when interface is not associated to a clock.
WARNING: [IP_Flow 19-3158] Bus Interface 's_axis_udp_tx_meta': FREQ_HZ bus parameter missing from AXI interface when interface is not associated to a clock.
WARNING: [IP_Flow 19-3158] Bus Interface 'm00_axi': FREQ_HZ bus parameter missing from AXI interface when interface is not associated to a clock.
WARNING: [IP_Flow 19-3158] Bus Interface 'm01_axi': FREQ_HZ bus parameter missing from AXI interface when interface is not associated to a clock.
WARNING: [IP_Flow 19-3158] Bus Interface 's_axi_control': FREQ_HZ bus parameter missing from AXI interface when interface is not associated to a clock.
WARNING: [IP_Flow 19-3157] Bus Interface 'ap_rst_n': Bus parameter POLARITY is ACTIVE_LOW but port 'ap_rst_n' is not *resetn - please double check the POLARITY setting.
WARNING: [IP_Flow 19-5661] Bus Interface 'ap_clk' does not have any bus interfaces associated with it.
INFO: [IP_Flow 19-2181] Payment Required is not set for this core.
INFO: [IP_Flow 19-2187] The Product Guide file is missing.
INFO: [IP_Flow 19-234] Refreshing IP repositories
INFO: [IP_Flow 19-1700] Loaded user IP repository '/space1/hxh/APB/sha_aes_tcpip/Vitis_with_100Gbps_TCP-IP/build/fpga-network-stack/iprepo'.
INFO: [IP_Flow 19-2313] Loaded Vivado IP repository '/space1/Xilinx20202/Vivado/2020.2/data/ip'.
INFO: [IP_Flow 19-795] Syncing license key meta-data
ipx::edit_ip_in_project: Time (s): cpu = 00:00:21 ; elapsed = 00:00:22 . Memory (MB): peak = 3305.039 ; gain = 0.000 ; free physical = 163842 ; free virtual = 553690
INFO: [IP_Flow 19-4728] Bus Interface 'ap_clk': Added interface parameter 'ASSOCIATED_BUSIF' with value 's_axi_control'.
# if {[file exists "${xoname}"]} {
#     file delete -force "${xoname}"
# }
# package_xo -xo_path ${xoname} -kernel_name ${krnl_name} -ip_directory ./packaged_kernel_${suffix} -kernel_xml ${xml_path}
WARNING: [Vivado 12-4404] The CPU emulation flow in v++ is only supported when using a packaged XO file that contains C-model files, none were found.
WARNING: [Vivado 12-12407] VLNV in kernel.xml does not match VLNV in any of the IPs specified with the ip_directory option: ethz.ch:kernel:network_krnl:1.0
INFO: [Common 17-206] Exiting Vivado at Sun Dec 11 14:45:31 2022...
