

================================================================
== Vitis HLS Report for 'hls_recv_krnl_entry3'
================================================================
* Date:           Sun Dec 11 15:17:21 2022

* Version:        2020.2 (Build 3064766 on Wed Nov 18 09:12:47 MST 2020)
* Project:        hls_recv_krnl
* Solution:       solution (Vitis Kernel Flow Target)
* Product family: virtexuplus
* Target device:  xcu250-figd2104-2L-e


================================================================
== Performance Estimates
================================================================
+ Timing: 
    * Summary: 
    +--------+---------+----------+------------+
    |  Clock |  Target | Estimated| Uncertainty|
    +--------+---------+----------+------------+
    |ap_clk  |  5.00 ns|  1.409 ns|     1.35 ns|
    +--------+---------+----------+------------+

+ Latency: 
    * Summary: 
    +---------+---------+----------+----------+-----+-----+---------+
    |  Latency (cycles) |  Latency (absolute) |  Interval | Pipeline|
    |   min   |   max   |    min   |    max   | min | max |   Type  |
    +---------+---------+----------+----------+-----+-----+---------+
    |        0|        0|      0 ns|      0 ns|    0|    0|     none|
    +---------+---------+----------+----------+-----+-----+---------+

    + Detail: 
        * Instance: 
        N/A

        * Loop: 
        N/A



================================================================
== Utilization Estimates
================================================================
* Summary: 
+---------------------+---------+-------+---------+---------+------+
|         Name        | BRAM_18K|  DSP  |    FF   |   LUT   | URAM |
+---------------------+---------+-------+---------+---------+------+
|DSP                  |        -|      -|        -|        -|     -|
|Expression           |        -|      -|        0|        2|     -|
|FIFO                 |        -|      -|        -|        -|     -|
|Instance             |        -|      -|        -|        -|     -|
|Memory               |        -|      -|        -|        -|     -|
|Multiplexer          |        -|      -|        -|       54|     -|
|Register             |        -|      -|        3|        -|     -|
+---------------------+---------+-------+---------+---------+------+
|Total                |        0|      0|        3|       56|     0|
+---------------------+---------+-------+---------+---------+------+
|Available SLR        |     1344|   3072|   864000|   432000|   320|
+---------------------+---------+-------+---------+---------+------+
|Utilization SLR (%)  |        0|      0|       ~0|       ~0|     0|
+---------------------+---------+-------+---------+---------+------+
|Available            |     5376|  12288|  3456000|  1728000|  1280|
+---------------------+---------+-------+---------+---------+------+
|Utilization (%)      |        0|      0|       ~0|       ~0|     0|
+---------------------+---------+-------+---------+---------+------+

+ Detail: 
    * Instance: 
    N/A

    * DSP: 
    N/A

    * Memory: 
    N/A

    * FIFO: 
    N/A

    * Expression: 
    +-----------------+----------+----+---+----+------------+------------+
    |  Variable Name  | Operation| DSP| FF| LUT| Bitwidth P0| Bitwidth P1|
    +-----------------+----------+----+---+----+------------+------------+
    |ap_block_state1  |        or|   0|  0|   2|           1|           1|
    +-----------------+----------+----+---+----+------------+------------+
    |Total            |          |   0|  0|   2|           1|           1|
    +-----------------+----------+----+---+----+------------+------------+

    * Multiplexer: 
    +-----------------------------+----+-----------+-----+-----------+
    |             Name            | LUT| Input Size| Bits| Total Bits|
    +-----------------------------+----+-----------+-----+-----------+
    |ap_done                      |   9|          2|    1|          2|
    |basePort_out_blk_n           |   9|          2|    1|          2|
    |expectedRxByteCnt_out_blk_n  |   9|          2|    1|          2|
    |out_time_out_blk_n           |   9|          2|    1|          2|
    |real_start                   |   9|          2|    1|          2|
    |useConn_out_blk_n            |   9|          2|    1|          2|
    +-----------------------------+----+-----------+-----+-----------+
    |Total                        |  54|         12|    6|         12|
    +-----------------------------+----+-----------+-----+-----------+

    * Register: 
    +----------------+---+----+-----+-----------+
    |      Name      | FF| LUT| Bits| Const Bits|
    +----------------+---+----+-----+-----------+
    |ap_CS_fsm       |  1|   0|    1|          0|
    |ap_done_reg     |  1|   0|    1|          0|
    |start_once_reg  |  1|   0|    1|          0|
    +----------------+---+----+-----+-----------+
    |Total           |  3|   0|    3|          0|
    +----------------+---+----+-----+-----------+



================================================================
== Interface
================================================================
* Summary: 
+------------------------------+-----+-----+------------+-----------------------+--------------+
|           RTL Ports          | Dir | Bits|  Protocol  |     Source Object     |    C Type    |
+------------------------------+-----+-----+------------+-----------------------+--------------+
|ap_clk                        |   in|    1|  ap_ctrl_hs|   hls_recv_krnl.entry3|  return value|
|ap_rst                        |   in|    1|  ap_ctrl_hs|   hls_recv_krnl.entry3|  return value|
|ap_start                      |   in|    1|  ap_ctrl_hs|   hls_recv_krnl.entry3|  return value|
|start_full_n                  |   in|    1|  ap_ctrl_hs|   hls_recv_krnl.entry3|  return value|
|ap_done                       |  out|    1|  ap_ctrl_hs|   hls_recv_krnl.entry3|  return value|
|ap_continue                   |   in|    1|  ap_ctrl_hs|   hls_recv_krnl.entry3|  return value|
|ap_idle                       |  out|    1|  ap_ctrl_hs|   hls_recv_krnl.entry3|  return value|
|ap_ready                      |  out|    1|  ap_ctrl_hs|   hls_recv_krnl.entry3|  return value|
|start_out                     |  out|    1|  ap_ctrl_hs|   hls_recv_krnl.entry3|  return value|
|start_write                   |  out|    1|  ap_ctrl_hs|   hls_recv_krnl.entry3|  return value|
|useConn                       |   in|   32|     ap_none|                useConn|        scalar|
|basePort                      |   in|   32|     ap_none|               basePort|        scalar|
|expectedRxByteCnt             |   in|   64|     ap_none|      expectedRxByteCnt|        scalar|
|out_time                      |   in|   64|     ap_none|               out_time|        scalar|
|useConn_out_din               |  out|   32|     ap_fifo|            useConn_out|       pointer|
|useConn_out_full_n            |   in|    1|     ap_fifo|            useConn_out|       pointer|
|useConn_out_write             |  out|    1|     ap_fifo|            useConn_out|       pointer|
|basePort_out_din              |  out|   32|     ap_fifo|           basePort_out|       pointer|
|basePort_out_full_n           |   in|    1|     ap_fifo|           basePort_out|       pointer|
|basePort_out_write            |  out|    1|     ap_fifo|           basePort_out|       pointer|
|expectedRxByteCnt_out_din     |  out|   64|     ap_fifo|  expectedRxByteCnt_out|       pointer|
|expectedRxByteCnt_out_full_n  |   in|    1|     ap_fifo|  expectedRxByteCnt_out|       pointer|
|expectedRxByteCnt_out_write   |  out|    1|     ap_fifo|  expectedRxByteCnt_out|       pointer|
|out_time_out_din              |  out|   64|     ap_fifo|           out_time_out|       pointer|
|out_time_out_full_n           |   in|    1|     ap_fifo|           out_time_out|       pointer|
|out_time_out_write            |  out|    1|     ap_fifo|           out_time_out|       pointer|
+------------------------------+-----+-----+------------+-----------------------+--------------+

============================================================
+ Verbose Summary: Synthesis Manager
============================================================
InlineROM: 1
ExposeGlobal: 0
============================================================
+ Verbose Summary: CDFG Model
============================================================
IsTopModel: 0
ResetActiveHigh: 1
IsCombinational: 2
IsDatapathOnly: 0
HasWiredReturn: 1
HasMFsm: 0
HasVarLatency: 0
IsPipeline: 0
IsRtlPipelined: 0
IsInstanceOverlapped: 0
IsDontTouch: 0
HasImplIP: 0
IsGatedGlobalClock: 0


============================================================
+ Verbose Summary: Schedule
============================================================
* Number of FSM states : 1
* Pipeline : 0
* Dataflow Pipeline: 0

* FSM state transitions: 
1 --> 

* FSM state operations: 

State 1 <SV = 0> <Delay = 1.40>
ST_1 : Operation 2 [1/1] (0.00ns)   --->   "%specinterface_ln0 = specinterface void @_ssdm_op_SpecInterface, i32 %useConn_out, void @ap_fifo_str, i32 0, i32 0, void @p_str, i32 0, i32 0, void @p_str, void @p_str, void @p_str, i32 2, i32 2, i32 16, i32 16, void @p_str, void @ScalarProp_str"   --->   Operation 2 'specinterface' 'specinterface_ln0' <Predicate = true> <Delay = 0.00>
ST_1 : Operation 3 [1/1] (0.00ns)   --->   "%out_time_read = read i64 @_ssdm_op_Read.ap_auto.i64, i64 %out_time"   --->   Operation 3 'read' 'out_time_read' <Predicate = true> <Delay = 0.00>
ST_1 : Operation 4 [1/1] (0.00ns)   --->   "%expectedRxByteCnt_read = read i64 @_ssdm_op_Read.ap_auto.i64, i64 %expectedRxByteCnt"   --->   Operation 4 'read' 'expectedRxByteCnt_read' <Predicate = true> <Delay = 0.00>
ST_1 : Operation 5 [1/1] (0.00ns)   --->   "%basePort_read = read i32 @_ssdm_op_Read.ap_auto.i32, i32 %basePort"   --->   Operation 5 'read' 'basePort_read' <Predicate = true> <Delay = 0.00>
ST_1 : Operation 6 [1/1] (0.00ns)   --->   "%useConn_read = read i32 @_ssdm_op_Read.ap_auto.i32, i32 %useConn"   --->   Operation 6 'read' 'useConn_read' <Predicate = true> <Delay = 0.00>
ST_1 : Operation 7 [1/1] (1.39ns)   --->   "%write_ln0 = write void @_ssdm_op_Write.ap_fifo.i32P0A, i32 %useConn_out, i32 %useConn_read"   --->   Operation 7 'write' 'write_ln0' <Predicate = true> <Delay = 1.39> <CoreInst = "FIFO_SRL">   --->   Core 81 'FIFO_SRL' <Latency = 0> <II = 1> <Delay = 1.39> <Storage> <Opcode : 'read' 'write' 'nbread' 'nbwrite'> <Ports = 0> <Width = 32> <Depth = 2> <FIFO>
ST_1 : Operation 8 [1/1] (0.00ns)   --->   "%specinterface_ln0 = specinterface void @_ssdm_op_SpecInterface, i32 %basePort_out, void @ap_fifo_str, i32 0, i32 0, void @p_str, i32 0, i32 0, void @p_str, void @p_str, void @p_str, i32 2, i32 2, i32 16, i32 16, void @p_str, void @ScalarProp_str"   --->   Operation 8 'specinterface' 'specinterface_ln0' <Predicate = true> <Delay = 0.00>
ST_1 : Operation 9 [1/1] (1.39ns)   --->   "%write_ln0 = write void @_ssdm_op_Write.ap_fifo.i32P0A, i32 %basePort_out, i32 %basePort_read"   --->   Operation 9 'write' 'write_ln0' <Predicate = true> <Delay = 1.39> <CoreInst = "FIFO_SRL">   --->   Core 81 'FIFO_SRL' <Latency = 0> <II = 1> <Delay = 1.39> <Storage> <Opcode : 'read' 'write' 'nbread' 'nbwrite'> <Ports = 0> <Width = 32> <Depth = 2> <FIFO>
ST_1 : Operation 10 [1/1] (0.00ns)   --->   "%specinterface_ln0 = specinterface void @_ssdm_op_SpecInterface, i64 %expectedRxByteCnt_out, void @ap_fifo_str, i32 0, i32 0, void @p_str, i32 0, i32 0, void @p_str, void @p_str, void @p_str, i32 2, i32 2, i32 16, i32 16, void @p_str, void @ScalarProp_str"   --->   Operation 10 'specinterface' 'specinterface_ln0' <Predicate = true> <Delay = 0.00>
ST_1 : Operation 11 [1/1] (1.40ns)   --->   "%write_ln0 = write void @_ssdm_op_Write.ap_fifo.i64P0A, i64 %expectedRxByteCnt_out, i64 %expectedRxByteCnt_read"   --->   Operation 11 'write' 'write_ln0' <Predicate = true> <Delay = 1.40> <CoreInst = "FIFO_SRL">   --->   Core 81 'FIFO_SRL' <Latency = 0> <II = 1> <Delay = 1.40> <Storage> <Opcode : 'read' 'write' 'nbread' 'nbwrite'> <Ports = 0> <Width = 64> <Depth = 2> <FIFO>
ST_1 : Operation 12 [1/1] (0.00ns)   --->   "%specinterface_ln0 = specinterface void @_ssdm_op_SpecInterface, i64 %out_time_out, void @ap_fifo_str, i32 0, i32 0, void @p_str, i32 0, i32 0, void @p_str, void @p_str, void @p_str, i32 2, i32 2, i32 16, i32 16, void @p_str, void @ScalarProp_str"   --->   Operation 12 'specinterface' 'specinterface_ln0' <Predicate = true> <Delay = 0.00>
ST_1 : Operation 13 [1/1] (1.40ns)   --->   "%write_ln0 = write void @_ssdm_op_Write.ap_fifo.i64P0A, i64 %out_time_out, i64 %out_time_read"   --->   Operation 13 'write' 'write_ln0' <Predicate = true> <Delay = 1.40> <CoreInst = "FIFO_SRL">   --->   Core 81 'FIFO_SRL' <Latency = 0> <II = 1> <Delay = 1.40> <Storage> <Opcode : 'read' 'write' 'nbread' 'nbwrite'> <Ports = 0> <Width = 64> <Depth = 2> <FIFO>
ST_1 : Operation 14 [1/1] (0.00ns)   --->   "%ret_ln0 = ret"   --->   Operation 14 'ret' 'ret_ln0' <Predicate = true> <Delay = 0.00>


============================================================
+ Verbose Summary: Binding
============================================================
STG Binding: 
---------------- STG Properties BEGIN ----------------
- Is combinational: 0
- Is one-state seq: 1
- Is datapath-only: 0
- Is pipelined: 0
- Is top level: 0
Port [ Return ] is wired: 1; IO mode=ap_ctrl_hs:ce=0
Port [ useConn]:  wired=1; compound=0; hidden=0; nouse=0; global=0; static=0; extern=0; dir=0; type=0; pingpong=0; private_global=0; IO mode=ap_none:ce=0
Port [ basePort]:  wired=1; compound=0; hidden=0; nouse=0; global=0; static=0; extern=0; dir=0; type=0; pingpong=0; private_global=0; IO mode=ap_none:ce=0
Port [ expectedRxByteCnt]:  wired=1; compound=0; hidden=0; nouse=0; global=0; static=0; extern=0; dir=0; type=0; pingpong=0; private_global=0; IO mode=ap_none:ce=0
Port [ out_time]:  wired=1; compound=0; hidden=0; nouse=0; global=0; static=0; extern=0; dir=0; type=0; pingpong=0; private_global=0; IO mode=ap_none:ce=0
Port [ useConn_out]:  wired=1; compound=1; hidden=0; nouse=0; global=0; static=0; extern=0; dir=1; type=3; pingpong=0; private_global=0; IO mode=ap_fifo:ce=0
Port [ basePort_out]:  wired=1; compound=1; hidden=0; nouse=0; global=0; static=0; extern=0; dir=1; type=3; pingpong=0; private_global=0; IO mode=ap_fifo:ce=0
Port [ expectedRxByteCnt_out]:  wired=1; compound=1; hidden=0; nouse=0; global=0; static=0; extern=0; dir=1; type=3; pingpong=0; private_global=0; IO mode=ap_fifo:ce=0
Port [ out_time_out]:  wired=1; compound=1; hidden=0; nouse=0; global=0; static=0; extern=0; dir=1; type=3; pingpong=0; private_global=0; IO mode=ap_fifo:ce=0
---------------- STG Properties END ------------------

---------------- Datapath Model BEGIN ----------------

<LifeTime>
<method=bitvector/>
specinterface_ln0      (specinterface) [ 00]
out_time_read          (read         ) [ 00]
expectedRxByteCnt_read (read         ) [ 00]
basePort_read          (read         ) [ 00]
useConn_read           (read         ) [ 00]
write_ln0              (write        ) [ 00]
specinterface_ln0      (specinterface) [ 00]
write_ln0              (write        ) [ 00]
specinterface_ln0      (specinterface) [ 00]
write_ln0              (write        ) [ 00]
specinterface_ln0      (specinterface) [ 00]
write_ln0              (write        ) [ 00]
ret_ln0                (ret          ) [ 00]
</LifeTime>

<model>

<comp_list>
<comp id="0" class="1000" name="useConn">
<pin_list>
<pin id="1" dir="1" index="0" bw="1" slack="0"/>
</pin_list>
<bind>
<StgValue><ssdm name="useConn"/></StgValue>
</bind>
</comp>

<comp id="2" class="1000" name="basePort">
<pin_list>
<pin id="3" dir="1" index="0" bw="1" slack="0"/>
</pin_list>
<bind>
<StgValue><ssdm name="basePort"/></StgValue>
</bind>
</comp>

<comp id="4" class="1000" name="expectedRxByteCnt">
<pin_list>
<pin id="5" dir="1" index="0" bw="1" slack="0"/>
</pin_list>
<bind>
<StgValue><ssdm name="expectedRxByteCnt"/></StgValue>
</bind>
</comp>

<comp id="6" class="1000" name="out_time">
<pin_list>
<pin id="7" dir="1" index="0" bw="1" slack="0"/>
</pin_list>
<bind>
<StgValue><ssdm name="out_time"/></StgValue>
</bind>
</comp>

<comp id="8" class="1000" name="useConn_out">
<pin_list>
<pin id="9" dir="1" index="0" bw="1" slack="0"/>
</pin_list>
<bind>
<StgValue><ssdm name="useConn_out"/></StgValue>
</bind>
</comp>

<comp id="10" class="1000" name="basePort_out">
<pin_list>
<pin id="11" dir="1" index="0" bw="1" slack="0"/>
</pin_list>
<bind>
<StgValue><ssdm name="basePort_out"/></StgValue>
</bind>
</comp>

<comp id="12" class="1000" name="expectedRxByteCnt_out">
<pin_list>
<pin id="13" dir="1" index="0" bw="1" slack="0"/>
</pin_list>
<bind>
<StgValue><ssdm name="expectedRxByteCnt_out"/></StgValue>
</bind>
</comp>

<comp id="14" class="1000" name="out_time_out">
<pin_list>
<pin id="15" dir="1" index="0" bw="1" slack="0"/>
</pin_list>
<bind>
<StgValue><ssdm name="out_time_out"/></StgValue>
</bind>
</comp>

<comp id="16" class="1001" name="const_16">
<pin_list>
<pin id="17" dir="1" index="0" bw="1" slack="2147483647"/>
</pin_list>
<bind>
<StgValue><ssdm name="_ssdm_op_SpecInterface"/></StgValue>
</bind>
</comp>

<comp id="18" class="1001" name="const_18">
<pin_list>
<pin id="19" dir="1" index="0" bw="1" slack="2147483647"/>
</pin_list>
<bind>
<StgValue><ssdm name="ap_fifo_str"/></StgValue>
</bind>
</comp>

<comp id="20" class="1001" name="const_20">
<pin_list>
<pin id="21" dir="1" index="0" bw="1" slack="2147483647"/>
</pin_list>
<bind>
<StgValue><ssdm name=""/></StgValue>
</bind>
</comp>

<comp id="22" class="1001" name="const_22">
<pin_list>
<pin id="23" dir="1" index="0" bw="1" slack="2147483647"/>
</pin_list>
<bind>
<StgValue><ssdm name="p_str"/></StgValue>
</bind>
</comp>

<comp id="24" class="1001" name="const_24">
<pin_list>
<pin id="25" dir="1" index="0" bw="1" slack="2147483647"/>
</pin_list>
<bind>
<StgValue><ssdm name=""/></StgValue>
</bind>
</comp>

<comp id="26" class="1001" name="const_26">
<pin_list>
<pin id="27" dir="1" index="0" bw="1" slack="2147483647"/>
</pin_list>
<bind>
<StgValue><ssdm name=""/></StgValue>
</bind>
</comp>

<comp id="28" class="1001" name="const_28">
<pin_list>
<pin id="29" dir="1" index="0" bw="1" slack="2147483647"/>
</pin_list>
<bind>
<StgValue><ssdm name="ScalarProp_str"/></StgValue>
</bind>
</comp>

<comp id="30" class="1001" name="const_30">
<pin_list>
<pin id="31" dir="1" index="0" bw="1" slack="0"/>
</pin_list>
<bind>
<StgValue><ssdm name="_ssdm_op_Read.ap_auto.i64"/></StgValue>
</bind>
</comp>

<comp id="32" class="1001" name="const_32">
<pin_list>
<pin id="33" dir="1" index="0" bw="1" slack="0"/>
</pin_list>
<bind>
<StgValue><ssdm name="_ssdm_op_Read.ap_auto.i32"/></StgValue>
</bind>
</comp>

<comp id="34" class="1001" name="const_34">
<pin_list>
<pin id="35" dir="1" index="0" bw="1" slack="0"/>
</pin_list>
<bind>
<StgValue><ssdm name="_ssdm_op_Write.ap_fifo.i32P0A"/></StgValue>
</bind>
</comp>

<comp id="36" class="1001" name="const_36">
<pin_list>
<pin id="37" dir="1" index="0" bw="1" slack="0"/>
</pin_list>
<bind>
<StgValue><ssdm name="_ssdm_op_Write.ap_fifo.i64P0A"/></StgValue>
</bind>
</comp>

<comp id="38" class="1004" name="out_time_read_read_fu_38">
<pin_list>
<pin id="39" dir="0" index="0" bw="64" slack="0"/>
<pin id="40" dir="0" index="1" bw="64" slack="0"/>
<pin id="41" dir="1" index="2" bw="64" slack="0"/>
</pin_list>
<bind>
<opcode="read(1150) " fcode="read"/>
<opset="out_time_read/1 "/>
</bind>
</comp>

<comp id="44" class="1004" name="expectedRxByteCnt_read_read_fu_44">
<pin_list>
<pin id="45" dir="0" index="0" bw="64" slack="0"/>
<pin id="46" dir="0" index="1" bw="64" slack="0"/>
<pin id="47" dir="1" index="2" bw="64" slack="0"/>
</pin_list>
<bind>
<opcode="read(1150) " fcode="read"/>
<opset="expectedRxByteCnt_read/1 "/>
</bind>
</comp>

<comp id="50" class="1004" name="basePort_read_read_fu_50">
<pin_list>
<pin id="51" dir="0" index="0" bw="32" slack="0"/>
<pin id="52" dir="0" index="1" bw="32" slack="0"/>
<pin id="53" dir="1" index="2" bw="32" slack="0"/>
</pin_list>
<bind>
<opcode="read(1150) " fcode="read"/>
<opset="basePort_read/1 "/>
</bind>
</comp>

<comp id="56" class="1004" name="useConn_read_read_fu_56">
<pin_list>
<pin id="57" dir="0" index="0" bw="32" slack="0"/>
<pin id="58" dir="0" index="1" bw="32" slack="0"/>
<pin id="59" dir="1" index="2" bw="32" slack="0"/>
</pin_list>
<bind>
<opcode="read(1150) " fcode="read"/>
<opset="useConn_read/1 "/>
</bind>
</comp>

<comp id="62" class="1004" name="write_ln0_write_fu_62">
<pin_list>
<pin id="63" dir="0" index="0" bw="0" slack="0"/>
<pin id="64" dir="0" index="1" bw="32" slack="0"/>
<pin id="65" dir="0" index="2" bw="32" slack="0"/>
<pin id="66" dir="1" index="3" bw="0" slack="2147483647"/>
</pin_list>
<bind>
<opcode="write(1151) " fcode="write"/>
<opset="write_ln0/1 "/>
</bind>
</comp>

<comp id="70" class="1004" name="write_ln0_write_fu_70">
<pin_list>
<pin id="71" dir="0" index="0" bw="0" slack="0"/>
<pin id="72" dir="0" index="1" bw="32" slack="0"/>
<pin id="73" dir="0" index="2" bw="32" slack="0"/>
<pin id="74" dir="1" index="3" bw="0" slack="2147483647"/>
</pin_list>
<bind>
<opcode="write(1151) " fcode="write"/>
<opset="write_ln0/1 "/>
</bind>
</comp>

<comp id="78" class="1004" name="write_ln0_write_fu_78">
<pin_list>
<pin id="79" dir="0" index="0" bw="0" slack="0"/>
<pin id="80" dir="0" index="1" bw="64" slack="0"/>
<pin id="81" dir="0" index="2" bw="64" slack="0"/>
<pin id="82" dir="1" index="3" bw="0" slack="2147483647"/>
</pin_list>
<bind>
<opcode="write(1151) " fcode="write"/>
<opset="write_ln0/1 "/>
</bind>
</comp>

<comp id="86" class="1004" name="write_ln0_write_fu_86">
<pin_list>
<pin id="87" dir="0" index="0" bw="0" slack="0"/>
<pin id="88" dir="0" index="1" bw="64" slack="0"/>
<pin id="89" dir="0" index="2" bw="64" slack="0"/>
<pin id="90" dir="1" index="3" bw="0" slack="2147483647"/>
</pin_list>
<bind>
<opcode="write(1151) " fcode="write"/>
<opset="write_ln0/1 "/>
</bind>
</comp>

</comp_list>

<net_list>
<net id="42"><net_src comp="30" pin="0"/><net_sink comp="38" pin=0"/></net>

<net id="43"><net_src comp="6" pin="0"/><net_sink comp="38" pin=1"/></net>

<net id="48"><net_src comp="30" pin="0"/><net_sink comp="44" pin=0"/></net>

<net id="49"><net_src comp="4" pin="0"/><net_sink comp="44" pin=1"/></net>

<net id="54"><net_src comp="32" pin="0"/><net_sink comp="50" pin=0"/></net>

<net id="55"><net_src comp="2" pin="0"/><net_sink comp="50" pin=1"/></net>

<net id="60"><net_src comp="32" pin="0"/><net_sink comp="56" pin=0"/></net>

<net id="61"><net_src comp="0" pin="0"/><net_sink comp="56" pin=1"/></net>

<net id="67"><net_src comp="34" pin="0"/><net_sink comp="62" pin=0"/></net>

<net id="68"><net_src comp="8" pin="0"/><net_sink comp="62" pin=1"/></net>

<net id="69"><net_src comp="56" pin="2"/><net_sink comp="62" pin=2"/></net>

<net id="75"><net_src comp="34" pin="0"/><net_sink comp="70" pin=0"/></net>

<net id="76"><net_src comp="10" pin="0"/><net_sink comp="70" pin=1"/></net>

<net id="77"><net_src comp="50" pin="2"/><net_sink comp="70" pin=2"/></net>

<net id="83"><net_src comp="36" pin="0"/><net_sink comp="78" pin=0"/></net>

<net id="84"><net_src comp="12" pin="0"/><net_sink comp="78" pin=1"/></net>

<net id="85"><net_src comp="44" pin="2"/><net_sink comp="78" pin=2"/></net>

<net id="91"><net_src comp="36" pin="0"/><net_sink comp="86" pin=0"/></net>

<net id="92"><net_src comp="14" pin="0"/><net_sink comp="86" pin=1"/></net>

<net id="93"><net_src comp="38" pin="2"/><net_sink comp="86" pin=2"/></net>

</net_list>

</model> 
---------------- Datapath Model END ------------------

* FSMD analyzer results:
  - Output states:
	Port: useConn_out | {1 }
	Port: basePort_out | {1 }
	Port: expectedRxByteCnt_out | {1 }
	Port: out_time_out | {1 }
 - Input state : 
	Port: hls_recv_krnl.entry3 : useConn | {1 }
	Port: hls_recv_krnl.entry3 : basePort | {1 }
	Port: hls_recv_krnl.entry3 : expectedRxByteCnt | {1 }
	Port: hls_recv_krnl.entry3 : out_time | {1 }
	Port: hls_recv_krnl.entry3 : useConn_out | {}
	Port: hls_recv_krnl.entry3 : basePort_out | {}
	Port: hls_recv_krnl.entry3 : expectedRxByteCnt_out | {}
	Port: hls_recv_krnl.entry3 : out_time_out | {}
  - Chain level:
	State 1


============================================================
+ Verbose Summary: Datapath Resource usage 
============================================================

* Functional unit list:
|----------|-----------------------------------|
| Operation|          Functional Unit          |
|----------|-----------------------------------|
|          |      out_time_read_read_fu_38     |
|   read   | expectedRxByteCnt_read_read_fu_44 |
|          |      basePort_read_read_fu_50     |
|          |      useConn_read_read_fu_56      |
|----------|-----------------------------------|
|          |       write_ln0_write_fu_62       |
|   write  |       write_ln0_write_fu_70       |
|          |       write_ln0_write_fu_78       |
|          |       write_ln0_write_fu_86       |
|----------|-----------------------------------|
|   Total  |                                   |
|----------|-----------------------------------|

Memories:
N/A

* Register list:
N/A

* Multiplexer (MUX) list: 
|--------|------|------|------|--------|
|  Comp  |  Pin | Size |  BW  | S x BW |
|--------|------|------|------|--------|
|  Total |      |      |      |    0   |
|--------|------|------|------|--------|



* Summary:
+-----------+
|           |
+-----------+
|  Function |
|   Memory  |
|Multiplexer|
|  Register |
+-----------+
|   Total   |
+-----------+
