

================================================================
== Vitis HLS Report for 'port_status_handler'
================================================================
* Date:           Sun Dec 11 15:14:47 2022

* Version:        2020.2 (Build 3064766 on Wed Nov 18 09:12:47 MST 2020)
* Project:        hls_recv_krnl
* Solution:       solution (Vitis Kernel Flow Target)
* Product family: virtexuplus
* Target device:  xcu250-figd2104-2L-e


================================================================
== Performance Estimates
================================================================
+ Timing: 
    * Summary: 
    +--------+---------+----------+------------+
    |  Clock |  Target | Estimated| Uncertainty|
    +--------+---------+----------+------------+
    |ap_clk  |  5.00 ns|  1.398 ns|     1.35 ns|
    +--------+---------+----------+------------+

+ Latency: 
    * Summary: 
    +---------+---------+----------+----------+-----+-----+---------+
    |  Latency (cycles) |  Latency (absolute) |  Interval | Pipeline|
    |   min   |   max   |    min   |    max   | min | max |   Type  |
    +---------+---------+----------+----------+-----+-----+---------+
    |        ?|        ?|         ?|         ?|    ?|    ?|     none|
    +---------+---------+----------+----------+-----+-----+---------+

    + Detail: 
        * Instance: 
        N/A

        * Loop: 
        +--------------------+---------+---------+----------+-----------+-----------+------+----------+
        |                    |  Latency (cycles) | Iteration|  Initiation Interval  | Trip |          |
        |      Loop Name     |   min   |   max   |  Latency |  achieved |   target  | Count| Pipelined|
        +--------------------+---------+---------+----------+-----------+-----------+------+----------+
        |- VITIS_LOOP_742_1  |        ?|        ?|         1|          1|          1|     ?|       yes|
        +--------------------+---------+---------+----------+-----------+-----------+------+----------+

============================================================
+ Verbose Summary: Synthesis Manager
============================================================
InlineROM: 1
ExposeGlobal: 0
============================================================
+ Verbose Summary: CDFG Model
============================================================
IsTopModel: 0
ResetActiveHigh: 1
IsCombinational: 2
IsDatapathOnly: 0
HasWiredReturn: 1
HasMFsm: 0
HasVarLatency: 1
IsPipeline: 0
IsRtlPipelined: 0
IsInstanceOverlapped: 0
IsDontTouch: 0
HasImplIP: 0
IsGatedGlobalClock: 0

+ Individual pipeline summary: 
  * Pipeline-0: initiation interval (II) = 1, depth = 1


============================================================
+ Verbose Summary: Schedule
============================================================
* Number of FSM states : 3
* Pipeline : 1
  Pipeline-0 : II = 1, D = 1, States = { 2 }
* Dataflow Pipeline: 0

* FSM state transitions: 
1 --> 2 
2 --> 3 2 
3 --> 

* FSM state operations: 

State 1 <SV = 0> <Delay = 1.39>
ST_1 : Operation 4 [1/1] (0.00ns)   --->   "%specinterface_ln0 = specinterface void @_ssdm_op_SpecInterface, i8 %s_axis_tcp_port_status_V_data_V, i1 %s_axis_tcp_port_status_V_keep_V, i1 %s_axis_tcp_port_status_V_strb_V, i1 %s_axis_tcp_port_status_V_last_V, void @empty_30, i32 0, i32 0, void @empty_9, i32 0, i32 0, void @empty_14, void @empty_14, void @empty_14, i32 0, i32 0, i32 0, i32 0, void @empty_14, void @empty_14"   --->   Operation 4 'specinterface' 'specinterface_ln0' <Predicate = true> <Delay = 0.00>
ST_1 : Operation 5 [1/1] (0.00ns)   --->   "%specinterface_ln0 = specinterface void @_ssdm_op_SpecInterface, i8 %s_axis_tcp_port_status_V_data_V, i1 %s_axis_tcp_port_status_V_keep_V, i1 %s_axis_tcp_port_status_V_strb_V, i1 %s_axis_tcp_port_status_V_last_V, void @empty_30, i32 0, i32 0, void @empty_9, i32 0, i32 0, void @empty_14, void @empty_14, void @empty_14, i32 0, i32 0, i32 0, i32 0, void @empty_14, void @empty_14"   --->   Operation 5 'specinterface' 'specinterface_ln0' <Predicate = true> <Delay = 0.00>
ST_1 : Operation 6 [1/1] (0.00ns)   --->   "%specinterface_ln0 = specinterface void @_ssdm_op_SpecInterface, i8 %s_axis_tcp_port_status_V_data_V, i1 %s_axis_tcp_port_status_V_keep_V, i1 %s_axis_tcp_port_status_V_strb_V, i1 %s_axis_tcp_port_status_V_last_V, void @empty_30, i32 0, i32 0, void @empty_9, i32 0, i32 0, void @empty_14, void @empty_14, void @empty_14, i32 0, i32 0, i32 0, i32 0, void @empty_14, void @empty_14"   --->   Operation 6 'specinterface' 'specinterface_ln0' <Predicate = true> <Delay = 0.00>
ST_1 : Operation 7 [1/1] (0.00ns)   --->   "%specinterface_ln0 = specinterface void @_ssdm_op_SpecInterface, i8 %s_axis_tcp_port_status_V_data_V, i1 %s_axis_tcp_port_status_V_keep_V, i1 %s_axis_tcp_port_status_V_strb_V, i1 %s_axis_tcp_port_status_V_last_V, void @empty_30, i32 0, i32 0, void @empty_9, i32 0, i32 0, void @empty_14, void @empty_14, void @empty_14, i32 0, i32 0, i32 0, i32 0, void @empty_14, void @empty_14"   --->   Operation 7 'specinterface' 'specinterface_ln0' <Predicate = true> <Delay = 0.00>
ST_1 : Operation 8 [1/1] (0.00ns)   --->   "%specinterface_ln0 = specinterface void @_ssdm_op_SpecInterface, i32 %useConn, void @ap_fifo_str, i32 0, i32 0, void @p_str, i32 0, i32 0, void @p_str, void @p_str, void @p_str, i32 2, i32 2, i32 16, i32 16, void @p_str, void @ScalarProp_str"   --->   Operation 8 'specinterface' 'specinterface_ln0' <Predicate = true> <Delay = 0.00>
ST_1 : Operation 9 [1/1] (1.39ns)   --->   "%useConn_read = read i32 @_ssdm_op_Read.ap_fifo.i32P0A, i32 %useConn" [/space1/hxh/APB/sha_aes_tcpip/Vitis_with_100Gbps_TCP-IP/kernel/common/include/communication.hpp:753]   --->   Operation 9 'read' 'useConn_read' <Predicate = true> <Delay = 1.39> <CoreInst = "FIFO_SRL">   --->   Core 81 'FIFO_SRL' <Latency = 0> <II = 1> <Delay = 1.39> <Storage> <Opcode : 'read' 'write' 'nbread' 'nbwrite'> <Ports = 0> <Width = 32> <Depth = 2> <FIFO>
ST_1 : Operation 10 [1/1] (0.00ns)   --->   "%specinterface_ln0 = specinterface void @_ssdm_op_SpecInterface, i8 %s_axis_tcp_port_status_V_data_V, i1 %s_axis_tcp_port_status_V_keep_V, i1 %s_axis_tcp_port_status_V_strb_V, i1 %s_axis_tcp_port_status_V_last_V, void @empty_30, i32 0, i32 0, void @empty_9, i32 0, i32 0, void @empty_14, void @empty_14, void @empty_14, i32 0, i32 0, i32 0, i32 0, void @empty_14, void @empty_14"   --->   Operation 10 'specinterface' 'specinterface_ln0' <Predicate = true> <Delay = 0.00>
ST_1 : Operation 11 [1/1] (0.38ns)   --->   "%br_ln742 = br void" [/space1/hxh/APB/sha_aes_tcpip/Vitis_with_100Gbps_TCP-IP/kernel/common/include/communication.hpp:742->/space1/hxh/APB/sha_aes_tcpip/Vitis_with_100Gbps_TCP-IP/kernel/common/include/communication.hpp:760]   --->   Operation 11 'br' 'br_ln742' <Predicate = true> <Delay = 0.38>

State 2 <SV = 1> <Delay = 0.87>
ST_2 : Operation 12 [1/1] (0.00ns)   --->   "%i = phi i31 0, void %entry, i31 %add_ln742, void %.split.i" [/space1/hxh/APB/sha_aes_tcpip/Vitis_with_100Gbps_TCP-IP/kernel/common/include/communication.hpp:742->/space1/hxh/APB/sha_aes_tcpip/Vitis_with_100Gbps_TCP-IP/kernel/common/include/communication.hpp:760]   --->   Operation 12 'phi' 'i' <Predicate = true> <Delay = 0.00>
ST_2 : Operation 13 [1/1] (0.87ns)   --->   "%add_ln742 = add i31 %i, i31 1" [/space1/hxh/APB/sha_aes_tcpip/Vitis_with_100Gbps_TCP-IP/kernel/common/include/communication.hpp:742->/space1/hxh/APB/sha_aes_tcpip/Vitis_with_100Gbps_TCP-IP/kernel/common/include/communication.hpp:760]   --->   Operation 13 'add' 'add_ln742' <Predicate = true> <Delay = 0.87> <CoreInst = "Adder">   --->   Core 1 'Adder' <Latency = 0> <II = 1> <Delay = 0.87> <FuncUnit> <Opcode : 'add' 'sub'> <InPorts = 2> <OutPorts = 1>
ST_2 : Operation 14 [1/1] (0.00ns)   --->   "%zext_ln742 = zext i31 %i" [/space1/hxh/APB/sha_aes_tcpip/Vitis_with_100Gbps_TCP-IP/kernel/common/include/communication.hpp:742->/space1/hxh/APB/sha_aes_tcpip/Vitis_with_100Gbps_TCP-IP/kernel/common/include/communication.hpp:760]   --->   Operation 14 'zext' 'zext_ln742' <Predicate = true> <Delay = 0.00>
ST_2 : Operation 15 [1/1] (0.85ns)   --->   "%icmp_ln742 = icmp_slt  i32 %zext_ln742, i32 %useConn_read" [/space1/hxh/APB/sha_aes_tcpip/Vitis_with_100Gbps_TCP-IP/kernel/common/include/communication.hpp:742->/space1/hxh/APB/sha_aes_tcpip/Vitis_with_100Gbps_TCP-IP/kernel/common/include/communication.hpp:760]   --->   Operation 15 'icmp' 'icmp_ln742' <Predicate = true> <Delay = 0.85> <CoreInst = "Cmp">   --->   Core 9 'Cmp' <Latency = 0> <II = 1> <Delay = 0.85> <FuncUnit> <Opcode : 'icmp'> <InPorts = 2> <OutPorts = 1>
ST_2 : Operation 16 [1/1] (0.00ns)   --->   "%br_ln742 = br i1 %icmp_ln742, void %._crit_edge.loopexit.i, void %.split.i" [/space1/hxh/APB/sha_aes_tcpip/Vitis_with_100Gbps_TCP-IP/kernel/common/include/communication.hpp:742->/space1/hxh/APB/sha_aes_tcpip/Vitis_with_100Gbps_TCP-IP/kernel/common/include/communication.hpp:760]   --->   Operation 16 'br' 'br_ln742' <Predicate = true> <Delay = 0.00>
ST_2 : Operation 17 [1/1] (0.00ns)   --->   "%specpipeline_ln741 = specpipeline void @_ssdm_op_SpecPipeline, i32 1, i32 0, i32 0, i32 0, void @empty_14" [/space1/hxh/APB/sha_aes_tcpip/Vitis_with_100Gbps_TCP-IP/kernel/common/include/communication.hpp:741->/space1/hxh/APB/sha_aes_tcpip/Vitis_with_100Gbps_TCP-IP/kernel/common/include/communication.hpp:760]   --->   Operation 17 'specpipeline' 'specpipeline_ln741' <Predicate = (icmp_ln742)> <Delay = 0.00>
ST_2 : Operation 18 [1/1] (0.00ns)   --->   "%specloopname_ln741 = specloopname void @_ssdm_op_SpecLoopName, void @empty_26" [/space1/hxh/APB/sha_aes_tcpip/Vitis_with_100Gbps_TCP-IP/kernel/common/include/communication.hpp:741->/space1/hxh/APB/sha_aes_tcpip/Vitis_with_100Gbps_TCP-IP/kernel/common/include/communication.hpp:760]   --->   Operation 18 'specloopname' 'specloopname_ln741' <Predicate = (icmp_ln742)> <Delay = 0.00>
ST_2 : Operation 19 [1/1] (0.00ns)   --->   "%empty = read i11 @_ssdm_op_Read.axis.volatile.i8P0A.i1P0A.i1P0A.i1P0A, i8 %s_axis_tcp_port_status_V_data_V, i1 %s_axis_tcp_port_status_V_keep_V, i1 %s_axis_tcp_port_status_V_strb_V, i1 %s_axis_tcp_port_status_V_last_V"   --->   Operation 19 'read' 'empty' <Predicate = (icmp_ln742)> <Delay = 0.00> <CoreInst = "axis">   --->   Core 123 'axis' <Latency = 0> <II = 1> <Delay = 1.00> <Adapter> <Opcode : >
ST_2 : Operation 20 [1/1] (0.00ns)   --->   "%br_ln0 = br void"   --->   Operation 20 'br' 'br_ln0' <Predicate = (icmp_ln742)> <Delay = 0.00>

State 3 <SV = 2> <Delay = 0.00>
ST_3 : Operation 21 [1/1] (0.00ns)   --->   "%ret_ln760 = ret" [/space1/hxh/APB/sha_aes_tcpip/Vitis_with_100Gbps_TCP-IP/kernel/common/include/communication.hpp:760]   --->   Operation 21 'ret' 'ret_ln760' <Predicate = true> <Delay = 0.00>


============================================================
+ Verbose Summary: Binding
============================================================
STG Binding: 
---------------- STG Properties BEGIN ----------------
- Is combinational: 0
- Is one-state seq: 0
- Is datapath-only: 0
- Is pipelined: 0
- Is top level: 0
Port [ Return ] is wired: 1; IO mode=ap_ctrl_hs:ce=0
Port [ useConn]:  wired=1; compound=1; hidden=0; nouse=0; global=0; static=0; extern=0; dir=0; type=3; pingpong=0; private_global=0; IO mode=ap_fifo:ce=0
Port [ s_axis_tcp_port_status_V_data_V]:  wired=1; compound=1; hidden=0; nouse=0; global=0; static=0; extern=0; dir=0; type=0; pingpong=0; private_global=0; IO mode=axis:ce=0
Port [ s_axis_tcp_port_status_V_keep_V]:  wired=1; compound=1; hidden=0; nouse=0; global=0; static=0; extern=0; dir=0; type=0; pingpong=0; private_global=0; IO mode=axis:ce=0
Port [ s_axis_tcp_port_status_V_strb_V]:  wired=1; compound=1; hidden=0; nouse=0; global=0; static=0; extern=0; dir=0; type=0; pingpong=0; private_global=0; IO mode=axis:ce=0
Port [ s_axis_tcp_port_status_V_last_V]:  wired=1; compound=1; hidden=0; nouse=0; global=0; static=0; extern=0; dir=0; type=0; pingpong=0; private_global=0; IO mode=axis:ce=0
---------------- STG Properties END ------------------

---------------- Datapath Model BEGIN ----------------

<LifeTime>
<method=bitvector/>
specinterface_ln0  (specinterface) [ 0000]
specinterface_ln0  (specinterface) [ 0000]
specinterface_ln0  (specinterface) [ 0000]
specinterface_ln0  (specinterface) [ 0000]
specinterface_ln0  (specinterface) [ 0000]
useConn_read       (read         ) [ 0010]
specinterface_ln0  (specinterface) [ 0000]
br_ln742           (br           ) [ 0110]
i                  (phi          ) [ 0010]
add_ln742          (add          ) [ 0110]
zext_ln742         (zext         ) [ 0000]
icmp_ln742         (icmp         ) [ 0010]
br_ln742           (br           ) [ 0000]
specpipeline_ln741 (specpipeline ) [ 0000]
specloopname_ln741 (specloopname ) [ 0000]
empty              (read         ) [ 0000]
br_ln0             (br           ) [ 0110]
ret_ln760          (ret          ) [ 0000]
</LifeTime>

<model>

<comp_list>
<comp id="0" class="1000" name="useConn">
<pin_list>
<pin id="1" dir="1" index="0" bw="1" slack="0"/>
</pin_list>
<bind>
<StgValue><ssdm name="useConn"/></StgValue>
</bind>
</comp>

<comp id="2" class="1000" name="s_axis_tcp_port_status_V_data_V">
<pin_list>
<pin id="3" dir="1" index="0" bw="1" slack="0"/>
</pin_list>
<bind>
<StgValue><ssdm name="s_axis_tcp_port_status_V_data_V"/></StgValue>
</bind>
</comp>

<comp id="4" class="1000" name="s_axis_tcp_port_status_V_keep_V">
<pin_list>
<pin id="5" dir="1" index="0" bw="1" slack="0"/>
</pin_list>
<bind>
<StgValue><ssdm name="s_axis_tcp_port_status_V_keep_V"/></StgValue>
</bind>
</comp>

<comp id="6" class="1000" name="s_axis_tcp_port_status_V_strb_V">
<pin_list>
<pin id="7" dir="1" index="0" bw="1" slack="0"/>
</pin_list>
<bind>
<StgValue><ssdm name="s_axis_tcp_port_status_V_strb_V"/></StgValue>
</bind>
</comp>

<comp id="8" class="1000" name="s_axis_tcp_port_status_V_last_V">
<pin_list>
<pin id="9" dir="1" index="0" bw="1" slack="0"/>
</pin_list>
<bind>
<StgValue><ssdm name="s_axis_tcp_port_status_V_last_V"/></StgValue>
</bind>
</comp>

<comp id="10" class="1001" name="const_10">
<pin_list>
<pin id="11" dir="1" index="0" bw="1" slack="2147483647"/>
</pin_list>
<bind>
<StgValue><ssdm name="_ssdm_op_SpecInterface"/></StgValue>
</bind>
</comp>

<comp id="12" class="1001" name="const_12">
<pin_list>
<pin id="13" dir="1" index="0" bw="1" slack="2147483647"/>
</pin_list>
<bind>
<StgValue><ssdm name="empty_30"/></StgValue>
</bind>
</comp>

<comp id="14" class="1001" name="const_14">
<pin_list>
<pin id="15" dir="1" index="0" bw="1" slack="2147483647"/>
</pin_list>
<bind>
<StgValue><ssdm name=""/></StgValue>
</bind>
</comp>

<comp id="16" class="1001" name="const_16">
<pin_list>
<pin id="17" dir="1" index="0" bw="1" slack="2147483647"/>
</pin_list>
<bind>
<StgValue><ssdm name="empty_9"/></StgValue>
</bind>
</comp>

<comp id="18" class="1001" name="const_18">
<pin_list>
<pin id="19" dir="1" index="0" bw="1" slack="2147483647"/>
</pin_list>
<bind>
<StgValue><ssdm name="empty_14"/></StgValue>
</bind>
</comp>

<comp id="20" class="1001" name="const_20">
<pin_list>
<pin id="21" dir="1" index="0" bw="1" slack="2147483647"/>
</pin_list>
<bind>
<StgValue><ssdm name="ap_fifo_str"/></StgValue>
</bind>
</comp>

<comp id="22" class="1001" name="const_22">
<pin_list>
<pin id="23" dir="1" index="0" bw="1" slack="2147483647"/>
</pin_list>
<bind>
<StgValue><ssdm name="p_str"/></StgValue>
</bind>
</comp>

<comp id="24" class="1001" name="const_24">
<pin_list>
<pin id="25" dir="1" index="0" bw="1" slack="2147483647"/>
</pin_list>
<bind>
<StgValue><ssdm name=""/></StgValue>
</bind>
</comp>

<comp id="26" class="1001" name="const_26">
<pin_list>
<pin id="27" dir="1" index="0" bw="1" slack="2147483647"/>
</pin_list>
<bind>
<StgValue><ssdm name=""/></StgValue>
</bind>
</comp>

<comp id="28" class="1001" name="const_28">
<pin_list>
<pin id="29" dir="1" index="0" bw="1" slack="2147483647"/>
</pin_list>
<bind>
<StgValue><ssdm name="ScalarProp_str"/></StgValue>
</bind>
</comp>

<comp id="30" class="1001" name="const_30">
<pin_list>
<pin id="31" dir="1" index="0" bw="1" slack="0"/>
</pin_list>
<bind>
<StgValue><ssdm name="_ssdm_op_Read.ap_fifo.i32P0A"/></StgValue>
</bind>
</comp>

<comp id="32" class="1001" name="const_32">
<pin_list>
<pin id="33" dir="1" index="0" bw="1" slack="1"/>
</pin_list>
<bind>
<StgValue><ssdm name=""/></StgValue>
</bind>
</comp>

<comp id="34" class="1001" name="const_34">
<pin_list>
<pin id="35" dir="1" index="0" bw="1" slack="0"/>
</pin_list>
<bind>
<StgValue><ssdm name=""/></StgValue>
</bind>
</comp>

<comp id="36" class="1001" name="const_36">
<pin_list>
<pin id="37" dir="1" index="0" bw="1" slack="2147483647"/>
</pin_list>
<bind>
<StgValue><ssdm name="_ssdm_op_SpecPipeline"/></StgValue>
</bind>
</comp>

<comp id="38" class="1001" name="const_38">
<pin_list>
<pin id="39" dir="1" index="0" bw="1" slack="2147483647"/>
</pin_list>
<bind>
<StgValue><ssdm name=""/></StgValue>
</bind>
</comp>

<comp id="40" class="1001" name="const_40">
<pin_list>
<pin id="41" dir="1" index="0" bw="1" slack="2147483647"/>
</pin_list>
<bind>
<StgValue><ssdm name="_ssdm_op_SpecLoopName"/></StgValue>
</bind>
</comp>

<comp id="42" class="1001" name="const_42">
<pin_list>
<pin id="43" dir="1" index="0" bw="1" slack="2147483647"/>
</pin_list>
<bind>
<StgValue><ssdm name="empty_26"/></StgValue>
</bind>
</comp>

<comp id="44" class="1001" name="const_44">
<pin_list>
<pin id="45" dir="1" index="0" bw="1" slack="0"/>
</pin_list>
<bind>
<StgValue><ssdm name="_ssdm_op_Read.axis.volatile.i8P0A.i1P0A.i1P0A.i1P0A"/></StgValue>
</bind>
</comp>

<comp id="46" class="1004" name="useConn_read_read_fu_46">
<pin_list>
<pin id="47" dir="0" index="0" bw="32" slack="0"/>
<pin id="48" dir="0" index="1" bw="32" slack="0"/>
<pin id="49" dir="1" index="2" bw="32" slack="1"/>
</pin_list>
<bind>
<opcode="read(1150) " fcode="read"/>
<opset="useConn_read/1 "/>
</bind>
</comp>

<comp id="52" class="1004" name="empty_read_fu_52">
<pin_list>
<pin id="53" dir="0" index="0" bw="11" slack="0"/>
<pin id="54" dir="0" index="1" bw="8" slack="0"/>
<pin id="55" dir="0" index="2" bw="1" slack="0"/>
<pin id="56" dir="0" index="3" bw="1" slack="0"/>
<pin id="57" dir="0" index="4" bw="1" slack="0"/>
<pin id="58" dir="1" index="5" bw="11" slack="2147483647"/>
</pin_list>
<bind>
<opcode="read(1150) " fcode="read"/>
<opset="empty/2 "/>
</bind>
</comp>

<comp id="64" class="1005" name="i_reg_64">
<pin_list>
<pin id="65" dir="0" index="0" bw="31" slack="1"/>
<pin id="66" dir="1" index="1" bw="31" slack="1"/>
</pin_list>
<bind>
<opset="i (phireg) "/>
</bind>
</comp>

<comp id="68" class="1004" name="i_phi_fu_68">
<pin_list>
<pin id="69" dir="0" index="0" bw="1" slack="1"/>
<pin id="70" dir="0" index="1" bw="0" slack="2147483647"/>
<pin id="71" dir="0" index="2" bw="31" slack="0"/>
<pin id="72" dir="0" index="3" bw="0" slack="2147483647"/>
<pin id="73" dir="1" index="4" bw="31" slack="0"/>
</pin_list>
<bind>
<opcode="phi(47) " fcode="phi"/>
<opset="i/2 "/>
</bind>
</comp>

<comp id="75" class="1004" name="add_ln742_fu_75">
<pin_list>
<pin id="76" dir="0" index="0" bw="31" slack="0"/>
<pin id="77" dir="0" index="1" bw="1" slack="0"/>
<pin id="78" dir="1" index="2" bw="31" slack="0"/>
</pin_list>
<bind>
<opcode="add(8) " fcode="add"/>
<opset="add_ln742/2 "/>
</bind>
</comp>

<comp id="81" class="1004" name="zext_ln742_fu_81">
<pin_list>
<pin id="82" dir="0" index="0" bw="31" slack="0"/>
<pin id="83" dir="1" index="1" bw="32" slack="0"/>
</pin_list>
<bind>
<opcode="zext(34) " fcode="zext"/>
<opset="zext_ln742/2 "/>
</bind>
</comp>

<comp id="85" class="1004" name="icmp_ln742_fu_85">
<pin_list>
<pin id="86" dir="0" index="0" bw="31" slack="0"/>
<pin id="87" dir="0" index="1" bw="32" slack="1"/>
<pin id="88" dir="1" index="2" bw="1" slack="2147483647"/>
</pin_list>
<bind>
<opcode="icmp(45) " fcode="icmp"/>
<opset="icmp_ln742/2 "/>
</bind>
</comp>

<comp id="90" class="1005" name="useConn_read_reg_90">
<pin_list>
<pin id="91" dir="0" index="0" bw="32" slack="1"/>
<pin id="92" dir="1" index="1" bw="32" slack="1"/>
</pin_list>
<bind>
<opset="useConn_read "/>
</bind>
</comp>

<comp id="95" class="1005" name="add_ln742_reg_95">
<pin_list>
<pin id="96" dir="0" index="0" bw="31" slack="0"/>
<pin id="97" dir="1" index="1" bw="31" slack="0"/>
</pin_list>
<bind>
<opset="add_ln742 "/>
</bind>
</comp>

</comp_list>

<net_list>
<net id="50"><net_src comp="30" pin="0"/><net_sink comp="46" pin=0"/></net>

<net id="51"><net_src comp="0" pin="0"/><net_sink comp="46" pin=1"/></net>

<net id="59"><net_src comp="44" pin="0"/><net_sink comp="52" pin=0"/></net>

<net id="60"><net_src comp="2" pin="0"/><net_sink comp="52" pin=1"/></net>

<net id="61"><net_src comp="4" pin="0"/><net_sink comp="52" pin=2"/></net>

<net id="62"><net_src comp="6" pin="0"/><net_sink comp="52" pin=3"/></net>

<net id="63"><net_src comp="8" pin="0"/><net_sink comp="52" pin=4"/></net>

<net id="67"><net_src comp="32" pin="0"/><net_sink comp="64" pin=0"/></net>

<net id="74"><net_src comp="64" pin="1"/><net_sink comp="68" pin=0"/></net>

<net id="79"><net_src comp="68" pin="4"/><net_sink comp="75" pin=0"/></net>

<net id="80"><net_src comp="34" pin="0"/><net_sink comp="75" pin=1"/></net>

<net id="84"><net_src comp="68" pin="4"/><net_sink comp="81" pin=0"/></net>

<net id="89"><net_src comp="81" pin="1"/><net_sink comp="85" pin=0"/></net>

<net id="93"><net_src comp="46" pin="2"/><net_sink comp="90" pin=0"/></net>

<net id="94"><net_src comp="90" pin="1"/><net_sink comp="85" pin=1"/></net>

<net id="98"><net_src comp="75" pin="2"/><net_sink comp="95" pin=0"/></net>

<net id="99"><net_src comp="95" pin="1"/><net_sink comp="68" pin=2"/></net>

</net_list>

</model> 
---------------- Datapath Model END ------------------

* FSMD analyzer results:
  - Output states:
 - Input state : 
	Port: port_status_handler : useConn | {1 }
	Port: port_status_handler : s_axis_tcp_port_status_V_data_V | {2 }
	Port: port_status_handler : s_axis_tcp_port_status_V_keep_V | {2 }
	Port: port_status_handler : s_axis_tcp_port_status_V_strb_V | {2 }
	Port: port_status_handler : s_axis_tcp_port_status_V_last_V | {2 }
  - Chain level:
	State 1
	State 2
		add_ln742 : 1
		zext_ln742 : 1
		icmp_ln742 : 2
		br_ln742 : 3
	State 3


============================================================
+ Verbose Summary: Datapath Resource usage 
============================================================

* Functional unit list:
|----------|-------------------------|---------|---------|
| Operation|     Functional Unit     |    FF   |   LUT   |
|----------|-------------------------|---------|---------|
|    add   |     add_ln742_fu_75     |    0    |    38   |
|----------|-------------------------|---------|---------|
|   icmp   |     icmp_ln742_fu_85    |    0    |    20   |
|----------|-------------------------|---------|---------|
|   read   | useConn_read_read_fu_46 |    0    |    0    |
|          |     empty_read_fu_52    |    0    |    0    |
|----------|-------------------------|---------|---------|
|   zext   |     zext_ln742_fu_81    |    0    |    0    |
|----------|-------------------------|---------|---------|
|   Total  |                         |    0    |    58   |
|----------|-------------------------|---------|---------|

Memories:
N/A

* Register list:
+-------------------+--------+
|                   |   FF   |
+-------------------+--------+
|  add_ln742_reg_95 |   31   |
|      i_reg_64     |   31   |
|useConn_read_reg_90|   32   |
+-------------------+--------+
|       Total       |   94   |
+-------------------+--------+

* Multiplexer (MUX) list: 
|--------|------|------|------|--------|
|  Comp  |  Pin | Size |  BW  | S x BW |
|--------|------|------|------|--------|
|  Total |      |      |      |    0   |
|--------|------|------|------|--------|



* Summary:
+-----------+--------+--------+
|           |   FF   |   LUT  |
+-----------+--------+--------+
|  Function |    0   |   58   |
|   Memory  |    -   |    -   |
|Multiplexer|    -   |    -   |
|  Register |   94   |    -   |
+-----------+--------+--------+
|   Total   |   94   |   58   |
+-----------+--------+--------+
