

================================================================
== Vitis HLS Report for 'recvData'
================================================================
* Date:           Sun Dec 11 15:17:22 2022

* Version:        2020.2 (Build 3064766 on Wed Nov 18 09:12:47 MST 2020)
* Project:        hls_recv_krnl
* Solution:       solution (Vitis Kernel Flow Target)
* Product family: virtexuplus
* Target device:  xcu250-figd2104-2L-e


================================================================
== Performance Estimates
================================================================
+ Timing: 
    * Summary: 
    +--------+---------+----------+------------+
    |  Clock |  Target | Estimated| Uncertainty|
    +--------+---------+----------+------------+
    |ap_clk  |  5.00 ns|  2.818 ns|     1.35 ns|
    +--------+---------+----------+------------+

+ Latency: 
    * Summary: 
    +---------+---------+----------+----------+-----+-----+----------+
    |  Latency (cycles) |  Latency (absolute) |  Interval | Pipeline |
    |   min   |   max   |    min   |    max   | min | max |   Type   |
    +---------+---------+----------+----------+-----+-----+----------+
    |        ?|        ?|         ?|         ?|    ?|    ?|  dataflow|
    +---------+---------+----------+----------+-----+-----+----------+

    + Detail: 
        * Instance: 
        +-------------------------+----------------------+---------+---------+----------+----------+-----+-----+---------+
        |                         |                      |  Latency (cycles) |  Latency (absolute) |  Interval | Pipeline|
        |         Instance        |        Module        |   min   |   max   |    min   |    max   | min | max |   Type  |
        +-------------------------+----------------------+---------+---------+----------+----------+-----+-----+---------+
        |recvData_handshake_U0    |recvData_handshake    |        ?|        ?|         ?|         ?|    ?|    ?|     none|
        |recvData_consumeData_U0  |recvData_consumeData  |        ?|        ?|         ?|         ?|    ?|    ?|     none|
        +-------------------------+----------------------+---------+---------+----------+----------+-----+-----+---------+

        * Loop: 
        N/A



================================================================
== Utilization Estimates
================================================================
* Summary: 
+---------------------+---------+-------+---------+---------+------+
|         Name        | BRAM_18K|  DSP  |    FF   |   LUT   | URAM |
+---------------------+---------+-------+---------+---------+------+
|DSP                  |        -|      -|        -|        -|     -|
|Expression           |        -|      -|        0|        8|     -|
|FIFO                 |        1|      -|      196|      131|     -|
|Instance             |        -|      -|      334|      442|     -|
|Memory               |        -|      -|        -|        -|     -|
|Multiplexer          |        -|      -|        -|        -|     -|
|Register             |        -|      -|        1|        -|     -|
+---------------------+---------+-------+---------+---------+------+
|Total                |        1|      0|      531|      581|     0|
+---------------------+---------+-------+---------+---------+------+
|Available SLR        |     1344|   3072|   864000|   432000|   320|
+---------------------+---------+-------+---------+---------+------+
|Utilization SLR (%)  |       ~0|      0|       ~0|       ~0|     0|
+---------------------+---------+-------+---------+---------+------+
|Available            |     5376|  12288|  3456000|  1728000|  1280|
+---------------------+---------+-------+---------+---------+------+
|Utilization (%)      |       ~0|      0|       ~0|       ~0|     0|
+---------------------+---------+-------+---------+---------+------+

+ Detail: 
    * Instance: 
    +-------------------------+----------------------+---------+----+-----+-----+-----+
    |         Instance        |        Module        | BRAM_18K| DSP|  FF | LUT | URAM|
    +-------------------------+----------------------+---------+----+-----+-----+-----+
    |recvData_consumeData_U0  |recvData_consumeData  |        0|   0|  150|  210|    0|
    |recvData_handshake_U0    |recvData_handshake    |        0|   0|  184|  232|    0|
    +-------------------------+----------------------+---------+----+-----+-----+-----+
    |Total                    |                      |        0|   0|  334|  442|    0|
    +-------------------------+----------------------+---------+----+-----+-----+-----+

    * DSP: 
    N/A

    * Memory: 
    N/A

    * FIFO: 
    +---------------------------+---------+-----+----+-----+------+-----+---------+
    |            Name           | BRAM_18K|  FF | LUT| URAM| Depth| Bits| Size:D*B|
    +---------------------------+---------+-----+----+-----+------+-----+---------+
    |expRxBytePerSession_c_i_U  |        0|  133|   0|    -|     2|   64|      128|
    |nextRxPacketLength_U       |        1|   63|   0|    -|   512|   16|     8192|
    +---------------------------+---------+-----+----+-----+------+-----+---------+
    |Total                      |        1|  196|   0|    0|   514|   80|     8320|
    +---------------------------+---------+-----+----+-----+------+-----+---------+

    * Expression: 
    +----------------------------------+----------+----+---+----+------------+------------+
    |           Variable Name          | Operation| DSP| FF| LUT| Bitwidth P0| Bitwidth P1|
    +----------------------------------+----------+----+---+----+------------+------------+
    |ap_idle                           |       and|   0|  0|   2|           1|           1|
    |ap_sync_continue                  |       and|   0|  0|   2|           1|           1|
    |ap_sync_done                      |       and|   0|  0|   2|           1|           1|
    |recvData_consumeData_U0_ap_start  |        or|   0|  0|   2|           1|           1|
    +----------------------------------+----------+----+---+----+------------+------------+
    |Total                             |          |   0|  0|   8|           4|           4|
    +----------------------------------+----------+----+---+----+------------+------------+

    * Multiplexer: 
    N/A

    * Register: 
    +----------------------------------------------+---+----+-----+-----------+
    |                     Name                     | FF| LUT| Bits| Const Bits|
    +----------------------------------------------+---+----+-----+-----------+
    |ap_sync_reg_recvData_consumeData_U0_ap_start  |  1|   0|    1|          0|
    +----------------------------------------------+---+----+-----+-----------+
    |Total                                         |  1|   0|    1|          0|
    +----------------------------------------------+---+----+-----+-----------+



================================================================
== Interface
================================================================
* Summary: 
+--------------------------------+-----+-----+------------+----------------------------------+--------------+
|            RTL Ports           | Dir | Bits|  Protocol  |           Source Object          |    C Type    |
+--------------------------------+-----+-----+------------+----------------------------------+--------------+
|expRxBytePerSession_dout        |   in|   64|     ap_fifo|               expRxBytePerSession|       pointer|
|expRxBytePerSession_empty_n     |   in|    1|     ap_fifo|               expRxBytePerSession|       pointer|
|expRxBytePerSession_read        |  out|    1|     ap_fifo|               expRxBytePerSession|       pointer|
|s_axis_tcp_notification_TDATA   |   in|  128|        axis|  s_axis_tcp_notification_V_data_V|       pointer|
|s_axis_tcp_notification_TKEEP   |   in|   16|        axis|  s_axis_tcp_notification_V_keep_V|       pointer|
|s_axis_tcp_notification_TSTRB   |   in|   16|        axis|  s_axis_tcp_notification_V_strb_V|       pointer|
|s_axis_tcp_notification_TLAST   |   in|    1|        axis|  s_axis_tcp_notification_V_last_V|       pointer|
|s_axis_tcp_notification_TVALID  |   in|    1|        axis|  s_axis_tcp_notification_V_last_V|       pointer|
|s_axis_tcp_notification_TREADY  |  out|    1|        axis|  s_axis_tcp_notification_V_last_V|       pointer|
|m_axis_tcp_read_pkg_TDATA       |  out|   32|        axis|      m_axis_tcp_read_pkg_V_data_V|       pointer|
|m_axis_tcp_read_pkg_TKEEP       |  out|    4|        axis|      m_axis_tcp_read_pkg_V_keep_V|       pointer|
|m_axis_tcp_read_pkg_TSTRB       |  out|    4|        axis|      m_axis_tcp_read_pkg_V_strb_V|       pointer|
|m_axis_tcp_read_pkg_TLAST       |  out|    1|        axis|      m_axis_tcp_read_pkg_V_last_V|       pointer|
|m_axis_tcp_read_pkg_TVALID      |  out|    1|        axis|      m_axis_tcp_read_pkg_V_last_V|       pointer|
|m_axis_tcp_read_pkg_TREADY      |   in|    1|        axis|      m_axis_tcp_read_pkg_V_last_V|       pointer|
|s_axis_tcp_rx_meta_TDATA        |   in|   16|        axis|       s_axis_tcp_rx_meta_V_data_V|       pointer|
|s_axis_tcp_rx_meta_TKEEP        |   in|    2|        axis|       s_axis_tcp_rx_meta_V_keep_V|       pointer|
|s_axis_tcp_rx_meta_TSTRB        |   in|    2|        axis|       s_axis_tcp_rx_meta_V_strb_V|       pointer|
|s_axis_tcp_rx_meta_TLAST        |   in|    1|        axis|       s_axis_tcp_rx_meta_V_last_V|       pointer|
|s_axis_tcp_rx_meta_TVALID       |   in|    1|        axis|       s_axis_tcp_rx_meta_V_last_V|       pointer|
|s_axis_tcp_rx_meta_TREADY       |  out|    1|        axis|       s_axis_tcp_rx_meta_V_last_V|       pointer|
|s_axis_tcp_rx_data_TDATA        |   in|  512|        axis|       s_axis_tcp_rx_data_V_data_V|       pointer|
|s_axis_tcp_rx_data_TKEEP        |   in|   64|        axis|       s_axis_tcp_rx_data_V_keep_V|       pointer|
|s_axis_tcp_rx_data_TSTRB        |   in|   64|        axis|       s_axis_tcp_rx_data_V_strb_V|       pointer|
|s_axis_tcp_rx_data_TLAST        |   in|    1|        axis|       s_axis_tcp_rx_data_V_last_V|       pointer|
|s_axis_tcp_rx_data_TVALID       |   in|    1|        axis|       s_axis_tcp_rx_data_V_last_V|       pointer|
|s_axis_tcp_rx_data_TREADY       |  out|    1|        axis|       s_axis_tcp_rx_data_V_last_V|       pointer|
|s_data_net_out_din              |  out|  512|     ap_fifo|                    s_data_net_out|       pointer|
|s_data_net_out_full_n           |   in|    1|     ap_fifo|                    s_data_net_out|       pointer|
|s_data_net_out_write            |  out|    1|     ap_fifo|                    s_data_net_out|       pointer|
|ap_clk                          |   in|    1|  ap_ctrl_hs|                          recvData|  return value|
|ap_rst                          |   in|    1|  ap_ctrl_hs|                          recvData|  return value|
|ap_start                        |   in|    1|  ap_ctrl_hs|                          recvData|  return value|
|ap_done                         |  out|    1|  ap_ctrl_hs|                          recvData|  return value|
|ap_ready                        |  out|    1|  ap_ctrl_hs|                          recvData|  return value|
|ap_idle                         |  out|    1|  ap_ctrl_hs|                          recvData|  return value|
|ap_continue                     |   in|    1|  ap_ctrl_hs|                          recvData|  return value|
+--------------------------------+-----+-----+------------+----------------------------------+--------------+

============================================================
+ Verbose Summary: Synthesis Manager
============================================================
InlineROM: 1
ExposeGlobal: 0
============================================================
+ Verbose Summary: CDFG Model
============================================================
IsTopModel: 0
ResetActiveHigh: 1
IsCombinational: 2
IsDatapathOnly: 0
HasWiredReturn: 1
HasMFsm: 0
HasVarLatency: 1
IsPipeline: 0
IsRtlPipelined: 0
IsInstanceOverlapped: 0
IsDontTouch: 0
HasImplIP: 0
IsGatedGlobalClock: 0


============================================================
+ Verbose Summary: Schedule
============================================================
* Number of FSM states : 5
* Pipeline : 0
* Dataflow Pipeline: 1
  DF-Pipeline-0: Size = 5, States = { 1 2 3 4 5 }

* FSM state transitions: 
1 --> 2 
2 --> 3 
3 --> 4 
4 --> 5 
5 --> 

* FSM state operations: 

State 1 <SV = 0> <Delay = 0.00>
ST_1 : Operation 6 [1/1] (0.00ns)   --->   "%expRxBytePerSession_c_i = alloca i64 1" [/space1/hxh/APB/sha_aes_tcpip/Vitis_with_100Gbps_TCP-IP/kernel/common/include/communication.hpp:1331]   --->   Operation 6 'alloca' 'expRxBytePerSession_c_i' <Predicate = true> <Delay = 0.00> <CoreInst = "FIFO_SRL">   --->   Core 81 'FIFO_SRL' <Latency = 0> <II = 1> <Delay = 1.40> <Storage> <Opcode : 'read' 'write' 'nbread' 'nbwrite'> <Ports = 0> <Width = 64> <Depth = 2> <FIFO>
ST_1 : Operation 7 [1/1] (0.00ns)   --->   "%nextRxPacketLength = alloca i64 1" [/space1/hxh/APB/sha_aes_tcpip/Vitis_with_100Gbps_TCP-IP/kernel/common/include/communication.hpp:1323]   --->   Operation 7 'alloca' 'nextRxPacketLength' <Predicate = true> <Delay = 0.00> <CoreInst = "FIFO">   --->   Core 78 'FIFO' <Latency = 0> <II = 1> <Delay = 1.23> <Storage> <Opcode : 'read' 'write' 'nbread' 'nbwrite'> <Ports = 0> <Width = 16> <Depth = 512> <FIFO>

State 2 <SV = 1> <Delay = 2.59>
ST_2 : Operation 8 [2/2] (2.59ns)   --->   "%call_ln1326 = call void @recvData_handshake, i16 %nextRxPacketLength, i64 %expRxBytePerSession, i128 %s_axis_tcp_notification_V_data_V, i16 %s_axis_tcp_notification_V_keep_V, i16 %s_axis_tcp_notification_V_strb_V, i1 %s_axis_tcp_notification_V_last_V, i32 %m_axis_tcp_read_pkg_V_data_V, i4 %m_axis_tcp_read_pkg_V_keep_V, i4 %m_axis_tcp_read_pkg_V_strb_V, i1 %m_axis_tcp_read_pkg_V_last_V, i64 %expRxBytePerSession_c_i" [/space1/hxh/APB/sha_aes_tcpip/Vitis_with_100Gbps_TCP-IP/kernel/common/include/communication.hpp:1326]   --->   Operation 8 'call' 'call_ln1326' <Predicate = true> <Delay = 2.59> <CoreType = "Generic">   --->   Core 0 '' <Latency = 0> <II = 1> <Delay = 1.00> <Generic> <Opcode : >

State 3 <SV = 2> <Delay = 0.00>
ST_3 : Operation 9 [1/2] (0.00ns)   --->   "%call_ln1326 = call void @recvData_handshake, i16 %nextRxPacketLength, i64 %expRxBytePerSession, i128 %s_axis_tcp_notification_V_data_V, i16 %s_axis_tcp_notification_V_keep_V, i16 %s_axis_tcp_notification_V_strb_V, i1 %s_axis_tcp_notification_V_last_V, i32 %m_axis_tcp_read_pkg_V_data_V, i4 %m_axis_tcp_read_pkg_V_keep_V, i4 %m_axis_tcp_read_pkg_V_strb_V, i1 %m_axis_tcp_read_pkg_V_last_V, i64 %expRxBytePerSession_c_i" [/space1/hxh/APB/sha_aes_tcpip/Vitis_with_100Gbps_TCP-IP/kernel/common/include/communication.hpp:1326]   --->   Operation 9 'call' 'call_ln1326' <Predicate = true> <Delay = 0.00> <CoreType = "Generic">   --->   Core 0 '' <Latency = 0> <II = 1> <Delay = 1.00> <Generic> <Opcode : >

State 4 <SV = 3> <Delay = 1.41>
ST_4 : Operation 10 [2/2] (1.41ns)   --->   "%call_ln1331 = call void @recvData_consumeData, i16 %nextRxPacketLength, i64 %expRxBytePerSession_c_i, i16 %s_axis_tcp_rx_meta_V_data_V, i2 %s_axis_tcp_rx_meta_V_keep_V, i2 %s_axis_tcp_rx_meta_V_strb_V, i1 %s_axis_tcp_rx_meta_V_last_V, i512 %s_axis_tcp_rx_data_V_data_V, i64 %s_axis_tcp_rx_data_V_keep_V, i64 %s_axis_tcp_rx_data_V_strb_V, i1 %s_axis_tcp_rx_data_V_last_V, i512 %s_data_net_out" [/space1/hxh/APB/sha_aes_tcpip/Vitis_with_100Gbps_TCP-IP/kernel/common/include/communication.hpp:1331]   --->   Operation 10 'call' 'call_ln1331' <Predicate = true> <Delay = 1.41> <CoreType = "Generic">   --->   Core 0 '' <Latency = 0> <II = 1> <Delay = 1.00> <Generic> <Opcode : >

State 5 <SV = 4> <Delay = 0.00>
ST_5 : Operation 11 [1/1] (0.00ns)   --->   "%specinterface_ln0 = specinterface void @_ssdm_op_SpecInterface, i1 %s_axis_tcp_notification_V_last_V, i16 %s_axis_tcp_notification_V_strb_V, i16 %s_axis_tcp_notification_V_keep_V, i128 %s_axis_tcp_notification_V_data_V, void @empty_30, i32 1, i32 1, void @empty_9, i32 0, i32 0, void @empty_14, void @empty_14, void @empty_14, i32 0, i32 0, i32 0, i32 0, void @empty_14, void @empty_14"   --->   Operation 11 'specinterface' 'specinterface_ln0' <Predicate = true> <Delay = 0.00>
ST_5 : Operation 12 [1/1] (0.00ns)   --->   "%specinterface_ln0 = specinterface void @_ssdm_op_SpecInterface, i1 %s_axis_tcp_notification_V_last_V, i16 %s_axis_tcp_notification_V_strb_V, i16 %s_axis_tcp_notification_V_keep_V, i128 %s_axis_tcp_notification_V_data_V, void @empty_30, i32 1, i32 1, void @empty_9, i32 0, i32 0, void @empty_14, void @empty_14, void @empty_14, i32 0, i32 0, i32 0, i32 0, void @empty_14, void @empty_14"   --->   Operation 12 'specinterface' 'specinterface_ln0' <Predicate = true> <Delay = 0.00>
ST_5 : Operation 13 [1/1] (0.00ns)   --->   "%specinterface_ln0 = specinterface void @_ssdm_op_SpecInterface, i1 %s_axis_tcp_notification_V_last_V, i16 %s_axis_tcp_notification_V_strb_V, i16 %s_axis_tcp_notification_V_keep_V, i128 %s_axis_tcp_notification_V_data_V, void @empty_30, i32 1, i32 1, void @empty_9, i32 0, i32 0, void @empty_14, void @empty_14, void @empty_14, i32 0, i32 0, i32 0, i32 0, void @empty_14, void @empty_14"   --->   Operation 13 'specinterface' 'specinterface_ln0' <Predicate = true> <Delay = 0.00>
ST_5 : Operation 14 [1/1] (0.00ns)   --->   "%specinterface_ln0 = specinterface void @_ssdm_op_SpecInterface, i1 %s_axis_tcp_notification_V_last_V, i16 %s_axis_tcp_notification_V_strb_V, i16 %s_axis_tcp_notification_V_keep_V, i128 %s_axis_tcp_notification_V_data_V, void @empty_30, i32 1, i32 1, void @empty_9, i32 0, i32 0, void @empty_14, void @empty_14, void @empty_14, i32 0, i32 0, i32 0, i32 0, void @empty_14, void @empty_14"   --->   Operation 14 'specinterface' 'specinterface_ln0' <Predicate = true> <Delay = 0.00>
ST_5 : Operation 15 [1/1] (0.00ns)   --->   "%specinterface_ln0 = specinterface void @_ssdm_op_SpecInterface, i1 %m_axis_tcp_read_pkg_V_last_V, i4 %m_axis_tcp_read_pkg_V_strb_V, i4 %m_axis_tcp_read_pkg_V_keep_V, i32 %m_axis_tcp_read_pkg_V_data_V, void @empty_30, i32 1, i32 1, void @empty_9, i32 0, i32 0, void @empty_14, void @empty_14, void @empty_14, i32 0, i32 0, i32 0, i32 0, void @empty_14, void @empty_14"   --->   Operation 15 'specinterface' 'specinterface_ln0' <Predicate = true> <Delay = 0.00>
ST_5 : Operation 16 [1/1] (0.00ns)   --->   "%specinterface_ln0 = specinterface void @_ssdm_op_SpecInterface, i1 %m_axis_tcp_read_pkg_V_last_V, i4 %m_axis_tcp_read_pkg_V_strb_V, i4 %m_axis_tcp_read_pkg_V_keep_V, i32 %m_axis_tcp_read_pkg_V_data_V, void @empty_30, i32 1, i32 1, void @empty_9, i32 0, i32 0, void @empty_14, void @empty_14, void @empty_14, i32 0, i32 0, i32 0, i32 0, void @empty_14, void @empty_14"   --->   Operation 16 'specinterface' 'specinterface_ln0' <Predicate = true> <Delay = 0.00>
ST_5 : Operation 17 [1/1] (0.00ns)   --->   "%specinterface_ln0 = specinterface void @_ssdm_op_SpecInterface, i1 %m_axis_tcp_read_pkg_V_last_V, i4 %m_axis_tcp_read_pkg_V_strb_V, i4 %m_axis_tcp_read_pkg_V_keep_V, i32 %m_axis_tcp_read_pkg_V_data_V, void @empty_30, i32 1, i32 1, void @empty_9, i32 0, i32 0, void @empty_14, void @empty_14, void @empty_14, i32 0, i32 0, i32 0, i32 0, void @empty_14, void @empty_14"   --->   Operation 17 'specinterface' 'specinterface_ln0' <Predicate = true> <Delay = 0.00>
ST_5 : Operation 18 [1/1] (0.00ns)   --->   "%specinterface_ln0 = specinterface void @_ssdm_op_SpecInterface, i1 %m_axis_tcp_read_pkg_V_last_V, i4 %m_axis_tcp_read_pkg_V_strb_V, i4 %m_axis_tcp_read_pkg_V_keep_V, i32 %m_axis_tcp_read_pkg_V_data_V, void @empty_30, i32 1, i32 1, void @empty_9, i32 0, i32 0, void @empty_14, void @empty_14, void @empty_14, i32 0, i32 0, i32 0, i32 0, void @empty_14, void @empty_14"   --->   Operation 18 'specinterface' 'specinterface_ln0' <Predicate = true> <Delay = 0.00>
ST_5 : Operation 19 [1/1] (0.00ns)   --->   "%specinterface_ln0 = specinterface void @_ssdm_op_SpecInterface, i1 %s_axis_tcp_rx_meta_V_last_V, i2 %s_axis_tcp_rx_meta_V_strb_V, i2 %s_axis_tcp_rx_meta_V_keep_V, i16 %s_axis_tcp_rx_meta_V_data_V, void @empty_30, i32 1, i32 1, void @empty_9, i32 0, i32 0, void @empty_14, void @empty_14, void @empty_14, i32 0, i32 0, i32 0, i32 0, void @empty_14, void @empty_14"   --->   Operation 19 'specinterface' 'specinterface_ln0' <Predicate = true> <Delay = 0.00>
ST_5 : Operation 20 [1/1] (0.00ns)   --->   "%specinterface_ln0 = specinterface void @_ssdm_op_SpecInterface, i1 %s_axis_tcp_rx_meta_V_last_V, i2 %s_axis_tcp_rx_meta_V_strb_V, i2 %s_axis_tcp_rx_meta_V_keep_V, i16 %s_axis_tcp_rx_meta_V_data_V, void @empty_30, i32 1, i32 1, void @empty_9, i32 0, i32 0, void @empty_14, void @empty_14, void @empty_14, i32 0, i32 0, i32 0, i32 0, void @empty_14, void @empty_14"   --->   Operation 20 'specinterface' 'specinterface_ln0' <Predicate = true> <Delay = 0.00>
ST_5 : Operation 21 [1/1] (0.00ns)   --->   "%specinterface_ln0 = specinterface void @_ssdm_op_SpecInterface, i1 %s_axis_tcp_rx_meta_V_last_V, i2 %s_axis_tcp_rx_meta_V_strb_V, i2 %s_axis_tcp_rx_meta_V_keep_V, i16 %s_axis_tcp_rx_meta_V_data_V, void @empty_30, i32 1, i32 1, void @empty_9, i32 0, i32 0, void @empty_14, void @empty_14, void @empty_14, i32 0, i32 0, i32 0, i32 0, void @empty_14, void @empty_14"   --->   Operation 21 'specinterface' 'specinterface_ln0' <Predicate = true> <Delay = 0.00>
ST_5 : Operation 22 [1/1] (0.00ns)   --->   "%specinterface_ln0 = specinterface void @_ssdm_op_SpecInterface, i1 %s_axis_tcp_rx_meta_V_last_V, i2 %s_axis_tcp_rx_meta_V_strb_V, i2 %s_axis_tcp_rx_meta_V_keep_V, i16 %s_axis_tcp_rx_meta_V_data_V, void @empty_30, i32 1, i32 1, void @empty_9, i32 0, i32 0, void @empty_14, void @empty_14, void @empty_14, i32 0, i32 0, i32 0, i32 0, void @empty_14, void @empty_14"   --->   Operation 22 'specinterface' 'specinterface_ln0' <Predicate = true> <Delay = 0.00>
ST_5 : Operation 23 [1/1] (0.00ns)   --->   "%specinterface_ln0 = specinterface void @_ssdm_op_SpecInterface, i1 %s_axis_tcp_rx_data_V_last_V, i64 %s_axis_tcp_rx_data_V_strb_V, i64 %s_axis_tcp_rx_data_V_keep_V, i512 %s_axis_tcp_rx_data_V_data_V, void @empty_30, i32 1, i32 1, void @empty_9, i32 0, i32 0, void @empty_14, void @empty_14, void @empty_14, i32 0, i32 0, i32 0, i32 0, void @empty_14, void @empty_14"   --->   Operation 23 'specinterface' 'specinterface_ln0' <Predicate = true> <Delay = 0.00>
ST_5 : Operation 24 [1/1] (0.00ns)   --->   "%specinterface_ln0 = specinterface void @_ssdm_op_SpecInterface, i1 %s_axis_tcp_rx_data_V_last_V, i64 %s_axis_tcp_rx_data_V_strb_V, i64 %s_axis_tcp_rx_data_V_keep_V, i512 %s_axis_tcp_rx_data_V_data_V, void @empty_30, i32 1, i32 1, void @empty_9, i32 0, i32 0, void @empty_14, void @empty_14, void @empty_14, i32 0, i32 0, i32 0, i32 0, void @empty_14, void @empty_14"   --->   Operation 24 'specinterface' 'specinterface_ln0' <Predicate = true> <Delay = 0.00>
ST_5 : Operation 25 [1/1] (0.00ns)   --->   "%specinterface_ln0 = specinterface void @_ssdm_op_SpecInterface, i1 %s_axis_tcp_rx_data_V_last_V, i64 %s_axis_tcp_rx_data_V_strb_V, i64 %s_axis_tcp_rx_data_V_keep_V, i512 %s_axis_tcp_rx_data_V_data_V, void @empty_30, i32 1, i32 1, void @empty_9, i32 0, i32 0, void @empty_14, void @empty_14, void @empty_14, i32 0, i32 0, i32 0, i32 0, void @empty_14, void @empty_14"   --->   Operation 25 'specinterface' 'specinterface_ln0' <Predicate = true> <Delay = 0.00>
ST_5 : Operation 26 [1/1] (0.00ns)   --->   "%specinterface_ln0 = specinterface void @_ssdm_op_SpecInterface, i1 %s_axis_tcp_rx_data_V_last_V, i64 %s_axis_tcp_rx_data_V_strb_V, i64 %s_axis_tcp_rx_data_V_keep_V, i512 %s_axis_tcp_rx_data_V_data_V, void @empty_30, i32 1, i32 1, void @empty_9, i32 0, i32 0, void @empty_14, void @empty_14, void @empty_14, i32 0, i32 0, i32 0, i32 0, void @empty_14, void @empty_14"   --->   Operation 26 'specinterface' 'specinterface_ln0' <Predicate = true> <Delay = 0.00>
ST_5 : Operation 27 [1/1] (0.00ns)   --->   "%specinterface_ln0 = specinterface void @_ssdm_op_SpecInterface, i512 %s_data_net_out, void @empty_19, i32 0, i32 0, void @empty_14, i32 0, i32 0, void @empty_14, void @empty_14, void @empty_14, i32 0, i32 0, i32 0, i32 0, void @empty_14, void @empty_14"   --->   Operation 27 'specinterface' 'specinterface_ln0' <Predicate = true> <Delay = 0.00>
ST_5 : Operation 28 [1/1] (0.00ns)   --->   "%specinterface_ln0 = specinterface void @_ssdm_op_SpecInterface, i512 %s_data_net_out, void @empty_19, i32 0, i32 0, void @empty_14, i32 0, i32 0, void @empty_14, void @empty_14, void @empty_14, i32 0, i32 0, i32 0, i32 0, void @empty_14, void @empty_14"   --->   Operation 28 'specinterface' 'specinterface_ln0' <Predicate = true> <Delay = 0.00>
ST_5 : Operation 29 [1/1] (0.00ns)   --->   "%specinterface_ln0 = specinterface void @_ssdm_op_SpecInterface, i512 %s_data_net_out, void @empty_19, i32 0, i32 0, void @empty_14, i32 0, i32 0, void @empty_14, void @empty_14, void @empty_14, i32 0, i32 0, i32 0, i32 0, void @empty_14, void @empty_14"   --->   Operation 29 'specinterface' 'specinterface_ln0' <Predicate = true> <Delay = 0.00>
ST_5 : Operation 30 [1/1] (0.00ns)   --->   "%specinterface_ln0 = specinterface void @_ssdm_op_SpecInterface, i64 %expRxBytePerSession, void @ap_fifo_str, i32 0, i32 0, void @p_str, i32 0, i32 0, void @p_str, void @p_str, void @p_str, i32 2, i32 2, i32 16, i32 16, void @p_str, void @ScalarProp_str"   --->   Operation 30 'specinterface' 'specinterface_ln0' <Predicate = true> <Delay = 0.00>
ST_5 : Operation 31 [1/1] (0.00ns)   --->   "%specinterface_ln0 = specinterface void @_ssdm_op_SpecInterface, i512 %s_data_net_out, void @empty_19, i32 0, i32 0, void @empty_14, i32 0, i32 0, void @empty_14, void @empty_14, void @empty_14, i32 0, i32 0, i32 0, i32 0, void @empty_14, void @empty_14"   --->   Operation 31 'specinterface' 'specinterface_ln0' <Predicate = true> <Delay = 0.00>
ST_5 : Operation 32 [1/1] (0.00ns)   --->   "%specinterface_ln0 = specinterface void @_ssdm_op_SpecInterface, i512 %s_data_net_out, void @empty_19, i32 0, i32 0, void @empty_14, i32 0, i32 0, void @empty_14, void @empty_14, void @empty_14, i32 0, i32 0, i32 0, i32 0, void @empty_14, void @empty_14"   --->   Operation 32 'specinterface' 'specinterface_ln0' <Predicate = true> <Delay = 0.00>
ST_5 : Operation 33 [1/1] (0.00ns)   --->   "%specinterface_ln0 = specinterface void @_ssdm_op_SpecInterface, i512 %s_data_net_out, void @empty_19, i32 0, i32 0, void @empty_14, i32 0, i32 0, void @empty_14, void @empty_14, void @empty_14, i32 0, i32 0, i32 0, i32 0, void @empty_14, void @empty_14"   --->   Operation 33 'specinterface' 'specinterface_ln0' <Predicate = true> <Delay = 0.00>
ST_5 : Operation 34 [1/1] (0.00ns)   --->   "%specdataflowpipeline_ln0 = specdataflowpipeline void @_ssdm_op_SpecDataflowPipeline, i32 4294967295, i32 1, void @empty_14"   --->   Operation 34 'specdataflowpipeline' 'specdataflowpipeline_ln0' <Predicate = true> <Delay = 0.00>
ST_5 : Operation 35 [1/1] (0.00ns)   --->   "%specinterface_ln0 = specinterface void @_ssdm_op_SpecInterface, i1 %s_axis_tcp_rx_data_V_last_V, i64 %s_axis_tcp_rx_data_V_strb_V, i64 %s_axis_tcp_rx_data_V_keep_V, i512 %s_axis_tcp_rx_data_V_data_V, void @empty_30, i32 1, i32 1, void @empty_9, i32 0, i32 0, void @empty_14, void @empty_14, void @empty_14, i32 0, i32 0, i32 0, i32 0, void @empty_14, void @empty_14"   --->   Operation 35 'specinterface' 'specinterface_ln0' <Predicate = true> <Delay = 0.00>
ST_5 : Operation 36 [1/1] (0.00ns)   --->   "%specinterface_ln0 = specinterface void @_ssdm_op_SpecInterface, i1 %s_axis_tcp_rx_meta_V_last_V, i2 %s_axis_tcp_rx_meta_V_strb_V, i2 %s_axis_tcp_rx_meta_V_keep_V, i16 %s_axis_tcp_rx_meta_V_data_V, void @empty_30, i32 1, i32 1, void @empty_9, i32 0, i32 0, void @empty_14, void @empty_14, void @empty_14, i32 0, i32 0, i32 0, i32 0, void @empty_14, void @empty_14"   --->   Operation 36 'specinterface' 'specinterface_ln0' <Predicate = true> <Delay = 0.00>
ST_5 : Operation 37 [1/1] (0.00ns)   --->   "%specinterface_ln0 = specinterface void @_ssdm_op_SpecInterface, i1 %m_axis_tcp_read_pkg_V_last_V, i4 %m_axis_tcp_read_pkg_V_strb_V, i4 %m_axis_tcp_read_pkg_V_keep_V, i32 %m_axis_tcp_read_pkg_V_data_V, void @empty_30, i32 1, i32 1, void @empty_9, i32 0, i32 0, void @empty_14, void @empty_14, void @empty_14, i32 0, i32 0, i32 0, i32 0, void @empty_14, void @empty_14"   --->   Operation 37 'specinterface' 'specinterface_ln0' <Predicate = true> <Delay = 0.00>
ST_5 : Operation 38 [1/1] (0.00ns)   --->   "%specinterface_ln0 = specinterface void @_ssdm_op_SpecInterface, i1 %s_axis_tcp_notification_V_last_V, i16 %s_axis_tcp_notification_V_strb_V, i16 %s_axis_tcp_notification_V_keep_V, i128 %s_axis_tcp_notification_V_data_V, void @empty_30, i32 1, i32 1, void @empty_9, i32 0, i32 0, void @empty_14, void @empty_14, void @empty_14, i32 0, i32 0, i32 0, i32 0, void @empty_14, void @empty_14"   --->   Operation 38 'specinterface' 'specinterface_ln0' <Predicate = true> <Delay = 0.00>
ST_5 : Operation 39 [1/1] (0.00ns)   --->   "%empty = specchannel i32 @_ssdm_op_SpecChannel, void @nextRxPacketLength_str, i32 1, void @p_str, void @p_str, i32 512, i32 512, i16 %nextRxPacketLength, i16 %nextRxPacketLength"   --->   Operation 39 'specchannel' 'empty' <Predicate = true> <Delay = 0.00>
ST_5 : Operation 40 [1/1] (0.00ns)   --->   "%specinterface_ln0 = specinterface void @_ssdm_op_SpecInterface, i16 %nextRxPacketLength, void @empty_19, i32 0, i32 0, void @empty_14, i32 0, i32 0, void @empty_14, void @empty_14, void @empty_14, i32 0, i32 0, i32 0, i32 0, void @empty_14, void @empty_14"   --->   Operation 40 'specinterface' 'specinterface_ln0' <Predicate = true> <Delay = 0.00>
ST_5 : Operation 41 [1/1] (0.00ns)   --->   "%empty_69 = specchannel i32 @_ssdm_op_SpecChannel, void @expRxBytePerSession_c_str, i32 1, void @p_str, void @p_str, i32 2, i32 0, i64 %expRxBytePerSession_c_i, i64 %expRxBytePerSession_c_i" [/space1/hxh/APB/sha_aes_tcpip/Vitis_with_100Gbps_TCP-IP/kernel/common/include/communication.hpp:1331]   --->   Operation 41 'specchannel' 'empty_69' <Predicate = true> <Delay = 0.00>
ST_5 : Operation 42 [1/1] (0.00ns)   --->   "%specinterface_ln1331 = specinterface void @_ssdm_op_SpecInterface, i64 %expRxBytePerSession_c_i, void @ap_fifo_str, i32 0, i32 0, void @p_str, i32 0, i32 0, void @p_str, void @p_str, void @p_str, i32 2, i32 2, i32 16, i32 16, void @p_str, void @p_str" [/space1/hxh/APB/sha_aes_tcpip/Vitis_with_100Gbps_TCP-IP/kernel/common/include/communication.hpp:1331]   --->   Operation 42 'specinterface' 'specinterface_ln1331' <Predicate = true> <Delay = 0.00>
ST_5 : Operation 43 [1/2] (0.00ns)   --->   "%call_ln1331 = call void @recvData_consumeData, i16 %nextRxPacketLength, i64 %expRxBytePerSession_c_i, i16 %s_axis_tcp_rx_meta_V_data_V, i2 %s_axis_tcp_rx_meta_V_keep_V, i2 %s_axis_tcp_rx_meta_V_strb_V, i1 %s_axis_tcp_rx_meta_V_last_V, i512 %s_axis_tcp_rx_data_V_data_V, i64 %s_axis_tcp_rx_data_V_keep_V, i64 %s_axis_tcp_rx_data_V_strb_V, i1 %s_axis_tcp_rx_data_V_last_V, i512 %s_data_net_out" [/space1/hxh/APB/sha_aes_tcpip/Vitis_with_100Gbps_TCP-IP/kernel/common/include/communication.hpp:1331]   --->   Operation 43 'call' 'call_ln1331' <Predicate = true> <Delay = 0.00> <CoreType = "Generic">   --->   Core 0 '' <Latency = 0> <II = 1> <Delay = 1.00> <Generic> <Opcode : >
ST_5 : Operation 44 [1/1] (0.00ns)   --->   "%ret_ln0 = ret"   --->   Operation 44 'ret' 'ret_ln0' <Predicate = true> <Delay = 0.00>


============================================================
+ Verbose Summary: Binding
============================================================
STG Binding: 
---------------- STG Properties BEGIN ----------------
- Is combinational: 0
- Is one-state seq: 0
- Is datapath-only: 0
- Is pipelined: 0
- Is top level: 0
Port [ Return ] is wired: 1; IO mode=ap_ctrl_hs:ce=0
Port [ expRxBytePerSession]:  wired=1; compound=1; hidden=0; nouse=0; global=0; static=0; extern=0; dir=0; type=3; pingpong=0; private_global=0; IO mode=ap_fifo:ce=0
Port [ s_axis_tcp_notification_V_data_V]:  wired=1; compound=1; hidden=0; nouse=0; global=0; static=0; extern=0; dir=0; type=0; pingpong=0; private_global=0; IO mode=axis:ce=0
Port [ s_axis_tcp_notification_V_keep_V]:  wired=1; compound=1; hidden=0; nouse=0; global=0; static=0; extern=0; dir=0; type=0; pingpong=0; private_global=0; IO mode=axis:ce=0
Port [ s_axis_tcp_notification_V_strb_V]:  wired=1; compound=1; hidden=0; nouse=0; global=0; static=0; extern=0; dir=0; type=0; pingpong=0; private_global=0; IO mode=axis:ce=0
Port [ s_axis_tcp_notification_V_last_V]:  wired=1; compound=1; hidden=0; nouse=0; global=0; static=0; extern=0; dir=0; type=0; pingpong=0; private_global=0; IO mode=axis:ce=0
Port [ m_axis_tcp_read_pkg_V_data_V]:  wired=1; compound=1; hidden=0; nouse=0; global=0; static=0; extern=0; dir=1; type=0; pingpong=0; private_global=0; IO mode=axis:ce=0
Port [ m_axis_tcp_read_pkg_V_keep_V]:  wired=1; compound=1; hidden=0; nouse=0; global=0; static=0; extern=0; dir=1; type=0; pingpong=0; private_global=0; IO mode=axis:ce=0
Port [ m_axis_tcp_read_pkg_V_strb_V]:  wired=1; compound=1; hidden=0; nouse=0; global=0; static=0; extern=0; dir=1; type=0; pingpong=0; private_global=0; IO mode=axis:ce=0
Port [ m_axis_tcp_read_pkg_V_last_V]:  wired=1; compound=1; hidden=0; nouse=0; global=0; static=0; extern=0; dir=1; type=0; pingpong=0; private_global=0; IO mode=axis:ce=0
Port [ s_axis_tcp_rx_meta_V_data_V]:  wired=1; compound=1; hidden=0; nouse=0; global=0; static=0; extern=0; dir=0; type=0; pingpong=0; private_global=0; IO mode=axis:ce=0
Port [ s_axis_tcp_rx_meta_V_keep_V]:  wired=1; compound=1; hidden=0; nouse=0; global=0; static=0; extern=0; dir=0; type=0; pingpong=0; private_global=0; IO mode=axis:ce=0
Port [ s_axis_tcp_rx_meta_V_strb_V]:  wired=1; compound=1; hidden=0; nouse=0; global=0; static=0; extern=0; dir=0; type=0; pingpong=0; private_global=0; IO mode=axis:ce=0
Port [ s_axis_tcp_rx_meta_V_last_V]:  wired=1; compound=1; hidden=0; nouse=0; global=0; static=0; extern=0; dir=0; type=0; pingpong=0; private_global=0; IO mode=axis:ce=0
Port [ s_axis_tcp_rx_data_V_data_V]:  wired=1; compound=1; hidden=0; nouse=0; global=0; static=0; extern=0; dir=0; type=0; pingpong=0; private_global=0; IO mode=axis:ce=0
Port [ s_axis_tcp_rx_data_V_keep_V]:  wired=1; compound=1; hidden=0; nouse=0; global=0; static=0; extern=0; dir=0; type=0; pingpong=0; private_global=0; IO mode=axis:ce=0
Port [ s_axis_tcp_rx_data_V_strb_V]:  wired=1; compound=1; hidden=0; nouse=0; global=0; static=0; extern=0; dir=0; type=0; pingpong=0; private_global=0; IO mode=axis:ce=0
Port [ s_axis_tcp_rx_data_V_last_V]:  wired=1; compound=1; hidden=0; nouse=0; global=0; static=0; extern=0; dir=0; type=0; pingpong=0; private_global=0; IO mode=axis:ce=0
Port [ s_data_net_out]:  wired=1; compound=1; hidden=0; nouse=0; global=1; static=1; extern=0; dir=1; type=3; pingpong=0; private_global=0; IO mode=ap_fifo:ce=0
---------------- STG Properties END ------------------

---------------- Datapath Model BEGIN ----------------

<LifeTime>
<method=bitvector/>
expRxBytePerSession_c_i  (alloca              ) [ 001111]
nextRxPacketLength       (alloca              ) [ 001111]
call_ln1326              (call                ) [ 000000]
specinterface_ln0        (specinterface       ) [ 000000]
specinterface_ln0        (specinterface       ) [ 000000]
specinterface_ln0        (specinterface       ) [ 000000]
specinterface_ln0        (specinterface       ) [ 000000]
specinterface_ln0        (specinterface       ) [ 000000]
specinterface_ln0        (specinterface       ) [ 000000]
specinterface_ln0        (specinterface       ) [ 000000]
specinterface_ln0        (specinterface       ) [ 000000]
specinterface_ln0        (specinterface       ) [ 000000]
specinterface_ln0        (specinterface       ) [ 000000]
specinterface_ln0        (specinterface       ) [ 000000]
specinterface_ln0        (specinterface       ) [ 000000]
specinterface_ln0        (specinterface       ) [ 000000]
specinterface_ln0        (specinterface       ) [ 000000]
specinterface_ln0        (specinterface       ) [ 000000]
specinterface_ln0        (specinterface       ) [ 000000]
specinterface_ln0        (specinterface       ) [ 000000]
specinterface_ln0        (specinterface       ) [ 000000]
specinterface_ln0        (specinterface       ) [ 000000]
specinterface_ln0        (specinterface       ) [ 000000]
specinterface_ln0        (specinterface       ) [ 000000]
specinterface_ln0        (specinterface       ) [ 000000]
specinterface_ln0        (specinterface       ) [ 000000]
specdataflowpipeline_ln0 (specdataflowpipeline) [ 000000]
specinterface_ln0        (specinterface       ) [ 000000]
specinterface_ln0        (specinterface       ) [ 000000]
specinterface_ln0        (specinterface       ) [ 000000]
specinterface_ln0        (specinterface       ) [ 000000]
empty                    (specchannel         ) [ 000000]
specinterface_ln0        (specinterface       ) [ 000000]
empty_69                 (specchannel         ) [ 000000]
specinterface_ln1331     (specinterface       ) [ 000000]
call_ln1331              (call                ) [ 000000]
ret_ln0                  (ret                 ) [ 000000]
</LifeTime>

<model>

<comp_list>
<comp id="0" class="1000" name="expRxBytePerSession">
<pin_list>
<pin id="1" dir="1" index="0" bw="1" slack="0"/>
</pin_list>
<bind>
<StgValue><ssdm name="expRxBytePerSession"/></StgValue>
</bind>
</comp>

<comp id="2" class="1000" name="s_axis_tcp_notification_V_data_V">
<pin_list>
<pin id="3" dir="1" index="0" bw="1" slack="0"/>
</pin_list>
<bind>
<StgValue><ssdm name="s_axis_tcp_notification_V_data_V"/></StgValue>
</bind>
</comp>

<comp id="4" class="1000" name="s_axis_tcp_notification_V_keep_V">
<pin_list>
<pin id="5" dir="1" index="0" bw="1" slack="0"/>
</pin_list>
<bind>
<StgValue><ssdm name="s_axis_tcp_notification_V_keep_V"/></StgValue>
</bind>
</comp>

<comp id="6" class="1000" name="s_axis_tcp_notification_V_strb_V">
<pin_list>
<pin id="7" dir="1" index="0" bw="1" slack="0"/>
</pin_list>
<bind>
<StgValue><ssdm name="s_axis_tcp_notification_V_strb_V"/></StgValue>
</bind>
</comp>

<comp id="8" class="1000" name="s_axis_tcp_notification_V_last_V">
<pin_list>
<pin id="9" dir="1" index="0" bw="1" slack="0"/>
</pin_list>
<bind>
<StgValue><ssdm name="s_axis_tcp_notification_V_last_V"/></StgValue>
</bind>
</comp>

<comp id="10" class="1000" name="m_axis_tcp_read_pkg_V_data_V">
<pin_list>
<pin id="11" dir="1" index="0" bw="1" slack="0"/>
</pin_list>
<bind>
<StgValue><ssdm name="m_axis_tcp_read_pkg_V_data_V"/></StgValue>
</bind>
</comp>

<comp id="12" class="1000" name="m_axis_tcp_read_pkg_V_keep_V">
<pin_list>
<pin id="13" dir="1" index="0" bw="1" slack="0"/>
</pin_list>
<bind>
<StgValue><ssdm name="m_axis_tcp_read_pkg_V_keep_V"/></StgValue>
</bind>
</comp>

<comp id="14" class="1000" name="m_axis_tcp_read_pkg_V_strb_V">
<pin_list>
<pin id="15" dir="1" index="0" bw="1" slack="0"/>
</pin_list>
<bind>
<StgValue><ssdm name="m_axis_tcp_read_pkg_V_strb_V"/></StgValue>
</bind>
</comp>

<comp id="16" class="1000" name="m_axis_tcp_read_pkg_V_last_V">
<pin_list>
<pin id="17" dir="1" index="0" bw="1" slack="0"/>
</pin_list>
<bind>
<StgValue><ssdm name="m_axis_tcp_read_pkg_V_last_V"/></StgValue>
</bind>
</comp>

<comp id="18" class="1000" name="s_axis_tcp_rx_meta_V_data_V">
<pin_list>
<pin id="19" dir="1" index="0" bw="1" slack="0"/>
</pin_list>
<bind>
<StgValue><ssdm name="s_axis_tcp_rx_meta_V_data_V"/></StgValue>
</bind>
</comp>

<comp id="20" class="1000" name="s_axis_tcp_rx_meta_V_keep_V">
<pin_list>
<pin id="21" dir="1" index="0" bw="1" slack="0"/>
</pin_list>
<bind>
<StgValue><ssdm name="s_axis_tcp_rx_meta_V_keep_V"/></StgValue>
</bind>
</comp>

<comp id="22" class="1000" name="s_axis_tcp_rx_meta_V_strb_V">
<pin_list>
<pin id="23" dir="1" index="0" bw="1" slack="0"/>
</pin_list>
<bind>
<StgValue><ssdm name="s_axis_tcp_rx_meta_V_strb_V"/></StgValue>
</bind>
</comp>

<comp id="24" class="1000" name="s_axis_tcp_rx_meta_V_last_V">
<pin_list>
<pin id="25" dir="1" index="0" bw="1" slack="0"/>
</pin_list>
<bind>
<StgValue><ssdm name="s_axis_tcp_rx_meta_V_last_V"/></StgValue>
</bind>
</comp>

<comp id="26" class="1000" name="s_axis_tcp_rx_data_V_data_V">
<pin_list>
<pin id="27" dir="1" index="0" bw="1" slack="0"/>
</pin_list>
<bind>
<StgValue><ssdm name="s_axis_tcp_rx_data_V_data_V"/></StgValue>
</bind>
</comp>

<comp id="28" class="1000" name="s_axis_tcp_rx_data_V_keep_V">
<pin_list>
<pin id="29" dir="1" index="0" bw="1" slack="0"/>
</pin_list>
<bind>
<StgValue><ssdm name="s_axis_tcp_rx_data_V_keep_V"/></StgValue>
</bind>
</comp>

<comp id="30" class="1000" name="s_axis_tcp_rx_data_V_strb_V">
<pin_list>
<pin id="31" dir="1" index="0" bw="1" slack="0"/>
</pin_list>
<bind>
<StgValue><ssdm name="s_axis_tcp_rx_data_V_strb_V"/></StgValue>
</bind>
</comp>

<comp id="32" class="1000" name="s_axis_tcp_rx_data_V_last_V">
<pin_list>
<pin id="33" dir="1" index="0" bw="1" slack="0"/>
</pin_list>
<bind>
<StgValue><ssdm name="s_axis_tcp_rx_data_V_last_V"/></StgValue>
</bind>
</comp>

<comp id="34" class="1000" name="s_data_net_out">
<pin_list>
<pin id="35" dir="1" index="0" bw="1" slack="0"/>
</pin_list>
<bind>
<StgValue><ssdm name="s_data_net_out"/></StgValue>
</bind>
</comp>

<comp id="36" class="1001" name="const_36">
<pin_list>
<pin id="37" dir="1" index="0" bw="1" slack="0"/>
</pin_list>
<bind>
<StgValue><ssdm name=""/></StgValue>
</bind>
</comp>

<comp id="38" class="1001" name="const_38">
<pin_list>
<pin id="39" dir="1" index="0" bw="1" slack="0"/>
</pin_list>
<bind>
<StgValue><ssdm name="recvData_handshake"/></StgValue>
</bind>
</comp>

<comp id="40" class="1001" name="const_40">
<pin_list>
<pin id="41" dir="1" index="0" bw="1" slack="0"/>
</pin_list>
<bind>
<StgValue><ssdm name="recvData_consumeData"/></StgValue>
</bind>
</comp>

<comp id="42" class="1001" name="const_42">
<pin_list>
<pin id="43" dir="1" index="0" bw="1" slack="2147483647"/>
</pin_list>
<bind>
<StgValue><ssdm name="_ssdm_op_SpecInterface"/></StgValue>
</bind>
</comp>

<comp id="44" class="1001" name="const_44">
<pin_list>
<pin id="45" dir="1" index="0" bw="1" slack="2147483647"/>
</pin_list>
<bind>
<StgValue><ssdm name="empty_30"/></StgValue>
</bind>
</comp>

<comp id="46" class="1001" name="const_46">
<pin_list>
<pin id="47" dir="1" index="0" bw="1" slack="2147483647"/>
</pin_list>
<bind>
<StgValue><ssdm name=""/></StgValue>
</bind>
</comp>

<comp id="48" class="1001" name="const_48">
<pin_list>
<pin id="49" dir="1" index="0" bw="1" slack="2147483647"/>
</pin_list>
<bind>
<StgValue><ssdm name="empty_9"/></StgValue>
</bind>
</comp>

<comp id="50" class="1001" name="const_50">
<pin_list>
<pin id="51" dir="1" index="0" bw="1" slack="2147483647"/>
</pin_list>
<bind>
<StgValue><ssdm name=""/></StgValue>
</bind>
</comp>

<comp id="52" class="1001" name="const_52">
<pin_list>
<pin id="53" dir="1" index="0" bw="1" slack="2147483647"/>
</pin_list>
<bind>
<StgValue><ssdm name="empty_14"/></StgValue>
</bind>
</comp>

<comp id="54" class="1001" name="const_54">
<pin_list>
<pin id="55" dir="1" index="0" bw="1" slack="2147483647"/>
</pin_list>
<bind>
<StgValue><ssdm name="empty_19"/></StgValue>
</bind>
</comp>

<comp id="56" class="1001" name="const_56">
<pin_list>
<pin id="57" dir="1" index="0" bw="1" slack="2147483647"/>
</pin_list>
<bind>
<StgValue><ssdm name="ap_fifo_str"/></StgValue>
</bind>
</comp>

<comp id="58" class="1001" name="const_58">
<pin_list>
<pin id="59" dir="1" index="0" bw="1" slack="2147483647"/>
</pin_list>
<bind>
<StgValue><ssdm name="p_str"/></StgValue>
</bind>
</comp>

<comp id="60" class="1001" name="const_60">
<pin_list>
<pin id="61" dir="1" index="0" bw="1" slack="2147483647"/>
</pin_list>
<bind>
<StgValue><ssdm name=""/></StgValue>
</bind>
</comp>

<comp id="62" class="1001" name="const_62">
<pin_list>
<pin id="63" dir="1" index="0" bw="1" slack="2147483647"/>
</pin_list>
<bind>
<StgValue><ssdm name=""/></StgValue>
</bind>
</comp>

<comp id="64" class="1001" name="const_64">
<pin_list>
<pin id="65" dir="1" index="0" bw="1" slack="2147483647"/>
</pin_list>
<bind>
<StgValue><ssdm name="ScalarProp_str"/></StgValue>
</bind>
</comp>

<comp id="66" class="1001" name="const_66">
<pin_list>
<pin id="67" dir="1" index="0" bw="1" slack="2147483647"/>
</pin_list>
<bind>
<StgValue><ssdm name="_ssdm_op_SpecDataflowPipeline"/></StgValue>
</bind>
</comp>

<comp id="68" class="1001" name="const_68">
<pin_list>
<pin id="69" dir="1" index="0" bw="1" slack="2147483647"/>
</pin_list>
<bind>
<StgValue><ssdm name=""/></StgValue>
</bind>
</comp>

<comp id="70" class="1001" name="const_70">
<pin_list>
<pin id="71" dir="1" index="0" bw="1" slack="2147483647"/>
</pin_list>
<bind>
<StgValue><ssdm name="_ssdm_op_SpecChannel"/></StgValue>
</bind>
</comp>

<comp id="72" class="1001" name="const_72">
<pin_list>
<pin id="73" dir="1" index="0" bw="1" slack="2147483647"/>
</pin_list>
<bind>
<StgValue><ssdm name="nextRxPacketLength_str"/></StgValue>
</bind>
</comp>

<comp id="74" class="1001" name="const_74">
<pin_list>
<pin id="75" dir="1" index="0" bw="1" slack="2147483647"/>
</pin_list>
<bind>
<StgValue><ssdm name=""/></StgValue>
</bind>
</comp>

<comp id="76" class="1001" name="const_76">
<pin_list>
<pin id="77" dir="1" index="0" bw="1" slack="2147483647"/>
</pin_list>
<bind>
<StgValue><ssdm name="expRxBytePerSession_c_str"/></StgValue>
</bind>
</comp>

<comp id="78" class="1004" name="expRxBytePerSession_c_i_fu_78">
<pin_list>
<pin id="79" dir="0" index="0" bw="1" slack="0"/>
<pin id="80" dir="1" index="1" bw="64" slack="1"/>
</pin_list>
<bind>
<opcode="alloca(26) " fcode="alloca"/>
<opset="expRxBytePerSession_c_i/1 "/>
</bind>
</comp>

<comp id="82" class="1004" name="nextRxPacketLength_fu_82">
<pin_list>
<pin id="83" dir="0" index="0" bw="1" slack="0"/>
<pin id="84" dir="1" index="1" bw="16" slack="1"/>
</pin_list>
<bind>
<opcode="alloca(26) " fcode="alloca"/>
<opset="nextRxPacketLength/1 "/>
</bind>
</comp>

<comp id="86" class="1004" name="grp_recvData_handshake_fu_86">
<pin_list>
<pin id="87" dir="0" index="0" bw="0" slack="0"/>
<pin id="88" dir="0" index="1" bw="16" slack="1"/>
<pin id="89" dir="0" index="2" bw="64" slack="0"/>
<pin id="90" dir="0" index="3" bw="128" slack="0"/>
<pin id="91" dir="0" index="4" bw="16" slack="0"/>
<pin id="92" dir="0" index="5" bw="16" slack="0"/>
<pin id="93" dir="0" index="6" bw="1" slack="0"/>
<pin id="94" dir="0" index="7" bw="32" slack="0"/>
<pin id="95" dir="0" index="8" bw="4" slack="0"/>
<pin id="96" dir="0" index="9" bw="4" slack="0"/>
<pin id="97" dir="0" index="10" bw="1" slack="0"/>
<pin id="98" dir="0" index="11" bw="64" slack="1"/>
<pin id="99" dir="1" index="12" bw="0" slack="2147483647"/>
</pin_list>
<bind>
<opcode="call(48) " fcode="call"/>
<opset="call_ln1326/2 "/>
</bind>
</comp>

<comp id="110" class="1004" name="grp_recvData_consumeData_fu_110">
<pin_list>
<pin id="111" dir="0" index="0" bw="0" slack="0"/>
<pin id="112" dir="0" index="1" bw="16" slack="3"/>
<pin id="113" dir="0" index="2" bw="64" slack="3"/>
<pin id="114" dir="0" index="3" bw="16" slack="0"/>
<pin id="115" dir="0" index="4" bw="2" slack="0"/>
<pin id="116" dir="0" index="5" bw="2" slack="0"/>
<pin id="117" dir="0" index="6" bw="1" slack="0"/>
<pin id="118" dir="0" index="7" bw="512" slack="0"/>
<pin id="119" dir="0" index="8" bw="64" slack="0"/>
<pin id="120" dir="0" index="9" bw="64" slack="0"/>
<pin id="121" dir="0" index="10" bw="1" slack="0"/>
<pin id="122" dir="0" index="11" bw="512" slack="0"/>
<pin id="123" dir="1" index="12" bw="0" slack="2147483647"/>
</pin_list>
<bind>
<opcode="call(48) " fcode="call"/>
<opset="call_ln1331/4 "/>
</bind>
</comp>

<comp id="134" class="1005" name="expRxBytePerSession_c_i_reg_134">
<pin_list>
<pin id="135" dir="0" index="0" bw="64" slack="1"/>
<pin id="136" dir="1" index="1" bw="64" slack="1"/>
</pin_list>
<bind>
<opset="expRxBytePerSession_c_i "/>
</bind>
</comp>

<comp id="140" class="1005" name="nextRxPacketLength_reg_140">
<pin_list>
<pin id="141" dir="0" index="0" bw="16" slack="1"/>
<pin id="142" dir="1" index="1" bw="16" slack="1"/>
</pin_list>
<bind>
<opset="nextRxPacketLength "/>
</bind>
</comp>

</comp_list>

<net_list>
<net id="81"><net_src comp="36" pin="0"/><net_sink comp="78" pin=0"/></net>

<net id="85"><net_src comp="36" pin="0"/><net_sink comp="82" pin=0"/></net>

<net id="100"><net_src comp="38" pin="0"/><net_sink comp="86" pin=0"/></net>

<net id="101"><net_src comp="0" pin="0"/><net_sink comp="86" pin=2"/></net>

<net id="102"><net_src comp="2" pin="0"/><net_sink comp="86" pin=3"/></net>

<net id="103"><net_src comp="4" pin="0"/><net_sink comp="86" pin=4"/></net>

<net id="104"><net_src comp="6" pin="0"/><net_sink comp="86" pin=5"/></net>

<net id="105"><net_src comp="8" pin="0"/><net_sink comp="86" pin=6"/></net>

<net id="106"><net_src comp="10" pin="0"/><net_sink comp="86" pin=7"/></net>

<net id="107"><net_src comp="12" pin="0"/><net_sink comp="86" pin=8"/></net>

<net id="108"><net_src comp="14" pin="0"/><net_sink comp="86" pin=9"/></net>

<net id="109"><net_src comp="16" pin="0"/><net_sink comp="86" pin=10"/></net>

<net id="124"><net_src comp="40" pin="0"/><net_sink comp="110" pin=0"/></net>

<net id="125"><net_src comp="18" pin="0"/><net_sink comp="110" pin=3"/></net>

<net id="126"><net_src comp="20" pin="0"/><net_sink comp="110" pin=4"/></net>

<net id="127"><net_src comp="22" pin="0"/><net_sink comp="110" pin=5"/></net>

<net id="128"><net_src comp="24" pin="0"/><net_sink comp="110" pin=6"/></net>

<net id="129"><net_src comp="26" pin="0"/><net_sink comp="110" pin=7"/></net>

<net id="130"><net_src comp="28" pin="0"/><net_sink comp="110" pin=8"/></net>

<net id="131"><net_src comp="30" pin="0"/><net_sink comp="110" pin=9"/></net>

<net id="132"><net_src comp="32" pin="0"/><net_sink comp="110" pin=10"/></net>

<net id="133"><net_src comp="34" pin="0"/><net_sink comp="110" pin=11"/></net>

<net id="137"><net_src comp="78" pin="1"/><net_sink comp="134" pin=0"/></net>

<net id="138"><net_src comp="134" pin="1"/><net_sink comp="86" pin=11"/></net>

<net id="139"><net_src comp="134" pin="1"/><net_sink comp="110" pin=2"/></net>

<net id="143"><net_src comp="82" pin="1"/><net_sink comp="140" pin=0"/></net>

<net id="144"><net_src comp="140" pin="1"/><net_sink comp="86" pin=1"/></net>

<net id="145"><net_src comp="140" pin="1"/><net_sink comp="110" pin=1"/></net>

</net_list>

</model> 
---------------- Datapath Model END ------------------

* FSMD analyzer results:
  - Output states:
	Port: s_axis_tcp_notification_V_data_V | {}
	Port: s_axis_tcp_notification_V_keep_V | {}
	Port: s_axis_tcp_notification_V_strb_V | {}
	Port: s_axis_tcp_notification_V_last_V | {}
	Port: m_axis_tcp_read_pkg_V_data_V | {2 3 }
	Port: m_axis_tcp_read_pkg_V_keep_V | {2 3 }
	Port: m_axis_tcp_read_pkg_V_strb_V | {2 3 }
	Port: m_axis_tcp_read_pkg_V_last_V | {2 3 }
	Port: s_axis_tcp_rx_meta_V_data_V | {}
	Port: s_axis_tcp_rx_meta_V_keep_V | {}
	Port: s_axis_tcp_rx_meta_V_strb_V | {}
	Port: s_axis_tcp_rx_meta_V_last_V | {}
	Port: s_axis_tcp_rx_data_V_data_V | {}
	Port: s_axis_tcp_rx_data_V_keep_V | {}
	Port: s_axis_tcp_rx_data_V_strb_V | {}
	Port: s_axis_tcp_rx_data_V_last_V | {}
	Port: s_data_net_out | {4 5 }
 - Input state : 
	Port: recvData : expRxBytePerSession | {2 3 }
	Port: recvData : s_axis_tcp_notification_V_data_V | {2 3 }
	Port: recvData : s_axis_tcp_notification_V_keep_V | {2 3 }
	Port: recvData : s_axis_tcp_notification_V_strb_V | {2 3 }
	Port: recvData : s_axis_tcp_notification_V_last_V | {2 3 }
	Port: recvData : m_axis_tcp_read_pkg_V_data_V | {}
	Port: recvData : m_axis_tcp_read_pkg_V_keep_V | {}
	Port: recvData : m_axis_tcp_read_pkg_V_strb_V | {}
	Port: recvData : m_axis_tcp_read_pkg_V_last_V | {}
	Port: recvData : s_axis_tcp_rx_meta_V_data_V | {4 5 }
	Port: recvData : s_axis_tcp_rx_meta_V_keep_V | {4 5 }
	Port: recvData : s_axis_tcp_rx_meta_V_strb_V | {4 5 }
	Port: recvData : s_axis_tcp_rx_meta_V_last_V | {4 5 }
	Port: recvData : s_axis_tcp_rx_data_V_data_V | {4 5 }
	Port: recvData : s_axis_tcp_rx_data_V_keep_V | {4 5 }
	Port: recvData : s_axis_tcp_rx_data_V_strb_V | {4 5 }
	Port: recvData : s_axis_tcp_rx_data_V_last_V | {4 5 }
	Port: recvData : s_data_net_out | {}
  - Chain level:
	State 1
	State 2
	State 3
	State 4
	State 5


============================================================
+ Verbose Summary: Datapath Resource usage 
============================================================

* Functional unit list:
|----------|---------------------------------|---------|---------|
| Operation|         Functional Unit         |    FF   |   LUT   |
|----------|---------------------------------|---------|---------|
|   call   |   grp_recvData_handshake_fu_86  |   179   |   113   |
|          | grp_recvData_consumeData_fu_110 |   145   |   102   |
|----------|---------------------------------|---------|---------|
|   Total  |                                 |   324   |   215   |
|----------|---------------------------------|---------|---------|

Memories:
N/A

* Register list:
+-------------------------------+--------+
|                               |   FF   |
+-------------------------------+--------+
|expRxBytePerSession_c_i_reg_134|   64   |
|   nextRxPacketLength_reg_140  |   16   |
+-------------------------------+--------+
|             Total             |   80   |
+-------------------------------+--------+

* Multiplexer (MUX) list: 
|--------|------|------|------|--------|
|  Comp  |  Pin | Size |  BW  | S x BW |
|--------|------|------|------|--------|
|  Total |      |      |      |    0   |
|--------|------|------|------|--------|



* Summary:
+-----------+--------+--------+
|           |   FF   |   LUT  |
+-----------+--------+--------+
|  Function |   324  |   215  |
|   Memory  |    -   |    -   |
|Multiplexer|    -   |    -   |
|  Register |   80   |    -   |
+-----------+--------+--------+
|   Total   |   404  |   215  |
+-----------+--------+--------+
