

================================================================
== Vitis HLS Report for 'recvData_handshake'
================================================================
* Date:           Sun Dec 11 15:17:22 2022

* Version:        2020.2 (Build 3064766 on Wed Nov 18 09:12:47 MST 2020)
* Project:        hls_recv_krnl
* Solution:       solution (Vitis Kernel Flow Target)
* Product family: virtexuplus
* Target device:  xcu250-figd2104-2L-e


================================================================
== Performance Estimates
================================================================
+ Timing: 
    * Summary: 
    +--------+---------+----------+------------+
    |  Clock |  Target | Estimated| Uncertainty|
    +--------+---------+----------+------------+
    |ap_clk  |  5.00 ns|  2.818 ns|     1.35 ns|
    +--------+---------+----------+------------+

+ Latency: 
    * Summary: 
    +---------+---------+----------+----------+-----+-----+---------+
    |  Latency (cycles) |  Latency (absolute) |  Interval | Pipeline|
    |   min   |   max   |    min   |    max   | min | max |   Type  |
    +---------+---------+----------+----------+-----+-----+---------+
    |        ?|        ?|         ?|         ?|    ?|    ?|     none|
    +---------+---------+----------+----------+-----+-----+---------+

    + Detail: 
        * Instance: 
        N/A

        * Loop: 
        +---------------------+---------+---------+----------+-----------+-----------+------+----------+
        |                     |  Latency (cycles) | Iteration|  Initiation Interval  | Trip |          |
        |      Loop Name      |   min   |   max   |  Latency |  achieved |   target  | Count| Pipelined|
        +---------------------+---------+---------+----------+-----------+-----------+------+----------+
        |- VITIS_LOOP_1218_1  |        ?|        ?|         2|          1|          1|     ?|       yes|
        +---------------------+---------+---------+----------+-----------+-----------+------+----------+



================================================================
== Utilization Estimates
================================================================
* Summary: 
+---------------------+---------+-------+---------+---------+------+
|         Name        | BRAM_18K|  DSP  |    FF   |   LUT   | URAM |
+---------------------+---------+-------+---------+---------+------+
|DSP                  |        -|      -|        -|        -|     -|
|Expression           |        -|      -|        0|      131|     -|
|FIFO                 |        -|      -|        -|        -|     -|
|Instance             |        -|      -|        -|        -|     -|
|Memory               |        -|      -|        -|        -|     -|
|Multiplexer          |        -|      -|        -|      101|     -|
|Register             |        -|      -|      184|        -|     -|
+---------------------+---------+-------+---------+---------+------+
|Total                |        0|      0|      184|      232|     0|
+---------------------+---------+-------+---------+---------+------+
|Available SLR        |     1344|   3072|   864000|   432000|   320|
+---------------------+---------+-------+---------+---------+------+
|Utilization SLR (%)  |        0|      0|       ~0|       ~0|     0|
+---------------------+---------+-------+---------+---------+------+
|Available            |     5376|  12288|  3456000|  1728000|  1280|
+---------------------+---------+-------+---------+---------+------+
|Utilization (%)      |        0|      0|       ~0|       ~0|     0|
+---------------------+---------+-------+---------+---------+------+

+ Detail: 
    * Instance: 
    N/A

    * DSP: 
    N/A

    * Memory: 
    N/A

    * FIFO: 
    N/A

    * Expression: 
    +----------------------------------+----------+----+---+----+------------+------------+
    |           Variable Name          | Operation| DSP| FF| LUT| Bitwidth P0| Bitwidth P1|
    +----------------------------------+----------+----+---+----+------------+------------+
    |rxByteCnt_V_1_fu_184_p2           |         +|   0|  0|  71|          64|          64|
    |ap_block_state2_pp0_stage0_iter0  |       and|   0|  0|   2|           1|           1|
    |ap_block_state3_io                |       and|   0|  0|   2|           1|           1|
    |ap_predicate_op84_write_state3    |       and|   0|  0|   2|           1|           1|
    |tmp_nbreadreq_fu_96_p6            |       and|   0|  0|   2|           1|           0|
    |icmp_ln874_fu_167_p2              |      icmp|   0|  0|  13|          16|           1|
    |icmp_ln878_fu_198_p2              |      icmp|   0|  0|  29|          64|          64|
    |ap_block_pp0_stage0_01001         |        or|   0|  0|   2|           1|           1|
    |ap_block_pp0_stage0_11001         |        or|   0|  0|   2|           1|           1|
    |ap_block_state1                   |        or|   0|  0|   2|           1|           1|
    |ap_block_state3_pp0_stage0_iter1  |        or|   0|  0|   2|           1|           1|
    |ap_enable_pp0                     |       xor|   0|  0|   2|           1|           2|
    +----------------------------------+----------+----+---+----+------------+------------+
    |Total                             |          |   0|  0| 131|         153|         138|
    +----------------------------------+----------+----+---+----+------------+------------+

    * Multiplexer: 
    +-------------------------------------+----+-----------+-----+-----------+
    |                 Name                | LUT| Input Size| Bits| Total Bits|
    +-------------------------------------+----+-----------+-----+-----------+
    |ap_NS_fsm                            |  20|          4|    1|          4|
    |ap_done                              |   9|          2|    1|          2|
    |ap_enable_reg_pp0_iter1              |   9|          2|    1|          2|
    |ap_sig_allocacmp_rxByteCnt_V_2       |   9|          2|   64|        128|
    |expRxBytePerSession_blk_n            |   9|          2|    1|          2|
    |expRxBytePerSession_out_blk_n        |   9|          2|    1|          2|
    |m_axis_tcp_read_pkg_TDATA_blk_n      |   9|          2|    1|          2|
    |nextRxPacketLength3_blk_n            |   9|          2|    1|          2|
    |rxByteCnt_V_fu_78                    |   9|          2|   64|        128|
    |s_axis_tcp_notification_TDATA_blk_n  |   9|          2|    1|          2|
    +-------------------------------------+----+-----------+-----+-----------+
    |Total                                | 101|         22|  136|        274|
    +-------------------------------------+----+-----------+-----+-----------+

    * Register: 
    +----------------------------------+----+----+-----+-----------+
    |               Name               | FF | LUT| Bits| Const Bits|
    +----------------------------------+----+----+-----+-----------+
    |ap_CS_fsm                         |   3|   0|    3|          0|
    |ap_done_reg                       |   1|   0|    1|          0|
    |ap_enable_reg_pp0_iter0           |   1|   0|    1|          0|
    |ap_enable_reg_pp0_iter1           |   1|   0|    1|          0|
    |expRxBytePerSession_read_reg_211  |  64|   0|   64|          0|
    |icmp_ln874_reg_225                |   1|   0|    1|          0|
    |length_V_reg_220                  |  16|   0|   16|          0|
    |p_Result_s_reg_229                |  32|   0|   32|          0|
    |rxByteCnt_V_fu_78                 |  64|   0|   64|          0|
    |tmp_reg_216                       |   1|   0|    1|          0|
    +----------------------------------+----+----+-----+-----------+
    |Total                             | 184|   0|  184|          0|
    +----------------------------------+----+----+-----+-----------+



================================================================
== Interface
================================================================
* Summary: 
+--------------------------------+-----+-----+------------+----------------------------------+--------------+
|            RTL Ports           | Dir | Bits|  Protocol  |           Source Object          |    C Type    |
+--------------------------------+-----+-----+------------+----------------------------------+--------------+
|ap_clk                          |   in|    1|  ap_ctrl_hs|                recvData_handshake|  return value|
|ap_rst                          |   in|    1|  ap_ctrl_hs|                recvData_handshake|  return value|
|ap_start                        |   in|    1|  ap_ctrl_hs|                recvData_handshake|  return value|
|ap_done                         |  out|    1|  ap_ctrl_hs|                recvData_handshake|  return value|
|ap_continue                     |   in|    1|  ap_ctrl_hs|                recvData_handshake|  return value|
|ap_idle                         |  out|    1|  ap_ctrl_hs|                recvData_handshake|  return value|
|ap_ready                        |  out|    1|  ap_ctrl_hs|                recvData_handshake|  return value|
|nextRxPacketLength3_din         |  out|   16|     ap_fifo|               nextRxPacketLength3|       pointer|
|nextRxPacketLength3_full_n      |   in|    1|     ap_fifo|               nextRxPacketLength3|       pointer|
|nextRxPacketLength3_write       |  out|    1|     ap_fifo|               nextRxPacketLength3|       pointer|
|expRxBytePerSession_dout        |   in|   64|     ap_fifo|               expRxBytePerSession|       pointer|
|expRxBytePerSession_empty_n     |   in|    1|     ap_fifo|               expRxBytePerSession|       pointer|
|expRxBytePerSession_read        |  out|    1|     ap_fifo|               expRxBytePerSession|       pointer|
|s_axis_tcp_notification_TDATA   |   in|  128|        axis|  s_axis_tcp_notification_V_data_V|       pointer|
|s_axis_tcp_notification_TVALID  |   in|    1|        axis|  s_axis_tcp_notification_V_data_V|       pointer|
|s_axis_tcp_notification_TREADY  |  out|    1|        axis|  s_axis_tcp_notification_V_last_V|       pointer|
|s_axis_tcp_notification_TLAST   |   in|    1|        axis|  s_axis_tcp_notification_V_last_V|       pointer|
|s_axis_tcp_notification_TKEEP   |   in|   16|        axis|  s_axis_tcp_notification_V_keep_V|       pointer|
|s_axis_tcp_notification_TSTRB   |   in|   16|        axis|  s_axis_tcp_notification_V_strb_V|       pointer|
|m_axis_tcp_read_pkg_TDATA       |  out|   32|        axis|      m_axis_tcp_read_pkg_V_data_V|       pointer|
|m_axis_tcp_read_pkg_TREADY      |   in|    1|        axis|      m_axis_tcp_read_pkg_V_data_V|       pointer|
|m_axis_tcp_read_pkg_TVALID      |  out|    1|        axis|      m_axis_tcp_read_pkg_V_last_V|       pointer|
|m_axis_tcp_read_pkg_TLAST       |  out|    1|        axis|      m_axis_tcp_read_pkg_V_last_V|       pointer|
|m_axis_tcp_read_pkg_TKEEP       |  out|    4|        axis|      m_axis_tcp_read_pkg_V_keep_V|       pointer|
|m_axis_tcp_read_pkg_TSTRB       |  out|    4|        axis|      m_axis_tcp_read_pkg_V_strb_V|       pointer|
|expRxBytePerSession_out_din     |  out|   64|     ap_fifo|           expRxBytePerSession_out|       pointer|
|expRxBytePerSession_out_full_n  |   in|    1|     ap_fifo|           expRxBytePerSession_out|       pointer|
|expRxBytePerSession_out_write   |  out|    1|     ap_fifo|           expRxBytePerSession_out|       pointer|
+--------------------------------+-----+-----+------------+----------------------------------+--------------+

============================================================
+ Verbose Summary: Synthesis Manager
============================================================
InlineROM: 1
ExposeGlobal: 0
============================================================
+ Verbose Summary: CDFG Model
============================================================
IsTopModel: 0
ResetActiveHigh: 1
IsCombinational: 2
IsDatapathOnly: 0
HasWiredReturn: 1
HasMFsm: 0
HasVarLatency: 1
IsPipeline: 0
IsRtlPipelined: 0
IsInstanceOverlapped: 0
IsDontTouch: 0
HasImplIP: 0
IsGatedGlobalClock: 0

+ Individual pipeline summary: 
  * Pipeline-0: initiation interval (II) = 1, depth = 2


============================================================
+ Verbose Summary: Schedule
============================================================
* Number of FSM states : 4
* Pipeline : 1
  Pipeline-0 : II = 1, D = 2, States = { 2 3 }
* Dataflow Pipeline: 0

* FSM state transitions: 
1 --> 2 
2 --> 3 
3 --> 4 2 
4 --> 

* FSM state operations: 

State 1 <SV = 0> <Delay = 2.81>
ST_1 : Operation 5 [1/1] (0.00ns)   --->   "%rxByteCnt_V = alloca i32 1"   --->   Operation 5 'alloca' 'rxByteCnt_V' <Predicate = true> <Delay = 0.00>
ST_1 : Operation 6 [1/1] (0.00ns)   --->   "%specinterface_ln0 = specinterface void @_ssdm_op_SpecInterface, i16 %nextRxPacketLength3, void @empty_19, i32 0, i32 0, void @empty_14, i32 0, i32 0, void @empty_14, void @empty_14, void @empty_14, i32 0, i32 0, i32 0, i32 0, void @empty_14, void @empty_14"   --->   Operation 6 'specinterface' 'specinterface_ln0' <Predicate = true> <Delay = 0.00>
ST_1 : Operation 7 [1/1] (0.00ns)   --->   "%specinterface_ln0 = specinterface void @_ssdm_op_SpecInterface, i16 %nextRxPacketLength3, void @empty_19, i32 0, i32 0, void @empty_14, i32 0, i32 0, void @empty_14, void @empty_14, void @empty_14, i32 0, i32 0, i32 0, i32 0, void @empty_14, void @empty_14"   --->   Operation 7 'specinterface' 'specinterface_ln0' <Predicate = true> <Delay = 0.00>
ST_1 : Operation 8 [1/1] (0.00ns)   --->   "%specinterface_ln0 = specinterface void @_ssdm_op_SpecInterface, i128 %s_axis_tcp_notification_V_data_V, i16 %s_axis_tcp_notification_V_keep_V, i16 %s_axis_tcp_notification_V_strb_V, i1 %s_axis_tcp_notification_V_last_V, void @empty_30, i32 0, i32 0, void @empty_9, i32 0, i32 0, void @empty_14, void @empty_14, void @empty_14, i32 0, i32 0, i32 0, i32 0, void @empty_14, void @empty_14"   --->   Operation 8 'specinterface' 'specinterface_ln0' <Predicate = true> <Delay = 0.00>
ST_1 : Operation 9 [1/1] (0.00ns)   --->   "%specinterface_ln0 = specinterface void @_ssdm_op_SpecInterface, i128 %s_axis_tcp_notification_V_data_V, i16 %s_axis_tcp_notification_V_keep_V, i16 %s_axis_tcp_notification_V_strb_V, i1 %s_axis_tcp_notification_V_last_V, void @empty_30, i32 0, i32 0, void @empty_9, i32 0, i32 0, void @empty_14, void @empty_14, void @empty_14, i32 0, i32 0, i32 0, i32 0, void @empty_14, void @empty_14"   --->   Operation 9 'specinterface' 'specinterface_ln0' <Predicate = true> <Delay = 0.00>
ST_1 : Operation 10 [1/1] (0.00ns)   --->   "%specinterface_ln0 = specinterface void @_ssdm_op_SpecInterface, i128 %s_axis_tcp_notification_V_data_V, i16 %s_axis_tcp_notification_V_keep_V, i16 %s_axis_tcp_notification_V_strb_V, i1 %s_axis_tcp_notification_V_last_V, void @empty_30, i32 0, i32 0, void @empty_9, i32 0, i32 0, void @empty_14, void @empty_14, void @empty_14, i32 0, i32 0, i32 0, i32 0, void @empty_14, void @empty_14"   --->   Operation 10 'specinterface' 'specinterface_ln0' <Predicate = true> <Delay = 0.00>
ST_1 : Operation 11 [1/1] (0.00ns)   --->   "%specinterface_ln0 = specinterface void @_ssdm_op_SpecInterface, i128 %s_axis_tcp_notification_V_data_V, i16 %s_axis_tcp_notification_V_keep_V, i16 %s_axis_tcp_notification_V_strb_V, i1 %s_axis_tcp_notification_V_last_V, void @empty_30, i32 0, i32 0, void @empty_9, i32 0, i32 0, void @empty_14, void @empty_14, void @empty_14, i32 0, i32 0, i32 0, i32 0, void @empty_14, void @empty_14"   --->   Operation 11 'specinterface' 'specinterface_ln0' <Predicate = true> <Delay = 0.00>
ST_1 : Operation 12 [1/1] (0.00ns)   --->   "%specinterface_ln0 = specinterface void @_ssdm_op_SpecInterface, i128 %s_axis_tcp_notification_V_data_V, i16 %s_axis_tcp_notification_V_keep_V, i16 %s_axis_tcp_notification_V_strb_V, i1 %s_axis_tcp_notification_V_last_V, void @empty_30, i32 0, i32 0, void @empty_9, i32 0, i32 0, void @empty_14, void @empty_14, void @empty_14, i32 0, i32 0, i32 0, i32 0, void @empty_14, void @empty_14"   --->   Operation 12 'specinterface' 'specinterface_ln0' <Predicate = true> <Delay = 0.00>
ST_1 : Operation 13 [1/1] (0.00ns)   --->   "%specinterface_ln0 = specinterface void @_ssdm_op_SpecInterface, i128 %s_axis_tcp_notification_V_data_V, i16 %s_axis_tcp_notification_V_keep_V, i16 %s_axis_tcp_notification_V_strb_V, i1 %s_axis_tcp_notification_V_last_V, void @empty_30, i32 0, i32 0, void @empty_9, i32 0, i32 0, void @empty_14, void @empty_14, void @empty_14, i32 0, i32 0, i32 0, i32 0, void @empty_14, void @empty_14"   --->   Operation 13 'specinterface' 'specinterface_ln0' <Predicate = true> <Delay = 0.00>
ST_1 : Operation 14 [1/1] (0.00ns)   --->   "%specinterface_ln0 = specinterface void @_ssdm_op_SpecInterface, i128 %s_axis_tcp_notification_V_data_V, i16 %s_axis_tcp_notification_V_keep_V, i16 %s_axis_tcp_notification_V_strb_V, i1 %s_axis_tcp_notification_V_last_V, void @empty_30, i32 0, i32 0, void @empty_9, i32 0, i32 0, void @empty_14, void @empty_14, void @empty_14, i32 0, i32 0, i32 0, i32 0, void @empty_14, void @empty_14"   --->   Operation 14 'specinterface' 'specinterface_ln0' <Predicate = true> <Delay = 0.00>
ST_1 : Operation 15 [1/1] (0.00ns)   --->   "%specinterface_ln0 = specinterface void @_ssdm_op_SpecInterface, i128 %s_axis_tcp_notification_V_data_V, i16 %s_axis_tcp_notification_V_keep_V, i16 %s_axis_tcp_notification_V_strb_V, i1 %s_axis_tcp_notification_V_last_V, void @empty_30, i32 0, i32 0, void @empty_9, i32 0, i32 0, void @empty_14, void @empty_14, void @empty_14, i32 0, i32 0, i32 0, i32 0, void @empty_14, void @empty_14"   --->   Operation 15 'specinterface' 'specinterface_ln0' <Predicate = true> <Delay = 0.00>
ST_1 : Operation 16 [1/1] (0.00ns)   --->   "%specinterface_ln0 = specinterface void @_ssdm_op_SpecInterface, i128 %s_axis_tcp_notification_V_data_V, i16 %s_axis_tcp_notification_V_keep_V, i16 %s_axis_tcp_notification_V_strb_V, i1 %s_axis_tcp_notification_V_last_V, void @empty_30, i32 0, i32 0, void @empty_9, i32 0, i32 0, void @empty_14, void @empty_14, void @empty_14, i32 0, i32 0, i32 0, i32 0, void @empty_14, void @empty_14"   --->   Operation 16 'specinterface' 'specinterface_ln0' <Predicate = true> <Delay = 0.00>
ST_1 : Operation 17 [1/1] (0.00ns)   --->   "%specinterface_ln0 = specinterface void @_ssdm_op_SpecInterface, i128 %s_axis_tcp_notification_V_data_V, i16 %s_axis_tcp_notification_V_keep_V, i16 %s_axis_tcp_notification_V_strb_V, i1 %s_axis_tcp_notification_V_last_V, void @empty_30, i32 0, i32 0, void @empty_9, i32 0, i32 0, void @empty_14, void @empty_14, void @empty_14, i32 0, i32 0, i32 0, i32 0, void @empty_14, void @empty_14"   --->   Operation 17 'specinterface' 'specinterface_ln0' <Predicate = true> <Delay = 0.00>
ST_1 : Operation 18 [1/1] (0.00ns)   --->   "%specinterface_ln0 = specinterface void @_ssdm_op_SpecInterface, i128 %s_axis_tcp_notification_V_data_V, i16 %s_axis_tcp_notification_V_keep_V, i16 %s_axis_tcp_notification_V_strb_V, i1 %s_axis_tcp_notification_V_last_V, void @empty_30, i32 0, i32 0, void @empty_9, i32 0, i32 0, void @empty_14, void @empty_14, void @empty_14, i32 0, i32 0, i32 0, i32 0, void @empty_14, void @empty_14"   --->   Operation 18 'specinterface' 'specinterface_ln0' <Predicate = true> <Delay = 0.00>
ST_1 : Operation 19 [1/1] (0.00ns)   --->   "%specinterface_ln0 = specinterface void @_ssdm_op_SpecInterface, i128 %s_axis_tcp_notification_V_data_V, i16 %s_axis_tcp_notification_V_keep_V, i16 %s_axis_tcp_notification_V_strb_V, i1 %s_axis_tcp_notification_V_last_V, void @empty_30, i32 0, i32 0, void @empty_9, i32 0, i32 0, void @empty_14, void @empty_14, void @empty_14, i32 0, i32 0, i32 0, i32 0, void @empty_14, void @empty_14"   --->   Operation 19 'specinterface' 'specinterface_ln0' <Predicate = true> <Delay = 0.00>
ST_1 : Operation 20 [1/1] (0.00ns)   --->   "%specinterface_ln0 = specinterface void @_ssdm_op_SpecInterface, i128 %s_axis_tcp_notification_V_data_V, i16 %s_axis_tcp_notification_V_keep_V, i16 %s_axis_tcp_notification_V_strb_V, i1 %s_axis_tcp_notification_V_last_V, void @empty_30, i32 0, i32 0, void @empty_9, i32 0, i32 0, void @empty_14, void @empty_14, void @empty_14, i32 0, i32 0, i32 0, i32 0, void @empty_14, void @empty_14"   --->   Operation 20 'specinterface' 'specinterface_ln0' <Predicate = true> <Delay = 0.00>
ST_1 : Operation 21 [1/1] (0.00ns)   --->   "%specinterface_ln0 = specinterface void @_ssdm_op_SpecInterface, i128 %s_axis_tcp_notification_V_data_V, i16 %s_axis_tcp_notification_V_keep_V, i16 %s_axis_tcp_notification_V_strb_V, i1 %s_axis_tcp_notification_V_last_V, void @empty_30, i32 0, i32 0, void @empty_9, i32 0, i32 0, void @empty_14, void @empty_14, void @empty_14, i32 0, i32 0, i32 0, i32 0, void @empty_14, void @empty_14"   --->   Operation 21 'specinterface' 'specinterface_ln0' <Predicate = true> <Delay = 0.00>
ST_1 : Operation 22 [1/1] (0.00ns)   --->   "%specinterface_ln0 = specinterface void @_ssdm_op_SpecInterface, i128 %s_axis_tcp_notification_V_data_V, i16 %s_axis_tcp_notification_V_keep_V, i16 %s_axis_tcp_notification_V_strb_V, i1 %s_axis_tcp_notification_V_last_V, void @empty_30, i32 0, i32 0, void @empty_9, i32 0, i32 0, void @empty_14, void @empty_14, void @empty_14, i32 0, i32 0, i32 0, i32 0, void @empty_14, void @empty_14"   --->   Operation 22 'specinterface' 'specinterface_ln0' <Predicate = true> <Delay = 0.00>
ST_1 : Operation 23 [1/1] (0.00ns)   --->   "%specinterface_ln0 = specinterface void @_ssdm_op_SpecInterface, i128 %s_axis_tcp_notification_V_data_V, i16 %s_axis_tcp_notification_V_keep_V, i16 %s_axis_tcp_notification_V_strb_V, i1 %s_axis_tcp_notification_V_last_V, void @empty_30, i32 0, i32 0, void @empty_9, i32 0, i32 0, void @empty_14, void @empty_14, void @empty_14, i32 0, i32 0, i32 0, i32 0, void @empty_14, void @empty_14"   --->   Operation 23 'specinterface' 'specinterface_ln0' <Predicate = true> <Delay = 0.00>
ST_1 : Operation 24 [1/1] (0.00ns)   --->   "%specinterface_ln0 = specinterface void @_ssdm_op_SpecInterface, i128 %s_axis_tcp_notification_V_data_V, i16 %s_axis_tcp_notification_V_keep_V, i16 %s_axis_tcp_notification_V_strb_V, i1 %s_axis_tcp_notification_V_last_V, void @empty_30, i32 0, i32 0, void @empty_9, i32 0, i32 0, void @empty_14, void @empty_14, void @empty_14, i32 0, i32 0, i32 0, i32 0, void @empty_14, void @empty_14"   --->   Operation 24 'specinterface' 'specinterface_ln0' <Predicate = true> <Delay = 0.00>
ST_1 : Operation 25 [1/1] (0.00ns)   --->   "%specinterface_ln0 = specinterface void @_ssdm_op_SpecInterface, i128 %s_axis_tcp_notification_V_data_V, i16 %s_axis_tcp_notification_V_keep_V, i16 %s_axis_tcp_notification_V_strb_V, i1 %s_axis_tcp_notification_V_last_V, void @empty_30, i32 0, i32 0, void @empty_9, i32 0, i32 0, void @empty_14, void @empty_14, void @empty_14, i32 0, i32 0, i32 0, i32 0, void @empty_14, void @empty_14"   --->   Operation 25 'specinterface' 'specinterface_ln0' <Predicate = true> <Delay = 0.00>
ST_1 : Operation 26 [1/1] (0.00ns)   --->   "%specinterface_ln0 = specinterface void @_ssdm_op_SpecInterface, i128 %s_axis_tcp_notification_V_data_V, i16 %s_axis_tcp_notification_V_keep_V, i16 %s_axis_tcp_notification_V_strb_V, i1 %s_axis_tcp_notification_V_last_V, void @empty_30, i32 0, i32 0, void @empty_9, i32 0, i32 0, void @empty_14, void @empty_14, void @empty_14, i32 0, i32 0, i32 0, i32 0, void @empty_14, void @empty_14"   --->   Operation 26 'specinterface' 'specinterface_ln0' <Predicate = true> <Delay = 0.00>
ST_1 : Operation 27 [1/1] (0.00ns)   --->   "%specinterface_ln0 = specinterface void @_ssdm_op_SpecInterface, i128 %s_axis_tcp_notification_V_data_V, i16 %s_axis_tcp_notification_V_keep_V, i16 %s_axis_tcp_notification_V_strb_V, i1 %s_axis_tcp_notification_V_last_V, void @empty_30, i32 0, i32 0, void @empty_9, i32 0, i32 0, void @empty_14, void @empty_14, void @empty_14, i32 0, i32 0, i32 0, i32 0, void @empty_14, void @empty_14"   --->   Operation 27 'specinterface' 'specinterface_ln0' <Predicate = true> <Delay = 0.00>
ST_1 : Operation 28 [1/1] (0.00ns)   --->   "%specinterface_ln0 = specinterface void @_ssdm_op_SpecInterface, i32 %m_axis_tcp_read_pkg_V_data_V, i4 %m_axis_tcp_read_pkg_V_keep_V, i4 %m_axis_tcp_read_pkg_V_strb_V, i1 %m_axis_tcp_read_pkg_V_last_V, void @empty_30, i32 0, i32 0, void @empty_9, i32 0, i32 0, void @empty_14, void @empty_14, void @empty_14, i32 0, i32 0, i32 0, i32 0, void @empty_14, void @empty_14"   --->   Operation 28 'specinterface' 'specinterface_ln0' <Predicate = true> <Delay = 0.00>
ST_1 : Operation 29 [1/1] (0.00ns)   --->   "%specinterface_ln0 = specinterface void @_ssdm_op_SpecInterface, i32 %m_axis_tcp_read_pkg_V_data_V, i4 %m_axis_tcp_read_pkg_V_keep_V, i4 %m_axis_tcp_read_pkg_V_strb_V, i1 %m_axis_tcp_read_pkg_V_last_V, void @empty_30, i32 0, i32 0, void @empty_9, i32 0, i32 0, void @empty_14, void @empty_14, void @empty_14, i32 0, i32 0, i32 0, i32 0, void @empty_14, void @empty_14"   --->   Operation 29 'specinterface' 'specinterface_ln0' <Predicate = true> <Delay = 0.00>
ST_1 : Operation 30 [1/1] (0.00ns)   --->   "%specinterface_ln0 = specinterface void @_ssdm_op_SpecInterface, i32 %m_axis_tcp_read_pkg_V_data_V, i4 %m_axis_tcp_read_pkg_V_keep_V, i4 %m_axis_tcp_read_pkg_V_strb_V, i1 %m_axis_tcp_read_pkg_V_last_V, void @empty_30, i32 0, i32 0, void @empty_9, i32 0, i32 0, void @empty_14, void @empty_14, void @empty_14, i32 0, i32 0, i32 0, i32 0, void @empty_14, void @empty_14"   --->   Operation 30 'specinterface' 'specinterface_ln0' <Predicate = true> <Delay = 0.00>
ST_1 : Operation 31 [1/1] (0.00ns)   --->   "%specinterface_ln0 = specinterface void @_ssdm_op_SpecInterface, i32 %m_axis_tcp_read_pkg_V_data_V, i4 %m_axis_tcp_read_pkg_V_keep_V, i4 %m_axis_tcp_read_pkg_V_strb_V, i1 %m_axis_tcp_read_pkg_V_last_V, void @empty_30, i32 0, i32 0, void @empty_9, i32 0, i32 0, void @empty_14, void @empty_14, void @empty_14, i32 0, i32 0, i32 0, i32 0, void @empty_14, void @empty_14"   --->   Operation 31 'specinterface' 'specinterface_ln0' <Predicate = true> <Delay = 0.00>
ST_1 : Operation 32 [1/1] (0.00ns)   --->   "%specinterface_ln0 = specinterface void @_ssdm_op_SpecInterface, i32 %m_axis_tcp_read_pkg_V_data_V, i4 %m_axis_tcp_read_pkg_V_keep_V, i4 %m_axis_tcp_read_pkg_V_strb_V, i1 %m_axis_tcp_read_pkg_V_last_V, void @empty_30, i32 0, i32 0, void @empty_9, i32 0, i32 0, void @empty_14, void @empty_14, void @empty_14, i32 0, i32 0, i32 0, i32 0, void @empty_14, void @empty_14"   --->   Operation 32 'specinterface' 'specinterface_ln0' <Predicate = true> <Delay = 0.00>
ST_1 : Operation 33 [1/1] (0.00ns)   --->   "%specinterface_ln0 = specinterface void @_ssdm_op_SpecInterface, i32 %m_axis_tcp_read_pkg_V_data_V, i4 %m_axis_tcp_read_pkg_V_keep_V, i4 %m_axis_tcp_read_pkg_V_strb_V, i1 %m_axis_tcp_read_pkg_V_last_V, void @empty_30, i32 0, i32 0, void @empty_9, i32 0, i32 0, void @empty_14, void @empty_14, void @empty_14, i32 0, i32 0, i32 0, i32 0, void @empty_14, void @empty_14"   --->   Operation 33 'specinterface' 'specinterface_ln0' <Predicate = true> <Delay = 0.00>
ST_1 : Operation 34 [1/1] (0.00ns)   --->   "%specinterface_ln0 = specinterface void @_ssdm_op_SpecInterface, i32 %m_axis_tcp_read_pkg_V_data_V, i4 %m_axis_tcp_read_pkg_V_keep_V, i4 %m_axis_tcp_read_pkg_V_strb_V, i1 %m_axis_tcp_read_pkg_V_last_V, void @empty_30, i32 0, i32 0, void @empty_9, i32 0, i32 0, void @empty_14, void @empty_14, void @empty_14, i32 0, i32 0, i32 0, i32 0, void @empty_14, void @empty_14"   --->   Operation 34 'specinterface' 'specinterface_ln0' <Predicate = true> <Delay = 0.00>
ST_1 : Operation 35 [1/1] (0.00ns)   --->   "%specinterface_ln0 = specinterface void @_ssdm_op_SpecInterface, i32 %m_axis_tcp_read_pkg_V_data_V, i4 %m_axis_tcp_read_pkg_V_keep_V, i4 %m_axis_tcp_read_pkg_V_strb_V, i1 %m_axis_tcp_read_pkg_V_last_V, void @empty_30, i32 0, i32 0, void @empty_9, i32 0, i32 0, void @empty_14, void @empty_14, void @empty_14, i32 0, i32 0, i32 0, i32 0, void @empty_14, void @empty_14"   --->   Operation 35 'specinterface' 'specinterface_ln0' <Predicate = true> <Delay = 0.00>
ST_1 : Operation 36 [1/1] (0.00ns)   --->   "%specinterface_ln0 = specinterface void @_ssdm_op_SpecInterface, i32 %m_axis_tcp_read_pkg_V_data_V, i4 %m_axis_tcp_read_pkg_V_keep_V, i4 %m_axis_tcp_read_pkg_V_strb_V, i1 %m_axis_tcp_read_pkg_V_last_V, void @empty_30, i32 0, i32 0, void @empty_9, i32 0, i32 0, void @empty_14, void @empty_14, void @empty_14, i32 0, i32 0, i32 0, i32 0, void @empty_14, void @empty_14"   --->   Operation 36 'specinterface' 'specinterface_ln0' <Predicate = true> <Delay = 0.00>
ST_1 : Operation 37 [1/1] (0.00ns)   --->   "%specinterface_ln0 = specinterface void @_ssdm_op_SpecInterface, i32 %m_axis_tcp_read_pkg_V_data_V, i4 %m_axis_tcp_read_pkg_V_keep_V, i4 %m_axis_tcp_read_pkg_V_strb_V, i1 %m_axis_tcp_read_pkg_V_last_V, void @empty_30, i32 0, i32 0, void @empty_9, i32 0, i32 0, void @empty_14, void @empty_14, void @empty_14, i32 0, i32 0, i32 0, i32 0, void @empty_14, void @empty_14"   --->   Operation 37 'specinterface' 'specinterface_ln0' <Predicate = true> <Delay = 0.00>
ST_1 : Operation 38 [1/1] (0.00ns)   --->   "%specinterface_ln0 = specinterface void @_ssdm_op_SpecInterface, i32 %m_axis_tcp_read_pkg_V_data_V, i4 %m_axis_tcp_read_pkg_V_keep_V, i4 %m_axis_tcp_read_pkg_V_strb_V, i1 %m_axis_tcp_read_pkg_V_last_V, void @empty_30, i32 0, i32 0, void @empty_9, i32 0, i32 0, void @empty_14, void @empty_14, void @empty_14, i32 0, i32 0, i32 0, i32 0, void @empty_14, void @empty_14"   --->   Operation 38 'specinterface' 'specinterface_ln0' <Predicate = true> <Delay = 0.00>
ST_1 : Operation 39 [1/1] (0.00ns)   --->   "%specinterface_ln0 = specinterface void @_ssdm_op_SpecInterface, i32 %m_axis_tcp_read_pkg_V_data_V, i4 %m_axis_tcp_read_pkg_V_keep_V, i4 %m_axis_tcp_read_pkg_V_strb_V, i1 %m_axis_tcp_read_pkg_V_last_V, void @empty_30, i32 0, i32 0, void @empty_9, i32 0, i32 0, void @empty_14, void @empty_14, void @empty_14, i32 0, i32 0, i32 0, i32 0, void @empty_14, void @empty_14"   --->   Operation 39 'specinterface' 'specinterface_ln0' <Predicate = true> <Delay = 0.00>
ST_1 : Operation 40 [1/1] (0.00ns)   --->   "%specinterface_ln0 = specinterface void @_ssdm_op_SpecInterface, i32 %m_axis_tcp_read_pkg_V_data_V, i4 %m_axis_tcp_read_pkg_V_keep_V, i4 %m_axis_tcp_read_pkg_V_strb_V, i1 %m_axis_tcp_read_pkg_V_last_V, void @empty_30, i32 0, i32 0, void @empty_9, i32 0, i32 0, void @empty_14, void @empty_14, void @empty_14, i32 0, i32 0, i32 0, i32 0, void @empty_14, void @empty_14"   --->   Operation 40 'specinterface' 'specinterface_ln0' <Predicate = true> <Delay = 0.00>
ST_1 : Operation 41 [1/1] (0.00ns)   --->   "%specinterface_ln0 = specinterface void @_ssdm_op_SpecInterface, i32 %m_axis_tcp_read_pkg_V_data_V, i4 %m_axis_tcp_read_pkg_V_keep_V, i4 %m_axis_tcp_read_pkg_V_strb_V, i1 %m_axis_tcp_read_pkg_V_last_V, void @empty_30, i32 0, i32 0, void @empty_9, i32 0, i32 0, void @empty_14, void @empty_14, void @empty_14, i32 0, i32 0, i32 0, i32 0, void @empty_14, void @empty_14"   --->   Operation 41 'specinterface' 'specinterface_ln0' <Predicate = true> <Delay = 0.00>
ST_1 : Operation 42 [1/1] (0.00ns)   --->   "%specinterface_ln0 = specinterface void @_ssdm_op_SpecInterface, i32 %m_axis_tcp_read_pkg_V_data_V, i4 %m_axis_tcp_read_pkg_V_keep_V, i4 %m_axis_tcp_read_pkg_V_strb_V, i1 %m_axis_tcp_read_pkg_V_last_V, void @empty_30, i32 0, i32 0, void @empty_9, i32 0, i32 0, void @empty_14, void @empty_14, void @empty_14, i32 0, i32 0, i32 0, i32 0, void @empty_14, void @empty_14"   --->   Operation 42 'specinterface' 'specinterface_ln0' <Predicate = true> <Delay = 0.00>
ST_1 : Operation 43 [1/1] (0.00ns)   --->   "%specinterface_ln0 = specinterface void @_ssdm_op_SpecInterface, i32 %m_axis_tcp_read_pkg_V_data_V, i4 %m_axis_tcp_read_pkg_V_keep_V, i4 %m_axis_tcp_read_pkg_V_strb_V, i1 %m_axis_tcp_read_pkg_V_last_V, void @empty_30, i32 0, i32 0, void @empty_9, i32 0, i32 0, void @empty_14, void @empty_14, void @empty_14, i32 0, i32 0, i32 0, i32 0, void @empty_14, void @empty_14"   --->   Operation 43 'specinterface' 'specinterface_ln0' <Predicate = true> <Delay = 0.00>
ST_1 : Operation 44 [1/1] (0.00ns)   --->   "%specinterface_ln0 = specinterface void @_ssdm_op_SpecInterface, i32 %m_axis_tcp_read_pkg_V_data_V, i4 %m_axis_tcp_read_pkg_V_keep_V, i4 %m_axis_tcp_read_pkg_V_strb_V, i1 %m_axis_tcp_read_pkg_V_last_V, void @empty_30, i32 0, i32 0, void @empty_9, i32 0, i32 0, void @empty_14, void @empty_14, void @empty_14, i32 0, i32 0, i32 0, i32 0, void @empty_14, void @empty_14"   --->   Operation 44 'specinterface' 'specinterface_ln0' <Predicate = true> <Delay = 0.00>
ST_1 : Operation 45 [1/1] (0.00ns)   --->   "%specinterface_ln0 = specinterface void @_ssdm_op_SpecInterface, i32 %m_axis_tcp_read_pkg_V_data_V, i4 %m_axis_tcp_read_pkg_V_keep_V, i4 %m_axis_tcp_read_pkg_V_strb_V, i1 %m_axis_tcp_read_pkg_V_last_V, void @empty_30, i32 0, i32 0, void @empty_9, i32 0, i32 0, void @empty_14, void @empty_14, void @empty_14, i32 0, i32 0, i32 0, i32 0, void @empty_14, void @empty_14"   --->   Operation 45 'specinterface' 'specinterface_ln0' <Predicate = true> <Delay = 0.00>
ST_1 : Operation 46 [1/1] (0.00ns)   --->   "%specinterface_ln0 = specinterface void @_ssdm_op_SpecInterface, i32 %m_axis_tcp_read_pkg_V_data_V, i4 %m_axis_tcp_read_pkg_V_keep_V, i4 %m_axis_tcp_read_pkg_V_strb_V, i1 %m_axis_tcp_read_pkg_V_last_V, void @empty_30, i32 0, i32 0, void @empty_9, i32 0, i32 0, void @empty_14, void @empty_14, void @empty_14, i32 0, i32 0, i32 0, i32 0, void @empty_14, void @empty_14"   --->   Operation 46 'specinterface' 'specinterface_ln0' <Predicate = true> <Delay = 0.00>
ST_1 : Operation 47 [1/1] (0.00ns)   --->   "%specinterface_ln0 = specinterface void @_ssdm_op_SpecInterface, i32 %m_axis_tcp_read_pkg_V_data_V, i4 %m_axis_tcp_read_pkg_V_keep_V, i4 %m_axis_tcp_read_pkg_V_strb_V, i1 %m_axis_tcp_read_pkg_V_last_V, void @empty_30, i32 0, i32 0, void @empty_9, i32 0, i32 0, void @empty_14, void @empty_14, void @empty_14, i32 0, i32 0, i32 0, i32 0, void @empty_14, void @empty_14"   --->   Operation 47 'specinterface' 'specinterface_ln0' <Predicate = true> <Delay = 0.00>
ST_1 : Operation 48 [1/1] (0.00ns)   --->   "%specinterface_ln0 = specinterface void @_ssdm_op_SpecInterface, i64 %expRxBytePerSession_out, void @ap_fifo_str, i32 0, i32 0, void @p_str, i32 0, i32 0, void @p_str, void @p_str, void @p_str, i32 2, i32 2, i32 16, i32 16, void @p_str, void @ScalarProp_str"   --->   Operation 48 'specinterface' 'specinterface_ln0' <Predicate = true> <Delay = 0.00>
ST_1 : Operation 49 [1/1] (0.00ns)   --->   "%specinterface_ln0 = specinterface void @_ssdm_op_SpecInterface, i64 %expRxBytePerSession, void @ap_fifo_str, i32 0, i32 0, void @p_str, i32 0, i32 0, void @p_str, void @p_str, void @p_str, i32 2, i32 2, i32 16, i32 16, void @p_str, void @ScalarProp_str"   --->   Operation 49 'specinterface' 'specinterface_ln0' <Predicate = true> <Delay = 0.00>
ST_1 : Operation 50 [1/1] (1.40ns)   --->   "%expRxBytePerSession_read = read i64 @_ssdm_op_Read.ap_fifo.i64P0A, i64 %expRxBytePerSession"   --->   Operation 50 'read' 'expRxBytePerSession_read' <Predicate = true> <Delay = 1.40> <CoreInst = "FIFO_SRL">   --->   Core 81 'FIFO_SRL' <Latency = 0> <II = 1> <Delay = 1.40> <Storage> <Opcode : 'read' 'write' 'nbread' 'nbwrite'> <Ports = 0> <Width = 64> <Depth = 2> <FIFO>
ST_1 : Operation 51 [1/1] (0.00ns)   --->   "%specinterface_ln0 = specinterface void @_ssdm_op_SpecInterface, i16 %nextRxPacketLength3, void @empty_19, i32 0, i32 0, void @empty_14, i32 0, i32 0, void @empty_14, void @empty_14, void @empty_14, i32 0, i32 0, i32 0, i32 0, void @empty_14, void @empty_14"   --->   Operation 51 'specinterface' 'specinterface_ln0' <Predicate = true> <Delay = 0.00>
ST_1 : Operation 52 [1/1] (0.00ns)   --->   "%specinterface_ln0 = specinterface void @_ssdm_op_SpecInterface, i128 %s_axis_tcp_notification_V_data_V, i16 %s_axis_tcp_notification_V_keep_V, i16 %s_axis_tcp_notification_V_strb_V, i1 %s_axis_tcp_notification_V_last_V, void @empty_30, i32 0, i32 0, void @empty_9, i32 0, i32 0, void @empty_14, void @empty_14, void @empty_14, i32 0, i32 0, i32 0, i32 0, void @empty_14, void @empty_14"   --->   Operation 52 'specinterface' 'specinterface_ln0' <Predicate = true> <Delay = 0.00>
ST_1 : Operation 53 [1/1] (0.00ns)   --->   "%specinterface_ln0 = specinterface void @_ssdm_op_SpecInterface, i128 %s_axis_tcp_notification_V_data_V, i16 %s_axis_tcp_notification_V_keep_V, i16 %s_axis_tcp_notification_V_strb_V, i1 %s_axis_tcp_notification_V_last_V, void @empty_30, i32 0, i32 0, void @empty_9, i32 0, i32 0, void @empty_14, void @empty_14, void @empty_14, i32 0, i32 0, i32 0, i32 0, void @empty_14, void @empty_14"   --->   Operation 53 'specinterface' 'specinterface_ln0' <Predicate = true> <Delay = 0.00>
ST_1 : Operation 54 [1/1] (0.00ns)   --->   "%specinterface_ln0 = specinterface void @_ssdm_op_SpecInterface, i128 %s_axis_tcp_notification_V_data_V, i16 %s_axis_tcp_notification_V_keep_V, i16 %s_axis_tcp_notification_V_strb_V, i1 %s_axis_tcp_notification_V_last_V, void @empty_30, i32 0, i32 0, void @empty_9, i32 0, i32 0, void @empty_14, void @empty_14, void @empty_14, i32 0, i32 0, i32 0, i32 0, void @empty_14, void @empty_14"   --->   Operation 54 'specinterface' 'specinterface_ln0' <Predicate = true> <Delay = 0.00>
ST_1 : Operation 55 [1/1] (0.00ns)   --->   "%specinterface_ln0 = specinterface void @_ssdm_op_SpecInterface, i128 %s_axis_tcp_notification_V_data_V, i16 %s_axis_tcp_notification_V_keep_V, i16 %s_axis_tcp_notification_V_strb_V, i1 %s_axis_tcp_notification_V_last_V, void @empty_30, i32 0, i32 0, void @empty_9, i32 0, i32 0, void @empty_14, void @empty_14, void @empty_14, i32 0, i32 0, i32 0, i32 0, void @empty_14, void @empty_14"   --->   Operation 55 'specinterface' 'specinterface_ln0' <Predicate = true> <Delay = 0.00>
ST_1 : Operation 56 [1/1] (0.00ns)   --->   "%specinterface_ln0 = specinterface void @_ssdm_op_SpecInterface, i32 %m_axis_tcp_read_pkg_V_data_V, i4 %m_axis_tcp_read_pkg_V_keep_V, i4 %m_axis_tcp_read_pkg_V_strb_V, i1 %m_axis_tcp_read_pkg_V_last_V, void @empty_30, i32 0, i32 0, void @empty_9, i32 0, i32 0, void @empty_14, void @empty_14, void @empty_14, i32 0, i32 0, i32 0, i32 0, void @empty_14, void @empty_14"   --->   Operation 56 'specinterface' 'specinterface_ln0' <Predicate = true> <Delay = 0.00>
ST_1 : Operation 57 [1/1] (0.00ns)   --->   "%specinterface_ln0 = specinterface void @_ssdm_op_SpecInterface, i32 %m_axis_tcp_read_pkg_V_data_V, i4 %m_axis_tcp_read_pkg_V_keep_V, i4 %m_axis_tcp_read_pkg_V_strb_V, i1 %m_axis_tcp_read_pkg_V_last_V, void @empty_30, i32 0, i32 0, void @empty_9, i32 0, i32 0, void @empty_14, void @empty_14, void @empty_14, i32 0, i32 0, i32 0, i32 0, void @empty_14, void @empty_14"   --->   Operation 57 'specinterface' 'specinterface_ln0' <Predicate = true> <Delay = 0.00>
ST_1 : Operation 58 [1/1] (0.00ns)   --->   "%specinterface_ln0 = specinterface void @_ssdm_op_SpecInterface, i32 %m_axis_tcp_read_pkg_V_data_V, i4 %m_axis_tcp_read_pkg_V_keep_V, i4 %m_axis_tcp_read_pkg_V_strb_V, i1 %m_axis_tcp_read_pkg_V_last_V, void @empty_30, i32 0, i32 0, void @empty_9, i32 0, i32 0, void @empty_14, void @empty_14, void @empty_14, i32 0, i32 0, i32 0, i32 0, void @empty_14, void @empty_14"   --->   Operation 58 'specinterface' 'specinterface_ln0' <Predicate = true> <Delay = 0.00>
ST_1 : Operation 59 [1/1] (0.00ns)   --->   "%specinterface_ln0 = specinterface void @_ssdm_op_SpecInterface, i32 %m_axis_tcp_read_pkg_V_data_V, i4 %m_axis_tcp_read_pkg_V_keep_V, i4 %m_axis_tcp_read_pkg_V_strb_V, i1 %m_axis_tcp_read_pkg_V_last_V, void @empty_30, i32 0, i32 0, void @empty_9, i32 0, i32 0, void @empty_14, void @empty_14, void @empty_14, i32 0, i32 0, i32 0, i32 0, void @empty_14, void @empty_14"   --->   Operation 59 'specinterface' 'specinterface_ln0' <Predicate = true> <Delay = 0.00>
ST_1 : Operation 60 [1/1] (0.00ns)   --->   "%specinterface_ln0 = specinterface void @_ssdm_op_SpecInterface, i64 %expRxBytePerSession_out, void @ap_fifo_str, i32 0, i32 0, void @p_str, i32 0, i32 0, void @p_str, void @p_str, void @p_str, i32 2, i32 2, i32 16, i32 16, void @p_str, void @ScalarProp_str"   --->   Operation 60 'specinterface' 'specinterface_ln0' <Predicate = true> <Delay = 0.00>
ST_1 : Operation 61 [1/1] (1.40ns)   --->   "%write_ln878 = write void @_ssdm_op_Write.ap_fifo.i64P0A, i64 %expRxBytePerSession_out, i64 %expRxBytePerSession_read"   --->   Operation 61 'write' 'write_ln878' <Predicate = true> <Delay = 1.40> <CoreInst = "FIFO_SRL">   --->   Core 81 'FIFO_SRL' <Latency = 0> <II = 1> <Delay = 1.40> <Storage> <Opcode : 'read' 'write' 'nbread' 'nbwrite'> <Ports = 0> <Width = 64> <Depth = 2> <FIFO>
ST_1 : Operation 62 [1/1] (0.00ns)   --->   "%specinterface_ln0 = specinterface void @_ssdm_op_SpecInterface, i16 %nextRxPacketLength3, void @empty_19, i32 0, i32 0, void @empty_14, i32 0, i32 0, void @empty_14, void @empty_14, void @empty_14, i32 0, i32 0, i32 0, i32 0, void @empty_14, void @empty_14"   --->   Operation 62 'specinterface' 'specinterface_ln0' <Predicate = true> <Delay = 0.00>
ST_1 : Operation 63 [1/1] (0.00ns)   --->   "%specinterface_ln0 = specinterface void @_ssdm_op_SpecInterface, i128 %s_axis_tcp_notification_V_data_V, i16 %s_axis_tcp_notification_V_keep_V, i16 %s_axis_tcp_notification_V_strb_V, i1 %s_axis_tcp_notification_V_last_V, void @empty_30, i32 0, i32 0, void @empty_9, i32 0, i32 0, void @empty_14, void @empty_14, void @empty_14, i32 0, i32 0, i32 0, i32 0, void @empty_14, void @empty_14"   --->   Operation 63 'specinterface' 'specinterface_ln0' <Predicate = true> <Delay = 0.00>
ST_1 : Operation 64 [1/1] (0.00ns)   --->   "%specinterface_ln0 = specinterface void @_ssdm_op_SpecInterface, i32 %m_axis_tcp_read_pkg_V_data_V, i4 %m_axis_tcp_read_pkg_V_keep_V, i4 %m_axis_tcp_read_pkg_V_strb_V, i1 %m_axis_tcp_read_pkg_V_last_V, void @empty_30, i32 0, i32 0, void @empty_9, i32 0, i32 0, void @empty_14, void @empty_14, void @empty_14, i32 0, i32 0, i32 0, i32 0, void @empty_14, void @empty_14"   --->   Operation 64 'specinterface' 'specinterface_ln0' <Predicate = true> <Delay = 0.00>
ST_1 : Operation 65 [1/1] (0.38ns)   --->   "%store_ln1218 = store i64 0, i64 %rxByteCnt_V" [/space1/hxh/APB/sha_aes_tcpip/Vitis_with_100Gbps_TCP-IP/kernel/common/include/communication.hpp:1218->/space1/hxh/APB/sha_aes_tcpip/Vitis_with_100Gbps_TCP-IP/kernel/common/include/communication.hpp:1331]   --->   Operation 65 'store' 'store_ln1218' <Predicate = true> <Delay = 0.38>
ST_1 : Operation 66 [1/1] (0.00ns)   --->   "%br_ln1218 = br void" [/space1/hxh/APB/sha_aes_tcpip/Vitis_with_100Gbps_TCP-IP/kernel/common/include/communication.hpp:1218->/space1/hxh/APB/sha_aes_tcpip/Vitis_with_100Gbps_TCP-IP/kernel/common/include/communication.hpp:1331]   --->   Operation 66 'br' 'br_ln1218' <Predicate = true> <Delay = 0.00>

State 2 <SV = 1> <Delay = 1.53>
ST_2 : Operation 67 [1/1] (0.00ns)   --->   "%specpipeline_ln0 = specpipeline void @_ssdm_op_SpecPipeline, i32 4294967295, i32 0, i32 1, i32 0, void @p_str"   --->   Operation 67 'specpipeline' 'specpipeline_ln0' <Predicate = true> <Delay = 0.00>
ST_2 : Operation 68 [1/1] (0.00ns)   --->   "%specloopname_ln1216 = specloopname void @_ssdm_op_SpecLoopName, void @empty_15" [/space1/hxh/APB/sha_aes_tcpip/Vitis_with_100Gbps_TCP-IP/kernel/common/include/communication.hpp:1216->/space1/hxh/APB/sha_aes_tcpip/Vitis_with_100Gbps_TCP-IP/kernel/common/include/communication.hpp:1331]   --->   Operation 68 'specloopname' 'specloopname_ln1216' <Predicate = true> <Delay = 0.00>
ST_2 : Operation 69 [1/1] (0.00ns)   --->   "%tmp = nbreadreq i1 @_ssdm_op_NbReadReq.axis.i128P0A.i16P0A.i16P0A.i1P0A, i128 %s_axis_tcp_notification_V_data_V, i16 %s_axis_tcp_notification_V_keep_V, i16 %s_axis_tcp_notification_V_strb_V, i1 %s_axis_tcp_notification_V_last_V, i32 1"   --->   Operation 69 'nbreadreq' 'tmp' <Predicate = true> <Delay = 0.00> <CoreInst = "axis">   --->   Core 123 'axis' <Latency = 0> <II = 1> <Delay = 1.00> <Adapter> <Opcode : >
ST_2 : Operation 70 [1/1] (0.00ns)   --->   "%br_ln1219 = br i1 %tmp, void %._crit_edge.i.i, void" [/space1/hxh/APB/sha_aes_tcpip/Vitis_with_100Gbps_TCP-IP/kernel/common/include/communication.hpp:1219->/space1/hxh/APB/sha_aes_tcpip/Vitis_with_100Gbps_TCP-IP/kernel/common/include/communication.hpp:1331]   --->   Operation 70 'br' 'br_ln1219' <Predicate = true> <Delay = 0.00>
ST_2 : Operation 71 [1/1] (0.00ns)   --->   "%empty = read i161 @_ssdm_op_Read.axis.volatile.i128P0A.i16P0A.i16P0A.i1P0A, i128 %s_axis_tcp_notification_V_data_V, i16 %s_axis_tcp_notification_V_keep_V, i16 %s_axis_tcp_notification_V_strb_V, i1 %s_axis_tcp_notification_V_last_V"   --->   Operation 71 'read' 'empty' <Predicate = (tmp)> <Delay = 0.00> <CoreInst = "axis">   --->   Core 123 'axis' <Latency = 0> <II = 1> <Delay = 1.00> <Adapter> <Opcode : >
ST_2 : Operation 72 [1/1] (0.00ns)   --->   "%p_Val2_s = extractvalue i161 %empty"   --->   Operation 72 'extractvalue' 'p_Val2_s' <Predicate = (tmp)> <Delay = 0.00>
ST_2 : Operation 73 [1/1] (0.00ns)   --->   "%length_V = partselect i16 @_ssdm_op_PartSelect.i16.i128.i32.i32, i128 %p_Val2_s, i32 16, i32 31"   --->   Operation 73 'partselect' 'length_V' <Predicate = (tmp)> <Delay = 0.00>
ST_2 : Operation 74 [1/1] (0.67ns)   --->   "%icmp_ln874 = icmp_eq  i16 %length_V, i16 0"   --->   Operation 74 'icmp' 'icmp_ln874' <Predicate = (tmp)> <Delay = 0.67> <CoreInst = "Cmp">   --->   Core 9 'Cmp' <Latency = 0> <II = 1> <Delay = 1.06> <FuncUnit> <Opcode : 'icmp'> <InPorts = 2> <OutPorts = 1>
ST_2 : Operation 75 [1/1] (0.00ns)   --->   "%br_ln1228 = br i1 %icmp_ln874, void, void %._crit_edge.i.i" [/space1/hxh/APB/sha_aes_tcpip/Vitis_with_100Gbps_TCP-IP/kernel/common/include/communication.hpp:1228->/space1/hxh/APB/sha_aes_tcpip/Vitis_with_100Gbps_TCP-IP/kernel/common/include/communication.hpp:1331]   --->   Operation 75 'br' 'br_ln1228' <Predicate = (tmp)> <Delay = 0.00>
ST_2 : Operation 76 [1/1] (0.00ns)   --->   "%rxByteCnt_V_load = load i64 %rxByteCnt_V"   --->   Operation 76 'load' 'rxByteCnt_V_load' <Predicate = (tmp & !icmp_ln874)> <Delay = 0.00>
ST_2 : Operation 77 [1/1] (0.00ns)   --->   "%p_Result_s = trunc i128 %p_Val2_s"   --->   Operation 77 'trunc' 'p_Result_s' <Predicate = (tmp & !icmp_ln874)> <Delay = 0.00>
ST_2 : Operation 78 [1/1] (0.00ns)   --->   "%zext_ln208 = zext i16 %length_V"   --->   Operation 78 'zext' 'zext_ln208' <Predicate = (tmp & !icmp_ln874)> <Delay = 0.00>
ST_2 : Operation 79 [1/1] (1.14ns)   --->   "%rxByteCnt_V_1 = add i64 %rxByteCnt_V_load, i64 %zext_ln208"   --->   Operation 79 'add' 'rxByteCnt_V_1' <Predicate = (tmp & !icmp_ln874)> <Delay = 1.14> <CoreInst = "Adder">   --->   Core 1 'Adder' <Latency = 0> <II = 1> <Delay = 1.14> <FuncUnit> <Opcode : 'add' 'sub'> <InPorts = 2> <OutPorts = 1>
ST_2 : Operation 80 [1/1] (0.38ns)   --->   "%store_ln1236 = store i64 %rxByteCnt_V_1, i64 %rxByteCnt_V" [/space1/hxh/APB/sha_aes_tcpip/Vitis_with_100Gbps_TCP-IP/kernel/common/include/communication.hpp:1236->/space1/hxh/APB/sha_aes_tcpip/Vitis_with_100Gbps_TCP-IP/kernel/common/include/communication.hpp:1331]   --->   Operation 80 'store' 'store_ln1236' <Predicate = (tmp & !icmp_ln874)> <Delay = 0.38>
ST_2 : Operation 81 [1/1] (0.00ns)   --->   "%rxByteCnt_V_2 = load i64 %rxByteCnt_V"   --->   Operation 81 'load' 'rxByteCnt_V_2' <Predicate = true> <Delay = 0.00>
ST_2 : Operation 82 [1/1] (1.06ns)   --->   "%icmp_ln878 = icmp_ult  i64 %rxByteCnt_V_2, i64 %expRxBytePerSession_read"   --->   Operation 82 'icmp' 'icmp_ln878' <Predicate = true> <Delay = 1.06> <CoreInst = "Cmp">   --->   Core 9 'Cmp' <Latency = 0> <II = 1> <Delay = 1.06> <FuncUnit> <Opcode : 'icmp'> <InPorts = 2> <OutPorts = 1>
ST_2 : Operation 83 [1/1] (0.00ns)   --->   "%br_ln1239 = br i1 %icmp_ln878, void %.exit, void" [/space1/hxh/APB/sha_aes_tcpip/Vitis_with_100Gbps_TCP-IP/kernel/common/include/communication.hpp:1239->/space1/hxh/APB/sha_aes_tcpip/Vitis_with_100Gbps_TCP-IP/kernel/common/include/communication.hpp:1331]   --->   Operation 83 'br' 'br_ln1239' <Predicate = true> <Delay = 0.00>

State 3 <SV = 2> <Delay = 1.23>
ST_3 : Operation 84 [1/1] (0.00ns)   --->   "%write_ln304 = write void @_ssdm_op_Write.axis.volatile.i32P0A.i4P0A.i4P0A.i1P0A, i32 %m_axis_tcp_read_pkg_V_data_V, i4 %m_axis_tcp_read_pkg_V_keep_V, i4 %m_axis_tcp_read_pkg_V_strb_V, i1 %m_axis_tcp_read_pkg_V_last_V, i32 %p_Result_s, i4 0, i4 0, i1 0"   --->   Operation 84 'write' 'write_ln304' <Predicate = (tmp & !icmp_ln874)> <Delay = 0.00> <CoreInst = "axis">   --->   Core 123 'axis' <Latency = 0> <II = 1> <Delay = 1.00> <Adapter> <Opcode : >
ST_3 : Operation 85 [1/1] (1.23ns)   --->   "%write_ln174 = write void @_ssdm_op_Write.ap_fifo.volatile.i16P0A, i16 %nextRxPacketLength3, i16 %length_V" [/space1/Xilinx20202/Vitis_HLS/2020.2/common/technology/autopilot/hls_stream_39.h:174]   --->   Operation 85 'write' 'write_ln174' <Predicate = (tmp & !icmp_ln874)> <Delay = 1.23> <CoreInst = "FIFO">   --->   Core 78 'FIFO' <Latency = 0> <II = 1> <Delay = 1.23> <Storage> <Opcode : 'read' 'write' 'nbread' 'nbwrite'> <Ports = 0> <Width = 16> <Depth = 512> <FIFO>
ST_3 : Operation 86 [1/1] (0.00ns)   --->   "%br_ln1236 = br void %._crit_edge.i.i" [/space1/hxh/APB/sha_aes_tcpip/Vitis_with_100Gbps_TCP-IP/kernel/common/include/communication.hpp:1236->/space1/hxh/APB/sha_aes_tcpip/Vitis_with_100Gbps_TCP-IP/kernel/common/include/communication.hpp:1331]   --->   Operation 86 'br' 'br_ln1236' <Predicate = (tmp & !icmp_ln874)> <Delay = 0.00>

State 4 <SV = 3> <Delay = 0.00>
ST_4 : Operation 87 [1/1] (0.00ns)   --->   "%ret_ln1331 = ret" [/space1/hxh/APB/sha_aes_tcpip/Vitis_with_100Gbps_TCP-IP/kernel/common/include/communication.hpp:1331]   --->   Operation 87 'ret' 'ret_ln1331' <Predicate = true> <Delay = 0.00>


============================================================
+ Verbose Summary: Binding
============================================================
STG Binding: 
---------------- STG Properties BEGIN ----------------
- Is combinational: 0
- Is one-state seq: 0
- Is datapath-only: 0
- Is pipelined: 0
- Is top level: 0
Port [ Return ] is wired: 1; IO mode=ap_ctrl_hs:ce=0
Port [ nextRxPacketLength3]:  wired=1; compound=1; hidden=0; nouse=0; global=0; static=0; extern=0; dir=1; type=3; pingpong=0; private_global=0; IO mode=ap_fifo:ce=0
Port [ expRxBytePerSession]:  wired=1; compound=1; hidden=0; nouse=0; global=0; static=0; extern=0; dir=0; type=3; pingpong=0; private_global=0; IO mode=ap_fifo:ce=0
Port [ s_axis_tcp_notification_V_data_V]:  wired=1; compound=1; hidden=0; nouse=0; global=0; static=0; extern=0; dir=0; type=0; pingpong=0; private_global=0; IO mode=axis:ce=0
Port [ s_axis_tcp_notification_V_keep_V]:  wired=1; compound=1; hidden=0; nouse=0; global=0; static=0; extern=0; dir=0; type=0; pingpong=0; private_global=0; IO mode=axis:ce=0
Port [ s_axis_tcp_notification_V_strb_V]:  wired=1; compound=1; hidden=0; nouse=0; global=0; static=0; extern=0; dir=0; type=0; pingpong=0; private_global=0; IO mode=axis:ce=0
Port [ s_axis_tcp_notification_V_last_V]:  wired=1; compound=1; hidden=0; nouse=0; global=0; static=0; extern=0; dir=0; type=0; pingpong=0; private_global=0; IO mode=axis:ce=0
Port [ m_axis_tcp_read_pkg_V_data_V]:  wired=1; compound=1; hidden=0; nouse=0; global=0; static=0; extern=0; dir=1; type=0; pingpong=0; private_global=0; IO mode=axis:ce=0
Port [ m_axis_tcp_read_pkg_V_keep_V]:  wired=1; compound=1; hidden=0; nouse=0; global=0; static=0; extern=0; dir=1; type=0; pingpong=0; private_global=0; IO mode=axis:ce=0
Port [ m_axis_tcp_read_pkg_V_strb_V]:  wired=1; compound=1; hidden=0; nouse=0; global=0; static=0; extern=0; dir=1; type=0; pingpong=0; private_global=0; IO mode=axis:ce=0
Port [ m_axis_tcp_read_pkg_V_last_V]:  wired=1; compound=1; hidden=0; nouse=0; global=0; static=0; extern=0; dir=1; type=0; pingpong=0; private_global=0; IO mode=axis:ce=0
Port [ expRxBytePerSession_out]:  wired=1; compound=1; hidden=0; nouse=0; global=0; static=0; extern=0; dir=1; type=3; pingpong=0; private_global=0; IO mode=ap_fifo:ce=0
---------------- STG Properties END ------------------

---------------- Datapath Model BEGIN ----------------

<LifeTime>
<method=bitvector/>
rxByteCnt_V              (alloca       ) [ 01110]
specinterface_ln0        (specinterface) [ 00000]
specinterface_ln0        (specinterface) [ 00000]
specinterface_ln0        (specinterface) [ 00000]
specinterface_ln0        (specinterface) [ 00000]
specinterface_ln0        (specinterface) [ 00000]
specinterface_ln0        (specinterface) [ 00000]
specinterface_ln0        (specinterface) [ 00000]
specinterface_ln0        (specinterface) [ 00000]
specinterface_ln0        (specinterface) [ 00000]
specinterface_ln0        (specinterface) [ 00000]
specinterface_ln0        (specinterface) [ 00000]
specinterface_ln0        (specinterface) [ 00000]
specinterface_ln0        (specinterface) [ 00000]
specinterface_ln0        (specinterface) [ 00000]
specinterface_ln0        (specinterface) [ 00000]
specinterface_ln0        (specinterface) [ 00000]
specinterface_ln0        (specinterface) [ 00000]
specinterface_ln0        (specinterface) [ 00000]
specinterface_ln0        (specinterface) [ 00000]
specinterface_ln0        (specinterface) [ 00000]
specinterface_ln0        (specinterface) [ 00000]
specinterface_ln0        (specinterface) [ 00000]
specinterface_ln0        (specinterface) [ 00000]
specinterface_ln0        (specinterface) [ 00000]
specinterface_ln0        (specinterface) [ 00000]
specinterface_ln0        (specinterface) [ 00000]
specinterface_ln0        (specinterface) [ 00000]
specinterface_ln0        (specinterface) [ 00000]
specinterface_ln0        (specinterface) [ 00000]
specinterface_ln0        (specinterface) [ 00000]
specinterface_ln0        (specinterface) [ 00000]
specinterface_ln0        (specinterface) [ 00000]
specinterface_ln0        (specinterface) [ 00000]
specinterface_ln0        (specinterface) [ 00000]
specinterface_ln0        (specinterface) [ 00000]
specinterface_ln0        (specinterface) [ 00000]
specinterface_ln0        (specinterface) [ 00000]
specinterface_ln0        (specinterface) [ 00000]
specinterface_ln0        (specinterface) [ 00000]
specinterface_ln0        (specinterface) [ 00000]
specinterface_ln0        (specinterface) [ 00000]
specinterface_ln0        (specinterface) [ 00000]
specinterface_ln0        (specinterface) [ 00000]
specinterface_ln0        (specinterface) [ 00000]
expRxBytePerSession_read (read         ) [ 00110]
specinterface_ln0        (specinterface) [ 00000]
specinterface_ln0        (specinterface) [ 00000]
specinterface_ln0        (specinterface) [ 00000]
specinterface_ln0        (specinterface) [ 00000]
specinterface_ln0        (specinterface) [ 00000]
specinterface_ln0        (specinterface) [ 00000]
specinterface_ln0        (specinterface) [ 00000]
specinterface_ln0        (specinterface) [ 00000]
specinterface_ln0        (specinterface) [ 00000]
specinterface_ln0        (specinterface) [ 00000]
write_ln878              (write        ) [ 00000]
specinterface_ln0        (specinterface) [ 00000]
specinterface_ln0        (specinterface) [ 00000]
specinterface_ln0        (specinterface) [ 00000]
store_ln1218             (store        ) [ 00000]
br_ln1218                (br           ) [ 00000]
specpipeline_ln0         (specpipeline ) [ 00000]
specloopname_ln1216      (specloopname ) [ 00000]
tmp                      (nbreadreq    ) [ 00110]
br_ln1219                (br           ) [ 00000]
empty                    (read         ) [ 00000]
p_Val2_s                 (extractvalue ) [ 00000]
length_V                 (partselect   ) [ 00110]
icmp_ln874               (icmp         ) [ 00110]
br_ln1228                (br           ) [ 00000]
rxByteCnt_V_load         (load         ) [ 00000]
p_Result_s               (trunc        ) [ 00110]
zext_ln208               (zext         ) [ 00000]
rxByteCnt_V_1            (add          ) [ 00000]
store_ln1236             (store        ) [ 00000]
rxByteCnt_V_2            (load         ) [ 00000]
icmp_ln878               (icmp         ) [ 00110]
br_ln1239                (br           ) [ 00000]
write_ln304              (write        ) [ 00000]
write_ln174              (write        ) [ 00000]
br_ln1236                (br           ) [ 00000]
ret_ln1331               (ret          ) [ 00000]
</LifeTime>

<model>

<comp_list>
<comp id="0" class="1000" name="nextRxPacketLength3">
<pin_list>
<pin id="1" dir="1" index="0" bw="1" slack="0"/>
</pin_list>
<bind>
<StgValue><ssdm name="nextRxPacketLength3"/></StgValue>
</bind>
</comp>

<comp id="2" class="1000" name="expRxBytePerSession">
<pin_list>
<pin id="3" dir="1" index="0" bw="1" slack="0"/>
</pin_list>
<bind>
<StgValue><ssdm name="expRxBytePerSession"/></StgValue>
</bind>
</comp>

<comp id="4" class="1000" name="s_axis_tcp_notification_V_data_V">
<pin_list>
<pin id="5" dir="1" index="0" bw="1" slack="0"/>
</pin_list>
<bind>
<StgValue><ssdm name="s_axis_tcp_notification_V_data_V"/></StgValue>
</bind>
</comp>

<comp id="6" class="1000" name="s_axis_tcp_notification_V_keep_V">
<pin_list>
<pin id="7" dir="1" index="0" bw="1" slack="0"/>
</pin_list>
<bind>
<StgValue><ssdm name="s_axis_tcp_notification_V_keep_V"/></StgValue>
</bind>
</comp>

<comp id="8" class="1000" name="s_axis_tcp_notification_V_strb_V">
<pin_list>
<pin id="9" dir="1" index="0" bw="1" slack="0"/>
</pin_list>
<bind>
<StgValue><ssdm name="s_axis_tcp_notification_V_strb_V"/></StgValue>
</bind>
</comp>

<comp id="10" class="1000" name="s_axis_tcp_notification_V_last_V">
<pin_list>
<pin id="11" dir="1" index="0" bw="1" slack="0"/>
</pin_list>
<bind>
<StgValue><ssdm name="s_axis_tcp_notification_V_last_V"/></StgValue>
</bind>
</comp>

<comp id="12" class="1000" name="m_axis_tcp_read_pkg_V_data_V">
<pin_list>
<pin id="13" dir="1" index="0" bw="1" slack="0"/>
</pin_list>
<bind>
<StgValue><ssdm name="m_axis_tcp_read_pkg_V_data_V"/></StgValue>
</bind>
</comp>

<comp id="14" class="1000" name="m_axis_tcp_read_pkg_V_keep_V">
<pin_list>
<pin id="15" dir="1" index="0" bw="1" slack="0"/>
</pin_list>
<bind>
<StgValue><ssdm name="m_axis_tcp_read_pkg_V_keep_V"/></StgValue>
</bind>
</comp>

<comp id="16" class="1000" name="m_axis_tcp_read_pkg_V_strb_V">
<pin_list>
<pin id="17" dir="1" index="0" bw="1" slack="0"/>
</pin_list>
<bind>
<StgValue><ssdm name="m_axis_tcp_read_pkg_V_strb_V"/></StgValue>
</bind>
</comp>

<comp id="18" class="1000" name="m_axis_tcp_read_pkg_V_last_V">
<pin_list>
<pin id="19" dir="1" index="0" bw="1" slack="0"/>
</pin_list>
<bind>
<StgValue><ssdm name="m_axis_tcp_read_pkg_V_last_V"/></StgValue>
</bind>
</comp>

<comp id="20" class="1000" name="expRxBytePerSession_out">
<pin_list>
<pin id="21" dir="1" index="0" bw="1" slack="0"/>
</pin_list>
<bind>
<StgValue><ssdm name="expRxBytePerSession_out"/></StgValue>
</bind>
</comp>

<comp id="22" class="1001" name="const_22">
<pin_list>
<pin id="23" dir="1" index="0" bw="1" slack="0"/>
</pin_list>
<bind>
<StgValue><ssdm name=""/></StgValue>
</bind>
</comp>

<comp id="24" class="1001" name="const_24">
<pin_list>
<pin id="25" dir="1" index="0" bw="1" slack="2147483647"/>
</pin_list>
<bind>
<StgValue><ssdm name="_ssdm_op_SpecInterface"/></StgValue>
</bind>
</comp>

<comp id="26" class="1001" name="const_26">
<pin_list>
<pin id="27" dir="1" index="0" bw="1" slack="2147483647"/>
</pin_list>
<bind>
<StgValue><ssdm name="empty_19"/></StgValue>
</bind>
</comp>

<comp id="28" class="1001" name="const_28">
<pin_list>
<pin id="29" dir="1" index="0" bw="1" slack="2147483647"/>
</pin_list>
<bind>
<StgValue><ssdm name=""/></StgValue>
</bind>
</comp>

<comp id="30" class="1001" name="const_30">
<pin_list>
<pin id="31" dir="1" index="0" bw="1" slack="2147483647"/>
</pin_list>
<bind>
<StgValue><ssdm name="empty_14"/></StgValue>
</bind>
</comp>

<comp id="32" class="1001" name="const_32">
<pin_list>
<pin id="33" dir="1" index="0" bw="1" slack="2147483647"/>
</pin_list>
<bind>
<StgValue><ssdm name="empty_30"/></StgValue>
</bind>
</comp>

<comp id="34" class="1001" name="const_34">
<pin_list>
<pin id="35" dir="1" index="0" bw="1" slack="2147483647"/>
</pin_list>
<bind>
<StgValue><ssdm name="empty_9"/></StgValue>
</bind>
</comp>

<comp id="36" class="1001" name="const_36">
<pin_list>
<pin id="37" dir="1" index="0" bw="1" slack="2147483647"/>
</pin_list>
<bind>
<StgValue><ssdm name="ap_fifo_str"/></StgValue>
</bind>
</comp>

<comp id="38" class="1001" name="const_38">
<pin_list>
<pin id="39" dir="1" index="0" bw="1" slack="2147483647"/>
</pin_list>
<bind>
<StgValue><ssdm name="p_str"/></StgValue>
</bind>
</comp>

<comp id="40" class="1001" name="const_40">
<pin_list>
<pin id="41" dir="1" index="0" bw="1" slack="2147483647"/>
</pin_list>
<bind>
<StgValue><ssdm name=""/></StgValue>
</bind>
</comp>

<comp id="42" class="1001" name="const_42">
<pin_list>
<pin id="43" dir="1" index="0" bw="1" slack="0"/>
</pin_list>
<bind>
<StgValue><ssdm name=""/></StgValue>
</bind>
</comp>

<comp id="44" class="1001" name="const_44">
<pin_list>
<pin id="45" dir="1" index="0" bw="1" slack="2147483647"/>
</pin_list>
<bind>
<StgValue><ssdm name="ScalarProp_str"/></StgValue>
</bind>
</comp>

<comp id="46" class="1001" name="const_46">
<pin_list>
<pin id="47" dir="1" index="0" bw="1" slack="0"/>
</pin_list>
<bind>
<StgValue><ssdm name="_ssdm_op_Read.ap_fifo.i64P0A"/></StgValue>
</bind>
</comp>

<comp id="48" class="1001" name="const_48">
<pin_list>
<pin id="49" dir="1" index="0" bw="1" slack="0"/>
</pin_list>
<bind>
<StgValue><ssdm name="_ssdm_op_Write.ap_fifo.i64P0A"/></StgValue>
</bind>
</comp>

<comp id="50" class="1001" name="const_50">
<pin_list>
<pin id="51" dir="1" index="0" bw="1" slack="0"/>
</pin_list>
<bind>
<StgValue><ssdm name=""/></StgValue>
</bind>
</comp>

<comp id="52" class="1001" name="const_52">
<pin_list>
<pin id="53" dir="1" index="0" bw="1" slack="2147483647"/>
</pin_list>
<bind>
<StgValue><ssdm name="_ssdm_op_SpecPipeline"/></StgValue>
</bind>
</comp>

<comp id="54" class="1001" name="const_54">
<pin_list>
<pin id="55" dir="1" index="0" bw="1" slack="2147483647"/>
</pin_list>
<bind>
<StgValue><ssdm name=""/></StgValue>
</bind>
</comp>

<comp id="56" class="1001" name="const_56">
<pin_list>
<pin id="57" dir="1" index="0" bw="1" slack="2147483647"/>
</pin_list>
<bind>
<StgValue><ssdm name="_ssdm_op_SpecLoopName"/></StgValue>
</bind>
</comp>

<comp id="58" class="1001" name="const_58">
<pin_list>
<pin id="59" dir="1" index="0" bw="1" slack="2147483647"/>
</pin_list>
<bind>
<StgValue><ssdm name="empty_15"/></StgValue>
</bind>
</comp>

<comp id="60" class="1001" name="const_60">
<pin_list>
<pin id="61" dir="1" index="0" bw="1" slack="0"/>
</pin_list>
<bind>
<StgValue><ssdm name="_ssdm_op_NbReadReq.axis.i128P0A.i16P0A.i16P0A.i1P0A"/></StgValue>
</bind>
</comp>

<comp id="62" class="1001" name="const_62">
<pin_list>
<pin id="63" dir="1" index="0" bw="1" slack="0"/>
</pin_list>
<bind>
<StgValue><ssdm name="_ssdm_op_Read.axis.volatile.i128P0A.i16P0A.i16P0A.i1P0A"/></StgValue>
</bind>
</comp>

<comp id="64" class="1001" name="const_64">
<pin_list>
<pin id="65" dir="1" index="0" bw="1" slack="0"/>
</pin_list>
<bind>
<StgValue><ssdm name="_ssdm_op_PartSelect.i16.i128.i32.i32"/></StgValue>
</bind>
</comp>

<comp id="66" class="1001" name="const_66">
<pin_list>
<pin id="67" dir="1" index="0" bw="1" slack="0"/>
</pin_list>
<bind>
<StgValue><ssdm name=""/></StgValue>
</bind>
</comp>

<comp id="68" class="1001" name="const_68">
<pin_list>
<pin id="69" dir="1" index="0" bw="1" slack="0"/>
</pin_list>
<bind>
<StgValue><ssdm name=""/></StgValue>
</bind>
</comp>

<comp id="70" class="1001" name="const_70">
<pin_list>
<pin id="71" dir="1" index="0" bw="1" slack="0"/>
</pin_list>
<bind>
<StgValue><ssdm name="_ssdm_op_Write.axis.volatile.i32P0A.i4P0A.i4P0A.i1P0A"/></StgValue>
</bind>
</comp>

<comp id="72" class="1001" name="const_72">
<pin_list>
<pin id="73" dir="1" index="0" bw="1" slack="0"/>
</pin_list>
<bind>
<StgValue><ssdm name=""/></StgValue>
</bind>
</comp>

<comp id="74" class="1001" name="const_74">
<pin_list>
<pin id="75" dir="1" index="0" bw="1" slack="0"/>
</pin_list>
<bind>
<StgValue><ssdm name=""/></StgValue>
</bind>
</comp>

<comp id="76" class="1001" name="const_76">
<pin_list>
<pin id="77" dir="1" index="0" bw="1" slack="0"/>
</pin_list>
<bind>
<StgValue><ssdm name="_ssdm_op_Write.ap_fifo.volatile.i16P0A"/></StgValue>
</bind>
</comp>

<comp id="78" class="1004" name="rxByteCnt_V_fu_78">
<pin_list>
<pin id="79" dir="0" index="0" bw="1" slack="0"/>
<pin id="80" dir="1" index="1" bw="64" slack="0"/>
</pin_list>
<bind>
<opcode="alloca(26) " fcode="alloca"/>
<opset="rxByteCnt_V/1 "/>
</bind>
</comp>

<comp id="82" class="1004" name="expRxBytePerSession_read_read_fu_82">
<pin_list>
<pin id="83" dir="0" index="0" bw="64" slack="0"/>
<pin id="84" dir="0" index="1" bw="64" slack="0"/>
<pin id="85" dir="1" index="2" bw="64" slack="0"/>
</pin_list>
<bind>
<opcode="read(1150) " fcode="read"/>
<opset="expRxBytePerSession_read/1 "/>
</bind>
</comp>

<comp id="88" class="1004" name="write_ln878_write_fu_88">
<pin_list>
<pin id="89" dir="0" index="0" bw="0" slack="0"/>
<pin id="90" dir="0" index="1" bw="64" slack="0"/>
<pin id="91" dir="0" index="2" bw="64" slack="0"/>
<pin id="92" dir="1" index="3" bw="0" slack="2147483647"/>
</pin_list>
<bind>
<opcode="write(1151) " fcode="write"/>
<opset="write_ln878/1 "/>
</bind>
</comp>

<comp id="96" class="1004" name="tmp_nbreadreq_fu_96">
<pin_list>
<pin id="97" dir="0" index="0" bw="1" slack="0"/>
<pin id="98" dir="0" index="1" bw="128" slack="0"/>
<pin id="99" dir="0" index="2" bw="16" slack="0"/>
<pin id="100" dir="0" index="3" bw="16" slack="0"/>
<pin id="101" dir="0" index="4" bw="1" slack="0"/>
<pin id="102" dir="0" index="5" bw="1" slack="0"/>
<pin id="103" dir="1" index="6" bw="1" slack="1"/>
</pin_list>
<bind>
<opcode="nbreadreq(1156) " fcode="nbreadreq"/>
<opset="tmp/2 "/>
</bind>
</comp>

<comp id="110" class="1004" name="empty_read_fu_110">
<pin_list>
<pin id="111" dir="0" index="0" bw="161" slack="0"/>
<pin id="112" dir="0" index="1" bw="128" slack="0"/>
<pin id="113" dir="0" index="2" bw="16" slack="0"/>
<pin id="114" dir="0" index="3" bw="16" slack="0"/>
<pin id="115" dir="0" index="4" bw="1" slack="0"/>
<pin id="116" dir="1" index="5" bw="161" slack="0"/>
</pin_list>
<bind>
<opcode="read(1150) " fcode="read"/>
<opset="empty/2 "/>
</bind>
</comp>

<comp id="122" class="1004" name="write_ln304_write_fu_122">
<pin_list>
<pin id="123" dir="0" index="0" bw="0" slack="0"/>
<pin id="124" dir="0" index="1" bw="32" slack="0"/>
<pin id="125" dir="0" index="2" bw="4" slack="0"/>
<pin id="126" dir="0" index="3" bw="4" slack="0"/>
<pin id="127" dir="0" index="4" bw="1" slack="0"/>
<pin id="128" dir="0" index="5" bw="32" slack="1"/>
<pin id="129" dir="0" index="6" bw="1" slack="0"/>
<pin id="130" dir="0" index="7" bw="1" slack="0"/>
<pin id="131" dir="0" index="8" bw="1" slack="0"/>
<pin id="132" dir="1" index="9" bw="0" slack="2147483647"/>
</pin_list>
<bind>
<opcode="write(1151) " fcode="write"/>
<opset="write_ln304/3 "/>
</bind>
</comp>

<comp id="141" class="1004" name="write_ln174_write_fu_141">
<pin_list>
<pin id="142" dir="0" index="0" bw="0" slack="0"/>
<pin id="143" dir="0" index="1" bw="16" slack="0"/>
<pin id="144" dir="0" index="2" bw="16" slack="1"/>
<pin id="145" dir="1" index="3" bw="0" slack="2147483647"/>
</pin_list>
<bind>
<opcode="write(1151) " fcode="write"/>
<opset="write_ln174/3 "/>
</bind>
</comp>

<comp id="148" class="1004" name="store_ln1218_store_fu_148">
<pin_list>
<pin id="149" dir="0" index="0" bw="1" slack="0"/>
<pin id="150" dir="0" index="1" bw="64" slack="0"/>
<pin id="151" dir="1" index="2" bw="0" slack="2147483647"/>
</pin_list>
<bind>
<opcode="store(28) " fcode="store"/>
<opset="store_ln1218/1 "/>
</bind>
</comp>

<comp id="153" class="1004" name="p_Val2_s_fu_153">
<pin_list>
<pin id="154" dir="0" index="0" bw="161" slack="0"/>
<pin id="155" dir="1" index="1" bw="128" slack="0"/>
</pin_list>
<bind>
<opcode="extractvalue(56) " fcode="extractvalue"/>
<opset="p_Val2_s/2 "/>
</bind>
</comp>

<comp id="157" class="1004" name="length_V_fu_157">
<pin_list>
<pin id="158" dir="0" index="0" bw="16" slack="0"/>
<pin id="159" dir="0" index="1" bw="128" slack="0"/>
<pin id="160" dir="0" index="2" bw="6" slack="0"/>
<pin id="161" dir="0" index="3" bw="6" slack="0"/>
<pin id="162" dir="1" index="4" bw="16" slack="0"/>
</pin_list>
<bind>
<opcode="partselect(1002) " fcode="partselect"/>
<opset="length_V/2 "/>
</bind>
</comp>

<comp id="167" class="1004" name="icmp_ln874_fu_167">
<pin_list>
<pin id="168" dir="0" index="0" bw="16" slack="0"/>
<pin id="169" dir="0" index="1" bw="16" slack="0"/>
<pin id="170" dir="1" index="2" bw="1" slack="1"/>
</pin_list>
<bind>
<opcode="icmp(45) " fcode="icmp"/>
<opset="icmp_ln874/2 "/>
</bind>
</comp>

<comp id="173" class="1004" name="rxByteCnt_V_load_load_fu_173">
<pin_list>
<pin id="174" dir="0" index="0" bw="64" slack="1"/>
<pin id="175" dir="1" index="1" bw="64" slack="0"/>
</pin_list>
<bind>
<opcode="load(27) " fcode="load"/>
<opset="rxByteCnt_V_load/2 "/>
</bind>
</comp>

<comp id="176" class="1004" name="p_Result_s_fu_176">
<pin_list>
<pin id="177" dir="0" index="0" bw="128" slack="0"/>
<pin id="178" dir="1" index="1" bw="32" slack="1"/>
</pin_list>
<bind>
<opcode="trunc(33) " fcode="trunc"/>
<opset="p_Result_s/2 "/>
</bind>
</comp>

<comp id="180" class="1004" name="zext_ln208_fu_180">
<pin_list>
<pin id="181" dir="0" index="0" bw="16" slack="0"/>
<pin id="182" dir="1" index="1" bw="64" slack="0"/>
</pin_list>
<bind>
<opcode="zext(34) " fcode="zext"/>
<opset="zext_ln208/2 "/>
</bind>
</comp>

<comp id="184" class="1004" name="rxByteCnt_V_1_fu_184">
<pin_list>
<pin id="185" dir="0" index="0" bw="64" slack="0"/>
<pin id="186" dir="0" index="1" bw="16" slack="0"/>
<pin id="187" dir="1" index="2" bw="64" slack="0"/>
</pin_list>
<bind>
<opcode="add(8) " fcode="add"/>
<opset="rxByteCnt_V_1/2 "/>
</bind>
</comp>

<comp id="190" class="1004" name="store_ln1236_store_fu_190">
<pin_list>
<pin id="191" dir="0" index="0" bw="64" slack="0"/>
<pin id="192" dir="0" index="1" bw="64" slack="1"/>
<pin id="193" dir="1" index="2" bw="0" slack="2147483647"/>
</pin_list>
<bind>
<opcode="store(28) " fcode="store"/>
<opset="store_ln1236/2 "/>
</bind>
</comp>

<comp id="195" class="1004" name="rxByteCnt_V_2_load_fu_195">
<pin_list>
<pin id="196" dir="0" index="0" bw="64" slack="1"/>
<pin id="197" dir="1" index="1" bw="64" slack="0"/>
</pin_list>
<bind>
<opcode="load(27) " fcode="load"/>
<opset="rxByteCnt_V_2/2 "/>
</bind>
</comp>

<comp id="198" class="1004" name="icmp_ln878_fu_198">
<pin_list>
<pin id="199" dir="0" index="0" bw="64" slack="0"/>
<pin id="200" dir="0" index="1" bw="64" slack="1"/>
<pin id="201" dir="1" index="2" bw="1" slack="1"/>
</pin_list>
<bind>
<opcode="icmp(45) " fcode="icmp"/>
<opset="icmp_ln878/2 "/>
</bind>
</comp>

<comp id="203" class="1005" name="rxByteCnt_V_reg_203">
<pin_list>
<pin id="204" dir="0" index="0" bw="64" slack="0"/>
<pin id="205" dir="1" index="1" bw="64" slack="0"/>
</pin_list>
<bind>
<opset="rxByteCnt_V "/>
</bind>
</comp>

<comp id="211" class="1005" name="expRxBytePerSession_read_reg_211">
<pin_list>
<pin id="212" dir="0" index="0" bw="64" slack="1"/>
<pin id="213" dir="1" index="1" bw="64" slack="1"/>
</pin_list>
<bind>
<opset="expRxBytePerSession_read "/>
</bind>
</comp>

<comp id="216" class="1005" name="tmp_reg_216">
<pin_list>
<pin id="217" dir="0" index="0" bw="1" slack="1"/>
<pin id="218" dir="1" index="1" bw="1" slack="2147483647"/>
</pin_list>
<bind>
<opset="tmp "/>
</bind>
</comp>

<comp id="220" class="1005" name="length_V_reg_220">
<pin_list>
<pin id="221" dir="0" index="0" bw="16" slack="1"/>
<pin id="222" dir="1" index="1" bw="16" slack="1"/>
</pin_list>
<bind>
<opset="length_V "/>
</bind>
</comp>

<comp id="225" class="1005" name="icmp_ln874_reg_225">
<pin_list>
<pin id="226" dir="0" index="0" bw="1" slack="1"/>
<pin id="227" dir="1" index="1" bw="1" slack="2147483647"/>
</pin_list>
<bind>
<opset="icmp_ln874 "/>
</bind>
</comp>

<comp id="229" class="1005" name="p_Result_s_reg_229">
<pin_list>
<pin id="230" dir="0" index="0" bw="32" slack="1"/>
<pin id="231" dir="1" index="1" bw="32" slack="1"/>
</pin_list>
<bind>
<opset="p_Result_s "/>
</bind>
</comp>

<comp id="234" class="1005" name="icmp_ln878_reg_234">
<pin_list>
<pin id="235" dir="0" index="0" bw="1" slack="1"/>
<pin id="236" dir="1" index="1" bw="1" slack="2147483647"/>
</pin_list>
<bind>
<opset="icmp_ln878 "/>
</bind>
</comp>

</comp_list>

<net_list>
<net id="81"><net_src comp="22" pin="0"/><net_sink comp="78" pin=0"/></net>

<net id="86"><net_src comp="46" pin="0"/><net_sink comp="82" pin=0"/></net>

<net id="87"><net_src comp="2" pin="0"/><net_sink comp="82" pin=1"/></net>

<net id="93"><net_src comp="48" pin="0"/><net_sink comp="88" pin=0"/></net>

<net id="94"><net_src comp="20" pin="0"/><net_sink comp="88" pin=1"/></net>

<net id="95"><net_src comp="82" pin="2"/><net_sink comp="88" pin=2"/></net>

<net id="104"><net_src comp="60" pin="0"/><net_sink comp="96" pin=0"/></net>

<net id="105"><net_src comp="4" pin="0"/><net_sink comp="96" pin=1"/></net>

<net id="106"><net_src comp="6" pin="0"/><net_sink comp="96" pin=2"/></net>

<net id="107"><net_src comp="8" pin="0"/><net_sink comp="96" pin=3"/></net>

<net id="108"><net_src comp="10" pin="0"/><net_sink comp="96" pin=4"/></net>

<net id="109"><net_src comp="22" pin="0"/><net_sink comp="96" pin=5"/></net>

<net id="117"><net_src comp="62" pin="0"/><net_sink comp="110" pin=0"/></net>

<net id="118"><net_src comp="4" pin="0"/><net_sink comp="110" pin=1"/></net>

<net id="119"><net_src comp="6" pin="0"/><net_sink comp="110" pin=2"/></net>

<net id="120"><net_src comp="8" pin="0"/><net_sink comp="110" pin=3"/></net>

<net id="121"><net_src comp="10" pin="0"/><net_sink comp="110" pin=4"/></net>

<net id="133"><net_src comp="70" pin="0"/><net_sink comp="122" pin=0"/></net>

<net id="134"><net_src comp="12" pin="0"/><net_sink comp="122" pin=1"/></net>

<net id="135"><net_src comp="14" pin="0"/><net_sink comp="122" pin=2"/></net>

<net id="136"><net_src comp="16" pin="0"/><net_sink comp="122" pin=3"/></net>

<net id="137"><net_src comp="18" pin="0"/><net_sink comp="122" pin=4"/></net>

<net id="138"><net_src comp="72" pin="0"/><net_sink comp="122" pin=6"/></net>

<net id="139"><net_src comp="72" pin="0"/><net_sink comp="122" pin=7"/></net>

<net id="140"><net_src comp="74" pin="0"/><net_sink comp="122" pin=8"/></net>

<net id="146"><net_src comp="76" pin="0"/><net_sink comp="141" pin=0"/></net>

<net id="147"><net_src comp="0" pin="0"/><net_sink comp="141" pin=1"/></net>

<net id="152"><net_src comp="50" pin="0"/><net_sink comp="148" pin=0"/></net>

<net id="156"><net_src comp="110" pin="5"/><net_sink comp="153" pin=0"/></net>

<net id="163"><net_src comp="64" pin="0"/><net_sink comp="157" pin=0"/></net>

<net id="164"><net_src comp="153" pin="1"/><net_sink comp="157" pin=1"/></net>

<net id="165"><net_src comp="42" pin="0"/><net_sink comp="157" pin=2"/></net>

<net id="166"><net_src comp="66" pin="0"/><net_sink comp="157" pin=3"/></net>

<net id="171"><net_src comp="157" pin="4"/><net_sink comp="167" pin=0"/></net>

<net id="172"><net_src comp="68" pin="0"/><net_sink comp="167" pin=1"/></net>

<net id="179"><net_src comp="153" pin="1"/><net_sink comp="176" pin=0"/></net>

<net id="183"><net_src comp="157" pin="4"/><net_sink comp="180" pin=0"/></net>

<net id="188"><net_src comp="173" pin="1"/><net_sink comp="184" pin=0"/></net>

<net id="189"><net_src comp="180" pin="1"/><net_sink comp="184" pin=1"/></net>

<net id="194"><net_src comp="184" pin="2"/><net_sink comp="190" pin=0"/></net>

<net id="202"><net_src comp="195" pin="1"/><net_sink comp="198" pin=0"/></net>

<net id="206"><net_src comp="78" pin="1"/><net_sink comp="203" pin=0"/></net>

<net id="207"><net_src comp="203" pin="1"/><net_sink comp="148" pin=1"/></net>

<net id="208"><net_src comp="203" pin="1"/><net_sink comp="173" pin=0"/></net>

<net id="209"><net_src comp="203" pin="1"/><net_sink comp="190" pin=1"/></net>

<net id="210"><net_src comp="203" pin="1"/><net_sink comp="195" pin=0"/></net>

<net id="214"><net_src comp="82" pin="2"/><net_sink comp="211" pin=0"/></net>

<net id="215"><net_src comp="211" pin="1"/><net_sink comp="198" pin=1"/></net>

<net id="219"><net_src comp="96" pin="6"/><net_sink comp="216" pin=0"/></net>

<net id="223"><net_src comp="157" pin="4"/><net_sink comp="220" pin=0"/></net>

<net id="224"><net_src comp="220" pin="1"/><net_sink comp="141" pin=2"/></net>

<net id="228"><net_src comp="167" pin="2"/><net_sink comp="225" pin=0"/></net>

<net id="232"><net_src comp="176" pin="1"/><net_sink comp="229" pin=0"/></net>

<net id="233"><net_src comp="229" pin="1"/><net_sink comp="122" pin=5"/></net>

<net id="237"><net_src comp="198" pin="2"/><net_sink comp="234" pin=0"/></net>

</net_list>

</model> 
---------------- Datapath Model END ------------------

* FSMD analyzer results:
  - Output states:
	Port: nextRxPacketLength3 | {3 }
	Port: expRxBytePerSession | {}
	Port: s_axis_tcp_notification_V_data_V | {}
	Port: s_axis_tcp_notification_V_keep_V | {}
	Port: s_axis_tcp_notification_V_strb_V | {}
	Port: s_axis_tcp_notification_V_last_V | {}
	Port: m_axis_tcp_read_pkg_V_data_V | {3 }
	Port: m_axis_tcp_read_pkg_V_keep_V | {3 }
	Port: m_axis_tcp_read_pkg_V_strb_V | {3 }
	Port: m_axis_tcp_read_pkg_V_last_V | {3 }
	Port: expRxBytePerSession_out | {1 }
 - Input state : 
	Port: recvData_handshake : expRxBytePerSession | {1 }
	Port: recvData_handshake : s_axis_tcp_notification_V_data_V | {2 }
	Port: recvData_handshake : s_axis_tcp_notification_V_keep_V | {2 }
	Port: recvData_handshake : s_axis_tcp_notification_V_strb_V | {2 }
	Port: recvData_handshake : s_axis_tcp_notification_V_last_V | {2 }
	Port: recvData_handshake : m_axis_tcp_read_pkg_V_data_V | {}
	Port: recvData_handshake : m_axis_tcp_read_pkg_V_keep_V | {}
	Port: recvData_handshake : m_axis_tcp_read_pkg_V_strb_V | {}
	Port: recvData_handshake : m_axis_tcp_read_pkg_V_last_V | {}
  - Chain level:
	State 1
		store_ln1218 : 1
	State 2
		length_V : 1
		icmp_ln874 : 2
		br_ln1228 : 3
		p_Result_s : 1
		zext_ln208 : 2
		rxByteCnt_V_1 : 3
		store_ln1236 : 4
		icmp_ln878 : 1
		br_ln1239 : 2
	State 3
	State 4


============================================================
+ Verbose Summary: Datapath Resource usage 
============================================================

* Functional unit list:
|----------|-------------------------------------|---------|---------|
| Operation|           Functional Unit           |    FF   |   LUT   |
|----------|-------------------------------------|---------|---------|
|    add   |         rxByteCnt_V_1_fu_184        |    0    |    71   |
|----------|-------------------------------------|---------|---------|
|   icmp   |          icmp_ln874_fu_167          |    0    |    13   |
|          |          icmp_ln878_fu_198          |    0    |    29   |
|----------|-------------------------------------|---------|---------|
|   read   | expRxBytePerSession_read_read_fu_82 |    0    |    0    |
|          |          empty_read_fu_110          |    0    |    0    |
|----------|-------------------------------------|---------|---------|
|          |       write_ln878_write_fu_88       |    0    |    0    |
|   write  |       write_ln304_write_fu_122      |    0    |    0    |
|          |       write_ln174_write_fu_141      |    0    |    0    |
|----------|-------------------------------------|---------|---------|
| nbreadreq|         tmp_nbreadreq_fu_96         |    0    |    0    |
|----------|-------------------------------------|---------|---------|
|extractvalue|           p_Val2_s_fu_153           |    0    |    0    |
|----------|-------------------------------------|---------|---------|
|partselect|           length_V_fu_157           |    0    |    0    |
|----------|-------------------------------------|---------|---------|
|   trunc  |          p_Result_s_fu_176          |    0    |    0    |
|----------|-------------------------------------|---------|---------|
|   zext   |          zext_ln208_fu_180          |    0    |    0    |
|----------|-------------------------------------|---------|---------|
|   Total  |                                     |    0    |   113   |
|----------|-------------------------------------|---------|---------|

Memories:
N/A

* Register list:
+--------------------------------+--------+
|                                |   FF   |
+--------------------------------+--------+
|expRxBytePerSession_read_reg_211|   64   |
|       icmp_ln874_reg_225       |    1   |
|       icmp_ln878_reg_234       |    1   |
|        length_V_reg_220        |   16   |
|       p_Result_s_reg_229       |   32   |
|       rxByteCnt_V_reg_203      |   64   |
|           tmp_reg_216          |    1   |
+--------------------------------+--------+
|              Total             |   179  |
+--------------------------------+--------+

* Multiplexer (MUX) list: 
|--------|------|------|------|--------|
|  Comp  |  Pin | Size |  BW  | S x BW |
|--------|------|------|------|--------|
|  Total |      |      |      |    0   |
|--------|------|------|------|--------|



* Summary:
+-----------+--------+--------+
|           |   FF   |   LUT  |
+-----------+--------+--------+
|  Function |    0   |   113  |
|   Memory  |    -   |    -   |
|Multiplexer|    -   |    -   |
|  Register |   179  |    -   |
+-----------+--------+--------+
|   Total   |   179  |   113  |
+-----------+--------+--------+
