

================================================================
== Vitis HLS Report for 'recvData'
================================================================
* Date:           Sun Dec 11 15:14:48 2022

* Version:        2020.2 (Build 3064766 on Wed Nov 18 09:12:47 MST 2020)
* Project:        hls_recv_krnl
* Solution:       solution (Vitis Kernel Flow Target)
* Product family: virtexuplus
* Target device:  xcu250-figd2104-2L-e


================================================================
== Performance Estimates
================================================================
+ Timing: 
    * Summary: 
    +--------+---------+----------+------------+
    |  Clock |  Target | Estimated| Uncertainty|
    +--------+---------+----------+------------+
    |ap_clk  |  5.00 ns|  2.818 ns|     1.35 ns|
    +--------+---------+----------+------------+

+ Latency: 
    * Summary: 
    +---------+---------+----------+----------+-----+-----+----------+
    |  Latency (cycles) |  Latency (absolute) |  Interval | Pipeline |
    |   min   |   max   |    min   |    max   | min | max |   Type   |
    +---------+---------+----------+----------+-----+-----+----------+
    |        ?|        ?|         ?|         ?|    ?|    ?|  dataflow|
    +---------+---------+----------+----------+-----+-----+----------+

    + Detail: 
        * Instance: 
        N/A

        * Loop: 
        N/A

============================================================
+ Verbose Summary: Synthesis Manager
============================================================
InlineROM: 1
ExposeGlobal: 0
============================================================
+ Verbose Summary: CDFG Model
============================================================
IsTopModel: 0
ResetActiveHigh: 1
IsCombinational: 2
IsDatapathOnly: 0
HasWiredReturn: 1
HasMFsm: 0
HasVarLatency: 1
IsPipeline: 0
IsRtlPipelined: 0
IsInstanceOverlapped: 0
IsDontTouch: 0
HasImplIP: 0
IsGatedGlobalClock: 0


============================================================
+ Verbose Summary: Schedule
============================================================
* Number of FSM states : 5
* Pipeline : 0
* Dataflow Pipeline: 1
  DF-Pipeline-0: Size = 5, States = { 1 2 3 4 5 }

* FSM state transitions: 
1 --> 2 
2 --> 3 
3 --> 4 
4 --> 5 
5 --> 

* FSM state operations: 

State 1 <SV = 0> <Delay = 0.00>
ST_1 : Operation 6 [1/1] (0.00ns)   --->   "%expRxBytePerSession_c_i = alloca i64 1" [/space1/hxh/APB/sha_aes_tcpip/Vitis_with_100Gbps_TCP-IP/kernel/common/include/communication.hpp:1331]   --->   Operation 6 'alloca' 'expRxBytePerSession_c_i' <Predicate = true> <Delay = 0.00> <CoreInst = "FIFO_SRL">   --->   Core 81 'FIFO_SRL' <Latency = 0> <II = 1> <Delay = 1.40> <Storage> <Opcode : 'read' 'write' 'nbread' 'nbwrite'> <Ports = 0> <Width = 64> <Depth = 2> <FIFO>
ST_1 : Operation 7 [1/1] (0.00ns)   --->   "%nextRxPacketLength = alloca i64 1" [/space1/hxh/APB/sha_aes_tcpip/Vitis_with_100Gbps_TCP-IP/kernel/common/include/communication.hpp:1323]   --->   Operation 7 'alloca' 'nextRxPacketLength' <Predicate = true> <Delay = 0.00> <CoreInst = "FIFO">   --->   Core 78 'FIFO' <Latency = 0> <II = 1> <Delay = 1.23> <Storage> <Opcode : 'read' 'write' 'nbread' 'nbwrite'> <Ports = 0> <Width = 16> <Depth = 512> <FIFO>

State 2 <SV = 1> <Delay = 2.59>
ST_2 : Operation 8 [2/2] (2.59ns)   --->   "%call_ln1326 = call void @recvData_handshake, i16 %nextRxPacketLength, i64 %expRxBytePerSession, i128 %s_axis_tcp_notification_V_data_V, i16 %s_axis_tcp_notification_V_keep_V, i16 %s_axis_tcp_notification_V_strb_V, i1 %s_axis_tcp_notification_V_last_V, i32 %m_axis_tcp_read_pkg_V_data_V, i4 %m_axis_tcp_read_pkg_V_keep_V, i4 %m_axis_tcp_read_pkg_V_strb_V, i1 %m_axis_tcp_read_pkg_V_last_V, i64 %expRxBytePerSession_c_i" [/space1/hxh/APB/sha_aes_tcpip/Vitis_with_100Gbps_TCP-IP/kernel/common/include/communication.hpp:1326]   --->   Operation 8 'call' 'call_ln1326' <Predicate = true> <Delay = 2.59> <CoreType = "Generic">   --->   Core 0 '' <Latency = 0> <II = 1> <Delay = 1.00> <Generic> <Opcode : >

State 3 <SV = 2> <Delay = 0.00>
ST_3 : Operation 9 [1/2] (0.00ns)   --->   "%call_ln1326 = call void @recvData_handshake, i16 %nextRxPacketLength, i64 %expRxBytePerSession, i128 %s_axis_tcp_notification_V_data_V, i16 %s_axis_tcp_notification_V_keep_V, i16 %s_axis_tcp_notification_V_strb_V, i1 %s_axis_tcp_notification_V_last_V, i32 %m_axis_tcp_read_pkg_V_data_V, i4 %m_axis_tcp_read_pkg_V_keep_V, i4 %m_axis_tcp_read_pkg_V_strb_V, i1 %m_axis_tcp_read_pkg_V_last_V, i64 %expRxBytePerSession_c_i" [/space1/hxh/APB/sha_aes_tcpip/Vitis_with_100Gbps_TCP-IP/kernel/common/include/communication.hpp:1326]   --->   Operation 9 'call' 'call_ln1326' <Predicate = true> <Delay = 0.00> <CoreType = "Generic">   --->   Core 0 '' <Latency = 0> <II = 1> <Delay = 1.00> <Generic> <Opcode : >

State 4 <SV = 3> <Delay = 1.41>
ST_4 : Operation 10 [2/2] (1.41ns)   --->   "%call_ln1331 = call void @recvData_consumeData, i16 %nextRxPacketLength, i64 %expRxBytePerSession_c_i, i16 %s_axis_tcp_rx_meta_V_data_V, i2 %s_axis_tcp_rx_meta_V_keep_V, i2 %s_axis_tcp_rx_meta_V_strb_V, i1 %s_axis_tcp_rx_meta_V_last_V, i512 %s_axis_tcp_rx_data_V_data_V, i64 %s_axis_tcp_rx_data_V_keep_V, i64 %s_axis_tcp_rx_data_V_strb_V, i1 %s_axis_tcp_rx_data_V_last_V, i512 %s_data_net_out" [/space1/hxh/APB/sha_aes_tcpip/Vitis_with_100Gbps_TCP-IP/kernel/common/include/communication.hpp:1331]   --->   Operation 10 'call' 'call_ln1331' <Predicate = true> <Delay = 1.41> <CoreType = "Generic">   --->   Core 0 '' <Latency = 0> <II = 1> <Delay = 1.00> <Generic> <Opcode : >

State 5 <SV = 4> <Delay = 0.00>
ST_5 : Operation 11 [1/1] (0.00ns)   --->   "%specinterface_ln0 = specinterface void @_ssdm_op_SpecInterface, i1 %s_axis_tcp_notification_V_last_V, i16 %s_axis_tcp_notification_V_strb_V, i16 %s_axis_tcp_notification_V_keep_V, i128 %s_axis_tcp_notification_V_data_V, void @empty_30, i32 1, i32 1, void @empty_9, i32 0, i32 0, void @empty_14, void @empty_14, void @empty_14, i32 0, i32 0, i32 0, i32 0, void @empty_14, void @empty_14"   --->   Operation 11 'specinterface' 'specinterface_ln0' <Predicate = true> <Delay = 0.00>
ST_5 : Operation 12 [1/1] (0.00ns)   --->   "%specinterface_ln0 = specinterface void @_ssdm_op_SpecInterface, i1 %s_axis_tcp_notification_V_last_V, i16 %s_axis_tcp_notification_V_strb_V, i16 %s_axis_tcp_notification_V_keep_V, i128 %s_axis_tcp_notification_V_data_V, void @empty_30, i32 1, i32 1, void @empty_9, i32 0, i32 0, void @empty_14, void @empty_14, void @empty_14, i32 0, i32 0, i32 0, i32 0, void @empty_14, void @empty_14"   --->   Operation 12 'specinterface' 'specinterface_ln0' <Predicate = true> <Delay = 0.00>
ST_5 : Operation 13 [1/1] (0.00ns)   --->   "%specinterface_ln0 = specinterface void @_ssdm_op_SpecInterface, i1 %s_axis_tcp_notification_V_last_V, i16 %s_axis_tcp_notification_V_strb_V, i16 %s_axis_tcp_notification_V_keep_V, i128 %s_axis_tcp_notification_V_data_V, void @empty_30, i32 1, i32 1, void @empty_9, i32 0, i32 0, void @empty_14, void @empty_14, void @empty_14, i32 0, i32 0, i32 0, i32 0, void @empty_14, void @empty_14"   --->   Operation 13 'specinterface' 'specinterface_ln0' <Predicate = true> <Delay = 0.00>
ST_5 : Operation 14 [1/1] (0.00ns)   --->   "%specinterface_ln0 = specinterface void @_ssdm_op_SpecInterface, i1 %s_axis_tcp_notification_V_last_V, i16 %s_axis_tcp_notification_V_strb_V, i16 %s_axis_tcp_notification_V_keep_V, i128 %s_axis_tcp_notification_V_data_V, void @empty_30, i32 1, i32 1, void @empty_9, i32 0, i32 0, void @empty_14, void @empty_14, void @empty_14, i32 0, i32 0, i32 0, i32 0, void @empty_14, void @empty_14"   --->   Operation 14 'specinterface' 'specinterface_ln0' <Predicate = true> <Delay = 0.00>
ST_5 : Operation 15 [1/1] (0.00ns)   --->   "%specinterface_ln0 = specinterface void @_ssdm_op_SpecInterface, i1 %m_axis_tcp_read_pkg_V_last_V, i4 %m_axis_tcp_read_pkg_V_strb_V, i4 %m_axis_tcp_read_pkg_V_keep_V, i32 %m_axis_tcp_read_pkg_V_data_V, void @empty_30, i32 1, i32 1, void @empty_9, i32 0, i32 0, void @empty_14, void @empty_14, void @empty_14, i32 0, i32 0, i32 0, i32 0, void @empty_14, void @empty_14"   --->   Operation 15 'specinterface' 'specinterface_ln0' <Predicate = true> <Delay = 0.00>
ST_5 : Operation 16 [1/1] (0.00ns)   --->   "%specinterface_ln0 = specinterface void @_ssdm_op_SpecInterface, i1 %m_axis_tcp_read_pkg_V_last_V, i4 %m_axis_tcp_read_pkg_V_strb_V, i4 %m_axis_tcp_read_pkg_V_keep_V, i32 %m_axis_tcp_read_pkg_V_data_V, void @empty_30, i32 1, i32 1, void @empty_9, i32 0, i32 0, void @empty_14, void @empty_14, void @empty_14, i32 0, i32 0, i32 0, i32 0, void @empty_14, void @empty_14"   --->   Operation 16 'specinterface' 'specinterface_ln0' <Predicate = true> <Delay = 0.00>
ST_5 : Operation 17 [1/1] (0.00ns)   --->   "%specinterface_ln0 = specinterface void @_ssdm_op_SpecInterface, i1 %m_axis_tcp_read_pkg_V_last_V, i4 %m_axis_tcp_read_pkg_V_strb_V, i4 %m_axis_tcp_read_pkg_V_keep_V, i32 %m_axis_tcp_read_pkg_V_data_V, void @empty_30, i32 1, i32 1, void @empty_9, i32 0, i32 0, void @empty_14, void @empty_14, void @empty_14, i32 0, i32 0, i32 0, i32 0, void @empty_14, void @empty_14"   --->   Operation 17 'specinterface' 'specinterface_ln0' <Predicate = true> <Delay = 0.00>
ST_5 : Operation 18 [1/1] (0.00ns)   --->   "%specinterface_ln0 = specinterface void @_ssdm_op_SpecInterface, i1 %m_axis_tcp_read_pkg_V_last_V, i4 %m_axis_tcp_read_pkg_V_strb_V, i4 %m_axis_tcp_read_pkg_V_keep_V, i32 %m_axis_tcp_read_pkg_V_data_V, void @empty_30, i32 1, i32 1, void @empty_9, i32 0, i32 0, void @empty_14, void @empty_14, void @empty_14, i32 0, i32 0, i32 0, i32 0, void @empty_14, void @empty_14"   --->   Operation 18 'specinterface' 'specinterface_ln0' <Predicate = true> <Delay = 0.00>
ST_5 : Operation 19 [1/1] (0.00ns)   --->   "%specinterface_ln0 = specinterface void @_ssdm_op_SpecInterface, i1 %s_axis_tcp_rx_meta_V_last_V, i2 %s_axis_tcp_rx_meta_V_strb_V, i2 %s_axis_tcp_rx_meta_V_keep_V, i16 %s_axis_tcp_rx_meta_V_data_V, void @empty_30, i32 1, i32 1, void @empty_9, i32 0, i32 0, void @empty_14, void @empty_14, void @empty_14, i32 0, i32 0, i32 0, i32 0, void @empty_14, void @empty_14"   --->   Operation 19 'specinterface' 'specinterface_ln0' <Predicate = true> <Delay = 0.00>
ST_5 : Operation 20 [1/1] (0.00ns)   --->   "%specinterface_ln0 = specinterface void @_ssdm_op_SpecInterface, i1 %s_axis_tcp_rx_meta_V_last_V, i2 %s_axis_tcp_rx_meta_V_strb_V, i2 %s_axis_tcp_rx_meta_V_keep_V, i16 %s_axis_tcp_rx_meta_V_data_V, void @empty_30, i32 1, i32 1, void @empty_9, i32 0, i32 0, void @empty_14, void @empty_14, void @empty_14, i32 0, i32 0, i32 0, i32 0, void @empty_14, void @empty_14"   --->   Operation 20 'specinterface' 'specinterface_ln0' <Predicate = true> <Delay = 0.00>
ST_5 : Operation 21 [1/1] (0.00ns)   --->   "%specinterface_ln0 = specinterface void @_ssdm_op_SpecInterface, i1 %s_axis_tcp_rx_meta_V_last_V, i2 %s_axis_tcp_rx_meta_V_strb_V, i2 %s_axis_tcp_rx_meta_V_keep_V, i16 %s_axis_tcp_rx_meta_V_data_V, void @empty_30, i32 1, i32 1, void @empty_9, i32 0, i32 0, void @empty_14, void @empty_14, void @empty_14, i32 0, i32 0, i32 0, i32 0, void @empty_14, void @empty_14"   --->   Operation 21 'specinterface' 'specinterface_ln0' <Predicate = true> <Delay = 0.00>
ST_5 : Operation 22 [1/1] (0.00ns)   --->   "%specinterface_ln0 = specinterface void @_ssdm_op_SpecInterface, i1 %s_axis_tcp_rx_meta_V_last_V, i2 %s_axis_tcp_rx_meta_V_strb_V, i2 %s_axis_tcp_rx_meta_V_keep_V, i16 %s_axis_tcp_rx_meta_V_data_V, void @empty_30, i32 1, i32 1, void @empty_9, i32 0, i32 0, void @empty_14, void @empty_14, void @empty_14, i32 0, i32 0, i32 0, i32 0, void @empty_14, void @empty_14"   --->   Operation 22 'specinterface' 'specinterface_ln0' <Predicate = true> <Delay = 0.00>
ST_5 : Operation 23 [1/1] (0.00ns)   --->   "%specinterface_ln0 = specinterface void @_ssdm_op_SpecInterface, i1 %s_axis_tcp_rx_data_V_last_V, i64 %s_axis_tcp_rx_data_V_strb_V, i64 %s_axis_tcp_rx_data_V_keep_V, i512 %s_axis_tcp_rx_data_V_data_V, void @empty_30, i32 1, i32 1, void @empty_9, i32 0, i32 0, void @empty_14, void @empty_14, void @empty_14, i32 0, i32 0, i32 0, i32 0, void @empty_14, void @empty_14"   --->   Operation 23 'specinterface' 'specinterface_ln0' <Predicate = true> <Delay = 0.00>
ST_5 : Operation 24 [1/1] (0.00ns)   --->   "%specinterface_ln0 = specinterface void @_ssdm_op_SpecInterface, i1 %s_axis_tcp_rx_data_V_last_V, i64 %s_axis_tcp_rx_data_V_strb_V, i64 %s_axis_tcp_rx_data_V_keep_V, i512 %s_axis_tcp_rx_data_V_data_V, void @empty_30, i32 1, i32 1, void @empty_9, i32 0, i32 0, void @empty_14, void @empty_14, void @empty_14, i32 0, i32 0, i32 0, i32 0, void @empty_14, void @empty_14"   --->   Operation 24 'specinterface' 'specinterface_ln0' <Predicate = true> <Delay = 0.00>
ST_5 : Operation 25 [1/1] (0.00ns)   --->   "%specinterface_ln0 = specinterface void @_ssdm_op_SpecInterface, i1 %s_axis_tcp_rx_data_V_last_V, i64 %s_axis_tcp_rx_data_V_strb_V, i64 %s_axis_tcp_rx_data_V_keep_V, i512 %s_axis_tcp_rx_data_V_data_V, void @empty_30, i32 1, i32 1, void @empty_9, i32 0, i32 0, void @empty_14, void @empty_14, void @empty_14, i32 0, i32 0, i32 0, i32 0, void @empty_14, void @empty_14"   --->   Operation 25 'specinterface' 'specinterface_ln0' <Predicate = true> <Delay = 0.00>
ST_5 : Operation 26 [1/1] (0.00ns)   --->   "%specinterface_ln0 = specinterface void @_ssdm_op_SpecInterface, i1 %s_axis_tcp_rx_data_V_last_V, i64 %s_axis_tcp_rx_data_V_strb_V, i64 %s_axis_tcp_rx_data_V_keep_V, i512 %s_axis_tcp_rx_data_V_data_V, void @empty_30, i32 1, i32 1, void @empty_9, i32 0, i32 0, void @empty_14, void @empty_14, void @empty_14, i32 0, i32 0, i32 0, i32 0, void @empty_14, void @empty_14"   --->   Operation 26 'specinterface' 'specinterface_ln0' <Predicate = true> <Delay = 0.00>
ST_5 : Operation 27 [1/1] (0.00ns)   --->   "%specinterface_ln0 = specinterface void @_ssdm_op_SpecInterface, i512 %s_data_net_out, void @empty_19, i32 0, i32 0, void @empty_14, i32 0, i32 0, void @empty_14, void @empty_14, void @empty_14, i32 0, i32 0, i32 0, i32 0, void @empty_14, void @empty_14"   --->   Operation 27 'specinterface' 'specinterface_ln0' <Predicate = true> <Delay = 0.00>
ST_5 : Operation 28 [1/1] (0.00ns)   --->   "%specinterface_ln0 = specinterface void @_ssdm_op_SpecInterface, i512 %s_data_net_out, void @empty_19, i32 0, i32 0, void @empty_14, i32 0, i32 0, void @empty_14, void @empty_14, void @empty_14, i32 0, i32 0, i32 0, i32 0, void @empty_14, void @empty_14"   --->   Operation 28 'specinterface' 'specinterface_ln0' <Predicate = true> <Delay = 0.00>
ST_5 : Operation 29 [1/1] (0.00ns)   --->   "%specinterface_ln0 = specinterface void @_ssdm_op_SpecInterface, i512 %s_data_net_out, void @empty_19, i32 0, i32 0, void @empty_14, i32 0, i32 0, void @empty_14, void @empty_14, void @empty_14, i32 0, i32 0, i32 0, i32 0, void @empty_14, void @empty_14"   --->   Operation 29 'specinterface' 'specinterface_ln0' <Predicate = true> <Delay = 0.00>
ST_5 : Operation 30 [1/1] (0.00ns)   --->   "%specinterface_ln0 = specinterface void @_ssdm_op_SpecInterface, i64 %expRxBytePerSession, void @ap_fifo_str, i32 0, i32 0, void @p_str, i32 0, i32 0, void @p_str, void @p_str, void @p_str, i32 2, i32 2, i32 16, i32 16, void @p_str, void @ScalarProp_str"   --->   Operation 30 'specinterface' 'specinterface_ln0' <Predicate = true> <Delay = 0.00>
ST_5 : Operation 31 [1/1] (0.00ns)   --->   "%specinterface_ln0 = specinterface void @_ssdm_op_SpecInterface, i512 %s_data_net_out, void @empty_19, i32 0, i32 0, void @empty_14, i32 0, i32 0, void @empty_14, void @empty_14, void @empty_14, i32 0, i32 0, i32 0, i32 0, void @empty_14, void @empty_14"   --->   Operation 31 'specinterface' 'specinterface_ln0' <Predicate = true> <Delay = 0.00>
ST_5 : Operation 32 [1/1] (0.00ns)   --->   "%specinterface_ln0 = specinterface void @_ssdm_op_SpecInterface, i512 %s_data_net_out, void @empty_19, i32 0, i32 0, void @empty_14, i32 0, i32 0, void @empty_14, void @empty_14, void @empty_14, i32 0, i32 0, i32 0, i32 0, void @empty_14, void @empty_14"   --->   Operation 32 'specinterface' 'specinterface_ln0' <Predicate = true> <Delay = 0.00>
ST_5 : Operation 33 [1/1] (0.00ns)   --->   "%specinterface_ln0 = specinterface void @_ssdm_op_SpecInterface, i512 %s_data_net_out, void @empty_19, i32 0, i32 0, void @empty_14, i32 0, i32 0, void @empty_14, void @empty_14, void @empty_14, i32 0, i32 0, i32 0, i32 0, void @empty_14, void @empty_14"   --->   Operation 33 'specinterface' 'specinterface_ln0' <Predicate = true> <Delay = 0.00>
ST_5 : Operation 34 [1/1] (0.00ns)   --->   "%specdataflowpipeline_ln0 = specdataflowpipeline void @_ssdm_op_SpecDataflowPipeline, i32 4294967295, i32 1, void @empty_14"   --->   Operation 34 'specdataflowpipeline' 'specdataflowpipeline_ln0' <Predicate = true> <Delay = 0.00>
ST_5 : Operation 35 [1/1] (0.00ns)   --->   "%specinterface_ln0 = specinterface void @_ssdm_op_SpecInterface, i1 %s_axis_tcp_rx_data_V_last_V, i64 %s_axis_tcp_rx_data_V_strb_V, i64 %s_axis_tcp_rx_data_V_keep_V, i512 %s_axis_tcp_rx_data_V_data_V, void @empty_30, i32 1, i32 1, void @empty_9, i32 0, i32 0, void @empty_14, void @empty_14, void @empty_14, i32 0, i32 0, i32 0, i32 0, void @empty_14, void @empty_14"   --->   Operation 35 'specinterface' 'specinterface_ln0' <Predicate = true> <Delay = 0.00>
ST_5 : Operation 36 [1/1] (0.00ns)   --->   "%specinterface_ln0 = specinterface void @_ssdm_op_SpecInterface, i1 %s_axis_tcp_rx_meta_V_last_V, i2 %s_axis_tcp_rx_meta_V_strb_V, i2 %s_axis_tcp_rx_meta_V_keep_V, i16 %s_axis_tcp_rx_meta_V_data_V, void @empty_30, i32 1, i32 1, void @empty_9, i32 0, i32 0, void @empty_14, void @empty_14, void @empty_14, i32 0, i32 0, i32 0, i32 0, void @empty_14, void @empty_14"   --->   Operation 36 'specinterface' 'specinterface_ln0' <Predicate = true> <Delay = 0.00>
ST_5 : Operation 37 [1/1] (0.00ns)   --->   "%specinterface_ln0 = specinterface void @_ssdm_op_SpecInterface, i1 %m_axis_tcp_read_pkg_V_last_V, i4 %m_axis_tcp_read_pkg_V_strb_V, i4 %m_axis_tcp_read_pkg_V_keep_V, i32 %m_axis_tcp_read_pkg_V_data_V, void @empty_30, i32 1, i32 1, void @empty_9, i32 0, i32 0, void @empty_14, void @empty_14, void @empty_14, i32 0, i32 0, i32 0, i32 0, void @empty_14, void @empty_14"   --->   Operation 37 'specinterface' 'specinterface_ln0' <Predicate = true> <Delay = 0.00>
ST_5 : Operation 38 [1/1] (0.00ns)   --->   "%specinterface_ln0 = specinterface void @_ssdm_op_SpecInterface, i1 %s_axis_tcp_notification_V_last_V, i16 %s_axis_tcp_notification_V_strb_V, i16 %s_axis_tcp_notification_V_keep_V, i128 %s_axis_tcp_notification_V_data_V, void @empty_30, i32 1, i32 1, void @empty_9, i32 0, i32 0, void @empty_14, void @empty_14, void @empty_14, i32 0, i32 0, i32 0, i32 0, void @empty_14, void @empty_14"   --->   Operation 38 'specinterface' 'specinterface_ln0' <Predicate = true> <Delay = 0.00>
ST_5 : Operation 39 [1/1] (0.00ns)   --->   "%empty = specchannel i32 @_ssdm_op_SpecChannel, void @nextRxPacketLength_str, i32 1, void @p_str, void @p_str, i32 512, i32 512, i16 %nextRxPacketLength, i16 %nextRxPacketLength"   --->   Operation 39 'specchannel' 'empty' <Predicate = true> <Delay = 0.00>
ST_5 : Operation 40 [1/1] (0.00ns)   --->   "%specinterface_ln0 = specinterface void @_ssdm_op_SpecInterface, i16 %nextRxPacketLength, void @empty_19, i32 0, i32 0, void @empty_14, i32 0, i32 0, void @empty_14, void @empty_14, void @empty_14, i32 0, i32 0, i32 0, i32 0, void @empty_14, void @empty_14"   --->   Operation 40 'specinterface' 'specinterface_ln0' <Predicate = true> <Delay = 0.00>
ST_5 : Operation 41 [1/1] (0.00ns)   --->   "%empty_69 = specchannel i32 @_ssdm_op_SpecChannel, void @expRxBytePerSession_c_str, i32 1, void @p_str, void @p_str, i32 2, i32 0, i64 %expRxBytePerSession_c_i, i64 %expRxBytePerSession_c_i" [/space1/hxh/APB/sha_aes_tcpip/Vitis_with_100Gbps_TCP-IP/kernel/common/include/communication.hpp:1331]   --->   Operation 41 'specchannel' 'empty_69' <Predicate = true> <Delay = 0.00>
ST_5 : Operation 42 [1/1] (0.00ns)   --->   "%specinterface_ln1331 = specinterface void @_ssdm_op_SpecInterface, i64 %expRxBytePerSession_c_i, void @ap_fifo_str, i32 0, i32 0, void @p_str, i32 0, i32 0, void @p_str, void @p_str, void @p_str, i32 2, i32 2, i32 16, i32 16, void @p_str, void @p_str" [/space1/hxh/APB/sha_aes_tcpip/Vitis_with_100Gbps_TCP-IP/kernel/common/include/communication.hpp:1331]   --->   Operation 42 'specinterface' 'specinterface_ln1331' <Predicate = true> <Delay = 0.00>
ST_5 : Operation 43 [1/2] (0.00ns)   --->   "%call_ln1331 = call void @recvData_consumeData, i16 %nextRxPacketLength, i64 %expRxBytePerSession_c_i, i16 %s_axis_tcp_rx_meta_V_data_V, i2 %s_axis_tcp_rx_meta_V_keep_V, i2 %s_axis_tcp_rx_meta_V_strb_V, i1 %s_axis_tcp_rx_meta_V_last_V, i512 %s_axis_tcp_rx_data_V_data_V, i64 %s_axis_tcp_rx_data_V_keep_V, i64 %s_axis_tcp_rx_data_V_strb_V, i1 %s_axis_tcp_rx_data_V_last_V, i512 %s_data_net_out" [/space1/hxh/APB/sha_aes_tcpip/Vitis_with_100Gbps_TCP-IP/kernel/common/include/communication.hpp:1331]   --->   Operation 43 'call' 'call_ln1331' <Predicate = true> <Delay = 0.00> <CoreType = "Generic">   --->   Core 0 '' <Latency = 0> <II = 1> <Delay = 1.00> <Generic> <Opcode : >
ST_5 : Operation 44 [1/1] (0.00ns)   --->   "%ret_ln0 = ret"   --->   Operation 44 'ret' 'ret_ln0' <Predicate = true> <Delay = 0.00>


============================================================
+ Verbose Summary: Timing violations
============================================================
Target clock period: 5ns, clock uncertainty: 1.35ns.

 <State 1>: 0ns
The critical path consists of the following:

 <State 2>: 2.6ns
The critical path consists of the following:
	'call' operation ('call_ln1326', /space1/hxh/APB/sha_aes_tcpip/Vitis_with_100Gbps_TCP-IP/kernel/common/include/communication.hpp:1326) to 'recvData_handshake' [54]  (2.6 ns)

 <State 3>: 0ns
The critical path consists of the following:

 <State 4>: 1.41ns
The critical path consists of the following:
	'call' operation ('call_ln1331', /space1/hxh/APB/sha_aes_tcpip/Vitis_with_100Gbps_TCP-IP/kernel/common/include/communication.hpp:1331) to 'recvData_consumeData' [55]  (1.41 ns)

 <State 5>: 0ns
The critical path consists of the following:


============================================================
+ Verbose Summary: Binding
============================================================
N/A
* FSMD analyzer results:
  - Output states:
 - Input state : 
  - Chain level:
	State 1
	State 2
	State 3
	State 4
	State 5


============================================================
+ Verbose Summary: Datapath Resource usage 
============================================================
N/A
