

================================================================
== Vitis HLS Report for 'tie_off_tcp_close_con'
================================================================
* Date:           Sun Dec 11 15:16:48 2022

* Version:        2020.2 (Build 3064766 on Wed Nov 18 09:12:47 MST 2020)
* Project:        hls_recv_krnl
* Solution:       solution (Vitis Kernel Flow Target)
* Product family: virtexuplus
* Target device:  xcu250-figd2104-2L-e


================================================================
== Performance Estimates
================================================================
+ Timing: 
    * Summary: 
    +--------+---------+----------+------------+
    |  Clock |  Target | Estimated| Uncertainty|
    +--------+---------+----------+------------+
    |ap_clk  |  5.00 ns|  1.446 ns|     1.35 ns|
    +--------+---------+----------+------------+

+ Latency: 
    * Summary: 
    +---------+---------+----------+----------+-----+-----+---------+
    |  Latency (cycles) |  Latency (absolute) |  Interval | Pipeline|
    |   min   |   max   |    min   |    max   | min | max |   Type  |
    +---------+---------+----------+----------+-----+-----+---------+
    |        1|        1|  5.000 ns|  5.000 ns|    1|    1|     none|
    +---------+---------+----------+----------+-----+-----+---------+

    + Detail: 
        * Instance: 
        N/A

        * Loop: 
        N/A

============================================================
+ Verbose Summary: Synthesis Manager
============================================================
InlineROM: 1
ExposeGlobal: 0
============================================================
+ Verbose Summary: CDFG Model
============================================================
IsTopModel: 0
ResetActiveHigh: 1
IsCombinational: 2
IsDatapathOnly: 0
HasWiredReturn: 1
HasMFsm: 0
HasVarLatency: 1
IsPipeline: 0
IsRtlPipelined: 0
IsInstanceOverlapped: 0
IsDontTouch: 0
HasImplIP: 0
IsGatedGlobalClock: 0


============================================================
+ Verbose Summary: Schedule
============================================================
* Number of FSM states : 2
* Pipeline : 0
* Dataflow Pipeline: 0

* FSM state transitions: 
1 --> 2 
2 --> 

* FSM state operations: 

State 1 <SV = 0> <Delay = 1.44>
ST_1 : Operation 3 [1/1] (0.00ns)   --->   "%specinterface_ln0 = specinterface void @_ssdm_op_SpecInterface, i1 %m_axis_tcp_close_connection_V_last_V, i2 %m_axis_tcp_close_connection_V_strb_V, i2 %m_axis_tcp_close_connection_V_keep_V, i16 %m_axis_tcp_close_connection_V_data_V, void @empty_30, i32 1, i32 1, void @empty_9, i32 0, i32 0, void @empty_14, void @empty_14, void @empty_14, i32 0, i32 0, i32 0, i32 0, void @empty_14, void @empty_14"   --->   Operation 3 'specinterface' 'specinterface_ln0' <Predicate = true> <Delay = 0.00>
ST_1 : Operation 4 [1/1] (0.00ns)   --->   "%closeConnection = alloca i64 1" [/space1/hxh/APB/sha_aes_tcpip/Vitis_with_100Gbps_TCP-IP/kernel/common/include/communication.hpp:1510]   --->   Operation 4 'alloca' 'closeConnection' <Predicate = true> <Delay = 0.00>
ST_1 : Operation 5 [1/1] (0.00ns)   --->   "%specinterface_ln0 = specinterface void @_ssdm_op_SpecInterface, i16 %closeConnection, void @empty_19, i32 0, i32 0, void @empty_14, i32 0, i32 0, void @empty_14, void @empty_14, void @empty_14, i32 0, i32 0, i32 0, i32 0, void @empty_14, void @empty_14"   --->   Operation 5 'specinterface' 'specinterface_ln0' <Predicate = true> <Delay = 0.00>
ST_1 : Operation 6 [1/1] (0.00ns)   --->   "%tmp = nbreadreq i1 @_ssdm_op_NbReadReq.ap_fifo.i16P0A, i16 %closeConnection, i32 1" [/space1/Xilinx20202/Vitis_HLS/2020.2/common/technology/autopilot/hls_stream_39.h:136]   --->   Operation 6 'nbreadreq' 'tmp' <Predicate = true> <Delay = 0.00> <CoreInst = "FIFO">   --->   Core 78 'FIFO' <Latency = 0> <II = 1> <Delay = 1.44> <Storage> <Opcode : 'read' 'write' 'nbread' 'nbwrite'> <Ports = 0> <Width = 16> <Depth = 0> <FIFO>
ST_1 : Operation 7 [1/1] (0.00ns)   --->   "%br_ln1512 = br i1 %tmp, void %._crit_edge, void" [/space1/hxh/APB/sha_aes_tcpip/Vitis_with_100Gbps_TCP-IP/kernel/common/include/communication.hpp:1512]   --->   Operation 7 'br' 'br_ln1512' <Predicate = true> <Delay = 0.00>
ST_1 : Operation 8 [1/1] (1.44ns)   --->   "%tmp_3 = read i16 @_ssdm_op_Read.ap_fifo.volatile.i16P0A, i16 %closeConnection" [/space1/Xilinx20202/Vitis_HLS/2020.2/common/technology/autopilot/hls_stream_39.h:145]   --->   Operation 8 'read' 'tmp_3' <Predicate = (tmp)> <Delay = 1.44> <CoreInst = "FIFO">   --->   Core 78 'FIFO' <Latency = 0> <II = 1> <Delay = 1.44> <Storage> <Opcode : 'read' 'write' 'nbread' 'nbwrite'> <Ports = 0> <Width = 16> <Depth = 0> <FIFO>
ST_1 : Operation 9 [2/2] (0.00ns)   --->   "%write_ln304 = write void @_ssdm_op_Write.axis.volatile.i16P0A.i2P0A.i2P0A.i1P0A, i16 %m_axis_tcp_close_connection_V_data_V, i2 %m_axis_tcp_close_connection_V_keep_V, i2 %m_axis_tcp_close_connection_V_strb_V, i1 %m_axis_tcp_close_connection_V_last_V, i16 %tmp_3, i2 0, i2 0, i1 0"   --->   Operation 9 'write' 'write_ln304' <Predicate = (tmp)> <Delay = 0.00> <CoreInst = "axis">   --->   Core 123 'axis' <Latency = 0> <II = 1> <Delay = 1.00> <Adapter> <Opcode : >

State 2 <SV = 1> <Delay = 0.00>
ST_2 : Operation 10 [1/2] (0.00ns)   --->   "%write_ln304 = write void @_ssdm_op_Write.axis.volatile.i16P0A.i2P0A.i2P0A.i1P0A, i16 %m_axis_tcp_close_connection_V_data_V, i2 %m_axis_tcp_close_connection_V_keep_V, i2 %m_axis_tcp_close_connection_V_strb_V, i1 %m_axis_tcp_close_connection_V_last_V, i16 %tmp_3, i2 0, i2 0, i1 0"   --->   Operation 10 'write' 'write_ln304' <Predicate = (tmp)> <Delay = 0.00> <CoreInst = "axis">   --->   Core 123 'axis' <Latency = 0> <II = 1> <Delay = 1.00> <Adapter> <Opcode : >
ST_2 : Operation 11 [1/1] (0.00ns)   --->   "%br_ln1516 = br void %._crit_edge" [/space1/hxh/APB/sha_aes_tcpip/Vitis_with_100Gbps_TCP-IP/kernel/common/include/communication.hpp:1516]   --->   Operation 11 'br' 'br_ln1516' <Predicate = (tmp)> <Delay = 0.00>
ST_2 : Operation 12 [1/1] (0.00ns)   --->   "%ret_ln1517 = ret" [/space1/hxh/APB/sha_aes_tcpip/Vitis_with_100Gbps_TCP-IP/kernel/common/include/communication.hpp:1517]   --->   Operation 12 'ret' 'ret_ln1517' <Predicate = true> <Delay = 0.00>


============================================================
+ Verbose Summary: Timing violations
============================================================
Target clock period: 5ns, clock uncertainty: 1.35ns.

 <State 1>: 1.45ns
The critical path consists of the following:
	'alloca' operation ('closeConnection', /space1/hxh/APB/sha_aes_tcpip/Vitis_with_100Gbps_TCP-IP/kernel/common/include/communication.hpp:1510) [6]  (0 ns)
	fifo read on port 'closeConnection', /space1/hxh/APB/sha_aes_tcpip/Vitis_with_100Gbps_TCP-IP/kernel/common/include/communication.hpp:1510 (/space1/Xilinx20202/Vitis_HLS/2020.2/common/technology/autopilot/hls_stream_39.h:145) [11]  (1.45 ns)

 <State 2>: 0ns
The critical path consists of the following:


============================================================
+ Verbose Summary: Binding
============================================================
N/A
* FSMD analyzer results:
  - Output states:
 - Input state : 
  - Chain level:
	State 1
	State 2


============================================================
+ Verbose Summary: Datapath Resource usage 
============================================================
N/A
