

================================================================
== Vitis HLS Report for 'Block_split11_proc'
================================================================
* Date:           Sun Dec 11 15:17:21 2022

* Version:        2020.2 (Build 3064766 on Wed Nov 18 09:12:47 MST 2020)
* Project:        hls_recv_krnl
* Solution:       solution (Vitis Kernel Flow Target)
* Product family: virtexuplus
* Target device:  xcu250-figd2104-2L-e


================================================================
== Performance Estimates
================================================================
+ Timing: 
    * Summary: 
    +--------+---------+----------+------------+
    |  Clock |  Target | Estimated| Uncertainty|
    +--------+---------+----------+------------+
    |ap_clk  |  5.00 ns|  2.807 ns|     1.35 ns|
    +--------+---------+----------+------------+

+ Latency: 
    * Summary: 
    +---------+---------+----------+----------+-----+-----+---------+
    |  Latency (cycles) |  Latency (absolute) |  Interval | Pipeline|
    |   min   |   max   |    min   |    max   | min | max |   Type  |
    +---------+---------+----------+----------+-----+-----+---------+
    |        0|        0|      0 ns|      0 ns|    0|    0|     none|
    +---------+---------+----------+----------+-----+-----+---------+

    + Detail: 
        * Instance: 
        N/A

        * Loop: 
        N/A



================================================================
== Utilization Estimates
================================================================
* Summary: 
+---------------------+---------+-------+---------+---------+------+
|         Name        | BRAM_18K|  DSP  |    FF   |   LUT   | URAM |
+---------------------+---------+-------+---------+---------+------+
|DSP                  |        -|      -|        -|        -|     -|
|Expression           |        -|      -|        0|        2|     -|
|FIFO                 |        -|      -|        -|        -|     -|
|Instance             |        -|      -|        -|        -|     -|
|Memory               |        -|      -|        -|        -|     -|
|Multiplexer          |        -|      -|        -|       36|     -|
|Register             |        -|      -|        3|        -|     -|
+---------------------+---------+-------+---------+---------+------+
|Total                |        0|      0|        3|       38|     0|
+---------------------+---------+-------+---------+---------+------+
|Available SLR        |     1344|   3072|   864000|   432000|   320|
+---------------------+---------+-------+---------+---------+------+
|Utilization SLR (%)  |        0|      0|       ~0|       ~0|     0|
+---------------------+---------+-------+---------+---------+------+
|Available            |     5376|  12288|  3456000|  1728000|  1280|
+---------------------+---------+-------+---------+---------+------+
|Utilization (%)      |        0|      0|       ~0|       ~0|     0|
+---------------------+---------+-------+---------+---------+------+

+ Detail: 
    * Instance: 
    N/A

    * DSP: 
    N/A

    * Memory: 
    N/A

    * FIFO: 
    N/A

    * Expression: 
    +-----------------+----------+----+---+----+------------+------------+
    |  Variable Name  | Operation| DSP| FF| LUT| Bitwidth P0| Bitwidth P1|
    +-----------------+----------+----+---+----+------------+------------+
    |ap_block_state1  |        or|   0|  0|   2|           1|           1|
    +-----------------+----------+----+---+----+------------+------------+
    |Total            |          |   0|  0|   2|           1|           1|
    +-----------------+----------+----+---+----+------------+------------+

    * Multiplexer: 
    +------------------------------+----+-----------+-----+-----------+
    |             Name             | LUT| Input Size| Bits| Total Bits|
    +------------------------------+----+-----------+-----+-----------+
    |ComputeWordCnt_out_out_blk_n  |   9|          2|    1|          2|
    |ap_done                       |   9|          2|    1|          2|
    |expectedRxByteCnt_blk_n       |   9|          2|    1|          2|
    |real_start                    |   9|          2|    1|          2|
    +------------------------------+----+-----------+-----+-----------+
    |Total                         |  36|          8|    4|          8|
    +------------------------------+----+-----------+-----+-----------+

    * Register: 
    +----------------+---+----+-----+-----------+
    |      Name      | FF| LUT| Bits| Const Bits|
    +----------------+---+----+-----+-----------+
    |ap_CS_fsm       |  1|   0|    1|          0|
    |ap_done_reg     |  1|   0|    1|          0|
    |start_once_reg  |  1|   0|    1|          0|
    +----------------+---+----+-----+-----------+
    |Total           |  3|   0|    3|          0|
    +----------------+---+----+-----+-----------+



================================================================
== Interface
================================================================
* Summary: 
+-------------------------------+-----+-----+------------+------------------------+--------------+
|           RTL Ports           | Dir | Bits|  Protocol  |      Source Object     |    C Type    |
+-------------------------------+-----+-----+------------+------------------------+--------------+
|ap_clk                         |   in|    1|  ap_ctrl_hs|     Block_.split11_proc|  return value|
|ap_rst                         |   in|    1|  ap_ctrl_hs|     Block_.split11_proc|  return value|
|ap_start                       |   in|    1|  ap_ctrl_hs|     Block_.split11_proc|  return value|
|start_full_n                   |   in|    1|  ap_ctrl_hs|     Block_.split11_proc|  return value|
|ap_done                        |  out|    1|  ap_ctrl_hs|     Block_.split11_proc|  return value|
|ap_continue                    |   in|    1|  ap_ctrl_hs|     Block_.split11_proc|  return value|
|ap_idle                        |  out|    1|  ap_ctrl_hs|     Block_.split11_proc|  return value|
|ap_ready                       |  out|    1|  ap_ctrl_hs|     Block_.split11_proc|  return value|
|start_out                      |  out|    1|  ap_ctrl_hs|     Block_.split11_proc|  return value|
|start_write                    |  out|    1|  ap_ctrl_hs|     Block_.split11_proc|  return value|
|expectedRxByteCnt_dout         |   in|   64|     ap_fifo|       expectedRxByteCnt|       pointer|
|expectedRxByteCnt_empty_n      |   in|    1|     ap_fifo|       expectedRxByteCnt|       pointer|
|expectedRxByteCnt_read         |  out|    1|     ap_fifo|       expectedRxByteCnt|       pointer|
|ComputeWordCnt_out_out_din     |  out|   32|     ap_fifo|  ComputeWordCnt_out_out|       pointer|
|ComputeWordCnt_out_out_full_n  |   in|    1|     ap_fifo|  ComputeWordCnt_out_out|       pointer|
|ComputeWordCnt_out_out_write   |  out|    1|     ap_fifo|  ComputeWordCnt_out_out|       pointer|
+-------------------------------+-----+-----+------------+------------------------+--------------+

