

================================================================
== Vitis HLS Report for 'consumetrans'
================================================================
* Date:           Sun Dec 11 15:17:23 2022

* Version:        2020.2 (Build 3064766 on Wed Nov 18 09:12:47 MST 2020)
* Project:        hls_recv_krnl
* Solution:       solution (Vitis Kernel Flow Target)
* Product family: virtexuplus
* Target device:  xcu250-figd2104-2L-e


================================================================
== Performance Estimates
================================================================
+ Timing: 
    * Summary: 
    +--------+---------+----------+------------+
    |  Clock |  Target | Estimated| Uncertainty|
    +--------+---------+----------+------------+
    |ap_clk  |  5.00 ns|  1.412 ns|     1.35 ns|
    +--------+---------+----------+------------+

+ Latency: 
    * Summary: 
    +---------+---------+----------+----------+-----+-----+---------+
    |  Latency (cycles) |  Latency (absolute) |  Interval | Pipeline|
    |   min   |   max   |    min   |    max   | min | max |   Type  |
    +---------+---------+----------+----------+-----+-----+---------+
    |        ?|        ?|         ?|         ?|    ?|    ?|     none|
    +---------+---------+----------+----------+-----+-----+---------+

    + Detail: 
        * Instance: 
        N/A

        * Loop: 
        +-------------------+---------+---------+----------+-----------+-----------+------+----------+
        |                   |  Latency (cycles) | Iteration|  Initiation Interval  | Trip |          |
        |     Loop Name     |   min   |   max   |  Latency |  achieved |   target  | Count| Pipelined|
        +-------------------+---------+---------+----------+-----------+-----------+------+----------+
        |- VITIS_LOOP_81_1  |        ?|        ?|         2|          1|          1|     ?|       yes|
        +-------------------+---------+---------+----------+-----------+-----------+------+----------+



================================================================
== Utilization Estimates
================================================================
* Summary: 
+---------------------+---------+-------+---------+---------+------+
|         Name        | BRAM_18K|  DSP  |    FF   |   LUT   | URAM |
+---------------------+---------+-------+---------+---------+------+
|DSP                  |        -|      -|        -|        -|     -|
|Expression           |        -|      -|        0|       69|     -|
|FIFO                 |        -|      -|        -|        -|     -|
|Instance             |        -|      -|        -|        -|     -|
|Memory               |        -|      -|        -|        -|     -|
|Multiplexer          |        -|      -|        -|       70|     -|
|Register             |        -|      -|       71|        -|     -|
+---------------------+---------+-------+---------+---------+------+
|Total                |        0|      0|       71|      139|     0|
+---------------------+---------+-------+---------+---------+------+
|Available SLR        |     1344|   3072|   864000|   432000|   320|
+---------------------+---------+-------+---------+---------+------+
|Utilization SLR (%)  |        0|      0|       ~0|       ~0|     0|
+---------------------+---------+-------+---------+---------+------+
|Available            |     5376|  12288|  3456000|  1728000|  1280|
+---------------------+---------+-------+---------+---------+------+
|Utilization (%)      |        0|      0|       ~0|       ~0|     0|
+---------------------+---------+-------+---------+---------+------+

+ Detail: 
    * Instance: 
    N/A

    * DSP: 
    N/A

    * Memory: 
    N/A

    * FIFO: 
    N/A

    * Expression: 
    +----------------------------------+----------+----+---+----+------------+------------+
    |           Variable Name          | Operation| DSP| FF| LUT| Bitwidth P0| Bitwidth P1|
    +----------------------------------+----------+----+---+----+------------+------------+
    |i_V_2_fu_59_p2                    |         +|   0|  0|  39|          32|           1|
    |ap_block_pp0_stage0_11001         |       and|   0|  0|   2|           1|           1|
    |ap_block_state3_pp0_stage0_iter1  |       and|   0|  0|   2|           1|           1|
    |icmp_ln878_fu_65_p2               |      icmp|   0|  0|  20|          32|          32|
    |ap_block_state1                   |        or|   0|  0|   2|           1|           1|
    |ap_enable_pp0                     |       xor|   0|  0|   2|           1|           2|
    |ap_enable_reg_pp0_iter1           |       xor|   0|  0|   2|           2|           1|
    +----------------------------------+----------+----+---+----+------------+------------+
    |Total                             |          |   0|  0|  69|          70|          39|
    +----------------------------------+----------+----+---+----+------------+------------+

    * Multiplexer: 
    +--------------------------+----+-----------+-----+-----------+
    |           Name           | LUT| Input Size| Bits| Total Bits|
    +--------------------------+----+-----------+-----+-----------+
    |ComputeWordCnt_loc_blk_n  |   9|          2|    1|          2|
    |ap_NS_fsm                 |  20|          4|    1|          4|
    |ap_done                   |   9|          2|    1|          2|
    |ap_enable_reg_pp0_iter1   |  14|          3|    1|          3|
    |i_V_reg_48                |   9|          2|   32|         64|
    |s_data_out_blk_n          |   9|          2|    1|          2|
    +--------------------------+----+-----------+-----+-----------+
    |Total                     |  70|         15|   37|         77|
    +--------------------------+----+-----------+-----+-----------+

    * Register: 
    +--------------------------------+----+----+-----+-----------+
    |              Name              | FF | LUT| Bits| Const Bits|
    +--------------------------------+----+----+-----+-----------+
    |ComputeWordCnt_loc_read_reg_70  |  32|   0|   32|          0|
    |ap_CS_fsm                       |   3|   0|    3|          0|
    |ap_done_reg                     |   1|   0|    1|          0|
    |ap_enable_reg_pp0_iter0         |   1|   0|    1|          0|
    |ap_enable_reg_pp0_iter1         |   1|   0|    1|          0|
    |i_V_reg_48                      |  32|   0|   32|          0|
    |icmp_ln878_reg_80               |   1|   0|    1|          0|
    +--------------------------------+----+----+-----+-----------+
    |Total                           |  71|   0|   71|          0|
    +--------------------------------+----+----+-----+-----------+



================================================================
== Interface
================================================================
* Summary: 
+----------------------------+-----+-----+------------+--------------------+--------------+
|          RTL Ports         | Dir | Bits|  Protocol  |    Source Object   |    C Type    |
+----------------------------+-----+-----+------------+--------------------+--------------+
|ap_clk                      |   in|    1|  ap_ctrl_hs|        consumetrans|  return value|
|ap_rst                      |   in|    1|  ap_ctrl_hs|        consumetrans|  return value|
|ap_start                    |   in|    1|  ap_ctrl_hs|        consumetrans|  return value|
|ap_done                     |  out|    1|  ap_ctrl_hs|        consumetrans|  return value|
|ap_continue                 |   in|    1|  ap_ctrl_hs|        consumetrans|  return value|
|ap_idle                     |  out|    1|  ap_ctrl_hs|        consumetrans|  return value|
|ap_ready                    |  out|    1|  ap_ctrl_hs|        consumetrans|  return value|
|ComputeWordCnt_loc_dout     |   in|   32|     ap_fifo|  ComputeWordCnt_loc|       pointer|
|ComputeWordCnt_loc_empty_n  |   in|    1|     ap_fifo|  ComputeWordCnt_loc|       pointer|
|ComputeWordCnt_loc_read     |  out|    1|     ap_fifo|  ComputeWordCnt_loc|       pointer|
|s_data_out_dout             |   in|  512|     ap_fifo|          s_data_out|       pointer|
|s_data_out_empty_n          |   in|    1|     ap_fifo|          s_data_out|       pointer|
|s_data_out_read             |  out|    1|     ap_fifo|          s_data_out|       pointer|
+----------------------------+-----+-----+------------+--------------------+--------------+

