

================================================================
== Vitis HLS Report for 'consumesha'
================================================================
* Date:           Sun Dec 11 15:18:13 2022

* Version:        2020.2 (Build 3064766 on Wed Nov 18 09:12:47 MST 2020)
* Project:        hls_recv_krnl
* Solution:       solution (Vitis Kernel Flow Target)
* Product family: virtexuplus
* Target device:  xcu250-figd2104-2L-e


================================================================
== Performance Estimates
================================================================
+ Timing: 
    * Summary: 
    +--------+---------+----------+------------+
    |  Clock |  Target | Estimated| Uncertainty|
    +--------+---------+----------+------------+
    |ap_clk  |  5.00 ns|  2.288 ns|     1.35 ns|
    +--------+---------+----------+------------+

+ Latency: 
    * Summary: 
    +---------+---------+----------+----------+-----+-----+---------+
    |  Latency (cycles) |  Latency (absolute) |  Interval | Pipeline|
    |   min   |   max   |    min   |    max   | min | max |   Type  |
    +---------+---------+----------+----------+-----+-----+---------+
    |        ?|        ?|         ?|         ?|    ?|    ?|     none|
    +---------+---------+----------+----------+-----+-----+---------+

    + Detail: 
        * Instance: 
        N/A

        * Loop: 
        +---------------------+---------+---------+----------+-----------+-----------+------+----------+
        |                     |  Latency (cycles) | Iteration|  Initiation Interval  | Trip |          |
        |      Loop Name      |   min   |   max   |  Latency |  achieved |   target  | Count| Pipelined|
        +---------------------+---------+---------+----------+-----------+-----------+------+----------+
        |- VITIS_LOOP_135_1   |        ?|        ?|         ?|          -|          -|     ?|        no|
        | + VITIS_LOOP_138_2  |        ?|        ?|         2|          1|          1|     ?|       yes|
        +---------------------+---------+---------+----------+-----------+-----------+------+----------+



================================================================
== Utilization Estimates
================================================================
* Summary: 
+---------------------+---------+-------+---------+---------+------+
|         Name        | BRAM_18K|  DSP  |    FF   |   LUT   | URAM |
+---------------------+---------+-------+---------+---------+------+
|DSP                  |        -|      -|        -|        -|     -|
|Expression           |        -|      -|        0|       73|     -|
|FIFO                 |        -|      -|        -|        -|     -|
|Instance             |        -|      -|        -|        -|     -|
|Memory               |        -|      -|        -|        -|     -|
|Multiplexer          |        -|      -|        -|      103|     -|
|Register             |        -|      -|      105|        -|     -|
+---------------------+---------+-------+---------+---------+------+
|Total                |        0|      0|      105|      176|     0|
+---------------------+---------+-------+---------+---------+------+
|Available SLR        |     1344|   3072|   864000|   432000|   320|
+---------------------+---------+-------+---------+---------+------+
|Utilization SLR (%)  |        0|      0|       ~0|       ~0|     0|
+---------------------+---------+-------+---------+---------+------+
|Available            |     5376|  12288|  3456000|  1728000|  1280|
+---------------------+---------+-------+---------+---------+------+
|Utilization (%)      |        0|      0|       ~0|       ~0|     0|
+---------------------+---------+-------+---------+---------+------+

+ Detail: 
    * Instance: 
    N/A

    * DSP: 
    N/A

    * Memory: 
    N/A

    * FIFO: 
    N/A

    * Expression: 
    +----------------------------------+----------+----+---+----+------------+------------+
    |           Variable Name          | Operation| DSP| FF| LUT| Bitwidth P0| Bitwidth P1|
    +----------------------------------+----------+----+---+----+------------+------------+
    |i_V_3_fu_81_p2                    |         +|   0|  0|  39|          32|           1|
    |ap_block_state2                   |       and|   0|  0|   2|           1|           1|
    |ap_block_state3_pp0_stage0_iter0  |       and|   0|  0|   2|           1|           1|
    |ap_block_state4_pp0_stage0_iter1  |       and|   0|  0|   2|           1|           1|
    |icmp_ln878_fu_87_p2               |      icmp|   0|  0|  20|          32|          32|
    |ap_block_pp0_stage0_11001         |        or|   0|  0|   2|           1|           1|
    |ap_block_state1                   |        or|   0|  0|   2|           1|           1|
    |ap_enable_pp0                     |       xor|   0|  0|   2|           1|           2|
    |ap_enable_reg_pp0_iter1           |       xor|   0|  0|   2|           2|           1|
    +----------------------------------+----------+----+---+----+------------+------------+
    |Total                             |          |   0|  0|  73|          72|          41|
    +----------------------------------+----------+----+---+----+------------+------------+

    * Multiplexer: 
    +-------------------------------+----+-----------+-----+-----------+
    |              Name             | LUT| Input Size| Bits| Total Bits|
    +-------------------------------+----+-----------+-----+-----------+
    |ComputeWordCnt_loc_blk_n       |   9|          2|    1|          2|
    |ap_NS_fsm                      |  26|          5|    1|          5|
    |ap_done                        |   9|          2|    1|          2|
    |ap_enable_reg_pp0_iter1        |  14|          3|    1|          3|
    |ap_phi_mux_end_1_phi_fu_74_p4  |   9|          2|    1|          2|
    |digestStrm_blk_n               |   9|          2|    1|          2|
    |endDigestStrm_blk_n            |   9|          2|    1|          2|
    |end_1_reg_71                   |   9|          2|    1|          2|
    |i_V_reg_60                     |   9|          2|   32|         64|
    +-------------------------------+----+-----------+-----+-----------+
    |Total                          | 103|         22|   40|         84|
    +-------------------------------+----+-----------+-----+-----------+

    * Register: 
    +--------------------------------+----+----+-----+-----------+
    |              Name              | FF | LUT| Bits| Const Bits|
    +--------------------------------+----+----+-----+-----------+
    |ComputeWordCnt_loc_read_reg_92  |  32|   0|   32|          0|
    |ap_CS_fsm                       |   4|   0|    4|          0|
    |ap_done_reg                     |   1|   0|    1|          0|
    |ap_enable_reg_pp0_iter0         |   1|   0|    1|          0|
    |ap_enable_reg_pp0_iter1         |   1|   0|    1|          0|
    |end_1_reg_71                    |   1|   0|    1|          0|
    |i_V_3_reg_97                    |  32|   0|   32|          0|
    |i_V_reg_60                      |  32|   0|   32|          0|
    |tmp_22_reg_111                  |   1|   0|    1|          0|
    +--------------------------------+----+----+-----+-----------+
    |Total                           | 105|   0|  105|          0|
    +--------------------------------+----+----+-----+-----------+



================================================================
== Interface
================================================================
* Summary: 
+----------------------------+-----+-----+------------+--------------------+--------------+
|          RTL Ports         | Dir | Bits|  Protocol  |    Source Object   |    C Type    |
+----------------------------+-----+-----+------------+--------------------+--------------+
|ap_clk                      |   in|    1|  ap_ctrl_hs|          consumesha|  return value|
|ap_rst                      |   in|    1|  ap_ctrl_hs|          consumesha|  return value|
|ap_start                    |   in|    1|  ap_ctrl_hs|          consumesha|  return value|
|ap_done                     |  out|    1|  ap_ctrl_hs|          consumesha|  return value|
|ap_continue                 |   in|    1|  ap_ctrl_hs|          consumesha|  return value|
|ap_idle                     |  out|    1|  ap_ctrl_hs|          consumesha|  return value|
|ap_ready                    |  out|    1|  ap_ctrl_hs|          consumesha|  return value|
|ComputeWordCnt_loc_dout     |   in|   32|     ap_fifo|  ComputeWordCnt_loc|       pointer|
|ComputeWordCnt_loc_empty_n  |   in|    1|     ap_fifo|  ComputeWordCnt_loc|       pointer|
|ComputeWordCnt_loc_read     |  out|    1|     ap_fifo|  ComputeWordCnt_loc|       pointer|
|endDigestStrm_dout          |   in|    1|     ap_fifo|       endDigestStrm|       pointer|
|endDigestStrm_empty_n       |   in|    1|     ap_fifo|       endDigestStrm|       pointer|
|endDigestStrm_read          |  out|    1|     ap_fifo|       endDigestStrm|       pointer|
|digestStrm_dout             |   in|  256|     ap_fifo|          digestStrm|       pointer|
|digestStrm_empty_n          |   in|    1|     ap_fifo|          digestStrm|       pointer|
|digestStrm_read             |  out|    1|     ap_fifo|          digestStrm|       pointer|
+----------------------------+-----+-----+------------+--------------------+--------------+

