

================================================================
== Vitis HLS Report for 'hls_recv_krnl'
================================================================
* Date:           Sun Dec 11 15:18:35 2022

* Version:        2020.2 (Build 3064766 on Wed Nov 18 09:12:47 MST 2020)
* Project:        hls_recv_krnl
* Solution:       solution (Vitis Kernel Flow Target)
* Product family: virtexuplus
* Target device:  xcu250-figd2104-2L-e


================================================================
== Performance Estimates
================================================================
+ Timing: 
    * Summary: 
    +--------+---------+----------+------------+
    |  Clock |  Target | Estimated| Uncertainty|
    +--------+---------+----------+------------+
    |ap_clk  |  5.00 ns|  3.650 ns|     1.35 ns|
    +--------+---------+----------+------------+

+ Latency: 
    * Summary: 
    +---------+---------+----------+----------+-----+-----+----------+
    |  Latency (cycles) |  Latency (absolute) |  Interval | Pipeline |
    |   min   |   max   |    min   |    max   | min | max |   Type   |
    +---------+---------+----------+----------+-----+-----+----------+
    |        ?|        ?|         ?|         ?|    ?|    ?|  dataflow|
    +---------+---------+----------+----------+-----+-----+----------+

    + Detail: 
        * Instance: 
        +--------------------------------+-----------------------------+---------+---------+-----------+-----------+-----+-----+----------+
        |                                |                             |  Latency (cycles) |   Latency (absolute)  |  Interval | Pipeline |
        |            Instance            |            Module           |   min   |   max   |    min    |    max    | min | max |   Type   |
        +--------------------------------+-----------------------------+---------+---------+-----------+-----------+-----+-----+----------+
        |mysha_U0                        |mysha                        |        ?|        ?|          ?|          ?|    ?|    ?|      none|
        |myaes_U0                        |myaes                        |        ?|        ?|          ?|          ?|    ?|    ?|      none|
        |tie_off_tcp_tx_U0               |tie_off_tcp_tx               |        2|        2|  10.000 ns|  10.000 ns|    2|    2|      none|
        |backgroundclock_U0              |backgroundclock              |        ?|        ?|          ?|          ?|    ?|    ?|      none|
        |tie_off_udp_U0                  |tie_off_udp                  |        2|        2|  10.000 ns|  10.000 ns|    2|    2|      none|
        |partition_U0                    |partition                    |        ?|        ?|          ?|          ?|    ?|    ?|  dataflow|
        |recvData_U0                     |recvData                     |        ?|        ?|          ?|          ?|    ?|    ?|  dataflow|
        |listenPorts_U0                  |listenPorts                  |        ?|        ?|          ?|          ?|    ?|    ?|  dataflow|
        |prepare_sha_U0                  |prepare_sha                  |        ?|        ?|          ?|          ?|    ?|    ?|      none|
        |consumesha_U0                   |consumesha                   |        ?|        ?|          ?|          ?|    ?|    ?|      none|
        |consumeaes_U0                   |consumeaes                   |        ?|        ?|          ?|          ?|    ?|    ?|      none|
        |prepare_aes_U0                  |prepare_aes                  |        ?|        ?|          ?|          ?|    ?|    ?|      none|
        |consumetrans_U0                 |consumetrans                 |        ?|        ?|          ?|          ?|    ?|    ?|      none|
        |tie_off_tcp_open_connection_U0  |tie_off_tcp_open_connection  |        1|        1|   5.000 ns|   5.000 ns|    1|    1|      none|
        |tie_off_tcp_close_con_U0        |tie_off_tcp_close_con        |        1|        1|   5.000 ns|   5.000 ns|    1|    1|      none|
        |hls_recv_krnl_entry45_U0        |hls_recv_krnl_entry45        |        0|        0|       0 ns|       0 ns|    0|    0|      none|
        |hls_recv_krnl_entry3_U0         |hls_recv_krnl_entry3         |        0|        0|       0 ns|       0 ns|    0|    0|      none|
        |Block_split11_proc_U0           |Block_split11_proc           |        0|        0|       0 ns|       0 ns|    0|    0|      none|
        +--------------------------------+-----------------------------+---------+---------+-----------+-----------+-----+-----+----------+

        * Loop: 
        N/A



================================================================
== Utilization Estimates
================================================================
* Summary: 
+---------------------+---------+-------+---------+---------+------+
|         Name        | BRAM_18K|  DSP  |    FF   |   LUT   | URAM |
+---------------------+---------+-------+---------+---------+------+
|DSP                  |        -|      -|        -|        -|     -|
|Expression           |        -|      -|        0|       34|     -|
|FIFO                 |        -|      -|     8994|     4701|     -|
|Instance             |        5|      -|    42073|   233149|     -|
|Memory               |        -|      -|        -|        -|     -|
|Multiplexer          |        -|      -|        -|       45|     -|
|Register             |        -|      -|        8|        -|     -|
+---------------------+---------+-------+---------+---------+------+
|Total                |        5|      0|    51075|   237929|     0|
+---------------------+---------+-------+---------+---------+------+
|Available SLR        |     1344|   3072|   864000|   432000|   320|
+---------------------+---------+-------+---------+---------+------+
|Utilization SLR (%)  |       ~0|      0|        5|       55|     0|
+---------------------+---------+-------+---------+---------+------+
|Available            |     5376|  12288|  3456000|  1728000|  1280|
+---------------------+---------+-------+---------+---------+------+
|Utilization (%)      |       ~0|      0|        1|       13|     0|
+---------------------+---------+-------+---------+---------+------+

+ Detail: 
    * Instance: 
    +--------------------------------+-----------------------------+---------+----+-------+--------+-----+
    |            Instance            |            Module           | BRAM_18K| DSP|   FF  |   LUT  | URAM|
    +--------------------------------+-----------------------------+---------+----+-------+--------+-----+
    |Block_split11_proc_U0           |Block_split11_proc           |        0|   0|      3|      38|    0|
    |backgroundclock_U0              |backgroundclock              |        0|   0|    844|    1031|    0|
    |consumeaes_U0                   |consumeaes                   |        0|   0|    105|     176|    0|
    |consumesha_U0                   |consumesha                   |        0|   0|    105|     176|    0|
    |consumetrans_U0                 |consumetrans                 |        0|   0|     71|     139|    0|
    |control_s_axi_U                 |control_s_axi                |        0|   0|    290|     488|    0|
    |gmem_m_axi_U                    |gmem_m_axi                   |        4|   0|    566|     766|    0|
    |hls_recv_krnl_entry3_U0         |hls_recv_krnl_entry3         |        0|   0|      3|      56|    0|
    |hls_recv_krnl_entry45_U0        |hls_recv_krnl_entry45        |        0|   0|      3|     101|    0|
    |listenPorts_U0                  |listenPorts                  |        0|   0|    320|     488|    0|
    |myaes_U0                        |myaes                        |        0|   0|  10320|   11911|    0|
    |mysha_U0                        |mysha                        |        0|   0|  27939|  216326|    0|
    |partition_U0                    |partition                    |        0|   0|    615|     170|    0|
    |prepare_aes_U0                  |prepare_aes                  |        0|   0|    105|     223|    0|
    |prepare_sha_U0                  |prepare_sha                  |        0|   0|    237|     229|    0|
    |recvData_U0                     |recvData                     |        1|   0|    531|     581|    0|
    |tie_off_tcp_close_con_U0        |tie_off_tcp_close_con        |        0|   0|      3|      42|    0|
    |tie_off_tcp_open_connection_U0  |tie_off_tcp_open_connection  |        0|   0|      3|      53|    0|
    |tie_off_tcp_tx_U0               |tie_off_tcp_tx               |        0|   0|      4|      74|    0|
    |tie_off_udp_U0                  |tie_off_udp                  |        0|   0|      6|      81|    0|
    +--------------------------------+-----------------------------+---------+----+-------+--------+-----+
    |Total                           |                             |        5|   0|  42073|  233149|    0|
    +--------------------------------+-----------------------------+---------+----+-------+--------+-----+

    * DSP: 
    N/A

    * Memory: 
    N/A

    * FIFO: 
    +--------------------------+---------+------+----+-----+------+-----+---------+
    |           Name           | BRAM_18K|  FF  | LUT| URAM| Depth| Bits| Size:D*B|
    +--------------------------+---------+------+----+-----+------+-----+---------+
    |ComputeWordCnt_loc_c45_U  |        0|    68|   0|    -|     2|   32|       64|
    |ComputeWordCnt_loc_c46_U  |        0|    68|   0|    -|     2|   32|       64|
    |ComputeWordCnt_loc_c47_U  |        0|    68|   0|    -|     2|   32|       64|
    |ComputeWordCnt_loc_c48_U  |        0|    68|   0|    -|     2|   32|       64|
    |ComputeWordCnt_loc_c49_U  |        0|    68|   0|    -|     2|   32|       64|
    |ComputeWordCnt_loc_c50_U  |        0|    68|   0|    -|     2|   32|       64|
    |ComputeWordCnt_loc_c51_U  |        0|    68|   0|    -|     2|   32|       64|
    |ComputeWordCnt_loc_c_U    |        0|    68|   0|    -|     2|   32|       64|
    |IVStrm_U                  |        0|   260|   0|    -|     2|  128|      256|
    |basePort_c2_U             |        0|    68|   0|    -|     2|   32|       64|
    |basePort_c_U              |        0|    68|   0|    -|     2|   32|       64|
    |cipherkeyStrm_U           |        0|   516|   0|    -|     2|  256|      512|
    |ciphertextStrm_U          |        0|   260|   0|    -|     2|  128|      256|
    |digestStrm_U              |        0|   516|   0|    -|     2|  256|      512|
    |endCiphertextStrm_U       |        0|     8|   0|    -|     1|    1|        1|
    |endDigestStrm_U           |        0|     8|   0|    -|     1|    1|        1|
    |endMsgLenStrm_U           |        0|     8|   0|    -|     1|    1|        1|
    |endPlaintextStrm_U        |        0|     8|   0|    -|     1|    1|        1|
    |expectedRxByteCnt_c3_U    |        0|   133|   0|    -|     2|   64|      128|
    |expectedRxByteCnt_c44_U   |        0|   133|   0|    -|     2|   64|      128|
    |expectedRxByteCnt_c_U     |        0|   133|   0|    -|     2|   64|      128|
    |msgLenStrm_U              |        0|   260|   0|    -|     2|  128|      256|
    |msgStrm_U                 |        0|   133|   0|    -|     2|   64|      128|
    |out_time_c4_U             |        0|   133|   0|    -|     2|   64|      128|
    |out_time_c_U              |        0|   133|   0|    -|     2|   64|      128|
    |plaintextStrm_U           |        0|   260|   0|    -|     2|  128|      256|
    |s_data_cal_U              |        0|  1028|   0|    -|     2|  512|     1024|
    |s_data_net_out_U          |        0|  1028|   0|    -|     2|  512|     1024|
    |s_data_out_U              |        0|  1028|   0|    -|     2|  512|     1024|
    |sha_in_U                  |        0|  1028|   0|    -|     2|  512|     1024|
    |sha_out_U                 |        0|  1028|   0|    -|     2|  512|     1024|
    |timeaes_U                 |        0|    68|   0|    -|     2|   32|       64|
    |timesha_U                 |        0|    68|   0|    -|     2|   32|       64|
    |useConn_c1_U              |        0|    68|   0|    -|     2|   32|       64|
    |useConn_c_U               |        0|    68|   0|    -|     2|   32|       64|
    +--------------------------+---------+------+----+-----+------+-----+---------+
    |Total                     |        0|  8994|   0|    0|    66| 4420|     8836|
    +--------------------------+---------+------+----+-----+------+-----+---------+

    * Expression: 
    +-------------------------------------------------+----------+----+---+----+------------+------------+
    |                  Variable Name                  | Operation| DSP| FF| LUT| Bitwidth P0| Bitwidth P1|
    +-------------------------------------------------+----------+----+---+----+------------+------------+
    |ap_idle                                          |       and|   0|  0|   2|           1|           1|
    |ap_sync_continue                                 |       and|   0|  0|   2|           1|           1|
    |ap_sync_done                                     |       and|   0|  0|   2|           1|           1|
    |ap_sync_ready                                    |       and|   0|  0|   2|           1|           1|
    |hls_recv_krnl_entry3_U0_ap_start                 |       and|   0|  0|   2|           1|           1|
    |hls_recv_krnl_entry45_U0_start_full_n            |       and|   0|  0|   2|           1|           1|
    |mysha_U0_start_full_n                            |       and|   0|  0|   2|           1|           1|
    |partition_U0_start_full_n                        |       and|   0|  0|   2|           1|           1|
    |tie_off_tcp_close_con_U0_ap_start                |       and|   0|  0|   2|           1|           1|
    |tie_off_tcp_open_connection_U0_ap_start          |       and|   0|  0|   2|           1|           1|
    |tie_off_tcp_tx_U0_ap_start                       |       and|   0|  0|   2|           1|           1|
    |tie_off_udp_U0_ap_start                          |       and|   0|  0|   2|           1|           1|
    |ap_sync_hls_recv_krnl_entry3_U0_ap_ready         |        or|   0|  0|   2|           1|           1|
    |ap_sync_tie_off_tcp_close_con_U0_ap_ready        |        or|   0|  0|   2|           1|           1|
    |ap_sync_tie_off_tcp_open_connection_U0_ap_ready  |        or|   0|  0|   2|           1|           1|
    |ap_sync_tie_off_tcp_tx_U0_ap_ready               |        or|   0|  0|   2|           1|           1|
    |ap_sync_tie_off_udp_U0_ap_ready                  |        or|   0|  0|   2|           1|           1|
    +-------------------------------------------------+----------+----+---+----+------------+------------+
    |Total                                            |          |   0|  0|  34|          17|          17|
    +-------------------------------------------------+----------+----+---+----+------------+------------+

    * Multiplexer: 
    +-----------------------------------------------------+----+-----------+-----+-----------+
    |                         Name                        | LUT| Input Size| Bits| Total Bits|
    +-----------------------------------------------------+----+-----------+-----+-----------+
    |ap_sync_reg_hls_recv_krnl_entry3_U0_ap_ready         |   9|          2|    1|          2|
    |ap_sync_reg_tie_off_tcp_close_con_U0_ap_ready        |   9|          2|    1|          2|
    |ap_sync_reg_tie_off_tcp_open_connection_U0_ap_ready  |   9|          2|    1|          2|
    |ap_sync_reg_tie_off_tcp_tx_U0_ap_ready               |   9|          2|    1|          2|
    |ap_sync_reg_tie_off_udp_U0_ap_ready                  |   9|          2|    1|          2|
    +-----------------------------------------------------+----+-----------+-----+-----------+
    |Total                                                |  45|         10|    5|         10|
    +-----------------------------------------------------+----+-----------+-----+-----------+

    * Register: 
    +-----------------------------------------------------+---+----+-----+-----------+
    |                         Name                        | FF| LUT| Bits| Const Bits|
    +-----------------------------------------------------+---+----+-----+-----------+
    |ap_rst_n_inv                                         |  1|   0|    1|          0|
    |ap_rst_reg_1                                         |  1|   0|    1|          0|
    |ap_rst_reg_2                                         |  1|   0|    1|          0|
    |ap_sync_reg_hls_recv_krnl_entry3_U0_ap_ready         |  1|   0|    1|          0|
    |ap_sync_reg_tie_off_tcp_close_con_U0_ap_ready        |  1|   0|    1|          0|
    |ap_sync_reg_tie_off_tcp_open_connection_U0_ap_ready  |  1|   0|    1|          0|
    |ap_sync_reg_tie_off_tcp_tx_U0_ap_ready               |  1|   0|    1|          0|
    |ap_sync_reg_tie_off_udp_U0_ap_ready                  |  1|   0|    1|          0|
    +-----------------------------------------------------+---+----+-----+-----------+
    |Total                                                |  8|   0|    8|          0|
    +-----------------------------------------------------+---+----+-----+-----------+



================================================================
== Interface
================================================================
* Summary: 
+------------------------------------+-----+-----+---------------+--------------------------------------+--------------+
|              RTL Ports             | Dir | Bits|    Protocol   |             Source Object            |    C Type    |
+------------------------------------+-----+-----+---------------+--------------------------------------+--------------+
|s_axi_control_AWVALID               |   in|    1|          s_axi|                               control|        scalar|
|s_axi_control_AWREADY               |  out|    1|          s_axi|                               control|        scalar|
|s_axi_control_AWADDR                |   in|    6|          s_axi|                               control|        scalar|
|s_axi_control_WVALID                |   in|    1|          s_axi|                               control|        scalar|
|s_axi_control_WREADY                |  out|    1|          s_axi|                               control|        scalar|
|s_axi_control_WDATA                 |   in|   32|          s_axi|                               control|        scalar|
|s_axi_control_WSTRB                 |   in|    4|          s_axi|                               control|        scalar|
|s_axi_control_ARVALID               |   in|    1|          s_axi|                               control|        scalar|
|s_axi_control_ARREADY               |  out|    1|          s_axi|                               control|        scalar|
|s_axi_control_ARADDR                |   in|    6|          s_axi|                               control|        scalar|
|s_axi_control_RVALID                |  out|    1|          s_axi|                               control|        scalar|
|s_axi_control_RREADY                |   in|    1|          s_axi|                               control|        scalar|
|s_axi_control_RDATA                 |  out|   32|          s_axi|                               control|        scalar|
|s_axi_control_RRESP                 |  out|    2|          s_axi|                               control|        scalar|
|s_axi_control_BVALID                |  out|    1|          s_axi|                               control|        scalar|
|s_axi_control_BREADY                |   in|    1|          s_axi|                               control|        scalar|
|s_axi_control_BRESP                 |  out|    2|          s_axi|                               control|        scalar|
|ap_clk                              |   in|    1|  ap_ctrl_chain|                         hls_recv_krnl|  return value|
|ap_rst_n                            |   in|    1|  ap_ctrl_chain|                         hls_recv_krnl|  return value|
|interrupt                           |  out|    1|  ap_ctrl_chain|                         hls_recv_krnl|  return value|
|m_axi_gmem_AWVALID                  |  out|    1|          m_axi|                                  gmem|       pointer|
|m_axi_gmem_AWREADY                  |   in|    1|          m_axi|                                  gmem|       pointer|
|m_axi_gmem_AWADDR                   |  out|   64|          m_axi|                                  gmem|       pointer|
|m_axi_gmem_AWID                     |  out|    1|          m_axi|                                  gmem|       pointer|
|m_axi_gmem_AWLEN                    |  out|    8|          m_axi|                                  gmem|       pointer|
|m_axi_gmem_AWSIZE                   |  out|    3|          m_axi|                                  gmem|       pointer|
|m_axi_gmem_AWBURST                  |  out|    2|          m_axi|                                  gmem|       pointer|
|m_axi_gmem_AWLOCK                   |  out|    2|          m_axi|                                  gmem|       pointer|
|m_axi_gmem_AWCACHE                  |  out|    4|          m_axi|                                  gmem|       pointer|
|m_axi_gmem_AWPROT                   |  out|    3|          m_axi|                                  gmem|       pointer|
|m_axi_gmem_AWQOS                    |  out|    4|          m_axi|                                  gmem|       pointer|
|m_axi_gmem_AWREGION                 |  out|    4|          m_axi|                                  gmem|       pointer|
|m_axi_gmem_AWUSER                   |  out|    1|          m_axi|                                  gmem|       pointer|
|m_axi_gmem_WVALID                   |  out|    1|          m_axi|                                  gmem|       pointer|
|m_axi_gmem_WREADY                   |   in|    1|          m_axi|                                  gmem|       pointer|
|m_axi_gmem_WDATA                    |  out|   64|          m_axi|                                  gmem|       pointer|
|m_axi_gmem_WSTRB                    |  out|    8|          m_axi|                                  gmem|       pointer|
|m_axi_gmem_WLAST                    |  out|    1|          m_axi|                                  gmem|       pointer|
|m_axi_gmem_WID                      |  out|    1|          m_axi|                                  gmem|       pointer|
|m_axi_gmem_WUSER                    |  out|    1|          m_axi|                                  gmem|       pointer|
|m_axi_gmem_ARVALID                  |  out|    1|          m_axi|                                  gmem|       pointer|
|m_axi_gmem_ARREADY                  |   in|    1|          m_axi|                                  gmem|       pointer|
|m_axi_gmem_ARADDR                   |  out|   64|          m_axi|                                  gmem|       pointer|
|m_axi_gmem_ARID                     |  out|    1|          m_axi|                                  gmem|       pointer|
|m_axi_gmem_ARLEN                    |  out|    8|          m_axi|                                  gmem|       pointer|
|m_axi_gmem_ARSIZE                   |  out|    3|          m_axi|                                  gmem|       pointer|
|m_axi_gmem_ARBURST                  |  out|    2|          m_axi|                                  gmem|       pointer|
|m_axi_gmem_ARLOCK                   |  out|    2|          m_axi|                                  gmem|       pointer|
|m_axi_gmem_ARCACHE                  |  out|    4|          m_axi|                                  gmem|       pointer|
|m_axi_gmem_ARPROT                   |  out|    3|          m_axi|                                  gmem|       pointer|
|m_axi_gmem_ARQOS                    |  out|    4|          m_axi|                                  gmem|       pointer|
|m_axi_gmem_ARREGION                 |  out|    4|          m_axi|                                  gmem|       pointer|
|m_axi_gmem_ARUSER                   |  out|    1|          m_axi|                                  gmem|       pointer|
|m_axi_gmem_RVALID                   |   in|    1|          m_axi|                                  gmem|       pointer|
|m_axi_gmem_RREADY                   |  out|    1|          m_axi|                                  gmem|       pointer|
|m_axi_gmem_RDATA                    |   in|   64|          m_axi|                                  gmem|       pointer|
|m_axi_gmem_RLAST                    |   in|    1|          m_axi|                                  gmem|       pointer|
|m_axi_gmem_RID                      |   in|    1|          m_axi|                                  gmem|       pointer|
|m_axi_gmem_RUSER                    |   in|    1|          m_axi|                                  gmem|       pointer|
|m_axi_gmem_RRESP                    |   in|    2|          m_axi|                                  gmem|       pointer|
|m_axi_gmem_BVALID                   |   in|    1|          m_axi|                                  gmem|       pointer|
|m_axi_gmem_BREADY                   |  out|    1|          m_axi|                                  gmem|       pointer|
|m_axi_gmem_BRESP                    |   in|    2|          m_axi|                                  gmem|       pointer|
|m_axi_gmem_BID                      |   in|    1|          m_axi|                                  gmem|       pointer|
|m_axi_gmem_BUSER                    |   in|    1|          m_axi|                                  gmem|       pointer|
|s_axis_udp_rx_TDATA                 |   in|  512|           axis|                s_axis_udp_rx_V_data_V|       pointer|
|s_axis_udp_rx_TKEEP                 |   in|   64|           axis|                s_axis_udp_rx_V_keep_V|       pointer|
|s_axis_udp_rx_TSTRB                 |   in|   64|           axis|                s_axis_udp_rx_V_strb_V|       pointer|
|s_axis_udp_rx_TLAST                 |   in|    1|           axis|                s_axis_udp_rx_V_last_V|       pointer|
|s_axis_udp_rx_TVALID                |   in|    1|           axis|                s_axis_udp_rx_V_last_V|       pointer|
|s_axis_udp_rx_TREADY                |  out|    1|           axis|                s_axis_udp_rx_V_last_V|       pointer|
|m_axis_udp_tx_TDATA                 |  out|  512|           axis|                m_axis_udp_tx_V_data_V|       pointer|
|m_axis_udp_tx_TKEEP                 |  out|   64|           axis|                m_axis_udp_tx_V_keep_V|       pointer|
|m_axis_udp_tx_TSTRB                 |  out|   64|           axis|                m_axis_udp_tx_V_strb_V|       pointer|
|m_axis_udp_tx_TLAST                 |  out|    1|           axis|                m_axis_udp_tx_V_last_V|       pointer|
|m_axis_udp_tx_TVALID                |  out|    1|           axis|                m_axis_udp_tx_V_last_V|       pointer|
|m_axis_udp_tx_TREADY                |   in|    1|           axis|                m_axis_udp_tx_V_last_V|       pointer|
|s_axis_udp_rx_meta_TDATA            |   in|  256|           axis|           s_axis_udp_rx_meta_V_data_V|       pointer|
|s_axis_udp_rx_meta_TKEEP            |   in|   32|           axis|           s_axis_udp_rx_meta_V_keep_V|       pointer|
|s_axis_udp_rx_meta_TSTRB            |   in|   32|           axis|           s_axis_udp_rx_meta_V_strb_V|       pointer|
|s_axis_udp_rx_meta_TLAST            |   in|    1|           axis|           s_axis_udp_rx_meta_V_last_V|       pointer|
|s_axis_udp_rx_meta_TVALID           |   in|    1|           axis|           s_axis_udp_rx_meta_V_last_V|       pointer|
|s_axis_udp_rx_meta_TREADY           |  out|    1|           axis|           s_axis_udp_rx_meta_V_last_V|       pointer|
|m_axis_udp_tx_meta_TDATA            |  out|  256|           axis|           m_axis_udp_tx_meta_V_data_V|       pointer|
|m_axis_udp_tx_meta_TKEEP            |  out|   32|           axis|           m_axis_udp_tx_meta_V_keep_V|       pointer|
|m_axis_udp_tx_meta_TSTRB            |  out|   32|           axis|           m_axis_udp_tx_meta_V_strb_V|       pointer|
|m_axis_udp_tx_meta_TLAST            |  out|    1|           axis|           m_axis_udp_tx_meta_V_last_V|       pointer|
|m_axis_udp_tx_meta_TVALID           |  out|    1|           axis|           m_axis_udp_tx_meta_V_last_V|       pointer|
|m_axis_udp_tx_meta_TREADY           |   in|    1|           axis|           m_axis_udp_tx_meta_V_last_V|       pointer|
|m_axis_tcp_listen_port_TDATA        |  out|   16|           axis|       m_axis_tcp_listen_port_V_data_V|       pointer|
|m_axis_tcp_listen_port_TKEEP        |  out|    2|           axis|       m_axis_tcp_listen_port_V_keep_V|       pointer|
|m_axis_tcp_listen_port_TSTRB        |  out|    2|           axis|       m_axis_tcp_listen_port_V_strb_V|       pointer|
|m_axis_tcp_listen_port_TLAST        |  out|    1|           axis|       m_axis_tcp_listen_port_V_last_V|       pointer|
|m_axis_tcp_listen_port_TVALID       |  out|    1|           axis|       m_axis_tcp_listen_port_V_last_V|       pointer|
|m_axis_tcp_listen_port_TREADY       |   in|    1|           axis|       m_axis_tcp_listen_port_V_last_V|       pointer|
|s_axis_tcp_port_status_TDATA        |   in|    8|           axis|       s_axis_tcp_port_status_V_data_V|       pointer|
|s_axis_tcp_port_status_TKEEP        |   in|    1|           axis|       s_axis_tcp_port_status_V_keep_V|       pointer|
|s_axis_tcp_port_status_TSTRB        |   in|    1|           axis|       s_axis_tcp_port_status_V_strb_V|       pointer|
|s_axis_tcp_port_status_TLAST        |   in|    1|           axis|       s_axis_tcp_port_status_V_last_V|       pointer|
|s_axis_tcp_port_status_TVALID       |   in|    1|           axis|       s_axis_tcp_port_status_V_last_V|       pointer|
|s_axis_tcp_port_status_TREADY       |  out|    1|           axis|       s_axis_tcp_port_status_V_last_V|       pointer|
|m_axis_tcp_open_connection_TDATA    |  out|   64|           axis|   m_axis_tcp_open_connection_V_data_V|       pointer|
|m_axis_tcp_open_connection_TKEEP    |  out|    8|           axis|   m_axis_tcp_open_connection_V_keep_V|       pointer|
|m_axis_tcp_open_connection_TSTRB    |  out|    8|           axis|   m_axis_tcp_open_connection_V_strb_V|       pointer|
|m_axis_tcp_open_connection_TLAST    |  out|    1|           axis|   m_axis_tcp_open_connection_V_last_V|       pointer|
|m_axis_tcp_open_connection_TVALID   |  out|    1|           axis|   m_axis_tcp_open_connection_V_last_V|       pointer|
|m_axis_tcp_open_connection_TREADY   |   in|    1|           axis|   m_axis_tcp_open_connection_V_last_V|       pointer|
|s_axis_tcp_open_status_TDATA        |   in|  128|           axis|       s_axis_tcp_open_status_V_data_V|       pointer|
|s_axis_tcp_open_status_TKEEP        |   in|   16|           axis|       s_axis_tcp_open_status_V_keep_V|       pointer|
|s_axis_tcp_open_status_TSTRB        |   in|   16|           axis|       s_axis_tcp_open_status_V_strb_V|       pointer|
|s_axis_tcp_open_status_TLAST        |   in|    1|           axis|       s_axis_tcp_open_status_V_last_V|       pointer|
|s_axis_tcp_open_status_TVALID       |   in|    1|           axis|       s_axis_tcp_open_status_V_last_V|       pointer|
|s_axis_tcp_open_status_TREADY       |  out|    1|           axis|       s_axis_tcp_open_status_V_last_V|       pointer|
|m_axis_tcp_close_connection_TDATA   |  out|   16|           axis|  m_axis_tcp_close_connection_V_data_V|       pointer|
|m_axis_tcp_close_connection_TKEEP   |  out|    2|           axis|  m_axis_tcp_close_connection_V_keep_V|       pointer|
|m_axis_tcp_close_connection_TSTRB   |  out|    2|           axis|  m_axis_tcp_close_connection_V_strb_V|       pointer|
|m_axis_tcp_close_connection_TLAST   |  out|    1|           axis|  m_axis_tcp_close_connection_V_last_V|       pointer|
|m_axis_tcp_close_connection_TVALID  |  out|    1|           axis|  m_axis_tcp_close_connection_V_last_V|       pointer|
|m_axis_tcp_close_connection_TREADY  |   in|    1|           axis|  m_axis_tcp_close_connection_V_last_V|       pointer|
|s_axis_tcp_notification_TDATA       |   in|  128|           axis|      s_axis_tcp_notification_V_data_V|       pointer|
|s_axis_tcp_notification_TKEEP       |   in|   16|           axis|      s_axis_tcp_notification_V_keep_V|       pointer|
|s_axis_tcp_notification_TSTRB       |   in|   16|           axis|      s_axis_tcp_notification_V_strb_V|       pointer|
|s_axis_tcp_notification_TLAST       |   in|    1|           axis|      s_axis_tcp_notification_V_last_V|       pointer|
|s_axis_tcp_notification_TVALID      |   in|    1|           axis|      s_axis_tcp_notification_V_last_V|       pointer|
|s_axis_tcp_notification_TREADY      |  out|    1|           axis|      s_axis_tcp_notification_V_last_V|       pointer|
|m_axis_tcp_read_pkg_TDATA           |  out|   32|           axis|          m_axis_tcp_read_pkg_V_data_V|       pointer|
|m_axis_tcp_read_pkg_TKEEP           |  out|    4|           axis|          m_axis_tcp_read_pkg_V_keep_V|       pointer|
|m_axis_tcp_read_pkg_TSTRB           |  out|    4|           axis|          m_axis_tcp_read_pkg_V_strb_V|       pointer|
|m_axis_tcp_read_pkg_TLAST           |  out|    1|           axis|          m_axis_tcp_read_pkg_V_last_V|       pointer|
|m_axis_tcp_read_pkg_TVALID          |  out|    1|           axis|          m_axis_tcp_read_pkg_V_last_V|       pointer|
|m_axis_tcp_read_pkg_TREADY          |   in|    1|           axis|          m_axis_tcp_read_pkg_V_last_V|       pointer|
|s_axis_tcp_rx_meta_TDATA            |   in|   16|           axis|           s_axis_tcp_rx_meta_V_data_V|       pointer|
|s_axis_tcp_rx_meta_TKEEP            |   in|    2|           axis|           s_axis_tcp_rx_meta_V_keep_V|       pointer|
|s_axis_tcp_rx_meta_TSTRB            |   in|    2|           axis|           s_axis_tcp_rx_meta_V_strb_V|       pointer|
|s_axis_tcp_rx_meta_TLAST            |   in|    1|           axis|           s_axis_tcp_rx_meta_V_last_V|       pointer|
|s_axis_tcp_rx_meta_TVALID           |   in|    1|           axis|           s_axis_tcp_rx_meta_V_last_V|       pointer|
|s_axis_tcp_rx_meta_TREADY           |  out|    1|           axis|           s_axis_tcp_rx_meta_V_last_V|       pointer|
|s_axis_tcp_rx_data_TDATA            |   in|  512|           axis|           s_axis_tcp_rx_data_V_data_V|       pointer|
|s_axis_tcp_rx_data_TKEEP            |   in|   64|           axis|           s_axis_tcp_rx_data_V_keep_V|       pointer|
|s_axis_tcp_rx_data_TSTRB            |   in|   64|           axis|           s_axis_tcp_rx_data_V_strb_V|       pointer|
|s_axis_tcp_rx_data_TLAST            |   in|    1|           axis|           s_axis_tcp_rx_data_V_last_V|       pointer|
|s_axis_tcp_rx_data_TVALID           |   in|    1|           axis|           s_axis_tcp_rx_data_V_last_V|       pointer|
|s_axis_tcp_rx_data_TREADY           |  out|    1|           axis|           s_axis_tcp_rx_data_V_last_V|       pointer|
|m_axis_tcp_tx_meta_TDATA            |  out|   32|           axis|           m_axis_tcp_tx_meta_V_data_V|       pointer|
|m_axis_tcp_tx_meta_TKEEP            |  out|    4|           axis|           m_axis_tcp_tx_meta_V_keep_V|       pointer|
|m_axis_tcp_tx_meta_TSTRB            |  out|    4|           axis|           m_axis_tcp_tx_meta_V_strb_V|       pointer|
|m_axis_tcp_tx_meta_TLAST            |  out|    1|           axis|           m_axis_tcp_tx_meta_V_last_V|       pointer|
|m_axis_tcp_tx_meta_TVALID           |  out|    1|           axis|           m_axis_tcp_tx_meta_V_last_V|       pointer|
|m_axis_tcp_tx_meta_TREADY           |   in|    1|           axis|           m_axis_tcp_tx_meta_V_last_V|       pointer|
|m_axis_tcp_tx_data_TDATA            |  out|  512|           axis|           m_axis_tcp_tx_data_V_data_V|       pointer|
|m_axis_tcp_tx_data_TKEEP            |  out|   64|           axis|           m_axis_tcp_tx_data_V_keep_V|       pointer|
|m_axis_tcp_tx_data_TSTRB            |  out|   64|           axis|           m_axis_tcp_tx_data_V_strb_V|       pointer|
|m_axis_tcp_tx_data_TLAST            |  out|    1|           axis|           m_axis_tcp_tx_data_V_last_V|       pointer|
|m_axis_tcp_tx_data_TVALID           |  out|    1|           axis|           m_axis_tcp_tx_data_V_last_V|       pointer|
|m_axis_tcp_tx_data_TREADY           |   in|    1|           axis|           m_axis_tcp_tx_data_V_last_V|       pointer|
|s_axis_tcp_tx_status_TDATA          |   in|   64|           axis|         s_axis_tcp_tx_status_V_data_V|       pointer|
|s_axis_tcp_tx_status_TKEEP          |   in|    8|           axis|         s_axis_tcp_tx_status_V_keep_V|       pointer|
|s_axis_tcp_tx_status_TSTRB          |   in|    8|           axis|         s_axis_tcp_tx_status_V_strb_V|       pointer|
|s_axis_tcp_tx_status_TLAST          |   in|    1|           axis|         s_axis_tcp_tx_status_V_last_V|       pointer|
|s_axis_tcp_tx_status_TVALID         |   in|    1|           axis|         s_axis_tcp_tx_status_V_last_V|       pointer|
|s_axis_tcp_tx_status_TREADY         |  out|    1|           axis|         s_axis_tcp_tx_status_V_last_V|       pointer|
+------------------------------------+-----+-----+---------------+--------------------------------------+--------------+

