

================================================================
== Vitis HLS Report for 'prepare_aes'
================================================================
* Date:           Sun Dec 11 15:18:13 2022

* Version:        2020.2 (Build 3064766 on Wed Nov 18 09:12:47 MST 2020)
* Project:        hls_recv_krnl
* Solution:       solution (Vitis Kernel Flow Target)
* Product family: virtexuplus
* Target device:  xcu250-figd2104-2L-e


================================================================
== Performance Estimates
================================================================
+ Timing: 
    * Summary: 
    +--------+---------+----------+------------+
    |  Clock |  Target | Estimated| Uncertainty|
    +--------+---------+----------+------------+
    |ap_clk  |  5.00 ns|  2.817 ns|     1.35 ns|
    +--------+---------+----------+------------+

+ Latency: 
    * Summary: 
    +---------+---------+----------+----------+-----+-----+---------+
    |  Latency (cycles) |  Latency (absolute) |  Interval | Pipeline|
    |   min   |   max   |    min   |    max   | min | max |   Type  |
    +---------+---------+----------+----------+-----+-----+---------+
    |        ?|        ?|         ?|         ?|    ?|    ?|     none|
    +---------+---------+----------+----------+-----+-----+---------+

    + Detail: 
        * Instance: 
        N/A

        * Loop: 
        +--------------------+---------+---------+----------+-----------+-----------+------+----------+
        |                    |  Latency (cycles) | Iteration|  Initiation Interval  | Trip |          |
        |      Loop Name     |   min   |   max   |  Latency |  achieved |   target  | Count| Pipelined|
        +--------------------+---------+---------+----------+-----------+-----------+------+----------+
        |- VITIS_LOOP_154_1  |        ?|        ?|         3|          2|          1|     ?|       yes|
        +--------------------+---------+---------+----------+-----------+-----------+------+----------+



================================================================
== Utilization Estimates
================================================================
* Summary: 
+---------------------+---------+-------+---------+---------+------+
|         Name        | BRAM_18K|  DSP  |    FF   |   LUT   | URAM |
+---------------------+---------+-------+---------+---------+------+
|DSP                  |        -|      -|        -|        -|     -|
|Expression           |        -|      -|        0|       75|     -|
|FIFO                 |        -|      -|        -|        -|     -|
|Instance             |        -|      -|        -|        -|     -|
|Memory               |        -|      -|        -|        -|     -|
|Multiplexer          |        -|      -|        -|      148|     -|
|Register             |        -|      -|      105|        -|     -|
+---------------------+---------+-------+---------+---------+------+
|Total                |        0|      0|      105|      223|     0|
+---------------------+---------+-------+---------+---------+------+
|Available SLR        |     1344|   3072|   864000|   432000|   320|
+---------------------+---------+-------+---------+---------+------+
|Utilization SLR (%)  |        0|      0|       ~0|       ~0|     0|
+---------------------+---------+-------+---------+---------+------+
|Available            |     5376|  12288|  3456000|  1728000|  1280|
+---------------------+---------+-------+---------+---------+------+
|Utilization (%)      |        0|      0|       ~0|       ~0|     0|
+---------------------+---------+-------+---------+---------+------+

+ Detail: 
    * Instance: 
    N/A

    * DSP: 
    N/A

    * Memory: 
    N/A

    * FIFO: 
    N/A

    * Expression: 
    +----------------------------------+----------+----+---+----+------------+------------+
    |           Variable Name          | Operation| DSP| FF| LUT| Bitwidth P0| Bitwidth P1|
    +----------------------------------+----------+----+---+----+------------+------------+
    |i_V_1_fu_125_p2                   |         +|   0|  0|  39|          32|           1|
    |ap_block_pp0_stage0_01001         |       and|   0|  0|   2|           1|           1|
    |ap_block_pp0_stage1_01001         |       and|   0|  0|   2|           1|           1|
    |ap_block_state4_pp0_stage0_iter1  |       and|   0|  0|   2|           1|           1|
    |ap_condition_179                  |       and|   0|  0|   2|           1|           1|
    |ap_condition_186                  |       and|   0|  0|   2|           1|           1|
    |icmp_ln878_fu_131_p2              |      icmp|   0|  0|  20|          32|          32|
    |ap_block_state1                   |        or|   0|  0|   2|           1|           1|
    |ap_block_state3_pp0_stage1_iter0  |        or|   0|  0|   2|           1|           1|
    |ap_enable_pp0                     |       xor|   0|  0|   2|           1|           2|
    +----------------------------------+----------+----+---+----+------------+------------+
    |Total                             |          |   0|  0|  75|          72|          42|
    +----------------------------------+----------+----+---+----+------------+------------+

    * Multiplexer: 
    +------------------------------+----+-----------+-----+-----------+
    |             Name             | LUT| Input Size| Bits| Total Bits|
    +------------------------------+----+-----------+-----+-----------+
    |ComputeWordCnt_loc_blk_n      |   9|          2|    1|          2|
    |ComputeWordCnt_loc_out_blk_n  |   9|          2|    1|          2|
    |IVStrm_blk_n                  |   9|          2|    1|          2|
    |ap_NS_fsm                     |  26|          5|    1|          5|
    |ap_done                       |   9|          2|    1|          2|
    |ap_enable_reg_pp0_iter1       |   9|          2|    1|          2|
    |ap_phi_mux_i_V_phi_fu_118_p4  |   9|          2|   32|         64|
    |cipherkeyStrm_blk_n           |   9|          2|    1|          2|
    |ciphertextStrm_blk_n          |   9|          2|    1|          2|
    |endCiphertextStrm_blk_n       |   9|          2|    1|          2|
    |endCiphertextStrm_din         |  14|          3|    1|          3|
    |i_V_reg_114                   |   9|          2|   32|         64|
    |real_start                    |   9|          2|    1|          2|
    |sha_out_blk_n                 |   9|          2|    1|          2|
    +------------------------------+----+-----------+-----+-----------+
    |Total                         | 148|         32|   76|        156|
    +------------------------------+----+-----------+-----+-----------+

    * Register: 
    +---------------------------------+----+----+-----+-----------+
    |               Name              | FF | LUT| Bits| Const Bits|
    +---------------------------------+----+----+-----+-----------+
    |ComputeWordCnt_loc_read_reg_141  |  32|   0|   32|          0|
    |ap_CS_fsm                        |   4|   0|    4|          0|
    |ap_done_reg                      |   1|   0|    1|          0|
    |ap_enable_reg_pp0_iter0          |   1|   0|    1|          0|
    |ap_enable_reg_pp0_iter1          |   1|   0|    1|          0|
    |i_V_1_reg_146                    |  32|   0|   32|          0|
    |i_V_reg_114                      |  32|   0|   32|          0|
    |icmp_ln878_reg_151               |   1|   0|    1|          0|
    |start_once_reg                   |   1|   0|    1|          0|
    +---------------------------------+----+----+-----+-----------+
    |Total                            | 105|   0|  105|          0|
    +---------------------------------+----+----+-----+-----------+



================================================================
== Interface
================================================================
* Summary: 
+-------------------------------+-----+-----+------------+------------------------+--------------+
|           RTL Ports           | Dir | Bits|  Protocol  |      Source Object     |    C Type    |
+-------------------------------+-----+-----+------------+------------------------+--------------+
|ap_clk                         |   in|    1|  ap_ctrl_hs|             prepare_aes|  return value|
|ap_rst                         |   in|    1|  ap_ctrl_hs|             prepare_aes|  return value|
|ap_start                       |   in|    1|  ap_ctrl_hs|             prepare_aes|  return value|
|start_full_n                   |   in|    1|  ap_ctrl_hs|             prepare_aes|  return value|
|ap_done                        |  out|    1|  ap_ctrl_hs|             prepare_aes|  return value|
|ap_continue                    |   in|    1|  ap_ctrl_hs|             prepare_aes|  return value|
|ap_idle                        |  out|    1|  ap_ctrl_hs|             prepare_aes|  return value|
|ap_ready                       |  out|    1|  ap_ctrl_hs|             prepare_aes|  return value|
|start_out                      |  out|    1|  ap_ctrl_hs|             prepare_aes|  return value|
|start_write                    |  out|    1|  ap_ctrl_hs|             prepare_aes|  return value|
|ciphertextStrm_din             |  out|  128|     ap_fifo|          ciphertextStrm|       pointer|
|ciphertextStrm_full_n          |   in|    1|     ap_fifo|          ciphertextStrm|       pointer|
|ciphertextStrm_write           |  out|    1|     ap_fifo|          ciphertextStrm|       pointer|
|endCiphertextStrm_din          |  out|    1|     ap_fifo|       endCiphertextStrm|       pointer|
|endCiphertextStrm_full_n       |   in|    1|     ap_fifo|       endCiphertextStrm|       pointer|
|endCiphertextStrm_write        |  out|    1|     ap_fifo|       endCiphertextStrm|       pointer|
|cipherkeyStrm_din              |  out|  256|     ap_fifo|           cipherkeyStrm|       pointer|
|cipherkeyStrm_full_n           |   in|    1|     ap_fifo|           cipherkeyStrm|       pointer|
|cipherkeyStrm_write            |  out|    1|     ap_fifo|           cipherkeyStrm|       pointer|
|IVStrm_din                     |  out|  128|     ap_fifo|                  IVStrm|       pointer|
|IVStrm_full_n                  |   in|    1|     ap_fifo|                  IVStrm|       pointer|
|IVStrm_write                   |  out|    1|     ap_fifo|                  IVStrm|       pointer|
|ComputeWordCnt_loc_dout        |   in|   32|     ap_fifo|      ComputeWordCnt_loc|       pointer|
|ComputeWordCnt_loc_empty_n     |   in|    1|     ap_fifo|      ComputeWordCnt_loc|       pointer|
|ComputeWordCnt_loc_read        |  out|    1|     ap_fifo|      ComputeWordCnt_loc|       pointer|
|ComputeWordCnt_loc_out_din     |  out|   32|     ap_fifo|  ComputeWordCnt_loc_out|       pointer|
|ComputeWordCnt_loc_out_full_n  |   in|    1|     ap_fifo|  ComputeWordCnt_loc_out|       pointer|
|ComputeWordCnt_loc_out_write   |  out|    1|     ap_fifo|  ComputeWordCnt_loc_out|       pointer|
|sha_out_dout                   |   in|  512|     ap_fifo|                 sha_out|       pointer|
|sha_out_empty_n                |   in|    1|     ap_fifo|                 sha_out|       pointer|
|sha_out_read                   |  out|    1|     ap_fifo|                 sha_out|       pointer|
+-------------------------------+-----+-----+------------+------------------------+--------------+

