

================================================================
== Vitis HLS Report for 'recvData_consumeData'
================================================================
* Date:           Sun Dec 11 15:17:22 2022

* Version:        2020.2 (Build 3064766 on Wed Nov 18 09:12:47 MST 2020)
* Project:        hls_recv_krnl
* Solution:       solution (Vitis Kernel Flow Target)
* Product family: virtexuplus
* Target device:  xcu250-figd2104-2L-e


================================================================
== Performance Estimates
================================================================
+ Timing: 
    * Summary: 
    +--------+---------+----------+------------+
    |  Clock |  Target | Estimated| Uncertainty|
    +--------+---------+----------+------------+
    |ap_clk  |  5.00 ns|  1.534 ns|     1.35 ns|
    +--------+---------+----------+------------+

+ Latency: 
    * Summary: 
    +---------+---------+----------+----------+-----+-----+---------+
    |  Latency (cycles) |  Latency (absolute) |  Interval | Pipeline|
    |   min   |   max   |    min   |    max   | min | max |   Type  |
    +---------+---------+----------+----------+-----+-----+---------+
    |        ?|        ?|         ?|         ?|    ?|    ?|     none|
    +---------+---------+----------+----------+-----+-----+---------+

    + Detail: 
        * Instance: 
        N/A

        * Loop: 
        +----------------------+---------+---------+----------+-----------+-----------+------+----------+
        |                      |  Latency (cycles) | Iteration|  Initiation Interval  | Trip |          |
        |       Loop Name      |   min   |   max   |  Latency |  achieved |   target  | Count| Pipelined|
        +----------------------+---------+---------+----------+-----------+-----------+------+----------+
        |- VITIS_LOOP_1275_1   |        ?|        ?|         ?|          -|          -|     ?|        no|
        | + VITIS_LOOP_1281_2  |        ?|        ?|         1|          1|          1|     ?|       yes|
        +----------------------+---------+---------+----------+-----------+-----------+------+----------+



================================================================
== Utilization Estimates
================================================================
* Summary: 
+---------------------+---------+-------+---------+---------+------+
|         Name        | BRAM_18K|  DSP  |    FF   |   LUT   | URAM |
+---------------------+---------+-------+---------+---------+------+
|DSP                  |        -|      -|        -|        -|     -|
|Expression           |        -|      -|        0|      112|     -|
|FIFO                 |        -|      -|        -|        -|     -|
|Instance             |        -|      -|        -|        -|     -|
|Memory               |        -|      -|        -|        -|     -|
|Multiplexer          |        -|      -|        -|       98|     -|
|Register             |        -|      -|      150|        -|     -|
+---------------------+---------+-------+---------+---------+------+
|Total                |        0|      0|      150|      210|     0|
+---------------------+---------+-------+---------+---------+------+
|Available SLR        |     1344|   3072|   864000|   432000|   320|
+---------------------+---------+-------+---------+---------+------+
|Utilization SLR (%)  |        0|      0|       ~0|       ~0|     0|
+---------------------+---------+-------+---------+---------+------+
|Available            |     5376|  12288|  3456000|  1728000|  1280|
+---------------------+---------+-------+---------+---------+------+
|Utilization (%)      |        0|      0|       ~0|       ~0|     0|
+---------------------+---------+-------+---------+---------+------+

+ Detail: 
    * Instance: 
    N/A

    * DSP: 
    N/A

    * Memory: 
    N/A

    * FIFO: 
    N/A

    * Expression: 
    +----------------------------+----------+----+---+----+------------+------------+
    |        Variable Name       | Operation| DSP| FF| LUT| Bitwidth P0| Bitwidth P1|
    +----------------------------+----------+----+---+----+------------+------------+
    |rxByteCnt_V_3_fu_167_p2     |         +|   0|  0|  71|          64|          64|
    |and_ln1276_fu_146_p2        |       and|   0|  0|   2|           1|           1|
    |tmp_i_i_nbreadreq_fu_96_p3  |       and|   0|  0|   2|           1|           0|
    |tmp_nbreadreq_fu_82_p6      |       and|   0|  0|   2|           1|           0|
    |icmp_ln878_fu_181_p2        |      icmp|   0|  0|  29|          64|          64|
    |ap_block_state1             |        or|   0|  0|   2|           1|           1|
    |ap_block_state2             |        or|   0|  0|   2|           1|           1|
    |ap_block_state3             |        or|   0|  0|   2|           1|           1|
    +----------------------------+----------+----+---+----+------------+------------+
    |Total                       |          |   0|  0| 112|         134|         132|
    +----------------------------+----------+----+---+----+------------+------------+

    * Multiplexer: 
    +--------------------------------+----+-----------+-----+-----------+
    |              Name              | LUT| Input Size| Bits| Total Bits|
    +--------------------------------+----+-----------+-----+-----------+
    |ap_NS_fsm                       |  26|          5|    1|          5|
    |ap_done                         |   9|          2|    1|          2|
    |ap_sig_allocacmp_rxByteCnt_V_4  |   9|          2|   64|        128|
    |expRxBytePerSession_blk_n       |   9|          2|    1|          2|
    |nextRxPacketLength3_blk_n       |   9|          2|    1|          2|
    |rxByteCnt_V_fu_72               |   9|          2|   64|        128|
    |s_axis_tcp_rx_data_TDATA_blk_n  |   9|          2|    1|          2|
    |s_axis_tcp_rx_meta_TDATA_blk_n  |   9|          2|    1|          2|
    |s_data_net_out_blk_n            |   9|          2|    1|          2|
    +--------------------------------+----+-----------+-----+-----------+
    |Total                           |  98|         21|  135|        273|
    +--------------------------------+----+-----------+-----+-----------+

    * Register: 
    +----------------------------------+----+----+-----+-----------+
    |               Name               | FF | LUT| Bits| Const Bits|
    +----------------------------------+----+----+-----+-----------+
    |and_ln1276_reg_199                |   1|   0|    1|          0|
    |ap_CS_fsm                         |   4|   0|    4|          0|
    |ap_done_reg                       |   1|   0|    1|          0|
    |expRxBytePerSession_read_reg_194  |  64|   0|   64|          0|
    |rxByteCnt_V_fu_72                 |  64|   0|   64|          0|
    |tmp_10_reg_203                    |  16|   0|   16|          0|
    +----------------------------------+----+----+-----+-----------+
    |Total                             | 150|   0|  150|          0|
    +----------------------------------+----+----+-----+-----------+



================================================================
== Interface
================================================================
* Summary: 
+-----------------------------+-----+-----+------------+-----------------------------+--------------+
|          RTL Ports          | Dir | Bits|  Protocol  |        Source Object        |    C Type    |
+-----------------------------+-----+-----+------------+-----------------------------+--------------+
|ap_clk                       |   in|    1|  ap_ctrl_hs|         recvData_consumeData|  return value|
|ap_rst                       |   in|    1|  ap_ctrl_hs|         recvData_consumeData|  return value|
|ap_start                     |   in|    1|  ap_ctrl_hs|         recvData_consumeData|  return value|
|ap_done                      |  out|    1|  ap_ctrl_hs|         recvData_consumeData|  return value|
|ap_continue                  |   in|    1|  ap_ctrl_hs|         recvData_consumeData|  return value|
|ap_idle                      |  out|    1|  ap_ctrl_hs|         recvData_consumeData|  return value|
|ap_ready                     |  out|    1|  ap_ctrl_hs|         recvData_consumeData|  return value|
|nextRxPacketLength3_dout     |   in|   16|     ap_fifo|          nextRxPacketLength3|       pointer|
|nextRxPacketLength3_empty_n  |   in|    1|     ap_fifo|          nextRxPacketLength3|       pointer|
|nextRxPacketLength3_read     |  out|    1|     ap_fifo|          nextRxPacketLength3|       pointer|
|expRxBytePerSession_dout     |   in|   64|     ap_fifo|          expRxBytePerSession|       pointer|
|expRxBytePerSession_empty_n  |   in|    1|     ap_fifo|          expRxBytePerSession|       pointer|
|expRxBytePerSession_read     |  out|    1|     ap_fifo|          expRxBytePerSession|       pointer|
|s_axis_tcp_rx_meta_TDATA     |   in|   16|        axis|  s_axis_tcp_rx_meta_V_data_V|       pointer|
|s_axis_tcp_rx_meta_TVALID    |   in|    1|        axis|  s_axis_tcp_rx_meta_V_data_V|       pointer|
|s_axis_tcp_rx_meta_TREADY    |  out|    1|        axis|  s_axis_tcp_rx_meta_V_last_V|       pointer|
|s_axis_tcp_rx_meta_TLAST     |   in|    1|        axis|  s_axis_tcp_rx_meta_V_last_V|       pointer|
|s_axis_tcp_rx_meta_TKEEP     |   in|    2|        axis|  s_axis_tcp_rx_meta_V_keep_V|       pointer|
|s_axis_tcp_rx_meta_TSTRB     |   in|    2|        axis|  s_axis_tcp_rx_meta_V_strb_V|       pointer|
|s_axis_tcp_rx_data_TDATA     |   in|  512|        axis|  s_axis_tcp_rx_data_V_data_V|       pointer|
|s_axis_tcp_rx_data_TVALID    |   in|    1|        axis|  s_axis_tcp_rx_data_V_data_V|       pointer|
|s_axis_tcp_rx_data_TREADY    |  out|    1|        axis|  s_axis_tcp_rx_data_V_last_V|       pointer|
|s_axis_tcp_rx_data_TLAST     |   in|    1|        axis|  s_axis_tcp_rx_data_V_last_V|       pointer|
|s_axis_tcp_rx_data_TKEEP     |   in|   64|        axis|  s_axis_tcp_rx_data_V_keep_V|       pointer|
|s_axis_tcp_rx_data_TSTRB     |   in|   64|        axis|  s_axis_tcp_rx_data_V_strb_V|       pointer|
|s_data_net_out_din           |  out|  512|     ap_fifo|               s_data_net_out|       pointer|
|s_data_net_out_full_n        |   in|    1|     ap_fifo|               s_data_net_out|       pointer|
|s_data_net_out_write         |  out|    1|     ap_fifo|               s_data_net_out|       pointer|
+-----------------------------+-----+-----+------------+-----------------------------+--------------+

