

================================================================
== Vitis HLS Report for 'recvData'
================================================================
* Date:           Sun Dec 11 15:17:22 2022

* Version:        2020.2 (Build 3064766 on Wed Nov 18 09:12:47 MST 2020)
* Project:        hls_recv_krnl
* Solution:       solution (Vitis Kernel Flow Target)
* Product family: virtexuplus
* Target device:  xcu250-figd2104-2L-e


================================================================
== Performance Estimates
================================================================
+ Timing: 
    * Summary: 
    +--------+---------+----------+------------+
    |  Clock |  Target | Estimated| Uncertainty|
    +--------+---------+----------+------------+
    |ap_clk  |  5.00 ns|  2.818 ns|     1.35 ns|
    +--------+---------+----------+------------+

+ Latency: 
    * Summary: 
    +---------+---------+----------+----------+-----+-----+----------+
    |  Latency (cycles) |  Latency (absolute) |  Interval | Pipeline |
    |   min   |   max   |    min   |    max   | min | max |   Type   |
    +---------+---------+----------+----------+-----+-----+----------+
    |        ?|        ?|         ?|         ?|    ?|    ?|  dataflow|
    +---------+---------+----------+----------+-----+-----+----------+

    + Detail: 
        * Instance: 
        +-------------------------+----------------------+---------+---------+----------+----------+-----+-----+---------+
        |                         |                      |  Latency (cycles) |  Latency (absolute) |  Interval | Pipeline|
        |         Instance        |        Module        |   min   |   max   |    min   |    max   | min | max |   Type  |
        +-------------------------+----------------------+---------+---------+----------+----------+-----+-----+---------+
        |recvData_handshake_U0    |recvData_handshake    |        ?|        ?|         ?|         ?|    ?|    ?|     none|
        |recvData_consumeData_U0  |recvData_consumeData  |        ?|        ?|         ?|         ?|    ?|    ?|     none|
        +-------------------------+----------------------+---------+---------+----------+----------+-----+-----+---------+

        * Loop: 
        N/A



================================================================
== Utilization Estimates
================================================================
* Summary: 
+---------------------+---------+-------+---------+---------+------+
|         Name        | BRAM_18K|  DSP  |    FF   |   LUT   | URAM |
+---------------------+---------+-------+---------+---------+------+
|DSP                  |        -|      -|        -|        -|     -|
|Expression           |        -|      -|        0|        8|     -|
|FIFO                 |        1|      -|      196|      131|     -|
|Instance             |        -|      -|      334|      442|     -|
|Memory               |        -|      -|        -|        -|     -|
|Multiplexer          |        -|      -|        -|        -|     -|
|Register             |        -|      -|        1|        -|     -|
+---------------------+---------+-------+---------+---------+------+
|Total                |        1|      0|      531|      581|     0|
+---------------------+---------+-------+---------+---------+------+
|Available SLR        |     1344|   3072|   864000|   432000|   320|
+---------------------+---------+-------+---------+---------+------+
|Utilization SLR (%)  |       ~0|      0|       ~0|       ~0|     0|
+---------------------+---------+-------+---------+---------+------+
|Available            |     5376|  12288|  3456000|  1728000|  1280|
+---------------------+---------+-------+---------+---------+------+
|Utilization (%)      |       ~0|      0|       ~0|       ~0|     0|
+---------------------+---------+-------+---------+---------+------+

+ Detail: 
    * Instance: 
    +-------------------------+----------------------+---------+----+-----+-----+-----+
    |         Instance        |        Module        | BRAM_18K| DSP|  FF | LUT | URAM|
    +-------------------------+----------------------+---------+----+-----+-----+-----+
    |recvData_consumeData_U0  |recvData_consumeData  |        0|   0|  150|  210|    0|
    |recvData_handshake_U0    |recvData_handshake    |        0|   0|  184|  232|    0|
    +-------------------------+----------------------+---------+----+-----+-----+-----+
    |Total                    |                      |        0|   0|  334|  442|    0|
    +-------------------------+----------------------+---------+----+-----+-----+-----+

    * DSP: 
    N/A

    * Memory: 
    N/A

    * FIFO: 
    +---------------------------+---------+-----+----+-----+------+-----+---------+
    |            Name           | BRAM_18K|  FF | LUT| URAM| Depth| Bits| Size:D*B|
    +---------------------------+---------+-----+----+-----+------+-----+---------+
    |expRxBytePerSession_c_i_U  |        0|  133|   0|    -|     2|   64|      128|
    |nextRxPacketLength_U       |        1|   63|   0|    -|   512|   16|     8192|
    +---------------------------+---------+-----+----+-----+------+-----+---------+
    |Total                      |        1|  196|   0|    0|   514|   80|     8320|
    +---------------------------+---------+-----+----+-----+------+-----+---------+

    * Expression: 
    +----------------------------------+----------+----+---+----+------------+------------+
    |           Variable Name          | Operation| DSP| FF| LUT| Bitwidth P0| Bitwidth P1|
    +----------------------------------+----------+----+---+----+------------+------------+
    |ap_idle                           |       and|   0|  0|   2|           1|           1|
    |ap_sync_continue                  |       and|   0|  0|   2|           1|           1|
    |ap_sync_done                      |       and|   0|  0|   2|           1|           1|
    |recvData_consumeData_U0_ap_start  |        or|   0|  0|   2|           1|           1|
    +----------------------------------+----------+----+---+----+------------+------------+
    |Total                             |          |   0|  0|   8|           4|           4|
    +----------------------------------+----------+----+---+----+------------+------------+

    * Multiplexer: 
    N/A

    * Register: 
    +----------------------------------------------+---+----+-----+-----------+
    |                     Name                     | FF| LUT| Bits| Const Bits|
    +----------------------------------------------+---+----+-----+-----------+
    |ap_sync_reg_recvData_consumeData_U0_ap_start  |  1|   0|    1|          0|
    +----------------------------------------------+---+----+-----+-----------+
    |Total                                         |  1|   0|    1|          0|
    +----------------------------------------------+---+----+-----+-----------+



================================================================
== Interface
================================================================
* Summary: 
+--------------------------------+-----+-----+------------+----------------------------------+--------------+
|            RTL Ports           | Dir | Bits|  Protocol  |           Source Object          |    C Type    |
+--------------------------------+-----+-----+------------+----------------------------------+--------------+
|expRxBytePerSession_dout        |   in|   64|     ap_fifo|               expRxBytePerSession|       pointer|
|expRxBytePerSession_empty_n     |   in|    1|     ap_fifo|               expRxBytePerSession|       pointer|
|expRxBytePerSession_read        |  out|    1|     ap_fifo|               expRxBytePerSession|       pointer|
|s_axis_tcp_notification_TDATA   |   in|  128|        axis|  s_axis_tcp_notification_V_data_V|       pointer|
|s_axis_tcp_notification_TKEEP   |   in|   16|        axis|  s_axis_tcp_notification_V_keep_V|       pointer|
|s_axis_tcp_notification_TSTRB   |   in|   16|        axis|  s_axis_tcp_notification_V_strb_V|       pointer|
|s_axis_tcp_notification_TLAST   |   in|    1|        axis|  s_axis_tcp_notification_V_last_V|       pointer|
|s_axis_tcp_notification_TVALID  |   in|    1|        axis|  s_axis_tcp_notification_V_last_V|       pointer|
|s_axis_tcp_notification_TREADY  |  out|    1|        axis|  s_axis_tcp_notification_V_last_V|       pointer|
|m_axis_tcp_read_pkg_TDATA       |  out|   32|        axis|      m_axis_tcp_read_pkg_V_data_V|       pointer|
|m_axis_tcp_read_pkg_TKEEP       |  out|    4|        axis|      m_axis_tcp_read_pkg_V_keep_V|       pointer|
|m_axis_tcp_read_pkg_TSTRB       |  out|    4|        axis|      m_axis_tcp_read_pkg_V_strb_V|       pointer|
|m_axis_tcp_read_pkg_TLAST       |  out|    1|        axis|      m_axis_tcp_read_pkg_V_last_V|       pointer|
|m_axis_tcp_read_pkg_TVALID      |  out|    1|        axis|      m_axis_tcp_read_pkg_V_last_V|       pointer|
|m_axis_tcp_read_pkg_TREADY      |   in|    1|        axis|      m_axis_tcp_read_pkg_V_last_V|       pointer|
|s_axis_tcp_rx_meta_TDATA        |   in|   16|        axis|       s_axis_tcp_rx_meta_V_data_V|       pointer|
|s_axis_tcp_rx_meta_TKEEP        |   in|    2|        axis|       s_axis_tcp_rx_meta_V_keep_V|       pointer|
|s_axis_tcp_rx_meta_TSTRB        |   in|    2|        axis|       s_axis_tcp_rx_meta_V_strb_V|       pointer|
|s_axis_tcp_rx_meta_TLAST        |   in|    1|        axis|       s_axis_tcp_rx_meta_V_last_V|       pointer|
|s_axis_tcp_rx_meta_TVALID       |   in|    1|        axis|       s_axis_tcp_rx_meta_V_last_V|       pointer|
|s_axis_tcp_rx_meta_TREADY       |  out|    1|        axis|       s_axis_tcp_rx_meta_V_last_V|       pointer|
|s_axis_tcp_rx_data_TDATA        |   in|  512|        axis|       s_axis_tcp_rx_data_V_data_V|       pointer|
|s_axis_tcp_rx_data_TKEEP        |   in|   64|        axis|       s_axis_tcp_rx_data_V_keep_V|       pointer|
|s_axis_tcp_rx_data_TSTRB        |   in|   64|        axis|       s_axis_tcp_rx_data_V_strb_V|       pointer|
|s_axis_tcp_rx_data_TLAST        |   in|    1|        axis|       s_axis_tcp_rx_data_V_last_V|       pointer|
|s_axis_tcp_rx_data_TVALID       |   in|    1|        axis|       s_axis_tcp_rx_data_V_last_V|       pointer|
|s_axis_tcp_rx_data_TREADY       |  out|    1|        axis|       s_axis_tcp_rx_data_V_last_V|       pointer|
|s_data_net_out_din              |  out|  512|     ap_fifo|                    s_data_net_out|       pointer|
|s_data_net_out_full_n           |   in|    1|     ap_fifo|                    s_data_net_out|       pointer|
|s_data_net_out_write            |  out|    1|     ap_fifo|                    s_data_net_out|       pointer|
|ap_clk                          |   in|    1|  ap_ctrl_hs|                          recvData|  return value|
|ap_rst                          |   in|    1|  ap_ctrl_hs|                          recvData|  return value|
|ap_start                        |   in|    1|  ap_ctrl_hs|                          recvData|  return value|
|ap_done                         |  out|    1|  ap_ctrl_hs|                          recvData|  return value|
|ap_ready                        |  out|    1|  ap_ctrl_hs|                          recvData|  return value|
|ap_idle                         |  out|    1|  ap_ctrl_hs|                          recvData|  return value|
|ap_continue                     |   in|    1|  ap_ctrl_hs|                          recvData|  return value|
+--------------------------------+-----+-----+------------+----------------------------------+--------------+

