

================================================================
== Vitis HLS Report for 'sha3Digest_32u_s'
================================================================
* Date:           Sun Dec 11 15:17:52 2022

* Version:        2020.2 (Build 3064766 on Wed Nov 18 09:12:47 MST 2020)
* Project:        hls_recv_krnl
* Solution:       solution (Vitis Kernel Flow Target)
* Product family: virtexuplus
* Target device:  xcu250-figd2104-2L-e


================================================================
== Performance Estimates
================================================================
+ Timing: 
    * Summary: 
    +--------+---------+----------+------------+
    |  Clock |  Target | Estimated| Uncertainty|
    +--------+---------+----------+------------+
    |ap_clk  |  5.00 ns|  3.468 ns|     1.35 ns|
    +--------+---------+----------+------------+

+ Latency: 
    * Summary: 
    +---------+---------+----------+----------+-----+-----+---------+
    |  Latency (cycles) |  Latency (absolute) |  Interval | Pipeline|
    |   min   |   max   |    min   |    max   | min | max |   Type  |
    +---------+---------+----------+----------+-----+-----+---------+
    |      164|      164|  0.820 us|  0.820 us|  164|  164|     none|
    +---------+---------+----------+----------+-----+-----+---------+

    + Detail: 
        * Instance: 
        +----------------------+----------+---------+---------+-----------+-----------+-----+-----+---------+
        |                      |          |  Latency (cycles) |   Latency (absolute)  |  Interval | Pipeline|
        |       Instance       |  Module  |   min   |   max   |    min    |    max    | min | max |   Type  |
        +----------------------+----------+---------+---------+-----------+-----------+-----+-----+---------+
        |grp_KECCAK_f_fu_1204  |KECCAK_f  |       12|       12|  60.000 ns|  60.000 ns|   12|   12|      yes|
        +----------------------+----------+---------+---------+-----------+-----------+-----+-----+---------+

        * Loop: 
        +--------------------------+---------+---------+----------+-----------+-----------+------+----------+
        |                          |  Latency (cycles) | Iteration|  Initiation Interval  | Trip |          |
        |         Loop Name        |   min   |   max   |  Latency |  achieved |   target  | Count| Pipelined|
        +--------------------------+---------+---------+----------+-----------+-----------+------+----------+
        |- LOOP_SHA3_MAIN          |      163|      163|       163|          -|          -|     1|        no|
        | + LOOP_SHA3_DIGEST_NBLK  |       30|       30|        30|          -|          -|     1|        no|
        +--------------------------+---------+---------+----------+-----------+-----------+------+----------+



================================================================
== Utilization Estimates
================================================================
* Summary: 
+---------------------+---------+-------+---------+---------+------+
|         Name        | BRAM_18K|  DSP  |    FF   |   LUT   | URAM |
+---------------------+---------+-------+---------+---------+------+
|DSP                  |        -|      -|        -|        -|     -|
|Expression           |        -|      -|        0|    13265|     -|
|FIFO                 |        -|      -|        -|        -|     -|
|Instance             |        -|      -|    22041|   200459|     -|
|Memory               |        -|      -|        -|        -|     -|
|Multiplexer          |        -|      -|        -|     2329|     -|
|Register             |        -|      -|     5794|        -|     -|
+---------------------+---------+-------+---------+---------+------+
|Total                |        0|      0|    27835|   216053|     0|
+---------------------+---------+-------+---------+---------+------+
|Available SLR        |     1344|   3072|   864000|   432000|   320|
+---------------------+---------+-------+---------+---------+------+
|Utilization SLR (%)  |        0|      0|        3|       50|     0|
+---------------------+---------+-------+---------+---------+------+
|Available            |     5376|  12288|  3456000|  1728000|  1280|
+---------------------+---------+-------+---------+---------+------+
|Utilization (%)      |        0|      0|       ~0|       12|     0|
+---------------------+---------+-------+---------+---------+------+

+ Detail: 
    * Instance: 
    +-------------------------------+--------------------------+---------+----+-------+--------+-----+
    |            Instance           |          Module          | BRAM_18K| DSP|   FF  |   LUT  | URAM|
    +-------------------------------+--------------------------+---------+----+-------+--------+-----+
    |grp_KECCAK_f_fu_1204           |KECCAK_f                  |        0|   0|  13390|  193852|    0|
    |udiv_128ns_9ns_128_132_1_U144  |udiv_128ns_9ns_128_132_1  |        0|   0|   8651|    6607|    0|
    +-------------------------------+--------------------------+---------+----+-------+--------+-----+
    |Total                          |                          |        0|   0|  22041|  200459|    0|
    +-------------------------------+--------------------------+---------+----+-------+--------+-----+

    * DSP: 
    N/A

    * Memory: 
    N/A

    * FIFO: 
    N/A

    * Expression: 
    +-----------------------------------+----------+----+---+-----+------------+------------+
    |           Variable Name           | Operation| DSP| FF| LUT | Bitwidth P0| Bitwidth P1|
    +-----------------------------------+----------+----+---+-----+------------+------------+
    |add_ln268_fu_1286_p2               |         +|   0|  0|  128|         121|           1|
    |left_V_2_fu_4954_p2                |         +|   0|  0|  135|         128|           9|
    |n_V_1_fu_1292_p2                   |         +|   0|  0|  128|         121|           1|
    |ap_block_state150                  |       and|   0|  0|    2|           1|           1|
    |ap_condition_1000                  |       and|   0|  0|    2|           1|           1|
    |ap_condition_1005                  |       and|   0|  0|    2|           1|           1|
    |ap_condition_1010                  |       and|   0|  0|    2|           1|           1|
    |ap_condition_1015                  |       and|   0|  0|    2|           1|           1|
    |ap_condition_1028                  |       and|   0|  0|    2|           1|           1|
    |ap_condition_1037                  |       and|   0|  0|    2|           1|           1|
    |ap_condition_1042                  |       and|   0|  0|    2|           1|           1|
    |ap_condition_1047                  |       and|   0|  0|    2|           1|           1|
    |ap_condition_1052                  |       and|   0|  0|    2|           1|           1|
    |ap_condition_1057                  |       and|   0|  0|    2|           1|           1|
    |ap_condition_1062                  |       and|   0|  0|    2|           1|           1|
    |ap_condition_1075                  |       and|   0|  0|    2|           1|           1|
    |ap_condition_1080                  |       and|   0|  0|    2|           1|           1|
    |ap_condition_1085                  |       and|   0|  0|    2|           1|           1|
    |ap_condition_1090                  |       and|   0|  0|    2|           1|           1|
    |ap_condition_1095                  |       and|   0|  0|    2|           1|           1|
    |ap_condition_1100                  |       and|   0|  0|    2|           1|           1|
    |ap_condition_1105                  |       and|   0|  0|    2|           1|           1|
    |ap_condition_1118                  |       and|   0|  0|    2|           1|           1|
    |ap_condition_1125                  |       and|   0|  0|    2|           1|           1|
    |ap_condition_1130                  |       and|   0|  0|    2|           1|           1|
    |ap_condition_1135                  |       and|   0|  0|    2|           1|           1|
    |ap_condition_1140                  |       and|   0|  0|    2|           1|           1|
    |ap_condition_1145                  |       and|   0|  0|    2|           1|           1|
    |ap_condition_1150                  |       and|   0|  0|    2|           1|           1|
    |ap_condition_1163                  |       and|   0|  0|    2|           1|           1|
    |ap_condition_1170                  |       and|   0|  0|    2|           1|           1|
    |ap_condition_1175                  |       and|   0|  0|    2|           1|           1|
    |ap_condition_1180                  |       and|   0|  0|    2|           1|           1|
    |ap_condition_1185                  |       and|   0|  0|    2|           1|           1|
    |ap_condition_1190                  |       and|   0|  0|    2|           1|           1|
    |ap_condition_1195                  |       and|   0|  0|    2|           1|           1|
    |ap_condition_1208                  |       and|   0|  0|    2|           1|           1|
    |ap_condition_1215                  |       and|   0|  0|    2|           1|           1|
    |ap_condition_1220                  |       and|   0|  0|    2|           1|           1|
    |ap_condition_1225                  |       and|   0|  0|    2|           1|           1|
    |ap_condition_1230                  |       and|   0|  0|    2|           1|           1|
    |ap_condition_1235                  |       and|   0|  0|    2|           1|           1|
    |ap_condition_1240                  |       and|   0|  0|    2|           1|           1|
    |ap_condition_1253                  |       and|   0|  0|    2|           1|           1|
    |ap_condition_1260                  |       and|   0|  0|    2|           1|           1|
    |ap_condition_1265                  |       and|   0|  0|    2|           1|           1|
    |ap_condition_1270                  |       and|   0|  0|    2|           1|           1|
    |ap_condition_1275                  |       and|   0|  0|    2|           1|           1|
    |ap_condition_1280                  |       and|   0|  0|    2|           1|           1|
    |ap_condition_1285                  |       and|   0|  0|    2|           1|           1|
    |ap_condition_1298                  |       and|   0|  0|    2|           1|           1|
    |ap_condition_1305                  |       and|   0|  0|    2|           1|           1|
    |ap_condition_1310                  |       and|   0|  0|    2|           1|           1|
    |ap_condition_1315                  |       and|   0|  0|    2|           1|           1|
    |ap_condition_1320                  |       and|   0|  0|    2|           1|           1|
    |ap_condition_1325                  |       and|   0|  0|    2|           1|           1|
    |ap_condition_1330                  |       and|   0|  0|    2|           1|           1|
    |ap_condition_1343                  |       and|   0|  0|    2|           1|           1|
    |ap_condition_1350                  |       and|   0|  0|    2|           1|           1|
    |ap_condition_1355                  |       and|   0|  0|    2|           1|           1|
    |ap_condition_1360                  |       and|   0|  0|    2|           1|           1|
    |ap_condition_1365                  |       and|   0|  0|    2|           1|           1|
    |ap_condition_1370                  |       and|   0|  0|    2|           1|           1|
    |ap_condition_1375                  |       and|   0|  0|    2|           1|           1|
    |ap_condition_1388                  |       and|   0|  0|    2|           1|           1|
    |ap_condition_1397                  |       and|   0|  0|    2|           1|           1|
    |ap_condition_1402                  |       and|   0|  0|    2|           1|           1|
    |ap_condition_1407                  |       and|   0|  0|    2|           1|           1|
    |ap_condition_1412                  |       and|   0|  0|    2|           1|           1|
    |ap_condition_1417                  |       and|   0|  0|    2|           1|           1|
    |ap_condition_1422                  |       and|   0|  0|    2|           1|           1|
    |ap_condition_1435                  |       and|   0|  0|    2|           1|           1|
    |ap_condition_1669                  |       and|   0|  0|    2|           1|           1|
    |ap_condition_1691                  |       and|   0|  0|    2|           1|           1|
    |ap_condition_1713                  |       and|   0|  0|    2|           1|           1|
    |ap_condition_1735                  |       and|   0|  0|    2|           1|           1|
    |ap_condition_1757                  |       and|   0|  0|    2|           1|           1|
    |ap_condition_1779                  |       and|   0|  0|    2|           1|           1|
    |ap_condition_1801                  |       and|   0|  0|    2|           1|           1|
    |ap_condition_1823                  |       and|   0|  0|    2|           1|           1|
    |ap_condition_1845                  |       and|   0|  0|    2|           1|           1|
    |ap_condition_1867                  |       and|   0|  0|    2|           1|           1|
    |ap_condition_1889                  |       and|   0|  0|    2|           1|           1|
    |ap_condition_1911                  |       and|   0|  0|    2|           1|           1|
    |ap_condition_1933                  |       and|   0|  0|    2|           1|           1|
    |ap_condition_1955                  |       and|   0|  0|    2|           1|           1|
    |ap_condition_1977                  |       and|   0|  0|    2|           1|           1|
    |ap_condition_2005                  |       and|   0|  0|    2|           1|           1|
    |ap_condition_2009                  |       and|   0|  0|    2|           1|           1|
    |ap_condition_2013                  |       and|   0|  0|    2|           1|           1|
    |ap_condition_2017                  |       and|   0|  0|    2|           1|           1|
    |ap_condition_2021                  |       and|   0|  0|    2|           1|           1|
    |ap_condition_2025                  |       and|   0|  0|    2|           1|           1|
    |ap_condition_348                   |       and|   0|  0|    2|           1|           1|
    |ap_condition_686                   |       and|   0|  0|    2|           1|           1|
    |ap_condition_697                   |       and|   0|  0|    2|           1|           1|
    |ap_condition_703                   |       and|   0|  0|    2|           1|           1|
    |ap_condition_709                   |       and|   0|  0|    2|           1|           1|
    |ap_condition_715                   |       and|   0|  0|    2|           1|           1|
    |ap_condition_721                   |       and|   0|  0|    2|           1|           1|
    |ap_condition_727                   |       and|   0|  0|    2|           1|           1|
    |ap_condition_742                   |       and|   0|  0|    2|           1|           1|
    |ap_condition_752                   |       and|   0|  0|    2|           1|           1|
    |ap_condition_759                   |       and|   0|  0|    2|           1|           1|
    |ap_condition_766                   |       and|   0|  0|    2|           1|           1|
    |ap_condition_773                   |       and|   0|  0|    2|           1|           1|
    |ap_condition_780                   |       and|   0|  0|    2|           1|           1|
    |ap_condition_787                   |       and|   0|  0|    2|           1|           1|
    |ap_condition_805                   |       and|   0|  0|    2|           1|           1|
    |ap_condition_810                   |       and|   0|  0|    2|           1|           1|
    |ap_condition_815                   |       and|   0|  0|    2|           1|           1|
    |ap_condition_820                   |       and|   0|  0|    2|           1|           1|
    |ap_condition_825                   |       and|   0|  0|    2|           1|           1|
    |ap_condition_830                   |       and|   0|  0|    2|           1|           1|
    |ap_condition_835                   |       and|   0|  0|    2|           1|           1|
    |ap_condition_848                   |       and|   0|  0|    2|           1|           1|
    |ap_condition_857                   |       and|   0|  0|    2|           1|           1|
    |ap_condition_862                   |       and|   0|  0|    2|           1|           1|
    |ap_condition_867                   |       and|   0|  0|    2|           1|           1|
    |ap_condition_872                   |       and|   0|  0|    2|           1|           1|
    |ap_condition_877                   |       and|   0|  0|    2|           1|           1|
    |ap_condition_882                   |       and|   0|  0|    2|           1|           1|
    |ap_condition_895                   |       and|   0|  0|    2|           1|           1|
    |ap_condition_900                   |       and|   0|  0|    2|           1|           1|
    |ap_condition_905                   |       and|   0|  0|    2|           1|           1|
    |ap_condition_910                   |       and|   0|  0|    2|           1|           1|
    |ap_condition_915                   |       and|   0|  0|    2|           1|           1|
    |ap_condition_920                   |       and|   0|  0|    2|           1|           1|
    |ap_condition_925                   |       and|   0|  0|    2|           1|           1|
    |ap_condition_938                   |       and|   0|  0|    2|           1|           1|
    |ap_condition_945                   |       and|   0|  0|    2|           1|           1|
    |ap_condition_950                   |       and|   0|  0|    2|           1|           1|
    |ap_condition_955                   |       and|   0|  0|    2|           1|           1|
    |ap_condition_960                   |       and|   0|  0|    2|           1|           1|
    |ap_condition_965                   |       and|   0|  0|    2|           1|           1|
    |ap_condition_970                   |       and|   0|  0|    2|           1|           1|
    |ap_condition_983                   |       and|   0|  0|    2|           1|           1|
    |ap_condition_990                   |       and|   0|  0|    2|           1|           1|
    |ap_condition_995                   |       and|   0|  0|    2|           1|           1|
    |ap_predicate_op1002_read_state145  |       and|   0|  0|    2|           1|           1|
    |ap_predicate_op1057_read_state146  |       and|   0|  0|    2|           1|           1|
    |ap_predicate_op1112_read_state147  |       and|   0|  0|    2|           1|           1|
    |ap_predicate_op1167_read_state148  |       and|   0|  0|    2|           1|           1|
    |ap_predicate_op1226_read_state149  |       and|   0|  0|    2|           1|           1|
    |ap_predicate_op1276_read_state150  |       and|   0|  0|    2|           1|           1|
    |ap_predicate_op390_read_state134   |       and|   0|  0|    2|           1|           1|
    |ap_predicate_op436_read_state134   |       and|   0|  0|    2|           1|           1|
    |ap_predicate_op453_read_state135   |       and|   0|  0|    2|           1|           1|
    |ap_predicate_op505_read_state136   |       and|   0|  0|    2|           1|           1|
    |ap_predicate_op564_read_state137   |       and|   0|  0|    2|           1|           1|
    |ap_predicate_op616_read_state138   |       and|   0|  0|    2|           1|           1|
    |ap_predicate_op671_read_state139   |       and|   0|  0|    2|           1|           1|
    |ap_predicate_op726_read_state140   |       and|   0|  0|    2|           1|           1|
    |ap_predicate_op785_read_state141   |       and|   0|  0|    2|           1|           1|
    |ap_predicate_op837_read_state142   |       and|   0|  0|    2|           1|           1|
    |ap_predicate_op892_read_state143   |       and|   0|  0|    2|           1|           1|
    |ap_predicate_op947_read_state144   |       and|   0|  0|    2|           1|           1|
    |cmp_i_i320_i_fu_1323_p2            |      icmp|   0|  0|    8|           3|           1|
    |icmp_ln268_fu_1298_p2              |      icmp|   0|  0|   47|         121|         121|
    |icmp_ln870_10_fu_3622_p2           |      icmp|   0|  0|   49|         125|           4|
    |icmp_ln870_11_fu_3827_p2           |      icmp|   0|  0|   49|         125|           4|
    |icmp_ln870_12_fu_4032_p2           |      icmp|   0|  0|   49|         125|           4|
    |icmp_ln870_13_fu_4237_p2           |      icmp|   0|  0|   49|         125|           4|
    |icmp_ln870_14_fu_4458_p2           |      icmp|   0|  0|   49|         125|           4|
    |icmp_ln870_15_fu_4651_p2           |      icmp|   0|  0|   49|         125|           5|
    |icmp_ln870_1_fu_1757_p2            |      icmp|   0|  0|   49|         125|           2|
    |icmp_ln870_2_fu_1978_p2            |      icmp|   0|  0|   49|         125|           2|
    |icmp_ln870_3_fu_2177_p2            |      icmp|   0|  0|   49|         125|           3|
    |icmp_ln870_4_fu_2382_p2            |      icmp|   0|  0|   49|         125|           3|
    |icmp_ln870_5_fu_2587_p2            |      icmp|   0|  0|   49|         125|           3|
    |icmp_ln870_6_fu_2808_p2            |      icmp|   0|  0|   49|         125|           3|
    |icmp_ln870_7_fu_3007_p2            |      icmp|   0|  0|   49|         125|           4|
    |icmp_ln870_8_fu_3212_p2            |      icmp|   0|  0|   49|         125|           4|
    |icmp_ln870_9_fu_3417_p2            |      icmp|   0|  0|   49|         125|           4|
    |icmp_ln870_fu_1558_p2              |      icmp|   0|  0|   49|         125|           1|
    |icmp_ln878_10_fu_3411_p2           |      icmp|   0|  0|   50|         128|           7|
    |icmp_ln878_11_fu_3616_p2           |      icmp|   0|  0|   50|         128|           7|
    |icmp_ln878_12_fu_3821_p2           |      icmp|   0|  0|   50|         128|           7|
    |icmp_ln878_13_fu_4026_p2           |      icmp|   0|  0|   50|         128|           7|
    |icmp_ln878_14_fu_4231_p2           |      icmp|   0|  0|   50|         128|           7|
    |icmp_ln878_15_fu_4446_p2           |      icmp|   0|  0|   47|         121|           1|
    |icmp_ln878_1_fu_1546_p2            |      icmp|   0|  0|   48|         124|           1|
    |icmp_ln878_2_fu_1751_p2            |      icmp|   0|  0|   50|         128|           5|
    |icmp_ln878_3_fu_1966_p2            |      icmp|   0|  0|   48|         123|           1|
    |icmp_ln878_4_fu_2171_p2            |      icmp|   0|  0|   50|         128|           6|
    |icmp_ln878_5_fu_2376_p2            |      icmp|   0|  0|   50|         128|           6|
    |icmp_ln878_6_fu_2581_p2            |      icmp|   0|  0|   50|         128|           6|
    |icmp_ln878_7_fu_2796_p2            |      icmp|   0|  0|   48|         122|           1|
    |icmp_ln878_8_fu_3001_p2            |      icmp|   0|  0|   50|         128|           7|
    |icmp_ln878_9_fu_3206_p2            |      icmp|   0|  0|   50|         128|           7|
    |icmp_ln878_fu_1329_p2              |      icmp|   0|  0|   49|         125|           1|
    |icmp_ln882_fu_1313_p2              |      icmp|   0|  0|   50|         128|           8|
    |ap_block_state1                    |        or|   0|  0|    2|           1|           1|
    |ap_block_state134                  |        or|   0|  0|    2|           1|           1|
    |ap_block_state135                  |        or|   0|  0|    2|           1|           1|
    |ap_block_state136                  |        or|   0|  0|    2|           1|           1|
    |ap_block_state137                  |        or|   0|  0|    2|           1|           1|
    |ap_block_state138                  |        or|   0|  0|    2|           1|           1|
    |ap_block_state139                  |        or|   0|  0|    2|           1|           1|
    |ap_block_state140                  |        or|   0|  0|    2|           1|           1|
    |ap_block_state141                  |        or|   0|  0|    2|           1|           1|
    |ap_block_state142                  |        or|   0|  0|    2|           1|           1|
    |ap_block_state143                  |        or|   0|  0|    2|           1|           1|
    |ap_block_state144                  |        or|   0|  0|    2|           1|           1|
    |ap_block_state145                  |        or|   0|  0|    2|           1|           1|
    |ap_block_state146                  |        or|   0|  0|    2|           1|           1|
    |ap_block_state147                  |        or|   0|  0|    2|           1|           1|
    |ap_block_state148                  |        or|   0|  0|    2|           1|           1|
    |ap_block_state149                  |        or|   0|  0|    2|           1|           1|
    |ap_block_state2                    |        or|   0|  0|    2|           1|           1|
    |ap_condition_1023                  |        or|   0|  0|    2|           1|           1|
    |ap_condition_1070                  |        or|   0|  0|    2|           1|           1|
    |ap_condition_1113                  |        or|   0|  0|    2|           1|           1|
    |ap_condition_1158                  |        or|   0|  0|    2|           1|           1|
    |ap_condition_1203                  |        or|   0|  0|    2|           1|           1|
    |ap_condition_1248                  |        or|   0|  0|    2|           1|           1|
    |ap_condition_1293                  |        or|   0|  0|    2|           1|           1|
    |ap_condition_1338                  |        or|   0|  0|    2|           1|           1|
    |ap_condition_1383                  |        or|   0|  0|    2|           1|           1|
    |ap_condition_1430                  |        or|   0|  0|    2|           1|           1|
    |ap_condition_2001                  |        or|   0|  0|    2|           1|           1|
    |ap_condition_737                   |        or|   0|  0|    2|           1|           1|
    |ap_condition_799                   |        or|   0|  0|    2|           1|           1|
    |ap_condition_843                   |        or|   0|  0|    2|           1|           1|
    |ap_condition_890                   |        or|   0|  0|    2|           1|           1|
    |ap_condition_933                   |        or|   0|  0|    2|           1|           1|
    |ap_condition_978                   |        or|   0|  0|    2|           1|           1|
    |grp_fu_1260_p2                     |       xor|   0|  0|   64|          64|          64|
    |stateArray_M_V_0_2_fu_1517_p2      |       xor|   0|  0|   64|          64|           3|
    |stateArray_M_V_0_3_fu_1511_p2      |       xor|   0|  0|   64|          64|          64|
    |stateArray_M_V_0_4_fu_1489_p2      |       xor|   0|  0|   64|          64|          64|
    |stateArray_M_V_0_5_fu_1467_p2      |       xor|   0|  0|   64|          64|          64|
    |stateArray_M_V_0_6_fu_1445_p2      |       xor|   0|  0|   64|          64|          64|
    |stateArray_M_V_0_7_fu_1423_p2      |       xor|   0|  0|   64|          64|          64|
    |stateArray_M_V_0_8_fu_1401_p2      |       xor|   0|  0|   64|          64|          64|
    |stateArray_M_V_0_9_fu_1379_p2      |       xor|   0|  0|   64|          64|          64|
    |stateArray_M_V_10_1_fu_3610_p2     |       xor|   0|  0|   64|          64|          64|
    |stateArray_M_V_10_2_fu_3604_p2     |       xor|   0|  0|   64|          64|           3|
    |stateArray_M_V_10_3_fu_3598_p2     |       xor|   0|  0|   64|          64|          64|
    |stateArray_M_V_10_4_fu_3576_p2     |       xor|   0|  0|   64|          64|          64|
    |stateArray_M_V_10_5_fu_3554_p2     |       xor|   0|  0|   64|          64|          64|
    |stateArray_M_V_10_6_fu_3532_p2     |       xor|   0|  0|   64|          64|          64|
    |stateArray_M_V_10_7_fu_3510_p2     |       xor|   0|  0|   64|          64|          64|
    |stateArray_M_V_10_8_fu_3488_p2     |       xor|   0|  0|   64|          64|          64|
    |stateArray_M_V_10_9_fu_3466_p2     |       xor|   0|  0|   64|          64|          64|
    |stateArray_M_V_10_fu_4912_p2       |       xor|   0|  0|   64|          64|          64|
    |stateArray_M_V_11_1_fu_3815_p2     |       xor|   0|  0|   64|          64|          64|
    |stateArray_M_V_11_2_fu_3809_p2     |       xor|   0|  0|   64|          64|           3|
    |stateArray_M_V_11_3_fu_3803_p2     |       xor|   0|  0|   64|          64|          64|
    |stateArray_M_V_11_4_fu_3781_p2     |       xor|   0|  0|   64|          64|          64|
    |stateArray_M_V_11_5_fu_3759_p2     |       xor|   0|  0|   64|          64|          64|
    |stateArray_M_V_11_6_fu_3737_p2     |       xor|   0|  0|   64|          64|          64|
    |stateArray_M_V_11_7_fu_3715_p2     |       xor|   0|  0|   64|          64|          64|
    |stateArray_M_V_11_8_fu_3693_p2     |       xor|   0|  0|   64|          64|          64|
    |stateArray_M_V_11_9_fu_3671_p2     |       xor|   0|  0|   64|          64|          64|
    |stateArray_M_V_11_fu_4918_p2       |       xor|   0|  0|   64|          64|          64|
    |stateArray_M_V_12_1_fu_4020_p2     |       xor|   0|  0|   64|          64|          64|
    |stateArray_M_V_12_2_fu_4014_p2     |       xor|   0|  0|   64|          64|           3|
    |stateArray_M_V_12_3_fu_4008_p2     |       xor|   0|  0|   64|          64|          64|
    |stateArray_M_V_12_4_fu_3986_p2     |       xor|   0|  0|   64|          64|          64|
    |stateArray_M_V_12_5_fu_3964_p2     |       xor|   0|  0|   64|          64|          64|
    |stateArray_M_V_12_6_fu_3942_p2     |       xor|   0|  0|   64|          64|          64|
    |stateArray_M_V_12_7_fu_3920_p2     |       xor|   0|  0|   64|          64|          64|
    |stateArray_M_V_12_8_fu_3898_p2     |       xor|   0|  0|   64|          64|          64|
    |stateArray_M_V_12_9_fu_3876_p2     |       xor|   0|  0|   64|          64|          64|
    |stateArray_M_V_12_fu_4924_p2       |       xor|   0|  0|   64|          64|          64|
    |stateArray_M_V_13_1_fu_4225_p2     |       xor|   0|  0|   64|          64|          64|
    |stateArray_M_V_13_2_fu_4219_p2     |       xor|   0|  0|   64|          64|           3|
    |stateArray_M_V_13_3_fu_4213_p2     |       xor|   0|  0|   64|          64|          64|
    |stateArray_M_V_13_4_fu_4191_p2     |       xor|   0|  0|   64|          64|          64|
    |stateArray_M_V_13_5_fu_4169_p2     |       xor|   0|  0|   64|          64|          64|
    |stateArray_M_V_13_6_fu_4147_p2     |       xor|   0|  0|   64|          64|          64|
    |stateArray_M_V_13_7_fu_4125_p2     |       xor|   0|  0|   64|          64|          64|
    |stateArray_M_V_13_8_fu_4103_p2     |       xor|   0|  0|   64|          64|          64|
    |stateArray_M_V_13_9_fu_4081_p2     |       xor|   0|  0|   64|          64|          64|
    |stateArray_M_V_13_fu_4930_p2       |       xor|   0|  0|   64|          64|          64|
    |stateArray_M_V_14_1_fu_4430_p2     |       xor|   0|  0|   64|          64|          64|
    |stateArray_M_V_14_2_fu_4424_p2     |       xor|   0|  0|   64|          64|           3|
    |stateArray_M_V_14_3_fu_4418_p2     |       xor|   0|  0|   64|          64|          64|
    |stateArray_M_V_14_4_fu_4396_p2     |       xor|   0|  0|   64|          64|          64|
    |stateArray_M_V_14_5_fu_4374_p2     |       xor|   0|  0|   64|          64|          64|
    |stateArray_M_V_14_6_fu_4352_p2     |       xor|   0|  0|   64|          64|          64|
    |stateArray_M_V_14_7_fu_4330_p2     |       xor|   0|  0|   64|          64|          64|
    |stateArray_M_V_14_8_fu_4308_p2     |       xor|   0|  0|   64|          64|          64|
    |stateArray_M_V_14_9_fu_4286_p2     |       xor|   0|  0|   64|          64|          64|
    |stateArray_M_V_14_fu_4936_p2       |       xor|   0|  0|   64|          64|          64|
    |stateArray_M_V_15_1_fu_4452_p2     |       xor|   0|  0|   64|          64|          64|
    |stateArray_M_V_15_2_fu_4645_p2     |       xor|   0|  0|   64|          64|           3|
    |stateArray_M_V_15_3_fu_4639_p2     |       xor|   0|  0|   64|          64|          64|
    |stateArray_M_V_15_4_fu_4617_p2     |       xor|   0|  0|   64|          64|          64|
    |stateArray_M_V_15_5_fu_4595_p2     |       xor|   0|  0|   64|          64|          64|
    |stateArray_M_V_15_6_fu_4573_p2     |       xor|   0|  0|   64|          64|          64|
    |stateArray_M_V_15_7_fu_4551_p2     |       xor|   0|  0|   64|          64|          64|
    |stateArray_M_V_15_8_fu_4529_p2     |       xor|   0|  0|   64|          64|          64|
    |stateArray_M_V_15_9_fu_4507_p2     |       xor|   0|  0|   64|          64|          64|
    |stateArray_M_V_15_fu_4942_p2       |       xor|   0|  0|   64|          64|          64|
    |stateArray_M_V_16_1_fu_4845_p2     |       xor|   0|  0|   64|          64|           3|
    |stateArray_M_V_16_2_fu_4838_p2     |       xor|   0|  0|   64|          64|          64|
    |stateArray_M_V_16_3_fu_4815_p2     |       xor|   0|  0|   64|          64|          64|
    |stateArray_M_V_16_4_fu_4792_p2     |       xor|   0|  0|   64|          64|          64|
    |stateArray_M_V_16_5_fu_4769_p2     |       xor|   0|  0|   64|          64|          64|
    |stateArray_M_V_16_6_fu_4746_p2     |       xor|   0|  0|   64|          64|          64|
    |stateArray_M_V_16_7_fu_4723_p2     |       xor|   0|  0|   64|          64|          64|
    |stateArray_M_V_16_8_fu_4700_p2     |       xor|   0|  0|   64|          64|          64|
    |stateArray_M_V_16_9_fu_4852_p2     |       xor|   0|  0|   65|          64|          65|
    |stateArray_M_V_16_fu_4948_p2       |       xor|   0|  0|   64|          64|          64|
    |stateArray_M_V_1_1_fu_1552_p2      |       xor|   0|  0|   64|          64|          64|
    |stateArray_M_V_1_2_fu_1745_p2      |       xor|   0|  0|   64|          64|           3|
    |stateArray_M_V_1_3_fu_1739_p2      |       xor|   0|  0|   64|          64|          64|
    |stateArray_M_V_1_4_fu_1717_p2      |       xor|   0|  0|   64|          64|          64|
    |stateArray_M_V_1_5_fu_1695_p2      |       xor|   0|  0|   64|          64|          64|
    |stateArray_M_V_1_6_fu_1673_p2      |       xor|   0|  0|   64|          64|          64|
    |stateArray_M_V_1_7_fu_1651_p2      |       xor|   0|  0|   64|          64|          64|
    |stateArray_M_V_1_8_fu_1629_p2      |       xor|   0|  0|   64|          64|          64|
    |stateArray_M_V_1_9_fu_1607_p2      |       xor|   0|  0|   64|          64|          64|
    |stateArray_M_V_1_fu_4858_p2        |       xor|   0|  0|   64|          64|          64|
    |stateArray_M_V_2_1_fu_1950_p2      |       xor|   0|  0|   64|          64|          64|
    |stateArray_M_V_2_2_fu_1944_p2      |       xor|   0|  0|   64|          64|           3|
    |stateArray_M_V_2_3_fu_1938_p2      |       xor|   0|  0|   64|          64|          64|
    |stateArray_M_V_2_4_fu_1916_p2      |       xor|   0|  0|   64|          64|          64|
    |stateArray_M_V_2_5_fu_1894_p2      |       xor|   0|  0|   64|          64|          64|
    |stateArray_M_V_2_6_fu_1872_p2      |       xor|   0|  0|   64|          64|          64|
    |stateArray_M_V_2_7_fu_1850_p2      |       xor|   0|  0|   64|          64|          64|
    |stateArray_M_V_2_8_fu_1828_p2      |       xor|   0|  0|   64|          64|          64|
    |stateArray_M_V_2_9_fu_1806_p2      |       xor|   0|  0|   64|          64|          64|
    |stateArray_M_V_2_fu_4864_p2        |       xor|   0|  0|   64|          64|          64|
    |stateArray_M_V_3_1_fu_1972_p2      |       xor|   0|  0|   64|          64|          64|
    |stateArray_M_V_3_2_fu_2165_p2      |       xor|   0|  0|   64|          64|           3|
    |stateArray_M_V_3_3_fu_2159_p2      |       xor|   0|  0|   64|          64|          64|
    |stateArray_M_V_3_4_fu_2137_p2      |       xor|   0|  0|   64|          64|          64|
    |stateArray_M_V_3_5_fu_2115_p2      |       xor|   0|  0|   64|          64|          64|
    |stateArray_M_V_3_6_fu_2093_p2      |       xor|   0|  0|   64|          64|          64|
    |stateArray_M_V_3_7_fu_2071_p2      |       xor|   0|  0|   64|          64|          64|
    |stateArray_M_V_3_8_fu_2049_p2      |       xor|   0|  0|   64|          64|          64|
    |stateArray_M_V_3_9_fu_2027_p2      |       xor|   0|  0|   64|          64|          64|
    |stateArray_M_V_3_fu_4870_p2        |       xor|   0|  0|   64|          64|          64|
    |stateArray_M_V_4_1_fu_2370_p2      |       xor|   0|  0|   64|          64|          64|
    |stateArray_M_V_4_2_fu_2364_p2      |       xor|   0|  0|   64|          64|           3|
    |stateArray_M_V_4_3_fu_2358_p2      |       xor|   0|  0|   64|          64|          64|
    |stateArray_M_V_4_4_fu_2336_p2      |       xor|   0|  0|   64|          64|          64|
    |stateArray_M_V_4_5_fu_2314_p2      |       xor|   0|  0|   64|          64|          64|
    |stateArray_M_V_4_6_fu_2292_p2      |       xor|   0|  0|   64|          64|          64|
    |stateArray_M_V_4_7_fu_2270_p2      |       xor|   0|  0|   64|          64|          64|
    |stateArray_M_V_4_8_fu_2248_p2      |       xor|   0|  0|   64|          64|          64|
    |stateArray_M_V_4_9_fu_2226_p2      |       xor|   0|  0|   64|          64|          64|
    |stateArray_M_V_4_fu_4876_p2        |       xor|   0|  0|   64|          64|          64|
    |stateArray_M_V_5_1_fu_2575_p2      |       xor|   0|  0|   64|          64|          64|
    |stateArray_M_V_5_2_fu_2569_p2      |       xor|   0|  0|   64|          64|           3|
    |stateArray_M_V_5_3_fu_2563_p2      |       xor|   0|  0|   64|          64|          64|
    |stateArray_M_V_5_4_fu_2541_p2      |       xor|   0|  0|   64|          64|          64|
    |stateArray_M_V_5_5_fu_2519_p2      |       xor|   0|  0|   64|          64|          64|
    |stateArray_M_V_5_6_fu_2497_p2      |       xor|   0|  0|   64|          64|          64|
    |stateArray_M_V_5_7_fu_2475_p2      |       xor|   0|  0|   64|          64|          64|
    |stateArray_M_V_5_8_fu_2453_p2      |       xor|   0|  0|   64|          64|          64|
    |stateArray_M_V_5_9_fu_2431_p2      |       xor|   0|  0|   64|          64|          64|
    |stateArray_M_V_5_fu_4882_p2        |       xor|   0|  0|   64|          64|          64|
    |stateArray_M_V_6_1_fu_2780_p2      |       xor|   0|  0|   64|          64|          64|
    |stateArray_M_V_6_2_fu_2774_p2      |       xor|   0|  0|   64|          64|           3|
    |stateArray_M_V_6_3_fu_2768_p2      |       xor|   0|  0|   64|          64|          64|
    |stateArray_M_V_6_4_fu_2746_p2      |       xor|   0|  0|   64|          64|          64|
    |stateArray_M_V_6_5_fu_2724_p2      |       xor|   0|  0|   64|          64|          64|
    |stateArray_M_V_6_6_fu_2702_p2      |       xor|   0|  0|   64|          64|          64|
    |stateArray_M_V_6_7_fu_2680_p2      |       xor|   0|  0|   64|          64|          64|
    |stateArray_M_V_6_8_fu_2658_p2      |       xor|   0|  0|   64|          64|          64|
    |stateArray_M_V_6_9_fu_2636_p2      |       xor|   0|  0|   64|          64|          64|
    |stateArray_M_V_6_fu_4888_p2        |       xor|   0|  0|   64|          64|          64|
    |stateArray_M_V_7_1_fu_2802_p2      |       xor|   0|  0|   64|          64|          64|
    |stateArray_M_V_7_2_fu_2995_p2      |       xor|   0|  0|   64|          64|           3|
    |stateArray_M_V_7_3_fu_2989_p2      |       xor|   0|  0|   64|          64|          64|
    |stateArray_M_V_7_4_fu_2967_p2      |       xor|   0|  0|   64|          64|          64|
    |stateArray_M_V_7_5_fu_2945_p2      |       xor|   0|  0|   64|          64|          64|
    |stateArray_M_V_7_6_fu_2923_p2      |       xor|   0|  0|   64|          64|          64|
    |stateArray_M_V_7_7_fu_2901_p2      |       xor|   0|  0|   64|          64|          64|
    |stateArray_M_V_7_8_fu_2879_p2      |       xor|   0|  0|   64|          64|          64|
    |stateArray_M_V_7_9_fu_2857_p2      |       xor|   0|  0|   64|          64|          64|
    |stateArray_M_V_7_fu_4894_p2        |       xor|   0|  0|   64|          64|          64|
    |stateArray_M_V_8_1_fu_3200_p2      |       xor|   0|  0|   64|          64|          64|
    |stateArray_M_V_8_2_fu_3194_p2      |       xor|   0|  0|   64|          64|           3|
    |stateArray_M_V_8_3_fu_3188_p2      |       xor|   0|  0|   64|          64|          64|
    |stateArray_M_V_8_4_fu_3166_p2      |       xor|   0|  0|   64|          64|          64|
    |stateArray_M_V_8_5_fu_3144_p2      |       xor|   0|  0|   64|          64|          64|
    |stateArray_M_V_8_6_fu_3122_p2      |       xor|   0|  0|   64|          64|          64|
    |stateArray_M_V_8_7_fu_3100_p2      |       xor|   0|  0|   64|          64|          64|
    |stateArray_M_V_8_8_fu_3078_p2      |       xor|   0|  0|   64|          64|          64|
    |stateArray_M_V_8_9_fu_3056_p2      |       xor|   0|  0|   64|          64|          64|
    |stateArray_M_V_8_fu_4900_p2        |       xor|   0|  0|   64|          64|          64|
    |stateArray_M_V_9_1_fu_3405_p2      |       xor|   0|  0|   64|          64|          64|
    |stateArray_M_V_9_2_fu_3399_p2      |       xor|   0|  0|   64|          64|           3|
    |stateArray_M_V_9_3_fu_3393_p2      |       xor|   0|  0|   64|          64|          64|
    |stateArray_M_V_9_4_fu_3371_p2      |       xor|   0|  0|   64|          64|          64|
    |stateArray_M_V_9_5_fu_3349_p2      |       xor|   0|  0|   64|          64|          64|
    |stateArray_M_V_9_6_fu_3327_p2      |       xor|   0|  0|   64|          64|          64|
    |stateArray_M_V_9_7_fu_3305_p2      |       xor|   0|  0|   64|          64|          64|
    |stateArray_M_V_9_8_fu_3283_p2      |       xor|   0|  0|   64|          64|          64|
    |stateArray_M_V_9_9_fu_3261_p2      |       xor|   0|  0|   64|          64|          64|
    |stateArray_M_V_9_fu_4906_p2        |       xor|   0|  0|   64|          64|          64|
    +-----------------------------------+----------+----+---+-----+------------+------------+
    |Total                              |          |   0|  0|13265|       15650|       10241|
    +-----------------------------------+----------+----+---+-----+------------+------------+

    * Multiplexer: 
    +-------------------------------------------------+-----+-----------+-----+-----------+
    |                       Name                      | LUT | Input Size| Bits| Total Bits|
    +-------------------------------------------------+-----+-----------+-----+-----------+
    |ap_NS_fsm                                        |  952|        180|    1|        180|
    |ap_phi_mux_stateArray_M_V_16_1_i_phi_fu_985_p18  |   54|         10|   64|        640|
    |digestStrm_blk_n                                 |    9|          2|    1|          2|
    |endDigestStrm_blk_n                              |    9|          2|    1|          2|
    |endDigestStrm_din                                |   14|          3|    1|          3|
    |endMsgLenStrm_blk_n                              |    9|          2|    1|          2|
    |left_V_1_reg_543                                 |    9|          2|  128|        256|
    |left_V_3_reg_1192                                |    9|          2|  128|        256|
    |msgLenStrm_blk_n                                 |    9|          2|    1|          2|
    |msgStrm_blk_n                                    |    9|          2|    1|          2|
    |n_V_reg_532                                      |    9|          2|  121|        242|
    |stateArray_M_V_0_0_i_reg_521                     |    9|          2|   64|        128|
    |stateArray_M_V_0_1_i_reg_553                     |   49|          9|   64|        576|
    |stateArray_M_V_0_2_i_reg_1181                    |    9|          2|   64|        128|
    |stateArray_M_V_10_0_i_reg_401                    |    9|          2|   64|        128|
    |stateArray_M_V_10_1_i_reg_820                    |   54|         10|   64|        640|
    |stateArray_M_V_10_2_i_reg_1071                   |    9|          2|   64|        128|
    |stateArray_M_V_11_0_i_reg_389                    |    9|          2|   64|        128|
    |stateArray_M_V_11_1_i_reg_847                    |   54|         10|   64|        640|
    |stateArray_M_V_11_2_i_reg_1060                   |    9|          2|   64|        128|
    |stateArray_M_V_12_0_i_reg_377                    |    9|          2|   64|        128|
    |stateArray_M_V_12_1_i_reg_874                    |   54|         10|   64|        640|
    |stateArray_M_V_12_2_i_reg_1049                   |    9|          2|   64|        128|
    |stateArray_M_V_13_0_i_reg_365                    |    9|          2|   64|        128|
    |stateArray_M_V_13_1_i_reg_901                    |   54|         10|   64|        640|
    |stateArray_M_V_13_2_i_reg_1038                   |    9|          2|   64|        128|
    |stateArray_M_V_14_0_i_reg_353                    |    9|          2|   64|        128|
    |stateArray_M_V_14_1_i_reg_928                    |   54|         10|   64|        640|
    |stateArray_M_V_14_2_i_reg_1027                   |    9|          2|   64|        128|
    |stateArray_M_V_15_0_i_reg_341                    |    9|          2|   64|        128|
    |stateArray_M_V_15_1_i_reg_955                    |   54|         10|   64|        640|
    |stateArray_M_V_15_2_i_reg_1016                   |    9|          2|   64|        128|
    |stateArray_M_V_16_0_i_reg_329                    |    9|          2|   64|        128|
    |stateArray_M_V_16_2_i_reg_1006                   |    9|          2|   64|        128|
    |stateArray_M_V_17_0_i_reg_317                    |    9|          2|   64|        128|
    |stateArray_M_V_18_0_i_reg_305                    |    9|          2|   64|        128|
    |stateArray_M_V_19_0_i_reg_293                    |    9|          2|   64|        128|
    |stateArray_M_V_1_0_i_reg_509                     |    9|          2|   64|        128|
    |stateArray_M_V_1_1_i_reg_577                     |   54|         10|   64|        640|
    |stateArray_M_V_1_2_i_reg_1170                    |    9|          2|   64|        128|
    |stateArray_M_V_20_0_i_reg_281                    |    9|          2|   64|        128|
    |stateArray_M_V_21_0_i_reg_269                    |    9|          2|   64|        128|
    |stateArray_M_V_22_0_i_reg_257                    |    9|          2|   64|        128|
    |stateArray_M_V_23_0_i_reg_245                    |    9|          2|   64|        128|
    |stateArray_M_V_24_0_i_reg_233                    |    9|          2|   64|        128|
    |stateArray_M_V_2_0_i_reg_497                     |    9|          2|   64|        128|
    |stateArray_M_V_2_1_i_reg_604                     |   54|         10|   64|        640|
    |stateArray_M_V_2_2_i_reg_1159                    |    9|          2|   64|        128|
    |stateArray_M_V_3_0_i_reg_485                     |    9|          2|   64|        128|
    |stateArray_M_V_3_1_i_reg_631                     |   54|         10|   64|        640|
    |stateArray_M_V_3_2_i_reg_1148                    |    9|          2|   64|        128|
    |stateArray_M_V_4_0_i_reg_473                     |    9|          2|   64|        128|
    |stateArray_M_V_4_1_i_reg_658                     |   54|         10|   64|        640|
    |stateArray_M_V_4_2_i_reg_1137                    |    9|          2|   64|        128|
    |stateArray_M_V_5_0_i_reg_461                     |    9|          2|   64|        128|
    |stateArray_M_V_5_1_i_reg_685                     |   54|         10|   64|        640|
    |stateArray_M_V_5_2_i_reg_1126                    |    9|          2|   64|        128|
    |stateArray_M_V_6_0_i_reg_449                     |    9|          2|   64|        128|
    |stateArray_M_V_6_1_i_reg_712                     |   54|         10|   64|        640|
    |stateArray_M_V_6_2_i_reg_1115                    |    9|          2|   64|        128|
    |stateArray_M_V_7_0_i_reg_437                     |    9|          2|   64|        128|
    |stateArray_M_V_7_1_i_reg_739                     |   54|         10|   64|        640|
    |stateArray_M_V_7_2_i_reg_1104                    |    9|          2|   64|        128|
    |stateArray_M_V_8_0_i_reg_425                     |    9|          2|   64|        128|
    |stateArray_M_V_8_1_i_reg_766                     |   54|         10|   64|        640|
    |stateArray_M_V_8_2_i_reg_1093                    |    9|          2|   64|        128|
    |stateArray_M_V_9_0_i_reg_413                     |    9|          2|   64|        128|
    |stateArray_M_V_9_1_i_reg_793                     |   54|         10|   64|        640|
    |stateArray_M_V_9_2_i_reg_1082                    |    9|          2|   64|        128|
    +-------------------------------------------------+-----+-----------+-----+-----------+
    |Total                                            | 2329|        452| 4160|      17139|
    +-------------------------------------------------+-----+-----------+-----+-----------+

    * Register: 
    +-----------------------------------+-----+----+-----+-----------+
    |                Name               |  FF | LUT| Bits| Const Bits|
    +-----------------------------------+-----+----+-----+-----------+
    |add_ln268_reg_5071                 |  121|   0|  121|          0|
    |ap_CS_fsm                          |  179|   0|  179|          0|
    |cmp_i_i320_i_reg_5111              |    1|   0|    1|          0|
    |e_reg_5107                         |    3|   0|    3|          0|
    |endFlag_1_reg_224                  |    1|   0|    1|          0|
    |grp_KECCAK_f_fu_1204_ap_start_reg  |    1|   0|    1|          0|
    |icmp_ln870_15_reg_5928             |    1|   0|    1|          0|
    |left_V_1_reg_543                   |  128|   0|  128|          0|
    |left_V_3_reg_1192                  |  128|   0|  128|          0|
    |msgLen_V_reg_5065                  |  128|   0|  128|          0|
    |n_V_1_reg_5076                     |  121|   0|  121|          0|
    |n_V_reg_532                        |  121|   0|  121|          0|
    |reg_1266                           |   64|   0|   64|          0|
    |reg_1272                           |   64|   0|   64|          0|
    |stateArray_M_V_0_0_i_reg_521       |   64|   0|   64|          0|
    |stateArray_M_V_0_1_i_reg_553       |   64|   0|   64|          0|
    |stateArray_M_V_0_2_i_reg_1181      |   64|   0|   64|          0|
    |stateArray_M_V_10_0_i_reg_401      |   64|   0|   64|          0|
    |stateArray_M_V_10_1_i_reg_820      |   64|   0|   64|          0|
    |stateArray_M_V_10_2_i_reg_1071     |   64|   0|   64|          0|
    |stateArray_M_V_10_reg_5982         |   64|   0|   64|          0|
    |stateArray_M_V_11_0_i_reg_389      |   64|   0|   64|          0|
    |stateArray_M_V_11_1_i_reg_847      |   64|   0|   64|          0|
    |stateArray_M_V_11_2_i_reg_1060     |   64|   0|   64|          0|
    |stateArray_M_V_11_reg_5987         |   64|   0|   64|          0|
    |stateArray_M_V_12_0_i_reg_377      |   64|   0|   64|          0|
    |stateArray_M_V_12_1_i_reg_874      |   64|   0|   64|          0|
    |stateArray_M_V_12_2_i_reg_1049     |   64|   0|   64|          0|
    |stateArray_M_V_12_reg_5992         |   64|   0|   64|          0|
    |stateArray_M_V_13_0_i_reg_365      |   64|   0|   64|          0|
    |stateArray_M_V_13_1_i_reg_901      |   64|   0|   64|          0|
    |stateArray_M_V_13_2_i_reg_1038     |   64|   0|   64|          0|
    |stateArray_M_V_13_reg_5997         |   64|   0|   64|          0|
    |stateArray_M_V_14_0_i_reg_353      |   64|   0|   64|          0|
    |stateArray_M_V_14_1_i_reg_928      |   64|   0|   64|          0|
    |stateArray_M_V_14_2_i_reg_1027     |   64|   0|   64|          0|
    |stateArray_M_V_14_reg_6002         |   64|   0|   64|          0|
    |stateArray_M_V_15_0_i_reg_341      |   64|   0|   64|          0|
    |stateArray_M_V_15_1_i_reg_955      |   64|   0|   64|          0|
    |stateArray_M_V_15_2_i_reg_1016     |   64|   0|   64|          0|
    |stateArray_M_V_16_0_i_reg_329      |   64|   0|   64|          0|
    |stateArray_M_V_16_2_i_reg_1006     |   64|   0|   64|          0|
    |stateArray_M_V_17_0_i_reg_317      |   64|   0|   64|          0|
    |stateArray_M_V_18_0_i_reg_305      |   64|   0|   64|          0|
    |stateArray_M_V_19_0_i_reg_293      |   64|   0|   64|          0|
    |stateArray_M_V_1_0_i_reg_509       |   64|   0|   64|          0|
    |stateArray_M_V_1_1_i_reg_577       |   64|   0|   64|          0|
    |stateArray_M_V_1_2_i_reg_1170      |   64|   0|   64|          0|
    |stateArray_M_V_1_reg_5937          |   64|   0|   64|          0|
    |stateArray_M_V_20_0_i_reg_281      |   64|   0|   64|          0|
    |stateArray_M_V_21_0_i_reg_269      |   64|   0|   64|          0|
    |stateArray_M_V_22_0_i_reg_257      |   64|   0|   64|          0|
    |stateArray_M_V_23_0_i_reg_245      |   64|   0|   64|          0|
    |stateArray_M_V_24_0_i_reg_233      |   64|   0|   64|          0|
    |stateArray_M_V_2_0_i_reg_497       |   64|   0|   64|          0|
    |stateArray_M_V_2_1_i_reg_604       |   64|   0|   64|          0|
    |stateArray_M_V_2_2_i_reg_1159      |   64|   0|   64|          0|
    |stateArray_M_V_2_reg_5942          |   64|   0|   64|          0|
    |stateArray_M_V_3_0_i_reg_485       |   64|   0|   64|          0|
    |stateArray_M_V_3_1_i_reg_631       |   64|   0|   64|          0|
    |stateArray_M_V_3_2_i_reg_1148      |   64|   0|   64|          0|
    |stateArray_M_V_3_reg_5947          |   64|   0|   64|          0|
    |stateArray_M_V_4_0_i_reg_473       |   64|   0|   64|          0|
    |stateArray_M_V_4_1_i_reg_658       |   64|   0|   64|          0|
    |stateArray_M_V_4_2_i_reg_1137      |   64|   0|   64|          0|
    |stateArray_M_V_4_reg_5952          |   64|   0|   64|          0|
    |stateArray_M_V_5_0_i_reg_461       |   64|   0|   64|          0|
    |stateArray_M_V_5_1_i_reg_685       |   64|   0|   64|          0|
    |stateArray_M_V_5_2_i_reg_1126      |   64|   0|   64|          0|
    |stateArray_M_V_5_reg_5957          |   64|   0|   64|          0|
    |stateArray_M_V_6_0_i_reg_449       |   64|   0|   64|          0|
    |stateArray_M_V_6_1_i_reg_712       |   64|   0|   64|          0|
    |stateArray_M_V_6_2_i_reg_1115      |   64|   0|   64|          0|
    |stateArray_M_V_6_reg_5962          |   64|   0|   64|          0|
    |stateArray_M_V_7_0_i_reg_437       |   64|   0|   64|          0|
    |stateArray_M_V_7_1_i_reg_739       |   64|   0|   64|          0|
    |stateArray_M_V_7_2_i_reg_1104      |   64|   0|   64|          0|
    |stateArray_M_V_7_reg_5967          |   64|   0|   64|          0|
    |stateArray_M_V_8_0_i_reg_425       |   64|   0|   64|          0|
    |stateArray_M_V_8_1_i_reg_766       |   64|   0|   64|          0|
    |stateArray_M_V_8_2_i_reg_1093      |   64|   0|   64|          0|
    |stateArray_M_V_8_reg_5972          |   64|   0|   64|          0|
    |stateArray_M_V_9_0_i_reg_413       |   64|   0|   64|          0|
    |stateArray_M_V_9_1_i_reg_793       |   64|   0|   64|          0|
    |stateArray_M_V_9_2_i_reg_1082      |   64|   0|   64|          0|
    |stateArray_M_V_9_reg_5977          |   64|   0|   64|          0|
    |trunc_ln2_reg_5084                 |  125|   0|  125|          0|
    +-----------------------------------+-----+----+-----+-----------+
    |Total                              | 5794|   0| 5794|          0|
    +-----------------------------------+-----+----+-----+-----------+



================================================================
== Interface
================================================================
* Summary: 
+-----------------------+-----+-----+------------+-----------------+--------------+
|       RTL Ports       | Dir | Bits|  Protocol  |  Source Object  |    C Type    |
+-----------------------+-----+-----+------------+-----------------+--------------+
|ap_clk                 |   in|    1|  ap_ctrl_hs|  sha3Digest<32u>|  return value|
|ap_rst                 |   in|    1|  ap_ctrl_hs|  sha3Digest<32u>|  return value|
|ap_start               |   in|    1|  ap_ctrl_hs|  sha3Digest<32u>|  return value|
|ap_done                |  out|    1|  ap_ctrl_hs|  sha3Digest<32u>|  return value|
|ap_idle                |  out|    1|  ap_ctrl_hs|  sha3Digest<32u>|  return value|
|ap_ready               |  out|    1|  ap_ctrl_hs|  sha3Digest<32u>|  return value|
|endMsgLenStrm_dout     |   in|    1|     ap_fifo|    endMsgLenStrm|       pointer|
|endMsgLenStrm_empty_n  |   in|    1|     ap_fifo|    endMsgLenStrm|       pointer|
|endMsgLenStrm_read     |  out|    1|     ap_fifo|    endMsgLenStrm|       pointer|
|msgLenStrm_dout        |   in|  128|     ap_fifo|       msgLenStrm|       pointer|
|msgLenStrm_empty_n     |   in|    1|     ap_fifo|       msgLenStrm|       pointer|
|msgLenStrm_read        |  out|    1|     ap_fifo|       msgLenStrm|       pointer|
|msgStrm_dout           |   in|   64|     ap_fifo|          msgStrm|       pointer|
|msgStrm_empty_n        |   in|    1|     ap_fifo|          msgStrm|       pointer|
|msgStrm_read           |  out|    1|     ap_fifo|          msgStrm|       pointer|
|digestStrm_din         |  out|  256|     ap_fifo|       digestStrm|       pointer|
|digestStrm_full_n      |   in|    1|     ap_fifo|       digestStrm|       pointer|
|digestStrm_write       |  out|    1|     ap_fifo|       digestStrm|       pointer|
|endDigestStrm_din      |  out|    1|     ap_fifo|    endDigestStrm|       pointer|
|endDigestStrm_full_n   |   in|    1|     ap_fifo|    endDigestStrm|       pointer|
|endDigestStrm_write    |  out|    1|     ap_fifo|    endDigestStrm|       pointer|
+-----------------------+-----+-----+------------+-----------------+--------------+

